[  9%] Built target simple_drive_control__rosidl_generator_c
[ 12%] Built target simple_drive_control__cpp
[ 12%] Built target ament_cmake_python_symlink_simple_drive_control
[ 22%] Built target simple_drive_control__rosidl_typesupport_c
[ 32%] Built target simple_drive_control__rosidl_typesupport_cpp
[ 45%] Built target simple_drive_control__rosidl_typesupport_fastrtps_cpp
[ 51%] Built target simple_drive_control__rosidl_typesupport_introspection_cpp
[ 61%] Built target simple_drive_control__rosidl_typesupport_introspection_c
[ 70%] Built target simple_drive_control__rosidl_typesupport_fastrtps_c
[ 70%] Built target simple_drive_control
[ 74%] Built target simple_drive_control__py
[ 80%] Built target simple_drive_control__rosidl_generator_py
[ 87%] Built target simple_drive_control__rosidl_typesupport_fastrtps_c__pyext
[ 93%] Built target simple_drive_control__rosidl_typesupport_introspection_c__pyext
[100%] Built target simple_drive_control__rosidl_typesupport_c__pyext
running egg_info
writing simple_drive_control.egg-info/PKG-INFO
writing dependency_links to simple_drive_control.egg-info/dependency_links.txt
writing top-level names to simple_drive_control.egg-info/top_level.txt
reading manifest file 'simple_drive_control.egg-info/SOURCES.txt'
writing manifest file 'simple_drive_control.egg-info/SOURCES.txt'
[100%] Built target ament_cmake_python_build_simple_drive_control_egg
-- Install configuration: ""
-- Execute custom install script
-- Up-to-date symlink: /home/majd/Documents/Robotik/ros2_ws/install/simple_drive_control/share/ament_index/resource_index/rosidl_interfaces/simple_drive_control
-- Up-to-date symlink: /home/majd/Documents/Robotik/ros2_ws/install/simple_drive_control/include/simple_drive_control/simple_drive_control/msg/rosidl_generator_c__visibility_control.h
-- Up-to-date symlink: /home/majd/Documents/Robotik/ros2_ws/install/simple_drive_control/include/simple_drive_control/simple_drive_control/srv/detail/driving_maneuver__functions.h
-- Up-to-date symlink: /home/majd/Documents/Robotik/ros2_ws/install/simple_drive_control/include/simple_drive_control/simple_drive_control/srv/detail/driving_maneuver__struct.h
-- Up-to-date symlink: /home/majd/Documents/Robotik/ros2_ws/install/simple_drive_control/include/simple_drive_control/simple_drive_control/srv/detail/driving_maneuver__type_support.h
-- Up-to-date symlink: /home/majd/Documents/Robotik/ros2_ws/install/simple_drive_control/include/simple_drive_control/simple_drive_control/srv/driving_maneuver.h
-- Up-to-date symlink: /home/majd/Documents/Robotik/ros2_ws/install/simple_drive_control/share/simple_drive_control/environment/library_path.sh
-- Up-to-date symlink: /home/majd/Documents/Robotik/ros2_ws/install/simple_drive_control/share/simple_drive_control/environment/library_path.dsv
-- Up-to-date symlink: /home/majd/Documents/Robotik/ros2_ws/install/simple_drive_control/include/simple_drive_control/simple_drive_control/msg/rosidl_typesupport_fastrtps_c__visibility_control.h
-- Up-to-date symlink: /home/majd/Documents/Robotik/ros2_ws/install/simple_drive_control/include/simple_drive_control/simple_drive_control/srv/detail/driving_maneuver__rosidl_typesupport_fastrtps_c.h
-- Up-to-date symlink: /home/majd/Documents/Robotik/ros2_ws/install/simple_drive_control/include/simple_drive_control/simple_drive_control/srv/detail/driving_maneuver__builder.hpp
-- Up-to-date symlink: /home/majd/Documents/Robotik/ros2_ws/install/simple_drive_control/include/simple_drive_control/simple_drive_control/srv/detail/driving_maneuver__struct.hpp
-- Up-to-date symlink: /home/majd/Documents/Robotik/ros2_ws/install/simple_drive_control/include/simple_drive_control/simple_drive_control/srv/detail/driving_maneuver__traits.hpp
-- Up-to-date symlink: /home/majd/Documents/Robotik/ros2_ws/install/simple_drive_control/include/simple_drive_control/simple_drive_control/srv/driving_maneuver.hpp
-- Up-to-date symlink: /home/majd/Documents/Robotik/ros2_ws/install/simple_drive_control/include/simple_drive_control/simple_drive_control/msg/rosidl_typesupport_fastrtps_cpp__visibility_control.h
-- Up-to-date symlink: /home/majd/Documents/Robotik/ros2_ws/install/simple_drive_control/include/simple_drive_control/simple_drive_control/srv/detail/driving_maneuver__rosidl_typesupport_fastrtps_cpp.hpp
-- Up-to-date symlink: /home/majd/Documents/Robotik/ros2_ws/install/simple_drive_control/include/simple_drive_control/simple_drive_control/msg/rosidl_typesupport_introspection_c__visibility_control.h
-- Up-to-date symlink: /home/majd/Documents/Robotik/ros2_ws/install/simple_drive_control/include/simple_drive_control/simple_drive_control/srv/detail/driving_maneuver__rosidl_typesupport_introspection_c.h
-- Up-to-date symlink: /home/majd/Documents/Robotik/ros2_ws/install/simple_drive_control/include/simple_drive_control/simple_drive_control/srv/detail/driving_maneuver__rosidl_typesupport_introspection_cpp.hpp
-- Up-to-date symlink: /home/majd/Documents/Robotik/ros2_ws/install/simple_drive_control/share/simple_drive_control/environment/pythonpath.sh
-- Up-to-date symlink: /home/majd/Documents/Robotik/ros2_ws/install/simple_drive_control/share/simple_drive_control/environment/pythonpath.dsv
-- Up-to-date symlink: /home/majd/Documents/Robotik/ros2_ws/install/simple_drive_control/local/lib/python3.10/dist-packages/simple_drive_control-0.0.1-py3.10.egg-info/PKG-INFO
-- Up-to-date symlink: /home/majd/Documents/Robotik/ros2_ws/install/simple_drive_control/local/lib/python3.10/dist-packages/simple_drive_control-0.0.1-py3.10.egg-info/SOURCES.txt
-- Up-to-date symlink: /home/majd/Documents/Robotik/ros2_ws/install/simple_drive_control/local/lib/python3.10/dist-packages/simple_drive_control-0.0.1-py3.10.egg-info/dependency_links.txt
-- Up-to-date symlink: /home/majd/Documents/Robotik/ros2_ws/install/simple_drive_control/local/lib/python3.10/dist-packages/simple_drive_control-0.0.1-py3.10.egg-info/top_level.txt
-- Up-to-date symlink: /home/majd/Documents/Robotik/ros2_ws/install/simple_drive_control/local/lib/python3.10/dist-packages/simple_drive_control/__init__.py
-- Up-to-date symlink: /home/majd/Documents/Robotik/ros2_ws/install/simple_drive_control/local/lib/python3.10/dist-packages/simple_drive_control/_simple_drive_control_s.ep.rosidl_typesupport_c.c
-- Up-to-date symlink: /home/majd/Documents/Robotik/ros2_ws/install/simple_drive_control/local/lib/python3.10/dist-packages/simple_drive_control/_simple_drive_control_s.ep.rosidl_typesupport_fastrtps_c.c
-- Up-to-date symlink: /home/majd/Documents/Robotik/ros2_ws/install/simple_drive_control/local/lib/python3.10/dist-packages/simple_drive_control/_simple_drive_control_s.ep.rosidl_typesupport_introspection_c.c
-- Up-to-date symlink: /home/majd/Documents/Robotik/ros2_ws/install/simple_drive_control/local/lib/python3.10/dist-packages/simple_drive_control/libsimple_drive_control__rosidl_generator_py.so
-- Up-to-date symlink: /home/majd/Documents/Robotik/ros2_ws/install/simple_drive_control/local/lib/python3.10/dist-packages/simple_drive_control/simple_drive_control_s__rosidl_typesupport_c.cpython-310-x86_64-linux-gnu.so
-- Up-to-date symlink: /home/majd/Documents/Robotik/ros2_ws/install/simple_drive_control/local/lib/python3.10/dist-packages/simple_drive_control/simple_drive_control_s__rosidl_typesupport_fastrtps_c.cpython-310-x86_64-linux-gnu.so
-- Up-to-date symlink: /home/majd/Documents/Robotik/ros2_ws/install/simple_drive_control/local/lib/python3.10/dist-packages/simple_drive_control/simple_drive_control_s__rosidl_typesupport_introspection_c.cpython-310-x86_64-linux-gnu.so
-- Up-to-date symlink: /home/majd/Documents/Robotik/ros2_ws/install/simple_drive_control/local/lib/python3.10/dist-packages/simple_drive_control/srv/__init__.py
-- Up-to-date symlink: /home/majd/Documents/Robotik/ros2_ws/install/simple_drive_control/local/lib/python3.10/dist-packages/simple_drive_control/srv/_driving_maneuver.py
-- Up-to-date symlink: /home/majd/Documents/Robotik/ros2_ws/install/simple_drive_control/local/lib/python3.10/dist-packages/simple_drive_control/srv/_driving_maneuver_s.c
-- Up-to-date symlink: /home/majd/Documents/Robotik/ros2_ws/install/simple_drive_control/local/lib/python3.10/dist-packages/simple_drive_control/simple_drive_control_s__rosidl_typesupport_fastrtps_c.cpython-310-x86_64-linux-gnu.so
-- Up-to-date symlink: /home/majd/Documents/Robotik/ros2_ws/install/simple_drive_control/local/lib/python3.10/dist-packages/simple_drive_control/simple_drive_control_s__rosidl_typesupport_introspection_c.cpython-310-x86_64-linux-gnu.so
-- Up-to-date symlink: /home/majd/Documents/Robotik/ros2_ws/install/simple_drive_control/local/lib/python3.10/dist-packages/simple_drive_control/simple_drive_control_s__rosidl_typesupport_c.cpython-310-x86_64-linux-gnu.so
-- Up-to-date symlink: /home/majd/Documents/Robotik/ros2_ws/install/simple_drive_control/share/simple_drive_control/srv/DrivingManeuver.idl
-- Up-to-date symlink: /home/majd/Documents/Robotik/ros2_ws/install/simple_drive_control/share/simple_drive_control/srv/DrivingManeuver.srv
-- Up-to-date symlink: /home/majd/Documents/Robotik/ros2_ws/install/simple_drive_control/share/simple_drive_control/srv/DrivingManeuver_Request.msg
-- Up-to-date symlink: /home/majd/Documents/Robotik/ros2_ws/install/simple_drive_control/share/simple_drive_control/srv/DrivingManeuver_Response.msg
-- Up-to-date symlink: /home/majd/Documents/Robotik/ros2_ws/install/simple_drive_control/share/simple_drive_control/launch/simple_drive_control.launch
-- Up-to-date symlink: /home/majd/Documents/Robotik/ros2_ws/install/simple_drive_control/lib/simple_drive_control/drive_control.py
-- Up-to-date symlink: /home/majd/Documents/Robotik/ros2_ws/install/simple_drive_control/share/ament_index/resource_index/package_run_dependencies/simple_drive_control
-- Up-to-date symlink: /home/majd/Documents/Robotik/ros2_ws/install/simple_drive_control/share/ament_index/resource_index/parent_prefix_path/simple_drive_control
-- Up-to-date symlink: /home/majd/Documents/Robotik/ros2_ws/install/simple_drive_control/share/simple_drive_control/environment/ament_prefix_path.sh
-- Up-to-date symlink: /home/majd/Documents/Robotik/ros2_ws/install/simple_drive_control/share/simple_drive_control/environment/ament_prefix_path.dsv
-- Up-to-date symlink: /home/majd/Documents/Robotik/ros2_ws/install/simple_drive_control/share/simple_drive_control/environment/path.sh
-- Up-to-date symlink: /home/majd/Documents/Robotik/ros2_ws/install/simple_drive_control/share/simple_drive_control/environment/path.dsv
-- Up-to-date symlink: /home/majd/Documents/Robotik/ros2_ws/install/simple_drive_control/share/simple_drive_control/local_setup.bash
-- Up-to-date symlink: /home/majd/Documents/Robotik/ros2_ws/install/simple_drive_control/share/simple_drive_control/local_setup.sh
-- Up-to-date symlink: /home/majd/Documents/Robotik/ros2_ws/install/simple_drive_control/share/simple_drive_control/local_setup.zsh
-- Up-to-date symlink: /home/majd/Documents/Robotik/ros2_ws/install/simple_drive_control/share/simple_drive_control/local_setup.dsv
-- Symlinking: /home/majd/Documents/Robotik/ros2_ws/install/simple_drive_control/share/simple_drive_control/package.dsv
-- Up-to-date symlink: /home/majd/Documents/Robotik/ros2_ws/install/simple_drive_control/share/ament_index/resource_index/packages/simple_drive_control
-- Up-to-date symlink: /home/majd/Documents/Robotik/ros2_ws/install/simple_drive_control/share/simple_drive_control/cmake/rosidl_cmake-extras.cmake
-- Up-to-date symlink: /home/majd/Documents/Robotik/ros2_ws/install/simple_drive_control/share/simple_drive_control/cmake/ament_cmake_export_dependencies-extras.cmake
-- Up-to-date symlink: /home/majd/Documents/Robotik/ros2_ws/install/simple_drive_control/share/simple_drive_control/cmake/ament_cmake_export_include_directories-extras.cmake
-- Up-to-date symlink: /home/majd/Documents/Robotik/ros2_ws/install/simple_drive_control/share/simple_drive_control/cmake/ament_cmake_export_libraries-extras.cmake
-- Up-to-date symlink: /home/majd/Documents/Robotik/ros2_ws/install/simple_drive_control/share/simple_drive_control/cmake/ament_cmake_export_targets-extras.cmake
-- Up-to-date symlink: /home/majd/Documents/Robotik/ros2_ws/install/simple_drive_control/share/simple_drive_control/cmake/rosidl_cmake_export_typesupport_targets-extras.cmake
-- Up-to-date symlink: /home/majd/Documents/Robotik/ros2_ws/install/simple_drive_control/share/simple_drive_control/cmake/rosidl_cmake_export_typesupport_libraries-extras.cmake
-- Up-to-date symlink: /home/majd/Documents/Robotik/ros2_ws/install/simple_drive_control/share/simple_drive_control/cmake/simple_drive_controlConfig.cmake
-- Up-to-date symlink: /home/majd/Documents/Robotik/ros2_ws/install/simple_drive_control/share/simple_drive_control/cmake/simple_drive_controlConfig-version.cmake
-- Up-to-date symlink: /home/majd/Documents/Robotik/ros2_ws/install/simple_drive_control/share/simple_drive_control/package.xml
-- Up-to-date: /home/majd/Documents/Robotik/ros2_ws/install/simple_drive_control/lib/libsimple_drive_control__rosidl_generator_c.so
-- Up-to-date: /home/majd/Documents/Robotik/ros2_ws/install/simple_drive_control/lib/libsimple_drive_control__rosidl_typesupport_fastrtps_c.so
-- Up-to-date: /home/majd/Documents/Robotik/ros2_ws/install/simple_drive_control/lib/libsimple_drive_control__rosidl_typesupport_fastrtps_cpp.so
-- Up-to-date: /home/majd/Documents/Robotik/ros2_ws/install/simple_drive_control/lib/libsimple_drive_control__rosidl_typesupport_introspection_c.so
-- Up-to-date: /home/majd/Documents/Robotik/ros2_ws/install/simple_drive_control/lib/libsimple_drive_control__rosidl_typesupport_c.so
-- Up-to-date: /home/majd/Documents/Robotik/ros2_ws/install/simple_drive_control/lib/libsimple_drive_control__rosidl_typesupport_introspection_cpp.so
-- Up-to-date: /home/majd/Documents/Robotik/ros2_ws/install/simple_drive_control/lib/libsimple_drive_control__rosidl_typesupport_cpp.so
Listing '/home/majd/Documents/Robotik/ros2_ws/install/simple_drive_control/local/lib/python3.10/dist-packages/simple_drive_control'...
Listing '/home/majd/Documents/Robotik/ros2_ws/install/simple_drive_control/local/lib/python3.10/dist-packages/simple_drive_control/srv'...
-- Up-to-date: /home/majd/Documents/Robotik/ros2_ws/install/simple_drive_control/lib/libsimple_drive_control__rosidl_generator_py.so
-- Up-to-date: /home/majd/Documents/Robotik/ros2_ws/install/simple_drive_control/share/simple_drive_control/cmake/export_simple_drive_control__rosidl_generator_cExport.cmake
-- Up-to-date: /home/majd/Documents/Robotik/ros2_ws/install/simple_drive_control/share/simple_drive_control/cmake/export_simple_drive_control__rosidl_generator_cExport-noconfig.cmake
-- Up-to-date: /home/majd/Documents/Robotik/ros2_ws/install/simple_drive_control/share/simple_drive_control/cmake/export_simple_drive_control__rosidl_typesupport_fastrtps_cExport.cmake
-- Up-to-date: /home/majd/Documents/Robotik/ros2_ws/install/simple_drive_control/share/simple_drive_control/cmake/export_simple_drive_control__rosidl_typesupport_fastrtps_cExport-noconfig.cmake
-- Up-to-date: /home/majd/Documents/Robotik/ros2_ws/install/simple_drive_control/share/simple_drive_control/cmake/export_simple_drive_control__rosidl_generator_cppExport.cmake
-- Up-to-date: /home/majd/Documents/Robotik/ros2_ws/install/simple_drive_control/share/simple_drive_control/cmake/export_simple_drive_control__rosidl_typesupport_fastrtps_cppExport.cmake
-- Up-to-date: /home/majd/Documents/Robotik/ros2_ws/install/simple_drive_control/share/simple_drive_control/cmake/export_simple_drive_control__rosidl_typesupport_fastrtps_cppExport-noconfig.cmake
-- Up-to-date: /home/majd/Documents/Robotik/ros2_ws/install/simple_drive_control/share/simple_drive_control/cmake/simple_drive_control__rosidl_typesupport_introspection_cExport.cmake
-- Up-to-date: /home/majd/Documents/Robotik/ros2_ws/install/simple_drive_control/share/simple_drive_control/cmake/simple_drive_control__rosidl_typesupport_introspection_cExport-noconfig.cmake
-- Up-to-date: /home/majd/Documents/Robotik/ros2_ws/install/simple_drive_control/share/simple_drive_control/cmake/simple_drive_control__rosidl_typesupport_cExport.cmake
-- Up-to-date: /home/majd/Documents/Robotik/ros2_ws/install/simple_drive_control/share/simple_drive_control/cmake/simple_drive_control__rosidl_typesupport_cExport-noconfig.cmake
-- Up-to-date: /home/majd/Documents/Robotik/ros2_ws/install/simple_drive_control/share/simple_drive_control/cmake/simple_drive_control__rosidl_typesupport_introspection_cppExport.cmake
-- Up-to-date: /home/majd/Documents/Robotik/ros2_ws/install/simple_drive_control/share/simple_drive_control/cmake/simple_drive_control__rosidl_typesupport_introspection_cppExport-noconfig.cmake
-- Up-to-date: /home/majd/Documents/Robotik/ros2_ws/install/simple_drive_control/share/simple_drive_control/cmake/simple_drive_control__rosidl_typesupport_cppExport.cmake
-- Up-to-date: /home/majd/Documents/Robotik/ros2_ws/install/simple_drive_control/share/simple_drive_control/cmake/simple_drive_control__rosidl_typesupport_cppExport-noconfig.cmake
-- Up-to-date: /home/majd/Documents/Robotik/ros2_ws/install/simple_drive_control/share/simple_drive_control/cmake/export_simple_drive_control__rosidl_generator_pyExport.cmake
-- Up-to-date: /home/majd/Documents/Robotik/ros2_ws/install/simple_drive_control/share/simple_drive_control/cmake/export_simple_drive_control__rosidl_generator_pyExport-noconfig.cmake
