[2.253s] DEBUG:colcon:Command line arguments: ['/usr/bin/colcon', 'build', '--packages-select', 'simple_parking_maneuver']
[2.253s] DEBUG:colcon:Parsed command line arguments: Namespace(log_base=None, log_level=None, verb_name='build', build_base='build', install_base='install', merge_install=False, symlink_install=False, test_result_base=None, continue_on_error=False, executor='parallel', parallel_workers=8, event_handlers=None, ignore_user_meta=False, metas=['./colcon.meta'], base_paths=['.'], packages_ignore=None, packages_ignore_regex=None, paths=None, packages_up_to=None, packages_up_to_regex=None, packages_above=None, packages_above_and_dependencies=None, packages_above_depth=None, packages_select_by_dep=None, packages_skip_by_dep=None, packages_skip_up_to=None, packages_select_build_failed=False, packages_skip_build_finished=False, packages_select_test_failures=False, packages_skip_test_passed=False, packages_select=['simple_parking_maneuver'], packages_skip=None, packages_select_regex=None, packages_skip_regex=None, packages_start=None, packages_end=None, allow_overriding=[], cmake_args=None, cmake_target=None, cmake_target_skip_unavailable=False, cmake_clean_cache=False, cmake_clean_first=False, cmake_force_configure=False, ament_cmake_args=None, catkin_cmake_args=None, catkin_skip_building_tests=False, verb_parser=<colcon_defaults.argument_parser.defaults.DefaultArgumentsDecorator object at 0x7f5373bf3670>, verb_extension=<colcon_core.verb.build.BuildVerb object at 0x7f5373d33580>, main=<bound method BuildVerb.main of <colcon_core.verb.build.BuildVerb object at 0x7f5373d33580>>)
[2.412s] Level 1:colcon.colcon_core.package_discovery:discover_packages(colcon_meta) check parameters
[2.413s] Level 1:colcon.colcon_core.package_discovery:discover_packages(recursive) check parameters
[2.413s] Level 1:colcon.colcon_core.package_discovery:discover_packages(ignore) check parameters
[2.413s] Level 1:colcon.colcon_core.package_discovery:discover_packages(path) check parameters
[2.413s] Level 1:colcon.colcon_core.package_discovery:discover_packages(colcon_meta) discover
[2.414s] Level 1:colcon.colcon_core.package_discovery:discover_packages(recursive) discover
[2.414s] INFO:colcon.colcon_core.package_discovery:Crawling recursively for packages in '/home/majd/Documents/Robotik/ros2_ws'
[2.414s] Level 1:colcon.colcon_core.package_identification:_identify(.) by extensions ['ignore', 'ignore_ament_install']
[2.415s] Level 1:colcon.colcon_core.package_identification:_identify(.) by extension 'ignore'
[2.416s] Level 1:colcon.colcon_core.package_identification:_identify(.) by extension 'ignore_ament_install'
[2.416s] Level 1:colcon.colcon_core.package_identification:_identify(.) by extensions ['colcon_pkg']
[2.416s] Level 1:colcon.colcon_core.package_identification:_identify(.) by extension 'colcon_pkg'
[2.416s] Level 1:colcon.colcon_core.package_identification:_identify(.) by extensions ['colcon_meta']
[2.417s] Level 1:colcon.colcon_core.package_identification:_identify(.) by extension 'colcon_meta'
[2.417s] Level 1:colcon.colcon_core.package_identification:_identify(.) by extensions ['ros']
[2.417s] Level 1:colcon.colcon_core.package_identification:_identify(.) by extension 'ros'
[2.526s] Level 1:colcon.colcon_core.package_identification:_identify(.) by extensions ['cmake', 'python']
[2.526s] Level 1:colcon.colcon_core.package_identification:_identify(.) by extension 'cmake'
[2.527s] Level 1:colcon.colcon_core.package_identification:_identify(.) by extension 'python'
[2.527s] Level 1:colcon.colcon_core.package_identification:_identify(.) by extensions ['python_setup_py']
[2.528s] Level 1:colcon.colcon_core.package_identification:_identify(.) by extension 'python_setup_py'
[2.529s] Level 1:colcon.colcon_core.package_identification:_identify(build) by extensions ['ignore', 'ignore_ament_install']
[2.529s] Level 1:colcon.colcon_core.package_identification:_identify(build) by extension 'ignore'
[2.530s] Level 1:colcon.colcon_core.package_identification:_identify(build) ignored
[2.530s] Level 1:colcon.colcon_core.package_identification:_identify(install) by extensions ['ignore', 'ignore_ament_install']
[2.531s] Level 1:colcon.colcon_core.package_identification:_identify(install) by extension 'ignore'
[2.531s] Level 1:colcon.colcon_core.package_identification:_identify(install) ignored
[2.532s] Level 1:colcon.colcon_core.package_identification:_identify(log) by extensions ['ignore', 'ignore_ament_install']
[2.533s] Level 1:colcon.colcon_core.package_identification:_identify(log) by extension 'ignore'
[2.533s] Level 1:colcon.colcon_core.package_identification:_identify(log) ignored
[2.533s] Level 1:colcon.colcon_core.package_identification:_identify(src) by extensions ['ignore', 'ignore_ament_install']
[2.534s] Level 1:colcon.colcon_core.package_identification:_identify(src) by extension 'ignore'
[2.534s] Level 1:colcon.colcon_core.package_identification:_identify(src) by extension 'ignore_ament_install'
[2.535s] Level 1:colcon.colcon_core.package_identification:_identify(src) by extensions ['colcon_pkg']
[2.535s] Level 1:colcon.colcon_core.package_identification:_identify(src) by extension 'colcon_pkg'
[2.535s] Level 1:colcon.colcon_core.package_identification:_identify(src) by extensions ['colcon_meta']
[2.535s] Level 1:colcon.colcon_core.package_identification:_identify(src) by extension 'colcon_meta'
[2.536s] Level 1:colcon.colcon_core.package_identification:_identify(src) by extensions ['ros']
[2.536s] Level 1:colcon.colcon_core.package_identification:_identify(src) by extension 'ros'
[2.537s] Level 1:colcon.colcon_core.package_identification:_identify(src) by extensions ['cmake', 'python']
[2.537s] Level 1:colcon.colcon_core.package_identification:_identify(src) by extension 'cmake'
[2.537s] Level 1:colcon.colcon_core.package_identification:_identify(src) by extension 'python'
[2.537s] Level 1:colcon.colcon_core.package_identification:_identify(src) by extensions ['python_setup_py']
[2.538s] Level 1:colcon.colcon_core.package_identification:_identify(src) by extension 'python_setup_py'
[2.538s] Level 1:colcon.colcon_core.package_identification:_identify(src/assignment2_publisher_subscriber) by extensions ['ignore', 'ignore_ament_install']
[2.539s] Level 1:colcon.colcon_core.package_identification:_identify(src/assignment2_publisher_subscriber) by extension 'ignore'
[2.539s] Level 1:colcon.colcon_core.package_identification:_identify(src/assignment2_publisher_subscriber) by extension 'ignore_ament_install'
[2.540s] Level 1:colcon.colcon_core.package_identification:_identify(src/assignment2_publisher_subscriber) by extensions ['colcon_pkg']
[2.540s] Level 1:colcon.colcon_core.package_identification:_identify(src/assignment2_publisher_subscriber) by extension 'colcon_pkg'
[2.541s] Level 1:colcon.colcon_core.package_identification:_identify(src/assignment2_publisher_subscriber) by extensions ['colcon_meta']
[2.542s] Level 1:colcon.colcon_core.package_identification:_identify(src/assignment2_publisher_subscriber) by extension 'colcon_meta'
[2.543s] Level 1:colcon.colcon_core.package_identification:_identify(src/assignment2_publisher_subscriber) by extensions ['ros']
[2.543s] Level 1:colcon.colcon_core.package_identification:_identify(src/assignment2_publisher_subscriber) by extension 'ros'
[2.558s] DEBUG:colcon.colcon_core.package_identification:Package 'src/assignment2_publisher_subscriber' with type 'ros.ament_python' and name 'assignment2_publisher_subscriber'
[2.559s] Level 1:colcon.colcon_core.package_identification:_identify(src/assignment2_publisher_subscriber2) by extensions ['ignore', 'ignore_ament_install']
[2.559s] Level 1:colcon.colcon_core.package_identification:_identify(src/assignment2_publisher_subscriber2) by extension 'ignore'
[2.560s] Level 1:colcon.colcon_core.package_identification:_identify(src/assignment2_publisher_subscriber2) by extension 'ignore_ament_install'
[2.561s] Level 1:colcon.colcon_core.package_identification:_identify(src/assignment2_publisher_subscriber2) by extensions ['colcon_pkg']
[2.562s] Level 1:colcon.colcon_core.package_identification:_identify(src/assignment2_publisher_subscriber2) by extension 'colcon_pkg'
[2.563s] Level 1:colcon.colcon_core.package_identification:_identify(src/assignment2_publisher_subscriber2) by extensions ['colcon_meta']
[2.564s] Level 1:colcon.colcon_core.package_identification:_identify(src/assignment2_publisher_subscriber2) by extension 'colcon_meta'
[2.564s] Level 1:colcon.colcon_core.package_identification:_identify(src/assignment2_publisher_subscriber2) by extensions ['ros']
[2.564s] Level 1:colcon.colcon_core.package_identification:_identify(src/assignment2_publisher_subscriber2) by extension 'ros'
[2.568s] DEBUG:colcon.colcon_core.package_identification:Package 'src/assignment2_publisher_subscriber2' with type 'ros.ament_cmake' and name 'assignment2_publisher_subscriber2'
[2.569s] Level 1:colcon.colcon_core.package_identification:_identify(src/simple_drive_control) by extensions ['ignore', 'ignore_ament_install']
[2.569s] Level 1:colcon.colcon_core.package_identification:_identify(src/simple_drive_control) by extension 'ignore'
[2.570s] Level 1:colcon.colcon_core.package_identification:_identify(src/simple_drive_control) by extension 'ignore_ament_install'
[2.570s] Level 1:colcon.colcon_core.package_identification:_identify(src/simple_drive_control) by extensions ['colcon_pkg']
[2.571s] Level 1:colcon.colcon_core.package_identification:_identify(src/simple_drive_control) by extension 'colcon_pkg'
[2.571s] Level 1:colcon.colcon_core.package_identification:_identify(src/simple_drive_control) by extensions ['colcon_meta']
[2.571s] Level 1:colcon.colcon_core.package_identification:_identify(src/simple_drive_control) by extension 'colcon_meta'
[2.572s] Level 1:colcon.colcon_core.package_identification:_identify(src/simple_drive_control) by extensions ['ros']
[2.572s] Level 1:colcon.colcon_core.package_identification:_identify(src/simple_drive_control) by extension 'ros'
[2.575s] DEBUG:colcon.colcon_core.package_identification:Package 'src/simple_drive_control' with type 'ros.ament_cmake' and name 'simple_drive_control'
[2.576s] Level 1:colcon.colcon_core.package_identification:_identify(src/simple_parking_maneuver) by extensions ['ignore', 'ignore_ament_install']
[2.576s] Level 1:colcon.colcon_core.package_identification:_identify(src/simple_parking_maneuver) by extension 'ignore'
[2.577s] Level 1:colcon.colcon_core.package_identification:_identify(src/simple_parking_maneuver) by extension 'ignore_ament_install'
[2.577s] Level 1:colcon.colcon_core.package_identification:_identify(src/simple_parking_maneuver) by extensions ['colcon_pkg']
[2.578s] Level 1:colcon.colcon_core.package_identification:_identify(src/simple_parking_maneuver) by extension 'colcon_pkg'
[2.579s] Level 1:colcon.colcon_core.package_identification:_identify(src/simple_parking_maneuver) by extensions ['colcon_meta']
[2.579s] Level 1:colcon.colcon_core.package_identification:_identify(src/simple_parking_maneuver) by extension 'colcon_meta'
[2.581s] Level 1:colcon.colcon_core.package_identification:_identify(src/simple_parking_maneuver) by extensions ['ros']
[2.581s] Level 1:colcon.colcon_core.package_identification:_identify(src/simple_parking_maneuver) by extension 'ros'
[2.585s] DEBUG:colcon.colcon_core.package_identification:Package 'src/simple_parking_maneuver' with type 'ros.ament_cmake' and name 'simple_parking_maneuver'
[2.586s] Level 1:colcon.colcon_core.package_discovery:discover_packages(recursive) using defaults
[2.586s] Level 1:colcon.colcon_core.package_discovery:discover_packages(ignore) discover
[2.586s] Level 1:colcon.colcon_core.package_discovery:discover_packages(ignore) using defaults
[2.587s] Level 1:colcon.colcon_core.package_discovery:discover_packages(path) discover
[2.587s] Level 1:colcon.colcon_core.package_discovery:discover_packages(path) using defaults
[2.753s] INFO:colcon.colcon_core.package_selection:Skipping not selected package 'assignment2_publisher_subscriber' in 'src/assignment2_publisher_subscriber'
[2.754s] INFO:colcon.colcon_core.package_selection:Skipping not selected package 'assignment2_publisher_subscriber2' in 'src/assignment2_publisher_subscriber2'
[2.754s] INFO:colcon.colcon_core.package_selection:Skipping not selected package 'simple_drive_control' in 'src/simple_drive_control'
[2.759s] Level 1:colcon.colcon_core.package_discovery:discover_packages(prefix_path) check parameters
[2.759s] Level 1:colcon.colcon_core.package_discovery:discover_packages(prefix_path) discover
[2.785s] DEBUG:colcon.colcon_installed_package_information.package_discovery:Found 6 installed packages in /home/majd/Documents/Robotik/ros2_ws/install
[2.795s] DEBUG:colcon.colcon_installed_package_information.package_discovery:Found 20 installed packages in /home/majd/autominy/catkin_ws/install
[2.813s] DEBUG:colcon.colcon_installed_package_information.package_discovery:Found 327 installed packages in /opt/ros/humble
[2.824s] Level 1:colcon.colcon_core.package_discovery:discover_packages(prefix_path) using defaults
[3.339s] Level 5:colcon.colcon_core.verb:set package 'simple_parking_maneuver' build argument 'cmake_args' from command line to 'None'
[3.339s] Level 5:colcon.colcon_core.verb:set package 'simple_parking_maneuver' build argument 'cmake_target' from command line to 'None'
[3.339s] Level 5:colcon.colcon_core.verb:set package 'simple_parking_maneuver' build argument 'cmake_target_skip_unavailable' from command line to 'False'
[3.339s] Level 5:colcon.colcon_core.verb:set package 'simple_parking_maneuver' build argument 'cmake_clean_cache' from command line to 'False'
[3.340s] Level 5:colcon.colcon_core.verb:set package 'simple_parking_maneuver' build argument 'cmake_clean_first' from command line to 'False'
[3.340s] Level 5:colcon.colcon_core.verb:set package 'simple_parking_maneuver' build argument 'cmake_force_configure' from command line to 'False'
[3.340s] Level 5:colcon.colcon_core.verb:set package 'simple_parking_maneuver' build argument 'ament_cmake_args' from command line to 'None'
[3.340s] Level 5:colcon.colcon_core.verb:set package 'simple_parking_maneuver' build argument 'catkin_cmake_args' from command line to 'None'
[3.340s] Level 5:colcon.colcon_core.verb:set package 'simple_parking_maneuver' build argument 'catkin_skip_building_tests' from command line to 'False'
[3.340s] DEBUG:colcon.colcon_core.verb:Building package 'simple_parking_maneuver' with the following arguments: {'ament_cmake_args': None, 'build_base': '/home/majd/Documents/Robotik/ros2_ws/build/simple_parking_maneuver', 'catkin_cmake_args': None, 'catkin_skip_building_tests': False, 'cmake_args': None, 'cmake_clean_cache': False, 'cmake_clean_first': False, 'cmake_force_configure': False, 'cmake_target': None, 'cmake_target_skip_unavailable': False, 'install_base': '/home/majd/Documents/Robotik/ros2_ws/install/simple_parking_maneuver', 'merge_install': False, 'path': '/home/majd/Documents/Robotik/ros2_ws/src/simple_parking_maneuver', 'symlink_install': False, 'test_result_base': None}
[3.344s] INFO:colcon.colcon_core.executor:Executing jobs using 'parallel' executor
[3.368s] DEBUG:colcon.colcon_parallel_executor.executor.parallel:run_until_complete
[3.369s] INFO:colcon.colcon_ros.task.ament_cmake.build:Building ROS package in '/home/majd/Documents/Robotik/ros2_ws/src/simple_parking_maneuver' with build type 'ament_cmake'
[3.370s] INFO:colcon.colcon_cmake.task.cmake.build:Building CMake package in '/home/majd/Documents/Robotik/ros2_ws/src/simple_parking_maneuver'
[3.409s] INFO:colcon.colcon_core.plugin_system:Skipping extension 'colcon_core.shell.bat': Not used on non-Windows systems
[3.410s] INFO:colcon.colcon_core.shell:Skip shell extension 'powershell' for command environment: Not usable outside of PowerShell
[3.410s] DEBUG:colcon.colcon_core.shell:Skip shell extension 'dsv' for command environment
[3.506s] DEBUG:colcon.colcon_core.event_handler.log_command:Invoking command in '/home/majd/Documents/Robotik/ros2_ws/build/simple_parking_maneuver': CMAKE_PREFIX_PATH=/home/majd/Documents/Robotik/ros2_ws/install/simple_drive_control:/home/majd/Documents/Robotik/ros2_ws/install/turtlesim:/home/majd/Documents/Robotik/ros2_ws/install/simple_parking_maneuver:/home/majd/Documents/Robotik/ros2_ws/install/assignment2_publisher_subscriber2:/home/majd/Documents/Robotik/ros2_ws/install/assignment2_publisher_subscriber:/home/majd/autominy/catkin_ws/install/world_description:/home/majd/autominy/catkin_ws/install/stereo_camera_pose_estimation:/home/majd/autominy/catkin_ws/install/sim_car_controller:/home/majd/autominy/catkin_ws/install/arduino_communication:/home/majd/autominy/catkin_ws/install/serial:/home/majd/autominy/catkin_ws/install/road_marking_localization:/home/majd/autominy/catkin_ws/install/remote_control:/home/majd/autominy/catkin_ws/install/car_description:/home/majd/autominy/catkin_ws/install/odometry:/home/majd/autominy/catkin_ws/install/map_publisher:/home/majd/autominy/catkin_ws/install/low_voltage_shutdown:/home/majd/autominy/catkin_ws/install/lidar_pose_estimation:/home/majd/autominy/catkin_ws/install/hardware_calibration:/home/majd/autominy/catkin_ws/install/emergency_stop:/home/majd/autominy/catkin_ws/install/bno055_usb_stick:/home/majd/autominy/catkin_ws/install/bno055_usb_stick_msgs:/home/majd/autominy/catkin_ws/install/autominy_sim:/home/majd/autominy/catkin_ws/install/autominy_msgs:/home/majd/autominy/catkin_ws/install/autominy:/home/majd/Documents/Robotik/ros2_ws/install/py_pubsub:/home/majd/autominy/catkin_ws/install/assignment2_publisher_subscriber:/opt/ros/humble LD_LIBRARY_PATH=/home/majd/Documents/Robotik/ros2_ws/install/simple_drive_control/lib:/home/majd/Documents/Robotik/ros2_ws/install/turtlesim/lib:/home/majd/Documents/Robotik/ros2_ws/install/simple_parking_maneuver/lib:/home/majd/autominy/catkin_ws/install/stereo_camera_pose_estimation/lib:/home/majd/autominy/catkin_ws/install/sim_car_controller/lib:/home/majd/autominy/catkin_ws/install/serial/lib:/home/majd/autominy/catkin_ws/install/road_marking_localization/lib:/home/majd/autominy/catkin_ws/install/remote_control/lib:/home/majd/autominy/catkin_ws/install/odometry/lib:/home/majd/autominy/catkin_ws/install/low_voltage_shutdown/lib:/home/majd/autominy/catkin_ws/install/lidar_pose_estimation/lib:/home/majd/autominy/catkin_ws/install/hardware_calibration/lib:/home/majd/autominy/catkin_ws/install/emergency_stop/lib:/home/majd/autominy/catkin_ws/install/bno055_usb_stick_msgs/lib:/home/majd/autominy/catkin_ws/install/autominy_msgs/lib:/usr/lib/x86_64-linux-gnu/gazebo-11/plugins:/opt/ros/humble/opt/rviz_ogre_vendor/lib:/opt/ros/humble/lib/x86_64-linux-gnu:/opt/ros/humble/lib /usr/bin/cmake --build /home/majd/Documents/Robotik/ros2_ws/build/simple_parking_maneuver -- -j8 -l8
[7.889s] DEBUG:colcon.colcon_core.event_handler.log_command:Invoked command in '/home/majd/Documents/Robotik/ros2_ws/build/simple_parking_maneuver' returned '0': CMAKE_PREFIX_PATH=/home/majd/Documents/Robotik/ros2_ws/install/simple_drive_control:/home/majd/Documents/Robotik/ros2_ws/install/turtlesim:/home/majd/Documents/Robotik/ros2_ws/install/simple_parking_maneuver:/home/majd/Documents/Robotik/ros2_ws/install/assignment2_publisher_subscriber2:/home/majd/Documents/Robotik/ros2_ws/install/assignment2_publisher_subscriber:/home/majd/autominy/catkin_ws/install/world_description:/home/majd/autominy/catkin_ws/install/stereo_camera_pose_estimation:/home/majd/autominy/catkin_ws/install/sim_car_controller:/home/majd/autominy/catkin_ws/install/arduino_communication:/home/majd/autominy/catkin_ws/install/serial:/home/majd/autominy/catkin_ws/install/road_marking_localization:/home/majd/autominy/catkin_ws/install/remote_control:/home/majd/autominy/catkin_ws/install/car_description:/home/majd/autominy/catkin_ws/install/odometry:/home/majd/autominy/catkin_ws/install/map_publisher:/home/majd/autominy/catkin_ws/install/low_voltage_shutdown:/home/majd/autominy/catkin_ws/install/lidar_pose_estimation:/home/majd/autominy/catkin_ws/install/hardware_calibration:/home/majd/autominy/catkin_ws/install/emergency_stop:/home/majd/autominy/catkin_ws/install/bno055_usb_stick:/home/majd/autominy/catkin_ws/install/bno055_usb_stick_msgs:/home/majd/autominy/catkin_ws/install/autominy_sim:/home/majd/autominy/catkin_ws/install/autominy_msgs:/home/majd/autominy/catkin_ws/install/autominy:/home/majd/Documents/Robotik/ros2_ws/install/py_pubsub:/home/majd/autominy/catkin_ws/install/assignment2_publisher_subscriber:/opt/ros/humble LD_LIBRARY_PATH=/home/majd/Documents/Robotik/ros2_ws/install/simple_drive_control/lib:/home/majd/Documents/Robotik/ros2_ws/install/turtlesim/lib:/home/majd/Documents/Robotik/ros2_ws/install/simple_parking_maneuver/lib:/home/majd/autominy/catkin_ws/install/stereo_camera_pose_estimation/lib:/home/majd/autominy/catkin_ws/install/sim_car_controller/lib:/home/majd/autominy/catkin_ws/install/serial/lib:/home/majd/autominy/catkin_ws/install/road_marking_localization/lib:/home/majd/autominy/catkin_ws/install/remote_control/lib:/home/majd/autominy/catkin_ws/install/odometry/lib:/home/majd/autominy/catkin_ws/install/low_voltage_shutdown/lib:/home/majd/autominy/catkin_ws/install/lidar_pose_estimation/lib:/home/majd/autominy/catkin_ws/install/hardware_calibration/lib:/home/majd/autominy/catkin_ws/install/emergency_stop/lib:/home/majd/autominy/catkin_ws/install/bno055_usb_stick_msgs/lib:/home/majd/autominy/catkin_ws/install/autominy_msgs/lib:/usr/lib/x86_64-linux-gnu/gazebo-11/plugins:/opt/ros/humble/opt/rviz_ogre_vendor/lib:/opt/ros/humble/lib/x86_64-linux-gnu:/opt/ros/humble/lib /usr/bin/cmake --build /home/majd/Documents/Robotik/ros2_ws/build/simple_parking_maneuver -- -j8 -l8
[8.423s] DEBUG:colcon.colcon_core.event_handler.log_command:Invoking command in '/home/majd/Documents/Robotik/ros2_ws/build/simple_parking_maneuver': CMAKE_PREFIX_PATH=/home/majd/Documents/Robotik/ros2_ws/install/simple_drive_control:/home/majd/Documents/Robotik/ros2_ws/install/turtlesim:/home/majd/Documents/Robotik/ros2_ws/install/simple_parking_maneuver:/home/majd/Documents/Robotik/ros2_ws/install/assignment2_publisher_subscriber2:/home/majd/Documents/Robotik/ros2_ws/install/assignment2_publisher_subscriber:/home/majd/autominy/catkin_ws/install/world_description:/home/majd/autominy/catkin_ws/install/stereo_camera_pose_estimation:/home/majd/autominy/catkin_ws/install/sim_car_controller:/home/majd/autominy/catkin_ws/install/arduino_communication:/home/majd/autominy/catkin_ws/install/serial:/home/majd/autominy/catkin_ws/install/road_marking_localization:/home/majd/autominy/catkin_ws/install/remote_control:/home/majd/autominy/catkin_ws/install/car_description:/home/majd/autominy/catkin_ws/install/odometry:/home/majd/autominy/catkin_ws/install/map_publisher:/home/majd/autominy/catkin_ws/install/low_voltage_shutdown:/home/majd/autominy/catkin_ws/install/lidar_pose_estimation:/home/majd/autominy/catkin_ws/install/hardware_calibration:/home/majd/autominy/catkin_ws/install/emergency_stop:/home/majd/autominy/catkin_ws/install/bno055_usb_stick:/home/majd/autominy/catkin_ws/install/bno055_usb_stick_msgs:/home/majd/autominy/catkin_ws/install/autominy_sim:/home/majd/autominy/catkin_ws/install/autominy_msgs:/home/majd/autominy/catkin_ws/install/autominy:/home/majd/Documents/Robotik/ros2_ws/install/py_pubsub:/home/majd/autominy/catkin_ws/install/assignment2_publisher_subscriber:/opt/ros/humble LD_LIBRARY_PATH=/home/majd/Documents/Robotik/ros2_ws/install/simple_drive_control/lib:/home/majd/Documents/Robotik/ros2_ws/install/turtlesim/lib:/home/majd/Documents/Robotik/ros2_ws/install/simple_parking_maneuver/lib:/home/majd/autominy/catkin_ws/install/stereo_camera_pose_estimation/lib:/home/majd/autominy/catkin_ws/install/sim_car_controller/lib:/home/majd/autominy/catkin_ws/install/serial/lib:/home/majd/autominy/catkin_ws/install/road_marking_localization/lib:/home/majd/autominy/catkin_ws/install/remote_control/lib:/home/majd/autominy/catkin_ws/install/odometry/lib:/home/majd/autominy/catkin_ws/install/low_voltage_shutdown/lib:/home/majd/autominy/catkin_ws/install/lidar_pose_estimation/lib:/home/majd/autominy/catkin_ws/install/hardware_calibration/lib:/home/majd/autominy/catkin_ws/install/emergency_stop/lib:/home/majd/autominy/catkin_ws/install/bno055_usb_stick_msgs/lib:/home/majd/autominy/catkin_ws/install/autominy_msgs/lib:/usr/lib/x86_64-linux-gnu/gazebo-11/plugins:/opt/ros/humble/opt/rviz_ogre_vendor/lib:/opt/ros/humble/lib/x86_64-linux-gnu:/opt/ros/humble/lib /usr/bin/cmake --install /home/majd/Documents/Robotik/ros2_ws/build/simple_parking_maneuver
[8.921s] Level 1:colcon.colcon_core.environment:create_environment_scripts_only(simple_parking_maneuver)
[8.926s] DEBUG:colcon.colcon_core.event_handler.log_command:Invoked command in '/home/majd/Documents/Robotik/ros2_ws/build/simple_parking_maneuver' returned '0': CMAKE_PREFIX_PATH=/home/majd/Documents/Robotik/ros2_ws/install/simple_drive_control:/home/majd/Documents/Robotik/ros2_ws/install/turtlesim:/home/majd/Documents/Robotik/ros2_ws/install/simple_parking_maneuver:/home/majd/Documents/Robotik/ros2_ws/install/assignment2_publisher_subscriber2:/home/majd/Documents/Robotik/ros2_ws/install/assignment2_publisher_subscriber:/home/majd/autominy/catkin_ws/install/world_description:/home/majd/autominy/catkin_ws/install/stereo_camera_pose_estimation:/home/majd/autominy/catkin_ws/install/sim_car_controller:/home/majd/autominy/catkin_ws/install/arduino_communication:/home/majd/autominy/catkin_ws/install/serial:/home/majd/autominy/catkin_ws/install/road_marking_localization:/home/majd/autominy/catkin_ws/install/remote_control:/home/majd/autominy/catkin_ws/install/car_description:/home/majd/autominy/catkin_ws/install/odometry:/home/majd/autominy/catkin_ws/install/map_publisher:/home/majd/autominy/catkin_ws/install/low_voltage_shutdown:/home/majd/autominy/catkin_ws/install/lidar_pose_estimation:/home/majd/autominy/catkin_ws/install/hardware_calibration:/home/majd/autominy/catkin_ws/install/emergency_stop:/home/majd/autominy/catkin_ws/install/bno055_usb_stick:/home/majd/autominy/catkin_ws/install/bno055_usb_stick_msgs:/home/majd/autominy/catkin_ws/install/autominy_sim:/home/majd/autominy/catkin_ws/install/autominy_msgs:/home/majd/autominy/catkin_ws/install/autominy:/home/majd/Documents/Robotik/ros2_ws/install/py_pubsub:/home/majd/autominy/catkin_ws/install/assignment2_publisher_subscriber:/opt/ros/humble LD_LIBRARY_PATH=/home/majd/Documents/Robotik/ros2_ws/install/simple_drive_control/lib:/home/majd/Documents/Robotik/ros2_ws/install/turtlesim/lib:/home/majd/Documents/Robotik/ros2_ws/install/simple_parking_maneuver/lib:/home/majd/autominy/catkin_ws/install/stereo_camera_pose_estimation/lib:/home/majd/autominy/catkin_ws/install/sim_car_controller/lib:/home/majd/autominy/catkin_ws/install/serial/lib:/home/majd/autominy/catkin_ws/install/road_marking_localization/lib:/home/majd/autominy/catkin_ws/install/remote_control/lib:/home/majd/autominy/catkin_ws/install/odometry/lib:/home/majd/autominy/catkin_ws/install/low_voltage_shutdown/lib:/home/majd/autominy/catkin_ws/install/lidar_pose_estimation/lib:/home/majd/autominy/catkin_ws/install/hardware_calibration/lib:/home/majd/autominy/catkin_ws/install/emergency_stop/lib:/home/majd/autominy/catkin_ws/install/bno055_usb_stick_msgs/lib:/home/majd/autominy/catkin_ws/install/autominy_msgs/lib:/usr/lib/x86_64-linux-gnu/gazebo-11/plugins:/opt/ros/humble/opt/rviz_ogre_vendor/lib:/opt/ros/humble/lib/x86_64-linux-gnu:/opt/ros/humble/lib /usr/bin/cmake --install /home/majd/Documents/Robotik/ros2_ws/build/simple_parking_maneuver
[8.968s] Level 1:colcon.colcon_core.environment:checking '/home/majd/Documents/Robotik/ros2_ws/install/simple_parking_maneuver' for CMake module files
[8.973s] Level 1:colcon.colcon_core.environment:checking '/home/majd/Documents/Robotik/ros2_ws/install/simple_parking_maneuver' for CMake config files
[8.976s] Level 1:colcon.colcon_core.shell:create_environment_hook('simple_parking_maneuver', 'cmake_prefix_path')
[8.987s] INFO:colcon.colcon_core.shell:Creating environment hook '/home/majd/Documents/Robotik/ros2_ws/install/simple_parking_maneuver/share/simple_parking_maneuver/hook/cmake_prefix_path.ps1'
[8.990s] INFO:colcon.colcon_core.shell:Creating environment descriptor '/home/majd/Documents/Robotik/ros2_ws/install/simple_parking_maneuver/share/simple_parking_maneuver/hook/cmake_prefix_path.dsv'
[8.992s] INFO:colcon.colcon_core.shell:Creating environment hook '/home/majd/Documents/Robotik/ros2_ws/install/simple_parking_maneuver/share/simple_parking_maneuver/hook/cmake_prefix_path.sh'
[8.996s] Level 1:colcon.colcon_core.environment:checking '/home/majd/Documents/Robotik/ros2_ws/install/simple_parking_maneuver/lib'
[8.997s] Level 1:colcon.colcon_core.shell:create_environment_hook('simple_parking_maneuver', 'ld_library_path_lib')
[9.005s] INFO:colcon.colcon_core.shell:Creating environment hook '/home/majd/Documents/Robotik/ros2_ws/install/simple_parking_maneuver/share/simple_parking_maneuver/hook/ld_library_path_lib.ps1'
[9.007s] INFO:colcon.colcon_core.shell:Creating environment descriptor '/home/majd/Documents/Robotik/ros2_ws/install/simple_parking_maneuver/share/simple_parking_maneuver/hook/ld_library_path_lib.dsv'
[9.009s] INFO:colcon.colcon_core.shell:Creating environment hook '/home/majd/Documents/Robotik/ros2_ws/install/simple_parking_maneuver/share/simple_parking_maneuver/hook/ld_library_path_lib.sh'
[9.011s] Level 1:colcon.colcon_core.environment:checking '/home/majd/Documents/Robotik/ros2_ws/install/simple_parking_maneuver/bin'
[9.011s] Level 1:colcon.colcon_core.environment:checking '/home/majd/Documents/Robotik/ros2_ws/install/simple_parking_maneuver/lib/pkgconfig/simple_parking_maneuver.pc'
[9.013s] Level 1:colcon.colcon_core.environment:checking '/home/majd/Documents/Robotik/ros2_ws/install/simple_parking_maneuver/lib/python3.10/site-packages'
[9.016s] Level 1:colcon.colcon_core.environment:checking '/home/majd/Documents/Robotik/ros2_ws/install/simple_parking_maneuver/bin'
[9.025s] INFO:colcon.colcon_core.shell:Creating package script '/home/majd/Documents/Robotik/ros2_ws/install/simple_parking_maneuver/share/simple_parking_maneuver/package.ps1'
[9.030s] INFO:colcon.colcon_core.shell:Creating package descriptor '/home/majd/Documents/Robotik/ros2_ws/install/simple_parking_maneuver/share/simple_parking_maneuver/package.dsv'
[9.033s] INFO:colcon.colcon_core.shell:Creating package script '/home/majd/Documents/Robotik/ros2_ws/install/simple_parking_maneuver/share/simple_parking_maneuver/package.sh'
[9.040s] INFO:colcon.colcon_core.shell:Creating package script '/home/majd/Documents/Robotik/ros2_ws/install/simple_parking_maneuver/share/simple_parking_maneuver/package.bash'
[9.045s] INFO:colcon.colcon_core.shell:Creating package script '/home/majd/Documents/Robotik/ros2_ws/install/simple_parking_maneuver/share/simple_parking_maneuver/package.zsh'
[9.057s] Level 1:colcon.colcon_core.environment:create_file_with_runtime_dependencies(/home/majd/Documents/Robotik/ros2_ws/install/simple_parking_maneuver/share/colcon-core/packages/simple_parking_maneuver)
[9.627s] Level 1:colcon.colcon_core.environment:create_environment_scripts_only(simple_parking_maneuver)
[9.653s] Level 1:colcon.colcon_core.environment:checking '/home/majd/Documents/Robotik/ros2_ws/install/simple_parking_maneuver' for CMake module files
[9.658s] Level 1:colcon.colcon_core.environment:checking '/home/majd/Documents/Robotik/ros2_ws/install/simple_parking_maneuver' for CMake config files
[9.662s] Level 1:colcon.colcon_core.shell:create_environment_hook('simple_parking_maneuver', 'cmake_prefix_path')
[9.688s] INFO:colcon.colcon_core.shell:Creating environment hook '/home/majd/Documents/Robotik/ros2_ws/install/simple_parking_maneuver/share/simple_parking_maneuver/hook/cmake_prefix_path.ps1'
[9.691s] INFO:colcon.colcon_core.shell:Creating environment descriptor '/home/majd/Documents/Robotik/ros2_ws/install/simple_parking_maneuver/share/simple_parking_maneuver/hook/cmake_prefix_path.dsv'
[9.693s] INFO:colcon.colcon_core.shell:Creating environment hook '/home/majd/Documents/Robotik/ros2_ws/install/simple_parking_maneuver/share/simple_parking_maneuver/hook/cmake_prefix_path.sh'
[9.698s] Level 1:colcon.colcon_core.environment:checking '/home/majd/Documents/Robotik/ros2_ws/install/simple_parking_maneuver/lib'
[9.699s] Level 1:colcon.colcon_core.shell:create_environment_hook('simple_parking_maneuver', 'ld_library_path_lib')
[9.711s] INFO:colcon.colcon_core.shell:Creating environment hook '/home/majd/Documents/Robotik/ros2_ws/install/simple_parking_maneuver/share/simple_parking_maneuver/hook/ld_library_path_lib.ps1'
[9.714s] INFO:colcon.colcon_core.shell:Creating environment descriptor '/home/majd/Documents/Robotik/ros2_ws/install/simple_parking_maneuver/share/simple_parking_maneuver/hook/ld_library_path_lib.dsv'
[9.717s] INFO:colcon.colcon_core.shell:Creating environment hook '/home/majd/Documents/Robotik/ros2_ws/install/simple_parking_maneuver/share/simple_parking_maneuver/hook/ld_library_path_lib.sh'
[9.719s] Level 1:colcon.colcon_core.environment:checking '/home/majd/Documents/Robotik/ros2_ws/install/simple_parking_maneuver/bin'
[9.720s] Level 1:colcon.colcon_core.environment:checking '/home/majd/Documents/Robotik/ros2_ws/install/simple_parking_maneuver/lib/pkgconfig/simple_parking_maneuver.pc'
[9.722s] Level 1:colcon.colcon_core.environment:checking '/home/majd/Documents/Robotik/ros2_ws/install/simple_parking_maneuver/lib/python3.10/site-packages'
[9.724s] Level 1:colcon.colcon_core.environment:checking '/home/majd/Documents/Robotik/ros2_ws/install/simple_parking_maneuver/bin'
[9.739s] INFO:colcon.colcon_core.shell:Creating package script '/home/majd/Documents/Robotik/ros2_ws/install/simple_parking_maneuver/share/simple_parking_maneuver/package.ps1'
[9.744s] INFO:colcon.colcon_core.shell:Creating package descriptor '/home/majd/Documents/Robotik/ros2_ws/install/simple_parking_maneuver/share/simple_parking_maneuver/package.dsv'
[9.748s] INFO:colcon.colcon_core.shell:Creating package script '/home/majd/Documents/Robotik/ros2_ws/install/simple_parking_maneuver/share/simple_parking_maneuver/package.sh'
[9.752s] INFO:colcon.colcon_core.shell:Creating package script '/home/majd/Documents/Robotik/ros2_ws/install/simple_parking_maneuver/share/simple_parking_maneuver/package.bash'
[9.756s] INFO:colcon.colcon_core.shell:Creating package script '/home/majd/Documents/Robotik/ros2_ws/install/simple_parking_maneuver/share/simple_parking_maneuver/package.zsh'
[9.759s] Level 1:colcon.colcon_core.environment:create_file_with_runtime_dependencies(/home/majd/Documents/Robotik/ros2_ws/install/simple_parking_maneuver/share/colcon-core/packages/simple_parking_maneuver)
[9.763s] DEBUG:colcon.colcon_parallel_executor.executor.parallel:closing loop
[9.764s] DEBUG:colcon.colcon_parallel_executor.executor.parallel:loop closed
[9.765s] DEBUG:colcon.colcon_parallel_executor.executor.parallel:run_until_complete finished with '0'
[9.766s] DEBUG:colcon.colcon_core.event_reactor:joining thread
[9.824s] INFO:colcon.colcon_core.plugin_system:Skipping extension 'colcon_notification.desktop_notification.terminal_notifier': Not used on non-Darwin systems
[9.825s] INFO:colcon.colcon_core.plugin_system:Skipping extension 'colcon_notification.desktop_notification.win32': Not used on non-Windows systems
[9.826s] INFO:colcon.colcon_notification.desktop_notification:Sending desktop notification using 'notify2'
[9.937s] DEBUG:colcon.colcon_core.event_reactor:joined thread
[9.950s] INFO:colcon.colcon_core.shell:Creating prefix script '/home/majd/Documents/Robotik/ros2_ws/install/local_setup.ps1'
[9.959s] INFO:colcon.colcon_core.shell:Creating prefix util module '/home/majd/Documents/Robotik/ros2_ws/install/_local_setup_util_ps1.py'
[9.974s] INFO:colcon.colcon_core.shell:Creating prefix chain script '/home/majd/Documents/Robotik/ros2_ws/install/setup.ps1'
[10.000s] INFO:colcon.colcon_core.shell:Creating prefix script '/home/majd/Documents/Robotik/ros2_ws/install/local_setup.sh'
[10.006s] INFO:colcon.colcon_core.shell:Creating prefix util module '/home/majd/Documents/Robotik/ros2_ws/install/_local_setup_util_sh.py'
[10.010s] INFO:colcon.colcon_core.shell:Creating prefix chain script '/home/majd/Documents/Robotik/ros2_ws/install/setup.sh'
[10.035s] INFO:colcon.colcon_core.shell:Creating prefix script '/home/majd/Documents/Robotik/ros2_ws/install/local_setup.bash'
[10.039s] INFO:colcon.colcon_core.shell:Creating prefix chain script '/home/majd/Documents/Robotik/ros2_ws/install/setup.bash'
[10.063s] INFO:colcon.colcon_core.shell:Creating prefix script '/home/majd/Documents/Robotik/ros2_ws/install/local_setup.zsh'
[10.067s] INFO:colcon.colcon_core.shell:Creating prefix chain script '/home/majd/Documents/Robotik/ros2_ws/install/setup.zsh'
