-- The C compiler identification is GNU 11.3.0
-- The CXX compiler identification is GNU 11.3.0
-- Detecting C compiler ABI info
-- Detecting C compiler ABI info - done
-- Check for working C compiler: /usr/bin/cc - skipped
-- Detecting C compile features
-- Detecting C compile features - done
-- Detecting CXX compiler ABI info
-- Detecting CXX compiler ABI info - done
-- Check for working CXX compiler: /usr/bin/c++ - skipped
-- Detecting CXX compile features
-- Detecting CXX compile features - done
-- Found rclpy: 3.3.4 (/opt/ros/humble/share/rclpy/cmake)
-- Found std_msgs: 4.2.2 (/opt/ros/humble/share/std_msgs/cmake)
-- Found Python3: /usr/bin/python3.10 (found version "3.10.6") found components: Interpreter 
-- Override CMake install command with custom implementation using symlinks instead of copying resources
-- Found rosidl_generator_c: 3.1.3 (/opt/ros/humble/share/rosidl_generator_c/cmake)
-- Found rosidl_adapter: 3.1.3 (/opt/ros/humble/share/rosidl_adapter/cmake)
-- Found rosidl_generator_cpp: 3.1.3 (/opt/ros/humble/share/rosidl_generator_cpp/cmake)
-- Using all available rosidl_typesupport_c: rosidl_typesupport_fastrtps_c;rosidl_typesupport_introspection_c
-- Using all available rosidl_typesupport_cpp: rosidl_typesupport_fastrtps_cpp;rosidl_typesupport_introspection_cpp
-- Found rosidl_default_generators: 1.2.0 (/opt/ros/humble/share/rosidl_default_generators/cmake)
-- Found ament_cmake_ros: 0.10.0 (/opt/ros/humble/share/ament_cmake_ros/cmake)
-- Using all available rosidl_typesupport_c: rosidl_typesupport_fastrtps_c;rosidl_typesupport_introspection_c
-- Using all available rosidl_typesupport_cpp: rosidl_typesupport_fastrtps_cpp;rosidl_typesupport_introspection_cpp
-- Found PythonInterp: /usr/bin/python3 (found suitable version "3.10.6", minimum required is "3.6") 
-- Found python_cmake_module: 0.10.0 (/opt/ros/humble/share/python_cmake_module/cmake)
-- Found PythonLibs: /usr/lib/x86_64-linux-gnu/libpython3.10.so (found suitable version "3.10.6", minimum required is "3.5") 
-- Using PYTHON_EXECUTABLE: /usr/bin/python3
-- Using PYTHON_INCLUDE_DIRS: /usr/include/python3.10
-- Using PYTHON_LIBRARIES: /usr/lib/x86_64-linux-gnu/libpython3.10.so
-- Found PythonExtra: .so  
-- Configuring done
-- Generating done
-- Build files have been written to: /home/majd/Documents/Robotik/ros2_ws/build/simple_drive_control
[  3%] [34m[1mGenerating C++ code for ROS interfaces[0m
[  3%] Built target simple_drive_control__cpp
[  3%] Built target ament_cmake_python_symlink_simple_drive_control
[  6%] [34m[1mGenerating C++ introspection for ROS interfaces[0m
[  9%] [32mBuilding CXX object CMakeFiles/simple_drive_control__rosidl_typesupport_introspection_cpp.dir/rosidl_typesupport_introspection_cpp/simple_drive_control/srv/detail/driving_maneuver__type_support.cpp.o[0m
[ 12%] [32m[1mLinking CXX shared library libsimple_drive_control__rosidl_typesupport_introspection_cpp.so[0m
[ 12%] Built target simple_drive_control__rosidl_typesupport_introspection_cpp
running egg_info
creating simple_drive_control.egg-info
writing simple_drive_control.egg-info/PKG-INFO
writing dependency_links to simple_drive_control.egg-info/dependency_links.txt
writing top-level names to simple_drive_control.egg-info/top_level.txt
writing manifest file 'simple_drive_control.egg-info/SOURCES.txt'
reading manifest file 'simple_drive_control.egg-info/SOURCES.txt'
writing manifest file 'simple_drive_control.egg-info/SOURCES.txt'
[ 12%] Built target ament_cmake_python_build_simple_drive_control_egg
[ 16%] [34m[1mGenerating C++ type support for eProsima Fast-RTPS[0m
[ 19%] [32mBuilding CXX object CMakeFiles/simple_drive_control__rosidl_typesupport_fastrtps_cpp.dir/rosidl_typesupport_fastrtps_cpp/simple_drive_control/srv/detail/dds_fastrtps/driving_maneuver__type_support.cpp.o[0m
[ 22%] [32m[1mLinking CXX shared library libsimple_drive_control__rosidl_typesupport_fastrtps_cpp.so[0m
[ 22%] Built target simple_drive_control__rosidl_typesupport_fastrtps_cpp
[ 25%] [34m[1mGenerating C++ type support dispatch for ROS interfaces[0m
[ 29%] [32mBuilding CXX object CMakeFiles/simple_drive_control__rosidl_typesupport_cpp.dir/rosidl_typesupport_cpp/simple_drive_control/srv/driving_maneuver__type_support.cpp.o[0m
[ 32%] [32m[1mLinking CXX shared library libsimple_drive_control__rosidl_typesupport_cpp.so[0m
[ 32%] Built target simple_drive_control__rosidl_typesupport_cpp
[ 35%] [34m[1mGenerating C code for ROS interfaces[0m
[ 38%] [32mBuilding C object CMakeFiles/simple_drive_control__rosidl_generator_c.dir/rosidl_generator_c/simple_drive_control/srv/detail/driving_maneuver__functions.c.o[0m
[ 41%] [32m[1mLinking C shared library libsimple_drive_control__rosidl_generator_c.so[0m
[ 41%] Built target simple_drive_control__rosidl_generator_c
[ 45%] [34m[1mGenerating C type support for eProsima Fast-RTPS[0m
[ 48%] [32mBuilding CXX object CMakeFiles/simple_drive_control__rosidl_typesupport_fastrtps_c.dir/rosidl_typesupport_fastrtps_c/simple_drive_control/srv/detail/driving_maneuver__type_support_c.cpp.o[0m
[ 51%] [32m[1mLinking CXX shared library libsimple_drive_control__rosidl_typesupport_fastrtps_c.so[0m
[ 51%] Built target simple_drive_control__rosidl_typesupport_fastrtps_c
[ 54%] [34m[1mGenerating C type support dispatch for ROS interfaces[0m
[ 58%] [32mBuilding CXX object CMakeFiles/simple_drive_control__rosidl_typesupport_c.dir/rosidl_typesupport_c/simple_drive_control/srv/driving_maneuver__type_support.cpp.o[0m
[ 61%] [32m[1mLinking CXX shared library libsimple_drive_control__rosidl_typesupport_c.so[0m
[ 61%] Built target simple_drive_control__rosidl_typesupport_c
[ 64%] [34m[1mGenerating C introspection for ROS interfaces[0m
[ 67%] [32mBuilding C object CMakeFiles/simple_drive_control__rosidl_typesupport_introspection_c.dir/rosidl_typesupport_introspection_c/simple_drive_control/srv/detail/driving_maneuver__type_support.c.o[0m
[ 70%] [32m[1mLinking C shared library libsimple_drive_control__rosidl_typesupport_introspection_c.so[0m
[ 70%] Built target simple_drive_control__rosidl_typesupport_introspection_c
[ 70%] Built target simple_drive_control
[ 74%] [34m[1mGenerating Python code for ROS interfaces[0m
[ 74%] Built target simple_drive_control__py
[ 77%] [32mBuilding C object CMakeFiles/simple_drive_control__rosidl_generator_py.dir/rosidl_generator_py/simple_drive_control/srv/_driving_maneuver_s.c.o[0m
[ 80%] [32m[1mLinking C shared library rosidl_generator_py/simple_drive_control/libsimple_drive_control__rosidl_generator_py.so[0m
[ 80%] Built target simple_drive_control__rosidl_generator_py
[ 83%] [32mBuilding C object CMakeFiles/simple_drive_control__rosidl_typesupport_fastrtps_c__pyext.dir/rosidl_generator_py/simple_drive_control/_simple_drive_control_s.ep.rosidl_typesupport_fastrtps_c.c.o[0m
[ 87%] [32m[1mLinking C shared library rosidl_generator_py/simple_drive_control/simple_drive_control_s__rosidl_typesupport_fastrtps_c.cpython-310-x86_64-linux-gnu.so[0m
[ 87%] Built target simple_drive_control__rosidl_typesupport_fastrtps_c__pyext
[ 90%] [32mBuilding C object CMakeFiles/simple_drive_control__rosidl_typesupport_c__pyext.dir/rosidl_generator_py/simple_drive_control/_simple_drive_control_s.ep.rosidl_typesupport_c.c.o[0m
[ 93%] [32m[1mLinking C shared library rosidl_generator_py/simple_drive_control/simple_drive_control_s__rosidl_typesupport_c.cpython-310-x86_64-linux-gnu.so[0m
[ 93%] Built target simple_drive_control__rosidl_typesupport_c__pyext
[ 96%] [32mBuilding C object CMakeFiles/simple_drive_control__rosidl_typesupport_introspection_c__pyext.dir/rosidl_generator_py/simple_drive_control/_simple_drive_control_s.ep.rosidl_typesupport_introspection_c.c.o[0m
[100%] [32m[1mLinking C shared library rosidl_generator_py/simple_drive_control/simple_drive_control_s__rosidl_typesupport_introspection_c.cpython-310-x86_64-linux-gnu.so[0m
[100%] Built target simple_drive_control__rosidl_typesupport_introspection_c__pyext
