[1.277s] DEBUG:colcon:Command line arguments: ['/usr/bin/colcon', 'build', '--packages-select', 'simple_parking_maneuver']
[1.277s] DEBUG:colcon:Parsed command line arguments: Namespace(log_base=None, log_level=None, verb_name='build', build_base='build', install_base='install', merge_install=False, symlink_install=False, test_result_base=None, continue_on_error=False, executor='parallel', parallel_workers=8, event_handlers=None, ignore_user_meta=False, metas=['./colcon.meta'], base_paths=['.'], packages_ignore=None, packages_ignore_regex=None, paths=None, packages_up_to=None, packages_up_to_regex=None, packages_above=None, packages_above_and_dependencies=None, packages_above_depth=None, packages_select_by_dep=None, packages_skip_by_dep=None, packages_skip_up_to=None, packages_select_build_failed=False, packages_skip_build_finished=False, packages_select_test_failures=False, packages_skip_test_passed=False, packages_select=['simple_parking_maneuver'], packages_skip=None, packages_select_regex=None, packages_skip_regex=None, packages_start=None, packages_end=None, allow_overriding=[], cmake_args=None, cmake_target=None, cmake_target_skip_unavailable=False, cmake_clean_cache=False, cmake_clean_first=False, cmake_force_configure=False, ament_cmake_args=None, catkin_cmake_args=None, catkin_skip_building_tests=False, verb_parser=<colcon_defaults.argument_parser.defaults.DefaultArgumentsDecorator object at 0x7f8bcdd47490>, verb_extension=<colcon_core.verb.build.BuildVerb object at 0x7f8bce6e0c10>, main=<bound method BuildVerb.main of <colcon_core.verb.build.BuildVerb object at 0x7f8bce6e0c10>>)
[1.391s] Level 1:colcon.colcon_core.package_discovery:discover_packages(colcon_meta) check parameters
[1.392s] Level 1:colcon.colcon_core.package_discovery:discover_packages(recursive) check parameters
[1.392s] Level 1:colcon.colcon_core.package_discovery:discover_packages(ignore) check parameters
[1.392s] Level 1:colcon.colcon_core.package_discovery:discover_packages(path) check parameters
[1.392s] Level 1:colcon.colcon_core.package_discovery:discover_packages(colcon_meta) discover
[1.392s] Level 1:colcon.colcon_core.package_discovery:discover_packages(recursive) discover
[1.392s] INFO:colcon.colcon_core.package_discovery:Crawling recursively for packages in '/home/majd/Documents/Robotik/ros2_ws'
[1.393s] Level 1:colcon.colcon_core.package_identification:_identify(.) by extensions ['ignore', 'ignore_ament_install']
[1.393s] Level 1:colcon.colcon_core.package_identification:_identify(.) by extension 'ignore'
[1.393s] Level 1:colcon.colcon_core.package_identification:_identify(.) by extension 'ignore_ament_install'
[1.393s] Level 1:colcon.colcon_core.package_identification:_identify(.) by extensions ['colcon_pkg']
[1.393s] Level 1:colcon.colcon_core.package_identification:_identify(.) by extension 'colcon_pkg'
[1.394s] Level 1:colcon.colcon_core.package_identification:_identify(.) by extensions ['colcon_meta']
[1.394s] Level 1:colcon.colcon_core.package_identification:_identify(.) by extension 'colcon_meta'
[1.394s] Level 1:colcon.colcon_core.package_identification:_identify(.) by extensions ['ros']
[1.394s] Level 1:colcon.colcon_core.package_identification:_identify(.) by extension 'ros'
[1.457s] Level 1:colcon.colcon_core.package_identification:_identify(.) by extensions ['cmake', 'python']
[1.457s] Level 1:colcon.colcon_core.package_identification:_identify(.) by extension 'cmake'
[1.457s] Level 1:colcon.colcon_core.package_identification:_identify(.) by extension 'python'
[1.457s] Level 1:colcon.colcon_core.package_identification:_identify(.) by extensions ['python_setup_py']
[1.457s] Level 1:colcon.colcon_core.package_identification:_identify(.) by extension 'python_setup_py'
[1.458s] Level 1:colcon.colcon_core.package_identification:_identify(build) by extensions ['ignore', 'ignore_ament_install']
[1.458s] Level 1:colcon.colcon_core.package_identification:_identify(build) by extension 'ignore'
[1.458s] Level 1:colcon.colcon_core.package_identification:_identify(build) ignored
[1.458s] Level 1:colcon.colcon_core.package_identification:_identify(install) by extensions ['ignore', 'ignore_ament_install']
[1.458s] Level 1:colcon.colcon_core.package_identification:_identify(install) by extension 'ignore'
[1.458s] Level 1:colcon.colcon_core.package_identification:_identify(install) ignored
[1.459s] Level 1:colcon.colcon_core.package_identification:_identify(log) by extensions ['ignore', 'ignore_ament_install']
[1.459s] Level 1:colcon.colcon_core.package_identification:_identify(log) by extension 'ignore'
[1.459s] Level 1:colcon.colcon_core.package_identification:_identify(log) ignored
[1.459s] Level 1:colcon.colcon_core.package_identification:_identify(src) by extensions ['ignore', 'ignore_ament_install']
[1.459s] Level 1:colcon.colcon_core.package_identification:_identify(src) by extension 'ignore'
[1.460s] Level 1:colcon.colcon_core.package_identification:_identify(src) by extension 'ignore_ament_install'
[1.460s] Level 1:colcon.colcon_core.package_identification:_identify(src) by extensions ['colcon_pkg']
[1.460s] Level 1:colcon.colcon_core.package_identification:_identify(src) by extension 'colcon_pkg'
[1.460s] Level 1:colcon.colcon_core.package_identification:_identify(src) by extensions ['colcon_meta']
[1.460s] Level 1:colcon.colcon_core.package_identification:_identify(src) by extension 'colcon_meta'
[1.460s] Level 1:colcon.colcon_core.package_identification:_identify(src) by extensions ['ros']
[1.460s] Level 1:colcon.colcon_core.package_identification:_identify(src) by extension 'ros'
[1.460s] Level 1:colcon.colcon_core.package_identification:_identify(src) by extensions ['cmake', 'python']
[1.460s] Level 1:colcon.colcon_core.package_identification:_identify(src) by extension 'cmake'
[1.461s] Level 1:colcon.colcon_core.package_identification:_identify(src) by extension 'python'
[1.461s] Level 1:colcon.colcon_core.package_identification:_identify(src) by extensions ['python_setup_py']
[1.461s] Level 1:colcon.colcon_core.package_identification:_identify(src) by extension 'python_setup_py'
[1.461s] Level 1:colcon.colcon_core.package_identification:_identify(src/assignment2_publisher_subscriber) by extensions ['ignore', 'ignore_ament_install']
[1.461s] Level 1:colcon.colcon_core.package_identification:_identify(src/assignment2_publisher_subscriber) by extension 'ignore'
[1.461s] Level 1:colcon.colcon_core.package_identification:_identify(src/assignment2_publisher_subscriber) by extension 'ignore_ament_install'
[1.462s] Level 1:colcon.colcon_core.package_identification:_identify(src/assignment2_publisher_subscriber) by extensions ['colcon_pkg']
[1.462s] Level 1:colcon.colcon_core.package_identification:_identify(src/assignment2_publisher_subscriber) by extension 'colcon_pkg'
[1.462s] Level 1:colcon.colcon_core.package_identification:_identify(src/assignment2_publisher_subscriber) by extensions ['colcon_meta']
[1.462s] Level 1:colcon.colcon_core.package_identification:_identify(src/assignment2_publisher_subscriber) by extension 'colcon_meta'
[1.462s] Level 1:colcon.colcon_core.package_identification:_identify(src/assignment2_publisher_subscriber) by extensions ['ros']
[1.462s] Level 1:colcon.colcon_core.package_identification:_identify(src/assignment2_publisher_subscriber) by extension 'ros'
[1.470s] DEBUG:colcon.colcon_core.package_identification:Package 'src/assignment2_publisher_subscriber' with type 'ros.ament_python' and name 'assignment2_publisher_subscriber'
[1.470s] Level 1:colcon.colcon_core.package_identification:_identify(src/assignment2_publisher_subscriber2) by extensions ['ignore', 'ignore_ament_install']
[1.471s] Level 1:colcon.colcon_core.package_identification:_identify(src/assignment2_publisher_subscriber2) by extension 'ignore'
[1.471s] Level 1:colcon.colcon_core.package_identification:_identify(src/assignment2_publisher_subscriber2) by extension 'ignore_ament_install'
[1.471s] Level 1:colcon.colcon_core.package_identification:_identify(src/assignment2_publisher_subscriber2) by extensions ['colcon_pkg']
[1.471s] Level 1:colcon.colcon_core.package_identification:_identify(src/assignment2_publisher_subscriber2) by extension 'colcon_pkg'
[1.471s] Level 1:colcon.colcon_core.package_identification:_identify(src/assignment2_publisher_subscriber2) by extensions ['colcon_meta']
[1.471s] Level 1:colcon.colcon_core.package_identification:_identify(src/assignment2_publisher_subscriber2) by extension 'colcon_meta'
[1.472s] Level 1:colcon.colcon_core.package_identification:_identify(src/assignment2_publisher_subscriber2) by extensions ['ros']
[1.472s] Level 1:colcon.colcon_core.package_identification:_identify(src/assignment2_publisher_subscriber2) by extension 'ros'
[1.474s] DEBUG:colcon.colcon_core.package_identification:Package 'src/assignment2_publisher_subscriber2' with type 'ros.ament_cmake' and name 'assignment2_publisher_subscriber2'
[1.474s] Level 1:colcon.colcon_core.package_identification:_identify(src/simple_drive_control) by extensions ['ignore', 'ignore_ament_install']
[1.474s] Level 1:colcon.colcon_core.package_identification:_identify(src/simple_drive_control) by extension 'ignore'
[1.475s] Level 1:colcon.colcon_core.package_identification:_identify(src/simple_drive_control) by extension 'ignore_ament_install'
[1.475s] Level 1:colcon.colcon_core.package_identification:_identify(src/simple_drive_control) by extensions ['colcon_pkg']
[1.475s] Level 1:colcon.colcon_core.package_identification:_identify(src/simple_drive_control) by extension 'colcon_pkg'
[1.475s] Level 1:colcon.colcon_core.package_identification:_identify(src/simple_drive_control) by extensions ['colcon_meta']
[1.475s] Level 1:colcon.colcon_core.package_identification:_identify(src/simple_drive_control) by extension 'colcon_meta'
[1.475s] Level 1:colcon.colcon_core.package_identification:_identify(src/simple_drive_control) by extensions ['ros']
[1.475s] Level 1:colcon.colcon_core.package_identification:_identify(src/simple_drive_control) by extension 'ros'
[1.477s] DEBUG:colcon.colcon_core.package_identification:Package 'src/simple_drive_control' with type 'ros.ament_cmake' and name 'simple_drive_control'
[1.478s] Level 1:colcon.colcon_core.package_identification:_identify(src/simple_parking_maneuver) by extensions ['ignore', 'ignore_ament_install']
[1.478s] Level 1:colcon.colcon_core.package_identification:_identify(src/simple_parking_maneuver) by extension 'ignore'
[1.478s] Level 1:colcon.colcon_core.package_identification:_identify(src/simple_parking_maneuver) by extension 'ignore_ament_install'
[1.478s] Level 1:colcon.colcon_core.package_identification:_identify(src/simple_parking_maneuver) by extensions ['colcon_pkg']
[1.479s] Level 1:colcon.colcon_core.package_identification:_identify(src/simple_parking_maneuver) by extension 'colcon_pkg'
[1.479s] Level 1:colcon.colcon_core.package_identification:_identify(src/simple_parking_maneuver) by extensions ['colcon_meta']
[1.479s] Level 1:colcon.colcon_core.package_identification:_identify(src/simple_parking_maneuver) by extension 'colcon_meta'
[1.479s] Level 1:colcon.colcon_core.package_identification:_identify(src/simple_parking_maneuver) by extensions ['ros']
[1.479s] Level 1:colcon.colcon_core.package_identification:_identify(src/simple_parking_maneuver) by extension 'ros'
[1.480s] DEBUG:colcon.colcon_core.package_identification:Package 'src/simple_parking_maneuver' with type 'ros.ament_cmake' and name 'simple_parking_maneuver'
[1.481s] Level 1:colcon.colcon_core.package_discovery:discover_packages(recursive) using defaults
[1.481s] Level 1:colcon.colcon_core.package_discovery:discover_packages(ignore) discover
[1.481s] Level 1:colcon.colcon_core.package_discovery:discover_packages(ignore) using defaults
[1.481s] Level 1:colcon.colcon_core.package_discovery:discover_packages(path) discover
[1.481s] Level 1:colcon.colcon_core.package_discovery:discover_packages(path) using defaults
[1.589s] INFO:colcon.colcon_core.package_selection:Skipping not selected package 'assignment2_publisher_subscriber' in 'src/assignment2_publisher_subscriber'
[1.589s] INFO:colcon.colcon_core.package_selection:Skipping not selected package 'assignment2_publisher_subscriber2' in 'src/assignment2_publisher_subscriber2'
[1.590s] INFO:colcon.colcon_core.package_selection:Skipping not selected package 'simple_drive_control' in 'src/simple_drive_control'
[1.593s] Level 1:colcon.colcon_core.package_discovery:discover_packages(prefix_path) check parameters
[1.594s] Level 1:colcon.colcon_core.package_discovery:discover_packages(prefix_path) discover
[1.613s] DEBUG:colcon.colcon_installed_package_information.package_discovery:Found 6 installed packages in /home/majd/Documents/Robotik/ros2_ws/install
[1.620s] DEBUG:colcon.colcon_installed_package_information.package_discovery:Found 20 installed packages in /home/majd/autominy/catkin_ws/install
[1.627s] DEBUG:colcon.colcon_installed_package_information.package_discovery:Found 327 installed packages in /opt/ros/humble
[1.635s] Level 1:colcon.colcon_core.package_discovery:discover_packages(prefix_path) using defaults
[1.957s] Level 5:colcon.colcon_core.verb:set package 'simple_parking_maneuver' build argument 'cmake_args' from command line to 'None'
[1.957s] Level 5:colcon.colcon_core.verb:set package 'simple_parking_maneuver' build argument 'cmake_target' from command line to 'None'
[1.958s] Level 5:colcon.colcon_core.verb:set package 'simple_parking_maneuver' build argument 'cmake_target_skip_unavailable' from command line to 'False'
[1.958s] Level 5:colcon.colcon_core.verb:set package 'simple_parking_maneuver' build argument 'cmake_clean_cache' from command line to 'False'
[1.958s] Level 5:colcon.colcon_core.verb:set package 'simple_parking_maneuver' build argument 'cmake_clean_first' from command line to 'False'
[1.958s] Level 5:colcon.colcon_core.verb:set package 'simple_parking_maneuver' build argument 'cmake_force_configure' from command line to 'False'
[1.958s] Level 5:colcon.colcon_core.verb:set package 'simple_parking_maneuver' build argument 'ament_cmake_args' from command line to 'None'
[1.958s] Level 5:colcon.colcon_core.verb:set package 'simple_parking_maneuver' build argument 'catkin_cmake_args' from command line to 'None'
[1.958s] Level 5:colcon.colcon_core.verb:set package 'simple_parking_maneuver' build argument 'catkin_skip_building_tests' from command line to 'False'
[1.958s] DEBUG:colcon.colcon_core.verb:Building package 'simple_parking_maneuver' with the following arguments: {'ament_cmake_args': None, 'build_base': '/home/majd/Documents/Robotik/ros2_ws/build/simple_parking_maneuver', 'catkin_cmake_args': None, 'catkin_skip_building_tests': False, 'cmake_args': None, 'cmake_clean_cache': False, 'cmake_clean_first': False, 'cmake_force_configure': False, 'cmake_target': None, 'cmake_target_skip_unavailable': False, 'install_base': '/home/majd/Documents/Robotik/ros2_ws/install/simple_parking_maneuver', 'merge_install': False, 'path': '/home/majd/Documents/Robotik/ros2_ws/src/simple_parking_maneuver', 'symlink_install': False, 'test_result_base': None}
[1.963s] INFO:colcon.colcon_core.executor:Executing jobs using 'parallel' executor
[1.981s] DEBUG:colcon.colcon_parallel_executor.executor.parallel:run_until_complete
[1.982s] INFO:colcon.colcon_ros.task.ament_cmake.build:Building ROS package in '/home/majd/Documents/Robotik/ros2_ws/src/simple_parking_maneuver' with build type 'ament_cmake'
[1.983s] INFO:colcon.colcon_cmake.task.cmake.build:Building CMake package in '/home/majd/Documents/Robotik/ros2_ws/src/simple_parking_maneuver'
[2.008s] INFO:colcon.colcon_core.plugin_system:Skipping extension 'colcon_core.shell.bat': Not used on non-Windows systems
[2.009s] INFO:colcon.colcon_core.shell:Skip shell extension 'powershell' for command environment: Not usable outside of PowerShell
[2.009s] DEBUG:colcon.colcon_core.shell:Skip shell extension 'dsv' for command environment
[2.066s] DEBUG:colcon.colcon_core.event_handler.log_command:Invoking command in '/home/majd/Documents/Robotik/ros2_ws/build/simple_parking_maneuver': CMAKE_PREFIX_PATH=/home/majd/Documents/Robotik/ros2_ws/install/simple_drive_control:/home/majd/Documents/Robotik/ros2_ws/install/turtlesim:/home/majd/Documents/Robotik/ros2_ws/install/simple_parking_maneuver:/home/majd/Documents/Robotik/ros2_ws/install/assignment2_publisher_subscriber2:/home/majd/Documents/Robotik/ros2_ws/install/assignment2_publisher_subscriber:/home/majd/autominy/catkin_ws/install/world_description:/home/majd/autominy/catkin_ws/install/stereo_camera_pose_estimation:/home/majd/autominy/catkin_ws/install/sim_car_controller:/home/majd/autominy/catkin_ws/install/arduino_communication:/home/majd/autominy/catkin_ws/install/serial:/home/majd/autominy/catkin_ws/install/road_marking_localization:/home/majd/autominy/catkin_ws/install/remote_control:/home/majd/autominy/catkin_ws/install/car_description:/home/majd/autominy/catkin_ws/install/odometry:/home/majd/autominy/catkin_ws/install/map_publisher:/home/majd/autominy/catkin_ws/install/low_voltage_shutdown:/home/majd/autominy/catkin_ws/install/lidar_pose_estimation:/home/majd/autominy/catkin_ws/install/hardware_calibration:/home/majd/autominy/catkin_ws/install/emergency_stop:/home/majd/autominy/catkin_ws/install/bno055_usb_stick:/home/majd/autominy/catkin_ws/install/bno055_usb_stick_msgs:/home/majd/autominy/catkin_ws/install/autominy_sim:/home/majd/autominy/catkin_ws/install/autominy_msgs:/home/majd/autominy/catkin_ws/install/autominy:/home/majd/Documents/Robotik/ros2_ws/install/py_pubsub:/home/majd/autominy/catkin_ws/install/assignment2_publisher_subscriber:/opt/ros/humble LD_LIBRARY_PATH=/home/majd/Documents/Robotik/ros2_ws/install/simple_drive_control/lib:/home/majd/Documents/Robotik/ros2_ws/install/turtlesim/lib:/home/majd/Documents/Robotik/ros2_ws/install/simple_parking_maneuver/lib:/home/majd/autominy/catkin_ws/install/stereo_camera_pose_estimation/lib:/home/majd/autominy/catkin_ws/install/sim_car_controller/lib:/home/majd/autominy/catkin_ws/install/serial/lib:/home/majd/autominy/catkin_ws/install/road_marking_localization/lib:/home/majd/autominy/catkin_ws/install/remote_control/lib:/home/majd/autominy/catkin_ws/install/odometry/lib:/home/majd/autominy/catkin_ws/install/low_voltage_shutdown/lib:/home/majd/autominy/catkin_ws/install/lidar_pose_estimation/lib:/home/majd/autominy/catkin_ws/install/hardware_calibration/lib:/home/majd/autominy/catkin_ws/install/emergency_stop/lib:/home/majd/autominy/catkin_ws/install/bno055_usb_stick_msgs/lib:/home/majd/autominy/catkin_ws/install/autominy_msgs/lib:/usr/lib/x86_64-linux-gnu/gazebo-11/plugins:/opt/ros/humble/opt/rviz_ogre_vendor/lib:/opt/ros/humble/lib/x86_64-linux-gnu:/opt/ros/humble/lib /usr/bin/cmake --build /home/majd/Documents/Robotik/ros2_ws/build/simple_parking_maneuver -- -j8 -l8
[4.706s] DEBUG:colcon.colcon_core.event_handler.log_command:Invoked command in '/home/majd/Documents/Robotik/ros2_ws/build/simple_parking_maneuver' returned '0': CMAKE_PREFIX_PATH=/home/majd/Documents/Robotik/ros2_ws/install/simple_drive_control:/home/majd/Documents/Robotik/ros2_ws/install/turtlesim:/home/majd/Documents/Robotik/ros2_ws/install/simple_parking_maneuver:/home/majd/Documents/Robotik/ros2_ws/install/assignment2_publisher_subscriber2:/home/majd/Documents/Robotik/ros2_ws/install/assignment2_publisher_subscriber:/home/majd/autominy/catkin_ws/install/world_description:/home/majd/autominy/catkin_ws/install/stereo_camera_pose_estimation:/home/majd/autominy/catkin_ws/install/sim_car_controller:/home/majd/autominy/catkin_ws/install/arduino_communication:/home/majd/autominy/catkin_ws/install/serial:/home/majd/autominy/catkin_ws/install/road_marking_localization:/home/majd/autominy/catkin_ws/install/remote_control:/home/majd/autominy/catkin_ws/install/car_description:/home/majd/autominy/catkin_ws/install/odometry:/home/majd/autominy/catkin_ws/install/map_publisher:/home/majd/autominy/catkin_ws/install/low_voltage_shutdown:/home/majd/autominy/catkin_ws/install/lidar_pose_estimation:/home/majd/autominy/catkin_ws/install/hardware_calibration:/home/majd/autominy/catkin_ws/install/emergency_stop:/home/majd/autominy/catkin_ws/install/bno055_usb_stick:/home/majd/autominy/catkin_ws/install/bno055_usb_stick_msgs:/home/majd/autominy/catkin_ws/install/autominy_sim:/home/majd/autominy/catkin_ws/install/autominy_msgs:/home/majd/autominy/catkin_ws/install/autominy:/home/majd/Documents/Robotik/ros2_ws/install/py_pubsub:/home/majd/autominy/catkin_ws/install/assignment2_publisher_subscriber:/opt/ros/humble LD_LIBRARY_PATH=/home/majd/Documents/Robotik/ros2_ws/install/simple_drive_control/lib:/home/majd/Documents/Robotik/ros2_ws/install/turtlesim/lib:/home/majd/Documents/Robotik/ros2_ws/install/simple_parking_maneuver/lib:/home/majd/autominy/catkin_ws/install/stereo_camera_pose_estimation/lib:/home/majd/autominy/catkin_ws/install/sim_car_controller/lib:/home/majd/autominy/catkin_ws/install/serial/lib:/home/majd/autominy/catkin_ws/install/road_marking_localization/lib:/home/majd/autominy/catkin_ws/install/remote_control/lib:/home/majd/autominy/catkin_ws/install/odometry/lib:/home/majd/autominy/catkin_ws/install/low_voltage_shutdown/lib:/home/majd/autominy/catkin_ws/install/lidar_pose_estimation/lib:/home/majd/autominy/catkin_ws/install/hardware_calibration/lib:/home/majd/autominy/catkin_ws/install/emergency_stop/lib:/home/majd/autominy/catkin_ws/install/bno055_usb_stick_msgs/lib:/home/majd/autominy/catkin_ws/install/autominy_msgs/lib:/usr/lib/x86_64-linux-gnu/gazebo-11/plugins:/opt/ros/humble/opt/rviz_ogre_vendor/lib:/opt/ros/humble/lib/x86_64-linux-gnu:/opt/ros/humble/lib /usr/bin/cmake --build /home/majd/Documents/Robotik/ros2_ws/build/simple_parking_maneuver -- -j8 -l8
[5.035s] DEBUG:colcon.colcon_core.event_handler.log_command:Invoking command in '/home/majd/Documents/Robotik/ros2_ws/build/simple_parking_maneuver': CMAKE_PREFIX_PATH=/home/majd/Documents/Robotik/ros2_ws/install/simple_drive_control:/home/majd/Documents/Robotik/ros2_ws/install/turtlesim:/home/majd/Documents/Robotik/ros2_ws/install/simple_parking_maneuver:/home/majd/Documents/Robotik/ros2_ws/install/assignment2_publisher_subscriber2:/home/majd/Documents/Robotik/ros2_ws/install/assignment2_publisher_subscriber:/home/majd/autominy/catkin_ws/install/world_description:/home/majd/autominy/catkin_ws/install/stereo_camera_pose_estimation:/home/majd/autominy/catkin_ws/install/sim_car_controller:/home/majd/autominy/catkin_ws/install/arduino_communication:/home/majd/autominy/catkin_ws/install/serial:/home/majd/autominy/catkin_ws/install/road_marking_localization:/home/majd/autominy/catkin_ws/install/remote_control:/home/majd/autominy/catkin_ws/install/car_description:/home/majd/autominy/catkin_ws/install/odometry:/home/majd/autominy/catkin_ws/install/map_publisher:/home/majd/autominy/catkin_ws/install/low_voltage_shutdown:/home/majd/autominy/catkin_ws/install/lidar_pose_estimation:/home/majd/autominy/catkin_ws/install/hardware_calibration:/home/majd/autominy/catkin_ws/install/emergency_stop:/home/majd/autominy/catkin_ws/install/bno055_usb_stick:/home/majd/autominy/catkin_ws/install/bno055_usb_stick_msgs:/home/majd/autominy/catkin_ws/install/autominy_sim:/home/majd/autominy/catkin_ws/install/autominy_msgs:/home/majd/autominy/catkin_ws/install/autominy:/home/majd/Documents/Robotik/ros2_ws/install/py_pubsub:/home/majd/autominy/catkin_ws/install/assignment2_publisher_subscriber:/opt/ros/humble LD_LIBRARY_PATH=/home/majd/Documents/Robotik/ros2_ws/install/simple_drive_control/lib:/home/majd/Documents/Robotik/ros2_ws/install/turtlesim/lib:/home/majd/Documents/Robotik/ros2_ws/install/simple_parking_maneuver/lib:/home/majd/autominy/catkin_ws/install/stereo_camera_pose_estimation/lib:/home/majd/autominy/catkin_ws/install/sim_car_controller/lib:/home/majd/autominy/catkin_ws/install/serial/lib:/home/majd/autominy/catkin_ws/install/road_marking_localization/lib:/home/majd/autominy/catkin_ws/install/remote_control/lib:/home/majd/autominy/catkin_ws/install/odometry/lib:/home/majd/autominy/catkin_ws/install/low_voltage_shutdown/lib:/home/majd/autominy/catkin_ws/install/lidar_pose_estimation/lib:/home/majd/autominy/catkin_ws/install/hardware_calibration/lib:/home/majd/autominy/catkin_ws/install/emergency_stop/lib:/home/majd/autominy/catkin_ws/install/bno055_usb_stick_msgs/lib:/home/majd/autominy/catkin_ws/install/autominy_msgs/lib:/usr/lib/x86_64-linux-gnu/gazebo-11/plugins:/opt/ros/humble/opt/rviz_ogre_vendor/lib:/opt/ros/humble/lib/x86_64-linux-gnu:/opt/ros/humble/lib /usr/bin/cmake --install /home/majd/Documents/Robotik/ros2_ws/build/simple_parking_maneuver
[5.337s] Level 1:colcon.colcon_core.environment:create_environment_scripts_only(simple_parking_maneuver)
[5.340s] DEBUG:colcon.colcon_core.event_handler.log_command:Invoked command in '/home/majd/Documents/Robotik/ros2_ws/build/simple_parking_maneuver' returned '0': CMAKE_PREFIX_PATH=/home/majd/Documents/Robotik/ros2_ws/install/simple_drive_control:/home/majd/Documents/Robotik/ros2_ws/install/turtlesim:/home/majd/Documents/Robotik/ros2_ws/install/simple_parking_maneuver:/home/majd/Documents/Robotik/ros2_ws/install/assignment2_publisher_subscriber2:/home/majd/Documents/Robotik/ros2_ws/install/assignment2_publisher_subscriber:/home/majd/autominy/catkin_ws/install/world_description:/home/majd/autominy/catkin_ws/install/stereo_camera_pose_estimation:/home/majd/autominy/catkin_ws/install/sim_car_controller:/home/majd/autominy/catkin_ws/install/arduino_communication:/home/majd/autominy/catkin_ws/install/serial:/home/majd/autominy/catkin_ws/install/road_marking_localization:/home/majd/autominy/catkin_ws/install/remote_control:/home/majd/autominy/catkin_ws/install/car_description:/home/majd/autominy/catkin_ws/install/odometry:/home/majd/autominy/catkin_ws/install/map_publisher:/home/majd/autominy/catkin_ws/install/low_voltage_shutdown:/home/majd/autominy/catkin_ws/install/lidar_pose_estimation:/home/majd/autominy/catkin_ws/install/hardware_calibration:/home/majd/autominy/catkin_ws/install/emergency_stop:/home/majd/autominy/catkin_ws/install/bno055_usb_stick:/home/majd/autominy/catkin_ws/install/bno055_usb_stick_msgs:/home/majd/autominy/catkin_ws/install/autominy_sim:/home/majd/autominy/catkin_ws/install/autominy_msgs:/home/majd/autominy/catkin_ws/install/autominy:/home/majd/Documents/Robotik/ros2_ws/install/py_pubsub:/home/majd/autominy/catkin_ws/install/assignment2_publisher_subscriber:/opt/ros/humble LD_LIBRARY_PATH=/home/majd/Documents/Robotik/ros2_ws/install/simple_drive_control/lib:/home/majd/Documents/Robotik/ros2_ws/install/turtlesim/lib:/home/majd/Documents/Robotik/ros2_ws/install/simple_parking_maneuver/lib:/home/majd/autominy/catkin_ws/install/stereo_camera_pose_estimation/lib:/home/majd/autominy/catkin_ws/install/sim_car_controller/lib:/home/majd/autominy/catkin_ws/install/serial/lib:/home/majd/autominy/catkin_ws/install/road_marking_localization/lib:/home/majd/autominy/catkin_ws/install/remote_control/lib:/home/majd/autominy/catkin_ws/install/odometry/lib:/home/majd/autominy/catkin_ws/install/low_voltage_shutdown/lib:/home/majd/autominy/catkin_ws/install/lidar_pose_estimation/lib:/home/majd/autominy/catkin_ws/install/hardware_calibration/lib:/home/majd/autominy/catkin_ws/install/emergency_stop/lib:/home/majd/autominy/catkin_ws/install/bno055_usb_stick_msgs/lib:/home/majd/autominy/catkin_ws/install/autominy_msgs/lib:/usr/lib/x86_64-linux-gnu/gazebo-11/plugins:/opt/ros/humble/opt/rviz_ogre_vendor/lib:/opt/ros/humble/lib/x86_64-linux-gnu:/opt/ros/humble/lib /usr/bin/cmake --install /home/majd/Documents/Robotik/ros2_ws/build/simple_parking_maneuver
[5.358s] Level 1:colcon.colcon_core.environment:checking '/home/majd/Documents/Robotik/ros2_ws/install/simple_parking_maneuver' for CMake module files
[5.363s] Level 1:colcon.colcon_core.environment:checking '/home/majd/Documents/Robotik/ros2_ws/install/simple_parking_maneuver' for CMake config files
[5.365s] Level 1:colcon.colcon_core.shell:create_environment_hook('simple_parking_maneuver', 'cmake_prefix_path')
[5.371s] INFO:colcon.colcon_core.shell:Creating environment hook '/home/majd/Documents/Robotik/ros2_ws/install/simple_parking_maneuver/share/simple_parking_maneuver/hook/cmake_prefix_path.ps1'
[5.375s] INFO:colcon.colcon_core.shell:Creating environment descriptor '/home/majd/Documents/Robotik/ros2_ws/install/simple_parking_maneuver/share/simple_parking_maneuver/hook/cmake_prefix_path.dsv'
[5.377s] INFO:colcon.colcon_core.shell:Creating environment hook '/home/majd/Documents/Robotik/ros2_ws/install/simple_parking_maneuver/share/simple_parking_maneuver/hook/cmake_prefix_path.sh'
[5.382s] Level 1:colcon.colcon_core.environment:checking '/home/majd/Documents/Robotik/ros2_ws/install/simple_parking_maneuver/lib'
[5.384s] Level 1:colcon.colcon_core.shell:create_environment_hook('simple_parking_maneuver', 'ld_library_path_lib')
[5.390s] INFO:colcon.colcon_core.shell:Creating environment hook '/home/majd/Documents/Robotik/ros2_ws/install/simple_parking_maneuver/share/simple_parking_maneuver/hook/ld_library_path_lib.ps1'
[5.391s] INFO:colcon.colcon_core.shell:Creating environment descriptor '/home/majd/Documents/Robotik/ros2_ws/install/simple_parking_maneuver/share/simple_parking_maneuver/hook/ld_library_path_lib.dsv'
[5.392s] INFO:colcon.colcon_core.shell:Creating environment hook '/home/majd/Documents/Robotik/ros2_ws/install/simple_parking_maneuver/share/simple_parking_maneuver/hook/ld_library_path_lib.sh'
[5.396s] Level 1:colcon.colcon_core.environment:checking '/home/majd/Documents/Robotik/ros2_ws/install/simple_parking_maneuver/bin'
[5.397s] Level 1:colcon.colcon_core.environment:checking '/home/majd/Documents/Robotik/ros2_ws/install/simple_parking_maneuver/lib/pkgconfig/simple_parking_maneuver.pc'
[5.397s] Level 1:colcon.colcon_core.environment:checking '/home/majd/Documents/Robotik/ros2_ws/install/simple_parking_maneuver/lib/python3.10/site-packages'
[5.398s] Level 1:colcon.colcon_core.environment:checking '/home/majd/Documents/Robotik/ros2_ws/install/simple_parking_maneuver/bin'
[5.403s] INFO:colcon.colcon_core.shell:Creating package script '/home/majd/Documents/Robotik/ros2_ws/install/simple_parking_maneuver/share/simple_parking_maneuver/package.ps1'
[5.408s] INFO:colcon.colcon_core.shell:Creating package descriptor '/home/majd/Documents/Robotik/ros2_ws/install/simple_parking_maneuver/share/simple_parking_maneuver/package.dsv'
[5.410s] INFO:colcon.colcon_core.shell:Creating package script '/home/majd/Documents/Robotik/ros2_ws/install/simple_parking_maneuver/share/simple_parking_maneuver/package.sh'
[5.413s] INFO:colcon.colcon_core.shell:Creating package script '/home/majd/Documents/Robotik/ros2_ws/install/simple_parking_maneuver/share/simple_parking_maneuver/package.bash'
[5.415s] INFO:colcon.colcon_core.shell:Creating package script '/home/majd/Documents/Robotik/ros2_ws/install/simple_parking_maneuver/share/simple_parking_maneuver/package.zsh'
[5.417s] Level 1:colcon.colcon_core.environment:create_file_with_runtime_dependencies(/home/majd/Documents/Robotik/ros2_ws/install/simple_parking_maneuver/share/colcon-core/packages/simple_parking_maneuver)
[5.703s] Level 1:colcon.colcon_core.environment:create_environment_scripts_only(simple_parking_maneuver)
[5.717s] Level 1:colcon.colcon_core.environment:checking '/home/majd/Documents/Robotik/ros2_ws/install/simple_parking_maneuver' for CMake module files
[5.720s] Level 1:colcon.colcon_core.environment:checking '/home/majd/Documents/Robotik/ros2_ws/install/simple_parking_maneuver' for CMake config files
[5.721s] Level 1:colcon.colcon_core.shell:create_environment_hook('simple_parking_maneuver', 'cmake_prefix_path')
[5.728s] INFO:colcon.colcon_core.shell:Creating environment hook '/home/majd/Documents/Robotik/ros2_ws/install/simple_parking_maneuver/share/simple_parking_maneuver/hook/cmake_prefix_path.ps1'
[5.729s] INFO:colcon.colcon_core.shell:Creating environment descriptor '/home/majd/Documents/Robotik/ros2_ws/install/simple_parking_maneuver/share/simple_parking_maneuver/hook/cmake_prefix_path.dsv'
[5.731s] INFO:colcon.colcon_core.shell:Creating environment hook '/home/majd/Documents/Robotik/ros2_ws/install/simple_parking_maneuver/share/simple_parking_maneuver/hook/cmake_prefix_path.sh'
[5.734s] Level 1:colcon.colcon_core.environment:checking '/home/majd/Documents/Robotik/ros2_ws/install/simple_parking_maneuver/lib'
[5.735s] Level 1:colcon.colcon_core.shell:create_environment_hook('simple_parking_maneuver', 'ld_library_path_lib')
[5.743s] INFO:colcon.colcon_core.shell:Creating environment hook '/home/majd/Documents/Robotik/ros2_ws/install/simple_parking_maneuver/share/simple_parking_maneuver/hook/ld_library_path_lib.ps1'
[5.746s] INFO:colcon.colcon_core.shell:Creating environment descriptor '/home/majd/Documents/Robotik/ros2_ws/install/simple_parking_maneuver/share/simple_parking_maneuver/hook/ld_library_path_lib.dsv'
[5.748s] INFO:colcon.colcon_core.shell:Creating environment hook '/home/majd/Documents/Robotik/ros2_ws/install/simple_parking_maneuver/share/simple_parking_maneuver/hook/ld_library_path_lib.sh'
[5.749s] Level 1:colcon.colcon_core.environment:checking '/home/majd/Documents/Robotik/ros2_ws/install/simple_parking_maneuver/bin'
[5.750s] Level 1:colcon.colcon_core.environment:checking '/home/majd/Documents/Robotik/ros2_ws/install/simple_parking_maneuver/lib/pkgconfig/simple_parking_maneuver.pc'
[5.750s] Level 1:colcon.colcon_core.environment:checking '/home/majd/Documents/Robotik/ros2_ws/install/simple_parking_maneuver/lib/python3.10/site-packages'
[5.751s] Level 1:colcon.colcon_core.environment:checking '/home/majd/Documents/Robotik/ros2_ws/install/simple_parking_maneuver/bin'
[5.758s] INFO:colcon.colcon_core.shell:Creating package script '/home/majd/Documents/Robotik/ros2_ws/install/simple_parking_maneuver/share/simple_parking_maneuver/package.ps1'
[5.761s] INFO:colcon.colcon_core.shell:Creating package descriptor '/home/majd/Documents/Robotik/ros2_ws/install/simple_parking_maneuver/share/simple_parking_maneuver/package.dsv'
[5.763s] INFO:colcon.colcon_core.shell:Creating package script '/home/majd/Documents/Robotik/ros2_ws/install/simple_parking_maneuver/share/simple_parking_maneuver/package.sh'
[5.764s] INFO:colcon.colcon_core.shell:Creating package script '/home/majd/Documents/Robotik/ros2_ws/install/simple_parking_maneuver/share/simple_parking_maneuver/package.bash'
[5.765s] INFO:colcon.colcon_core.shell:Creating package script '/home/majd/Documents/Robotik/ros2_ws/install/simple_parking_maneuver/share/simple_parking_maneuver/package.zsh'
[5.766s] Level 1:colcon.colcon_core.environment:create_file_with_runtime_dependencies(/home/majd/Documents/Robotik/ros2_ws/install/simple_parking_maneuver/share/colcon-core/packages/simple_parking_maneuver)
[5.767s] DEBUG:colcon.colcon_parallel_executor.executor.parallel:closing loop
[5.770s] DEBUG:colcon.colcon_parallel_executor.executor.parallel:loop closed
[5.771s] DEBUG:colcon.colcon_parallel_executor.executor.parallel:run_until_complete finished with '0'
[5.771s] DEBUG:colcon.colcon_core.event_reactor:joining thread
[5.807s] INFO:colcon.colcon_core.plugin_system:Skipping extension 'colcon_notification.desktop_notification.terminal_notifier': Not used on non-Darwin systems
[5.807s] INFO:colcon.colcon_core.plugin_system:Skipping extension 'colcon_notification.desktop_notification.win32': Not used on non-Windows systems
[5.807s] INFO:colcon.colcon_notification.desktop_notification:Sending desktop notification using 'notify2'
[5.864s] DEBUG:colcon.colcon_core.event_reactor:joined thread
[5.870s] INFO:colcon.colcon_core.shell:Creating prefix script '/home/majd/Documents/Robotik/ros2_ws/install/local_setup.ps1'
[5.872s] INFO:colcon.colcon_core.shell:Creating prefix util module '/home/majd/Documents/Robotik/ros2_ws/install/_local_setup_util_ps1.py'
[5.878s] INFO:colcon.colcon_core.shell:Creating prefix chain script '/home/majd/Documents/Robotik/ros2_ws/install/setup.ps1'
[5.887s] INFO:colcon.colcon_core.shell:Creating prefix script '/home/majd/Documents/Robotik/ros2_ws/install/local_setup.sh'
[5.889s] INFO:colcon.colcon_core.shell:Creating prefix util module '/home/majd/Documents/Robotik/ros2_ws/install/_local_setup_util_sh.py'
[5.891s] INFO:colcon.colcon_core.shell:Creating prefix chain script '/home/majd/Documents/Robotik/ros2_ws/install/setup.sh'
[5.901s] INFO:colcon.colcon_core.shell:Creating prefix script '/home/majd/Documents/Robotik/ros2_ws/install/local_setup.bash'
[5.903s] INFO:colcon.colcon_core.shell:Creating prefix chain script '/home/majd/Documents/Robotik/ros2_ws/install/setup.bash'
[5.914s] INFO:colcon.colcon_core.shell:Creating prefix script '/home/majd/Documents/Robotik/ros2_ws/install/local_setup.zsh'
[5.916s] INFO:colcon.colcon_core.shell:Creating prefix chain script '/home/majd/Documents/Robotik/ros2_ws/install/setup.zsh'
