[1.652s] DEBUG:colcon:Command line arguments: ['/usr/bin/colcon', 'build', '--packages-select', 'simple_parking_maneuver']
[1.652s] DEBUG:colcon:Parsed command line arguments: Namespace(log_base=None, log_level=None, verb_name='build', build_base='build', install_base='install', merge_install=False, symlink_install=False, test_result_base=None, continue_on_error=False, executor='parallel', parallel_workers=8, event_handlers=None, ignore_user_meta=False, metas=['./colcon.meta'], base_paths=['.'], packages_ignore=None, packages_ignore_regex=None, paths=None, packages_up_to=None, packages_up_to_regex=None, packages_above=None, packages_above_and_dependencies=None, packages_above_depth=None, packages_select_by_dep=None, packages_skip_by_dep=None, packages_skip_up_to=None, packages_select_build_failed=False, packages_skip_build_finished=False, packages_select_test_failures=False, packages_skip_test_passed=False, packages_select=['simple_parking_maneuver'], packages_skip=None, packages_select_regex=None, packages_skip_regex=None, packages_start=None, packages_end=None, allow_overriding=[], cmake_args=None, cmake_target=None, cmake_target_skip_unavailable=False, cmake_clean_cache=False, cmake_clean_first=False, cmake_force_configure=False, ament_cmake_args=None, catkin_cmake_args=None, catkin_skip_building_tests=False, verb_parser=<colcon_defaults.argument_parser.defaults.DefaultArgumentsDecorator object at 0x7f30ce523400>, verb_extension=<colcon_core.verb.build.BuildVerb object at 0x7f30ceed9ea0>, main=<bound method BuildVerb.main of <colcon_core.verb.build.BuildVerb object at 0x7f30ceed9ea0>>)
[1.786s] Level 1:colcon.colcon_core.package_discovery:discover_packages(colcon_meta) check parameters
[1.787s] Level 1:colcon.colcon_core.package_discovery:discover_packages(recursive) check parameters
[1.787s] Level 1:colcon.colcon_core.package_discovery:discover_packages(ignore) check parameters
[1.787s] Level 1:colcon.colcon_core.package_discovery:discover_packages(path) check parameters
[1.787s] Level 1:colcon.colcon_core.package_discovery:discover_packages(colcon_meta) discover
[1.788s] Level 1:colcon.colcon_core.package_discovery:discover_packages(recursive) discover
[1.788s] INFO:colcon.colcon_core.package_discovery:Crawling recursively for packages in '/home/majd/Documents/Robotik/ros2_ws'
[1.788s] Level 1:colcon.colcon_core.package_identification:_identify(.) by extensions ['ignore', 'ignore_ament_install']
[1.789s] Level 1:colcon.colcon_core.package_identification:_identify(.) by extension 'ignore'
[1.789s] Level 1:colcon.colcon_core.package_identification:_identify(.) by extension 'ignore_ament_install'
[1.790s] Level 1:colcon.colcon_core.package_identification:_identify(.) by extensions ['colcon_pkg']
[1.790s] Level 1:colcon.colcon_core.package_identification:_identify(.) by extension 'colcon_pkg'
[1.790s] Level 1:colcon.colcon_core.package_identification:_identify(.) by extensions ['colcon_meta']
[1.791s] Level 1:colcon.colcon_core.package_identification:_identify(.) by extension 'colcon_meta'
[1.791s] Level 1:colcon.colcon_core.package_identification:_identify(.) by extensions ['ros']
[1.791s] Level 1:colcon.colcon_core.package_identification:_identify(.) by extension 'ros'
[1.874s] Level 1:colcon.colcon_core.package_identification:_identify(.) by extensions ['cmake', 'python']
[1.874s] Level 1:colcon.colcon_core.package_identification:_identify(.) by extension 'cmake'
[1.874s] Level 1:colcon.colcon_core.package_identification:_identify(.) by extension 'python'
[1.875s] Level 1:colcon.colcon_core.package_identification:_identify(.) by extensions ['python_setup_py']
[1.875s] Level 1:colcon.colcon_core.package_identification:_identify(.) by extension 'python_setup_py'
[1.875s] Level 1:colcon.colcon_core.package_identification:_identify(build) by extensions ['ignore', 'ignore_ament_install']
[1.876s] Level 1:colcon.colcon_core.package_identification:_identify(build) by extension 'ignore'
[1.876s] Level 1:colcon.colcon_core.package_identification:_identify(build) ignored
[1.877s] Level 1:colcon.colcon_core.package_identification:_identify(install) by extensions ['ignore', 'ignore_ament_install']
[1.877s] Level 1:colcon.colcon_core.package_identification:_identify(install) by extension 'ignore'
[1.878s] Level 1:colcon.colcon_core.package_identification:_identify(install) ignored
[1.879s] Level 1:colcon.colcon_core.package_identification:_identify(log) by extensions ['ignore', 'ignore_ament_install']
[1.879s] Level 1:colcon.colcon_core.package_identification:_identify(log) by extension 'ignore'
[1.879s] Level 1:colcon.colcon_core.package_identification:_identify(log) ignored
[1.880s] Level 1:colcon.colcon_core.package_identification:_identify(src) by extensions ['ignore', 'ignore_ament_install']
[1.880s] Level 1:colcon.colcon_core.package_identification:_identify(src) by extension 'ignore'
[1.880s] Level 1:colcon.colcon_core.package_identification:_identify(src) by extension 'ignore_ament_install'
[1.881s] Level 1:colcon.colcon_core.package_identification:_identify(src) by extensions ['colcon_pkg']
[1.881s] Level 1:colcon.colcon_core.package_identification:_identify(src) by extension 'colcon_pkg'
[1.883s] Level 1:colcon.colcon_core.package_identification:_identify(src) by extensions ['colcon_meta']
[1.884s] Level 1:colcon.colcon_core.package_identification:_identify(src) by extension 'colcon_meta'
[1.884s] Level 1:colcon.colcon_core.package_identification:_identify(src) by extensions ['ros']
[1.884s] Level 1:colcon.colcon_core.package_identification:_identify(src) by extension 'ros'
[1.885s] Level 1:colcon.colcon_core.package_identification:_identify(src) by extensions ['cmake', 'python']
[1.885s] Level 1:colcon.colcon_core.package_identification:_identify(src) by extension 'cmake'
[1.885s] Level 1:colcon.colcon_core.package_identification:_identify(src) by extension 'python'
[1.886s] Level 1:colcon.colcon_core.package_identification:_identify(src) by extensions ['python_setup_py']
[1.886s] Level 1:colcon.colcon_core.package_identification:_identify(src) by extension 'python_setup_py'
[1.886s] Level 1:colcon.colcon_core.package_identification:_identify(src/assignment2_publisher_subscriber) by extensions ['ignore', 'ignore_ament_install']
[1.887s] Level 1:colcon.colcon_core.package_identification:_identify(src/assignment2_publisher_subscriber) by extension 'ignore'
[1.889s] Level 1:colcon.colcon_core.package_identification:_identify(src/assignment2_publisher_subscriber) by extension 'ignore_ament_install'
[1.890s] Level 1:colcon.colcon_core.package_identification:_identify(src/assignment2_publisher_subscriber) by extensions ['colcon_pkg']
[1.890s] Level 1:colcon.colcon_core.package_identification:_identify(src/assignment2_publisher_subscriber) by extension 'colcon_pkg'
[1.890s] Level 1:colcon.colcon_core.package_identification:_identify(src/assignment2_publisher_subscriber) by extensions ['colcon_meta']
[1.890s] Level 1:colcon.colcon_core.package_identification:_identify(src/assignment2_publisher_subscriber) by extension 'colcon_meta'
[1.890s] Level 1:colcon.colcon_core.package_identification:_identify(src/assignment2_publisher_subscriber) by extensions ['ros']
[1.891s] Level 1:colcon.colcon_core.package_identification:_identify(src/assignment2_publisher_subscriber) by extension 'ros'
[1.903s] DEBUG:colcon.colcon_core.package_identification:Package 'src/assignment2_publisher_subscriber' with type 'ros.ament_python' and name 'assignment2_publisher_subscriber'
[1.904s] Level 1:colcon.colcon_core.package_identification:_identify(src/assignment2_publisher_subscriber2) by extensions ['ignore', 'ignore_ament_install']
[1.904s] Level 1:colcon.colcon_core.package_identification:_identify(src/assignment2_publisher_subscriber2) by extension 'ignore'
[1.905s] Level 1:colcon.colcon_core.package_identification:_identify(src/assignment2_publisher_subscriber2) by extension 'ignore_ament_install'
[1.905s] Level 1:colcon.colcon_core.package_identification:_identify(src/assignment2_publisher_subscriber2) by extensions ['colcon_pkg']
[1.905s] Level 1:colcon.colcon_core.package_identification:_identify(src/assignment2_publisher_subscriber2) by extension 'colcon_pkg'
[1.906s] Level 1:colcon.colcon_core.package_identification:_identify(src/assignment2_publisher_subscriber2) by extensions ['colcon_meta']
[1.907s] Level 1:colcon.colcon_core.package_identification:_identify(src/assignment2_publisher_subscriber2) by extension 'colcon_meta'
[1.909s] Level 1:colcon.colcon_core.package_identification:_identify(src/assignment2_publisher_subscriber2) by extensions ['ros']
[1.909s] Level 1:colcon.colcon_core.package_identification:_identify(src/assignment2_publisher_subscriber2) by extension 'ros'
[1.912s] DEBUG:colcon.colcon_core.package_identification:Package 'src/assignment2_publisher_subscriber2' with type 'ros.ament_cmake' and name 'assignment2_publisher_subscriber2'
[1.913s] Level 1:colcon.colcon_core.package_identification:_identify(src/simple_drive_control) by extensions ['ignore', 'ignore_ament_install']
[1.913s] Level 1:colcon.colcon_core.package_identification:_identify(src/simple_drive_control) by extension 'ignore'
[1.914s] Level 1:colcon.colcon_core.package_identification:_identify(src/simple_drive_control) by extension 'ignore_ament_install'
[1.914s] Level 1:colcon.colcon_core.package_identification:_identify(src/simple_drive_control) by extensions ['colcon_pkg']
[1.914s] Level 1:colcon.colcon_core.package_identification:_identify(src/simple_drive_control) by extension 'colcon_pkg'
[1.914s] Level 1:colcon.colcon_core.package_identification:_identify(src/simple_drive_control) by extensions ['colcon_meta']
[1.915s] Level 1:colcon.colcon_core.package_identification:_identify(src/simple_drive_control) by extension 'colcon_meta'
[1.915s] Level 1:colcon.colcon_core.package_identification:_identify(src/simple_drive_control) by extensions ['ros']
[1.915s] Level 1:colcon.colcon_core.package_identification:_identify(src/simple_drive_control) by extension 'ros'
[1.917s] DEBUG:colcon.colcon_core.package_identification:Package 'src/simple_drive_control' with type 'ros.ament_cmake' and name 'simple_drive_control'
[1.918s] Level 1:colcon.colcon_core.package_identification:_identify(src/simple_parking_maneuver) by extensions ['ignore', 'ignore_ament_install']
[1.918s] Level 1:colcon.colcon_core.package_identification:_identify(src/simple_parking_maneuver) by extension 'ignore'
[1.918s] Level 1:colcon.colcon_core.package_identification:_identify(src/simple_parking_maneuver) by extension 'ignore_ament_install'
[1.919s] Level 1:colcon.colcon_core.package_identification:_identify(src/simple_parking_maneuver) by extensions ['colcon_pkg']
[1.919s] Level 1:colcon.colcon_core.package_identification:_identify(src/simple_parking_maneuver) by extension 'colcon_pkg'
[1.919s] Level 1:colcon.colcon_core.package_identification:_identify(src/simple_parking_maneuver) by extensions ['colcon_meta']
[1.919s] Level 1:colcon.colcon_core.package_identification:_identify(src/simple_parking_maneuver) by extension 'colcon_meta'
[1.919s] Level 1:colcon.colcon_core.package_identification:_identify(src/simple_parking_maneuver) by extensions ['ros']
[1.919s] Level 1:colcon.colcon_core.package_identification:_identify(src/simple_parking_maneuver) by extension 'ros'
[1.924s] DEBUG:colcon.colcon_core.package_identification:Package 'src/simple_parking_maneuver' with type 'ros.ament_cmake' and name 'simple_parking_maneuver'
[1.924s] Level 1:colcon.colcon_core.package_discovery:discover_packages(recursive) using defaults
[1.925s] Level 1:colcon.colcon_core.package_discovery:discover_packages(ignore) discover
[1.925s] Level 1:colcon.colcon_core.package_discovery:discover_packages(ignore) using defaults
[1.925s] Level 1:colcon.colcon_core.package_discovery:discover_packages(path) discover
[1.925s] Level 1:colcon.colcon_core.package_discovery:discover_packages(path) using defaults
[2.038s] INFO:colcon.colcon_core.package_selection:Skipping not selected package 'assignment2_publisher_subscriber' in 'src/assignment2_publisher_subscriber'
[2.039s] INFO:colcon.colcon_core.package_selection:Skipping not selected package 'assignment2_publisher_subscriber2' in 'src/assignment2_publisher_subscriber2'
[2.039s] INFO:colcon.colcon_core.package_selection:Skipping not selected package 'simple_drive_control' in 'src/simple_drive_control'
[2.042s] Level 1:colcon.colcon_core.package_discovery:discover_packages(prefix_path) check parameters
[2.043s] Level 1:colcon.colcon_core.package_discovery:discover_packages(prefix_path) discover
[2.065s] DEBUG:colcon.colcon_installed_package_information.package_discovery:Found 6 installed packages in /home/majd/Documents/Robotik/ros2_ws/install
[2.071s] DEBUG:colcon.colcon_installed_package_information.package_discovery:Found 20 installed packages in /home/majd/autominy/catkin_ws/install
[2.083s] DEBUG:colcon.colcon_installed_package_information.package_discovery:Found 327 installed packages in /opt/ros/humble
[2.094s] Level 1:colcon.colcon_core.package_discovery:discover_packages(prefix_path) using defaults
[2.475s] Level 5:colcon.colcon_core.verb:set package 'simple_parking_maneuver' build argument 'cmake_args' from command line to 'None'
[2.476s] Level 5:colcon.colcon_core.verb:set package 'simple_parking_maneuver' build argument 'cmake_target' from command line to 'None'
[2.476s] Level 5:colcon.colcon_core.verb:set package 'simple_parking_maneuver' build argument 'cmake_target_skip_unavailable' from command line to 'False'
[2.476s] Level 5:colcon.colcon_core.verb:set package 'simple_parking_maneuver' build argument 'cmake_clean_cache' from command line to 'False'
[2.476s] Level 5:colcon.colcon_core.verb:set package 'simple_parking_maneuver' build argument 'cmake_clean_first' from command line to 'False'
[2.476s] Level 5:colcon.colcon_core.verb:set package 'simple_parking_maneuver' build argument 'cmake_force_configure' from command line to 'False'
[2.476s] Level 5:colcon.colcon_core.verb:set package 'simple_parking_maneuver' build argument 'ament_cmake_args' from command line to 'None'
[2.476s] Level 5:colcon.colcon_core.verb:set package 'simple_parking_maneuver' build argument 'catkin_cmake_args' from command line to 'None'
[2.476s] Level 5:colcon.colcon_core.verb:set package 'simple_parking_maneuver' build argument 'catkin_skip_building_tests' from command line to 'False'
[2.477s] DEBUG:colcon.colcon_core.verb:Building package 'simple_parking_maneuver' with the following arguments: {'ament_cmake_args': None, 'build_base': '/home/majd/Documents/Robotik/ros2_ws/build/simple_parking_maneuver', 'catkin_cmake_args': None, 'catkin_skip_building_tests': False, 'cmake_args': None, 'cmake_clean_cache': False, 'cmake_clean_first': False, 'cmake_force_configure': False, 'cmake_target': None, 'cmake_target_skip_unavailable': False, 'install_base': '/home/majd/Documents/Robotik/ros2_ws/install/simple_parking_maneuver', 'merge_install': False, 'path': '/home/majd/Documents/Robotik/ros2_ws/src/simple_parking_maneuver', 'symlink_install': False, 'test_result_base': None}
[2.479s] INFO:colcon.colcon_core.executor:Executing jobs using 'parallel' executor
[2.497s] DEBUG:colcon.colcon_parallel_executor.executor.parallel:run_until_complete
[2.498s] INFO:colcon.colcon_ros.task.ament_cmake.build:Building ROS package in '/home/majd/Documents/Robotik/ros2_ws/src/simple_parking_maneuver' with build type 'ament_cmake'
[2.501s] INFO:colcon.colcon_cmake.task.cmake.build:Building CMake package in '/home/majd/Documents/Robotik/ros2_ws/src/simple_parking_maneuver'
[2.529s] INFO:colcon.colcon_core.plugin_system:Skipping extension 'colcon_core.shell.bat': Not used on non-Windows systems
[2.531s] INFO:colcon.colcon_core.shell:Skip shell extension 'powershell' for command environment: Not usable outside of PowerShell
[2.532s] DEBUG:colcon.colcon_core.shell:Skip shell extension 'dsv' for command environment
[2.627s] DEBUG:colcon.colcon_core.event_handler.log_command:Invoking command in '/home/majd/Documents/Robotik/ros2_ws/build/simple_parking_maneuver': CMAKE_PREFIX_PATH=/home/majd/Documents/Robotik/ros2_ws/install/simple_drive_control:/home/majd/Documents/Robotik/ros2_ws/install/turtlesim:/home/majd/Documents/Robotik/ros2_ws/install/simple_parking_maneuver:/home/majd/Documents/Robotik/ros2_ws/install/assignment2_publisher_subscriber2:/home/majd/Documents/Robotik/ros2_ws/install/assignment2_publisher_subscriber:/home/majd/autominy/catkin_ws/install/world_description:/home/majd/autominy/catkin_ws/install/stereo_camera_pose_estimation:/home/majd/autominy/catkin_ws/install/sim_car_controller:/home/majd/autominy/catkin_ws/install/arduino_communication:/home/majd/autominy/catkin_ws/install/serial:/home/majd/autominy/catkin_ws/install/road_marking_localization:/home/majd/autominy/catkin_ws/install/remote_control:/home/majd/autominy/catkin_ws/install/car_description:/home/majd/autominy/catkin_ws/install/odometry:/home/majd/autominy/catkin_ws/install/map_publisher:/home/majd/autominy/catkin_ws/install/low_voltage_shutdown:/home/majd/autominy/catkin_ws/install/lidar_pose_estimation:/home/majd/autominy/catkin_ws/install/hardware_calibration:/home/majd/autominy/catkin_ws/install/emergency_stop:/home/majd/autominy/catkin_ws/install/bno055_usb_stick:/home/majd/autominy/catkin_ws/install/bno055_usb_stick_msgs:/home/majd/autominy/catkin_ws/install/autominy_sim:/home/majd/autominy/catkin_ws/install/autominy_msgs:/home/majd/autominy/catkin_ws/install/autominy:/home/majd/Documents/Robotik/ros2_ws/install/py_pubsub:/home/majd/autominy/catkin_ws/install/assignment2_publisher_subscriber:/opt/ros/humble LD_LIBRARY_PATH=/home/majd/Documents/Robotik/ros2_ws/install/simple_drive_control/lib:/home/majd/Documents/Robotik/ros2_ws/install/turtlesim/lib:/home/majd/Documents/Robotik/ros2_ws/install/simple_parking_maneuver/lib:/home/majd/autominy/catkin_ws/install/stereo_camera_pose_estimation/lib:/home/majd/autominy/catkin_ws/install/sim_car_controller/lib:/home/majd/autominy/catkin_ws/install/serial/lib:/home/majd/autominy/catkin_ws/install/road_marking_localization/lib:/home/majd/autominy/catkin_ws/install/remote_control/lib:/home/majd/autominy/catkin_ws/install/odometry/lib:/home/majd/autominy/catkin_ws/install/low_voltage_shutdown/lib:/home/majd/autominy/catkin_ws/install/lidar_pose_estimation/lib:/home/majd/autominy/catkin_ws/install/hardware_calibration/lib:/home/majd/autominy/catkin_ws/install/emergency_stop/lib:/home/majd/autominy/catkin_ws/install/bno055_usb_stick_msgs/lib:/home/majd/autominy/catkin_ws/install/autominy_msgs/lib:/usr/lib/x86_64-linux-gnu/gazebo-11/plugins:/opt/ros/humble/opt/rviz_ogre_vendor/lib:/opt/ros/humble/lib/x86_64-linux-gnu:/opt/ros/humble/lib /usr/bin/cmake --build /home/majd/Documents/Robotik/ros2_ws/build/simple_parking_maneuver -- -j8 -l8
[5.959s] DEBUG:colcon.colcon_core.event_handler.log_command:Invoked command in '/home/majd/Documents/Robotik/ros2_ws/build/simple_parking_maneuver' returned '0': CMAKE_PREFIX_PATH=/home/majd/Documents/Robotik/ros2_ws/install/simple_drive_control:/home/majd/Documents/Robotik/ros2_ws/install/turtlesim:/home/majd/Documents/Robotik/ros2_ws/install/simple_parking_maneuver:/home/majd/Documents/Robotik/ros2_ws/install/assignment2_publisher_subscriber2:/home/majd/Documents/Robotik/ros2_ws/install/assignment2_publisher_subscriber:/home/majd/autominy/catkin_ws/install/world_description:/home/majd/autominy/catkin_ws/install/stereo_camera_pose_estimation:/home/majd/autominy/catkin_ws/install/sim_car_controller:/home/majd/autominy/catkin_ws/install/arduino_communication:/home/majd/autominy/catkin_ws/install/serial:/home/majd/autominy/catkin_ws/install/road_marking_localization:/home/majd/autominy/catkin_ws/install/remote_control:/home/majd/autominy/catkin_ws/install/car_description:/home/majd/autominy/catkin_ws/install/odometry:/home/majd/autominy/catkin_ws/install/map_publisher:/home/majd/autominy/catkin_ws/install/low_voltage_shutdown:/home/majd/autominy/catkin_ws/install/lidar_pose_estimation:/home/majd/autominy/catkin_ws/install/hardware_calibration:/home/majd/autominy/catkin_ws/install/emergency_stop:/home/majd/autominy/catkin_ws/install/bno055_usb_stick:/home/majd/autominy/catkin_ws/install/bno055_usb_stick_msgs:/home/majd/autominy/catkin_ws/install/autominy_sim:/home/majd/autominy/catkin_ws/install/autominy_msgs:/home/majd/autominy/catkin_ws/install/autominy:/home/majd/Documents/Robotik/ros2_ws/install/py_pubsub:/home/majd/autominy/catkin_ws/install/assignment2_publisher_subscriber:/opt/ros/humble LD_LIBRARY_PATH=/home/majd/Documents/Robotik/ros2_ws/install/simple_drive_control/lib:/home/majd/Documents/Robotik/ros2_ws/install/turtlesim/lib:/home/majd/Documents/Robotik/ros2_ws/install/simple_parking_maneuver/lib:/home/majd/autominy/catkin_ws/install/stereo_camera_pose_estimation/lib:/home/majd/autominy/catkin_ws/install/sim_car_controller/lib:/home/majd/autominy/catkin_ws/install/serial/lib:/home/majd/autominy/catkin_ws/install/road_marking_localization/lib:/home/majd/autominy/catkin_ws/install/remote_control/lib:/home/majd/autominy/catkin_ws/install/odometry/lib:/home/majd/autominy/catkin_ws/install/low_voltage_shutdown/lib:/home/majd/autominy/catkin_ws/install/lidar_pose_estimation/lib:/home/majd/autominy/catkin_ws/install/hardware_calibration/lib:/home/majd/autominy/catkin_ws/install/emergency_stop/lib:/home/majd/autominy/catkin_ws/install/bno055_usb_stick_msgs/lib:/home/majd/autominy/catkin_ws/install/autominy_msgs/lib:/usr/lib/x86_64-linux-gnu/gazebo-11/plugins:/opt/ros/humble/opt/rviz_ogre_vendor/lib:/opt/ros/humble/lib/x86_64-linux-gnu:/opt/ros/humble/lib /usr/bin/cmake --build /home/majd/Documents/Robotik/ros2_ws/build/simple_parking_maneuver -- -j8 -l8
[6.342s] DEBUG:colcon.colcon_core.event_handler.log_command:Invoking command in '/home/majd/Documents/Robotik/ros2_ws/build/simple_parking_maneuver': CMAKE_PREFIX_PATH=/home/majd/Documents/Robotik/ros2_ws/install/simple_drive_control:/home/majd/Documents/Robotik/ros2_ws/install/turtlesim:/home/majd/Documents/Robotik/ros2_ws/install/simple_parking_maneuver:/home/majd/Documents/Robotik/ros2_ws/install/assignment2_publisher_subscriber2:/home/majd/Documents/Robotik/ros2_ws/install/assignment2_publisher_subscriber:/home/majd/autominy/catkin_ws/install/world_description:/home/majd/autominy/catkin_ws/install/stereo_camera_pose_estimation:/home/majd/autominy/catkin_ws/install/sim_car_controller:/home/majd/autominy/catkin_ws/install/arduino_communication:/home/majd/autominy/catkin_ws/install/serial:/home/majd/autominy/catkin_ws/install/road_marking_localization:/home/majd/autominy/catkin_ws/install/remote_control:/home/majd/autominy/catkin_ws/install/car_description:/home/majd/autominy/catkin_ws/install/odometry:/home/majd/autominy/catkin_ws/install/map_publisher:/home/majd/autominy/catkin_ws/install/low_voltage_shutdown:/home/majd/autominy/catkin_ws/install/lidar_pose_estimation:/home/majd/autominy/catkin_ws/install/hardware_calibration:/home/majd/autominy/catkin_ws/install/emergency_stop:/home/majd/autominy/catkin_ws/install/bno055_usb_stick:/home/majd/autominy/catkin_ws/install/bno055_usb_stick_msgs:/home/majd/autominy/catkin_ws/install/autominy_sim:/home/majd/autominy/catkin_ws/install/autominy_msgs:/home/majd/autominy/catkin_ws/install/autominy:/home/majd/Documents/Robotik/ros2_ws/install/py_pubsub:/home/majd/autominy/catkin_ws/install/assignment2_publisher_subscriber:/opt/ros/humble LD_LIBRARY_PATH=/home/majd/Documents/Robotik/ros2_ws/install/simple_drive_control/lib:/home/majd/Documents/Robotik/ros2_ws/install/turtlesim/lib:/home/majd/Documents/Robotik/ros2_ws/install/simple_parking_maneuver/lib:/home/majd/autominy/catkin_ws/install/stereo_camera_pose_estimation/lib:/home/majd/autominy/catkin_ws/install/sim_car_controller/lib:/home/majd/autominy/catkin_ws/install/serial/lib:/home/majd/autominy/catkin_ws/install/road_marking_localization/lib:/home/majd/autominy/catkin_ws/install/remote_control/lib:/home/majd/autominy/catkin_ws/install/odometry/lib:/home/majd/autominy/catkin_ws/install/low_voltage_shutdown/lib:/home/majd/autominy/catkin_ws/install/lidar_pose_estimation/lib:/home/majd/autominy/catkin_ws/install/hardware_calibration/lib:/home/majd/autominy/catkin_ws/install/emergency_stop/lib:/home/majd/autominy/catkin_ws/install/bno055_usb_stick_msgs/lib:/home/majd/autominy/catkin_ws/install/autominy_msgs/lib:/usr/lib/x86_64-linux-gnu/gazebo-11/plugins:/opt/ros/humble/opt/rviz_ogre_vendor/lib:/opt/ros/humble/lib/x86_64-linux-gnu:/opt/ros/humble/lib /usr/bin/cmake --install /home/majd/Documents/Robotik/ros2_ws/build/simple_parking_maneuver
[6.705s] Level 1:colcon.colcon_core.environment:create_environment_scripts_only(simple_parking_maneuver)
[6.710s] DEBUG:colcon.colcon_core.event_handler.log_command:Invoked command in '/home/majd/Documents/Robotik/ros2_ws/build/simple_parking_maneuver' returned '0': CMAKE_PREFIX_PATH=/home/majd/Documents/Robotik/ros2_ws/install/simple_drive_control:/home/majd/Documents/Robotik/ros2_ws/install/turtlesim:/home/majd/Documents/Robotik/ros2_ws/install/simple_parking_maneuver:/home/majd/Documents/Robotik/ros2_ws/install/assignment2_publisher_subscriber2:/home/majd/Documents/Robotik/ros2_ws/install/assignment2_publisher_subscriber:/home/majd/autominy/catkin_ws/install/world_description:/home/majd/autominy/catkin_ws/install/stereo_camera_pose_estimation:/home/majd/autominy/catkin_ws/install/sim_car_controller:/home/majd/autominy/catkin_ws/install/arduino_communication:/home/majd/autominy/catkin_ws/install/serial:/home/majd/autominy/catkin_ws/install/road_marking_localization:/home/majd/autominy/catkin_ws/install/remote_control:/home/majd/autominy/catkin_ws/install/car_description:/home/majd/autominy/catkin_ws/install/odometry:/home/majd/autominy/catkin_ws/install/map_publisher:/home/majd/autominy/catkin_ws/install/low_voltage_shutdown:/home/majd/autominy/catkin_ws/install/lidar_pose_estimation:/home/majd/autominy/catkin_ws/install/hardware_calibration:/home/majd/autominy/catkin_ws/install/emergency_stop:/home/majd/autominy/catkin_ws/install/bno055_usb_stick:/home/majd/autominy/catkin_ws/install/bno055_usb_stick_msgs:/home/majd/autominy/catkin_ws/install/autominy_sim:/home/majd/autominy/catkin_ws/install/autominy_msgs:/home/majd/autominy/catkin_ws/install/autominy:/home/majd/Documents/Robotik/ros2_ws/install/py_pubsub:/home/majd/autominy/catkin_ws/install/assignment2_publisher_subscriber:/opt/ros/humble LD_LIBRARY_PATH=/home/majd/Documents/Robotik/ros2_ws/install/simple_drive_control/lib:/home/majd/Documents/Robotik/ros2_ws/install/turtlesim/lib:/home/majd/Documents/Robotik/ros2_ws/install/simple_parking_maneuver/lib:/home/majd/autominy/catkin_ws/install/stereo_camera_pose_estimation/lib:/home/majd/autominy/catkin_ws/install/sim_car_controller/lib:/home/majd/autominy/catkin_ws/install/serial/lib:/home/majd/autominy/catkin_ws/install/road_marking_localization/lib:/home/majd/autominy/catkin_ws/install/remote_control/lib:/home/majd/autominy/catkin_ws/install/odometry/lib:/home/majd/autominy/catkin_ws/install/low_voltage_shutdown/lib:/home/majd/autominy/catkin_ws/install/lidar_pose_estimation/lib:/home/majd/autominy/catkin_ws/install/hardware_calibration/lib:/home/majd/autominy/catkin_ws/install/emergency_stop/lib:/home/majd/autominy/catkin_ws/install/bno055_usb_stick_msgs/lib:/home/majd/autominy/catkin_ws/install/autominy_msgs/lib:/usr/lib/x86_64-linux-gnu/gazebo-11/plugins:/opt/ros/humble/opt/rviz_ogre_vendor/lib:/opt/ros/humble/lib/x86_64-linux-gnu:/opt/ros/humble/lib /usr/bin/cmake --install /home/majd/Documents/Robotik/ros2_ws/build/simple_parking_maneuver
[6.738s] Level 1:colcon.colcon_core.environment:checking '/home/majd/Documents/Robotik/ros2_ws/install/simple_parking_maneuver' for CMake module files
[6.741s] Level 1:colcon.colcon_core.environment:checking '/home/majd/Documents/Robotik/ros2_ws/install/simple_parking_maneuver' for CMake config files
[6.746s] Level 1:colcon.colcon_core.shell:create_environment_hook('simple_parking_maneuver', 'cmake_prefix_path')
[6.751s] INFO:colcon.colcon_core.shell:Creating environment hook '/home/majd/Documents/Robotik/ros2_ws/install/simple_parking_maneuver/share/simple_parking_maneuver/hook/cmake_prefix_path.ps1'
[6.754s] INFO:colcon.colcon_core.shell:Creating environment descriptor '/home/majd/Documents/Robotik/ros2_ws/install/simple_parking_maneuver/share/simple_parking_maneuver/hook/cmake_prefix_path.dsv'
[6.755s] INFO:colcon.colcon_core.shell:Creating environment hook '/home/majd/Documents/Robotik/ros2_ws/install/simple_parking_maneuver/share/simple_parking_maneuver/hook/cmake_prefix_path.sh'
[6.758s] Level 1:colcon.colcon_core.environment:checking '/home/majd/Documents/Robotik/ros2_ws/install/simple_parking_maneuver/lib'
[6.758s] Level 1:colcon.colcon_core.shell:create_environment_hook('simple_parking_maneuver', 'ld_library_path_lib')
[6.764s] INFO:colcon.colcon_core.shell:Creating environment hook '/home/majd/Documents/Robotik/ros2_ws/install/simple_parking_maneuver/share/simple_parking_maneuver/hook/ld_library_path_lib.ps1'
[6.765s] INFO:colcon.colcon_core.shell:Creating environment descriptor '/home/majd/Documents/Robotik/ros2_ws/install/simple_parking_maneuver/share/simple_parking_maneuver/hook/ld_library_path_lib.dsv'
[6.767s] INFO:colcon.colcon_core.shell:Creating environment hook '/home/majd/Documents/Robotik/ros2_ws/install/simple_parking_maneuver/share/simple_parking_maneuver/hook/ld_library_path_lib.sh'
[6.768s] Level 1:colcon.colcon_core.environment:checking '/home/majd/Documents/Robotik/ros2_ws/install/simple_parking_maneuver/bin'
[6.768s] Level 1:colcon.colcon_core.environment:checking '/home/majd/Documents/Robotik/ros2_ws/install/simple_parking_maneuver/lib/pkgconfig/simple_parking_maneuver.pc'
[6.769s] Level 1:colcon.colcon_core.environment:checking '/home/majd/Documents/Robotik/ros2_ws/install/simple_parking_maneuver/lib/python3.10/site-packages'
[6.770s] Level 1:colcon.colcon_core.environment:checking '/home/majd/Documents/Robotik/ros2_ws/install/simple_parking_maneuver/bin'
[6.776s] INFO:colcon.colcon_core.shell:Creating package script '/home/majd/Documents/Robotik/ros2_ws/install/simple_parking_maneuver/share/simple_parking_maneuver/package.ps1'
[6.779s] INFO:colcon.colcon_core.shell:Creating package descriptor '/home/majd/Documents/Robotik/ros2_ws/install/simple_parking_maneuver/share/simple_parking_maneuver/package.dsv'
[6.782s] INFO:colcon.colcon_core.shell:Creating package script '/home/majd/Documents/Robotik/ros2_ws/install/simple_parking_maneuver/share/simple_parking_maneuver/package.sh'
[6.785s] INFO:colcon.colcon_core.shell:Creating package script '/home/majd/Documents/Robotik/ros2_ws/install/simple_parking_maneuver/share/simple_parking_maneuver/package.bash'
[6.791s] INFO:colcon.colcon_core.shell:Creating package script '/home/majd/Documents/Robotik/ros2_ws/install/simple_parking_maneuver/share/simple_parking_maneuver/package.zsh'
[6.795s] Level 1:colcon.colcon_core.environment:create_file_with_runtime_dependencies(/home/majd/Documents/Robotik/ros2_ws/install/simple_parking_maneuver/share/colcon-core/packages/simple_parking_maneuver)
[7.149s] Level 1:colcon.colcon_core.environment:create_environment_scripts_only(simple_parking_maneuver)
[7.159s] Level 1:colcon.colcon_core.environment:checking '/home/majd/Documents/Robotik/ros2_ws/install/simple_parking_maneuver' for CMake module files
[7.164s] Level 1:colcon.colcon_core.environment:checking '/home/majd/Documents/Robotik/ros2_ws/install/simple_parking_maneuver' for CMake config files
[7.166s] Level 1:colcon.colcon_core.shell:create_environment_hook('simple_parking_maneuver', 'cmake_prefix_path')
[7.178s] INFO:colcon.colcon_core.shell:Creating environment hook '/home/majd/Documents/Robotik/ros2_ws/install/simple_parking_maneuver/share/simple_parking_maneuver/hook/cmake_prefix_path.ps1'
[7.180s] INFO:colcon.colcon_core.shell:Creating environment descriptor '/home/majd/Documents/Robotik/ros2_ws/install/simple_parking_maneuver/share/simple_parking_maneuver/hook/cmake_prefix_path.dsv'
[7.181s] INFO:colcon.colcon_core.shell:Creating environment hook '/home/majd/Documents/Robotik/ros2_ws/install/simple_parking_maneuver/share/simple_parking_maneuver/hook/cmake_prefix_path.sh'
[7.184s] Level 1:colcon.colcon_core.environment:checking '/home/majd/Documents/Robotik/ros2_ws/install/simple_parking_maneuver/lib'
[7.185s] Level 1:colcon.colcon_core.shell:create_environment_hook('simple_parking_maneuver', 'ld_library_path_lib')
[7.194s] INFO:colcon.colcon_core.shell:Creating environment hook '/home/majd/Documents/Robotik/ros2_ws/install/simple_parking_maneuver/share/simple_parking_maneuver/hook/ld_library_path_lib.ps1'
[7.198s] INFO:colcon.colcon_core.shell:Creating environment descriptor '/home/majd/Documents/Robotik/ros2_ws/install/simple_parking_maneuver/share/simple_parking_maneuver/hook/ld_library_path_lib.dsv'
[7.200s] INFO:colcon.colcon_core.shell:Creating environment hook '/home/majd/Documents/Robotik/ros2_ws/install/simple_parking_maneuver/share/simple_parking_maneuver/hook/ld_library_path_lib.sh'
[7.202s] Level 1:colcon.colcon_core.environment:checking '/home/majd/Documents/Robotik/ros2_ws/install/simple_parking_maneuver/bin'
[7.202s] Level 1:colcon.colcon_core.environment:checking '/home/majd/Documents/Robotik/ros2_ws/install/simple_parking_maneuver/lib/pkgconfig/simple_parking_maneuver.pc'
[7.203s] Level 1:colcon.colcon_core.environment:checking '/home/majd/Documents/Robotik/ros2_ws/install/simple_parking_maneuver/lib/python3.10/site-packages'
[7.204s] Level 1:colcon.colcon_core.environment:checking '/home/majd/Documents/Robotik/ros2_ws/install/simple_parking_maneuver/bin'
[7.213s] INFO:colcon.colcon_core.shell:Creating package script '/home/majd/Documents/Robotik/ros2_ws/install/simple_parking_maneuver/share/simple_parking_maneuver/package.ps1'
[7.216s] INFO:colcon.colcon_core.shell:Creating package descriptor '/home/majd/Documents/Robotik/ros2_ws/install/simple_parking_maneuver/share/simple_parking_maneuver/package.dsv'
[7.218s] INFO:colcon.colcon_core.shell:Creating package script '/home/majd/Documents/Robotik/ros2_ws/install/simple_parking_maneuver/share/simple_parking_maneuver/package.sh'
[7.220s] INFO:colcon.colcon_core.shell:Creating package script '/home/majd/Documents/Robotik/ros2_ws/install/simple_parking_maneuver/share/simple_parking_maneuver/package.bash'
[7.221s] INFO:colcon.colcon_core.shell:Creating package script '/home/majd/Documents/Robotik/ros2_ws/install/simple_parking_maneuver/share/simple_parking_maneuver/package.zsh'
[7.222s] Level 1:colcon.colcon_core.environment:create_file_with_runtime_dependencies(/home/majd/Documents/Robotik/ros2_ws/install/simple_parking_maneuver/share/colcon-core/packages/simple_parking_maneuver)
[7.223s] DEBUG:colcon.colcon_parallel_executor.executor.parallel:closing loop
[7.223s] DEBUG:colcon.colcon_parallel_executor.executor.parallel:loop closed
[7.226s] DEBUG:colcon.colcon_parallel_executor.executor.parallel:run_until_complete finished with '0'
[7.226s] DEBUG:colcon.colcon_core.event_reactor:joining thread
[7.268s] INFO:colcon.colcon_core.plugin_system:Skipping extension 'colcon_notification.desktop_notification.terminal_notifier': Not used on non-Darwin systems
[7.269s] INFO:colcon.colcon_core.plugin_system:Skipping extension 'colcon_notification.desktop_notification.win32': Not used on non-Windows systems
[7.270s] INFO:colcon.colcon_notification.desktop_notification:Sending desktop notification using 'notify2'
[7.327s] DEBUG:colcon.colcon_core.event_reactor:joined thread
[7.333s] INFO:colcon.colcon_core.shell:Creating prefix script '/home/majd/Documents/Robotik/ros2_ws/install/local_setup.ps1'
[7.339s] INFO:colcon.colcon_core.shell:Creating prefix util module '/home/majd/Documents/Robotik/ros2_ws/install/_local_setup_util_ps1.py'
[7.347s] INFO:colcon.colcon_core.shell:Creating prefix chain script '/home/majd/Documents/Robotik/ros2_ws/install/setup.ps1'
[7.360s] INFO:colcon.colcon_core.shell:Creating prefix script '/home/majd/Documents/Robotik/ros2_ws/install/local_setup.sh'
[7.363s] INFO:colcon.colcon_core.shell:Creating prefix util module '/home/majd/Documents/Robotik/ros2_ws/install/_local_setup_util_sh.py'
[7.366s] INFO:colcon.colcon_core.shell:Creating prefix chain script '/home/majd/Documents/Robotik/ros2_ws/install/setup.sh'
[7.380s] INFO:colcon.colcon_core.shell:Creating prefix script '/home/majd/Documents/Robotik/ros2_ws/install/local_setup.bash'
[7.382s] INFO:colcon.colcon_core.shell:Creating prefix chain script '/home/majd/Documents/Robotik/ros2_ws/install/setup.bash'
[7.394s] INFO:colcon.colcon_core.shell:Creating prefix script '/home/majd/Documents/Robotik/ros2_ws/install/local_setup.zsh'
[7.398s] INFO:colcon.colcon_core.shell:Creating prefix chain script '/home/majd/Documents/Robotik/ros2_ws/install/setup.zsh'
