-- Found rclpy: 3.3.4 (/opt/ros/humble/share/rclpy/cmake)
-- Found std_msgs: 4.2.2 (/opt/ros/humble/share/std_msgs/cmake)
-- Override CMake install command with custom implementation using symlinks instead of copying resources
-- Found rosidl_generator_c: 3.1.3 (/opt/ros/humble/share/rosidl_generator_c/cmake)
-- Found rosidl_adapter: 3.1.3 (/opt/ros/humble/share/rosidl_adapter/cmake)
-- Found rosidl_generator_cpp: 3.1.3 (/opt/ros/humble/share/rosidl_generator_cpp/cmake)
-- Using all available rosidl_typesupport_c: rosidl_typesupport_fastrtps_c;rosidl_typesupport_introspection_c
-- Using all available rosidl_typesupport_cpp: rosidl_typesupport_fastrtps_cpp;rosidl_typesupport_introspection_cpp
-- Found rosidl_default_generators: 1.2.0 (/opt/ros/humble/share/rosidl_default_generators/cmake)
-- Found ament_cmake_ros: 0.10.0 (/opt/ros/humble/share/ament_cmake_ros/cmake)
-- Using all available rosidl_typesupport_c: rosidl_typesupport_fastrtps_c;rosidl_typesupport_introspection_c
-- Using all available rosidl_typesupport_cpp: rosidl_typesupport_fastrtps_cpp;rosidl_typesupport_introspection_cpp
-- Found python_cmake_module: 0.10.0 (/opt/ros/humble/share/python_cmake_module/cmake)
-- Using PYTHON_EXECUTABLE: /usr/bin/python3
-- Using PYTHON_INCLUDE_DIRS: /usr/include/python3.10
-- Using PYTHON_LIBRARIES: /usr/lib/x86_64-linux-gnu/libpython3.10.so
-- Configuring done
-- Generating done
-- Build files have been written to: /home/majd/Documents/Robotik/ros2_ws/build/simple_drive_control
[  3%] Built target simple_drive_control__cpp
[  3%] Built target ament_cmake_python_symlink_simple_drive_control
[35m[1mConsolidate compiler generated dependencies of target simple_drive_control__rosidl_typesupport_cpp[0m
[ 12%] Built target simple_drive_control__rosidl_typesupport_cpp
running egg_info
writing simple_drive_control.egg-info/PKG-INFO
writing dependency_links to simple_drive_control.egg-info/dependency_links.txt
writing top-level names to simple_drive_control.egg-info/top_level.txt
reading manifest file 'simple_drive_control.egg-info/SOURCES.txt'
writing manifest file 'simple_drive_control.egg-info/SOURCES.txt'
[ 12%] Built target ament_cmake_python_build_simple_drive_control_egg
[35m[1mConsolidate compiler generated dependencies of target simple_drive_control__rosidl_typesupport_introspection_cpp[0m
[ 22%] Built target simple_drive_control__rosidl_typesupport_introspection_cpp
[35m[1mConsolidate compiler generated dependencies of target simple_drive_control__rosidl_typesupport_fastrtps_cpp[0m
[ 32%] Built target simple_drive_control__rosidl_typesupport_fastrtps_cpp
[35m[1mConsolidate compiler generated dependencies of target simple_drive_control__rosidl_generator_c[0m
[ 41%] Built target simple_drive_control__rosidl_generator_c
[35m[1mConsolidate compiler generated dependencies of target simple_drive_control__rosidl_typesupport_introspection_c[0m
[ 51%] Built target simple_drive_control__rosidl_typesupport_introspection_c
[35m[1mConsolidate compiler generated dependencies of target simple_drive_control__rosidl_typesupport_fastrtps_c[0m
[ 61%] Built target simple_drive_control__rosidl_typesupport_fastrtps_c
[35m[1mConsolidate compiler generated dependencies of target simple_drive_control__rosidl_typesupport_c[0m
[ 70%] Built target simple_drive_control__rosidl_typesupport_c
[ 70%] Built target simple_drive_control
[ 74%] Built target simple_drive_control__py
[35m[1mConsolidate compiler generated dependencies of target simple_drive_control__rosidl_generator_py[0m
[ 80%] Built target simple_drive_control__rosidl_generator_py
[35m[1mConsolidate compiler generated dependencies of target simple_drive_control__rosidl_typesupport_fastrtps_c__pyext[0m
[ 87%] Built target simple_drive_control__rosidl_typesupport_fastrtps_c__pyext
[35m[1mConsolidate compiler generated dependencies of target simple_drive_control__rosidl_typesupport_c__pyext[0m
[ 93%] Built target simple_drive_control__rosidl_typesupport_c__pyext
[35m[1mConsolidate compiler generated dependencies of target simple_drive_control__rosidl_typesupport_introspection_c__pyext[0m
[100%] Built target simple_drive_control__rosidl_typesupport_introspection_c__pyext
-- Install configuration: ""
-- Execute custom install script
-- Up-to-date symlink: /home/majd/Documents/Robotik/ros2_ws/install/simple_drive_control/share/ament_index/resource_index/rosidl_interfaces/simple_drive_control
-- Up-to-date symlink: /home/majd/Documents/Robotik/ros2_ws/install/simple_drive_control/include/simple_drive_control/simple_drive_control/msg/rosidl_generator_c__visibility_control.h
-- Up-to-date symlink: /home/majd/Documents/Robotik/ros2_ws/install/simple_drive_control/include/simple_drive_control/simple_drive_control/srv/detail/driving_maneuver__functions.h
-- Up-to-date symlink: /home/majd/Documents/Robotik/ros2_ws/install/simple_drive_control/include/simple_drive_control/simple_drive_control/srv/detail/driving_maneuver__struct.h
-- Up-to-date symlink: /home/majd/Documents/Robotik/ros2_ws/install/simple_drive_control/include/simple_drive_control/simple_drive_control/srv/detail/driving_maneuver__type_support.h
-- Up-to-date symlink: /home/majd/Documents/Robotik/ros2_ws/install/simple_drive_control/include/simple_drive_control/simple_drive_control/srv/driving_maneuver.h
-- Up-to-date symlink: /home/majd/Documents/Robotik/ros2_ws/install/simple_drive_control/share/simple_drive_control/environment/library_path.sh
-- Up-to-date symlink: /home/majd/Documents/Robotik/ros2_ws/install/simple_drive_control/share/simple_drive_control/environment/library_path.dsv
-- Up-to-date symlink: /home/majd/Documents/Robotik/ros2_ws/install/simple_drive_control/include/simple_drive_control/simple_drive_control/msg/rosidl_typesupport_fastrtps_c__visibility_control.h
-- Up-to-date symlink: /home/majd/Documents/Robotik/ros2_ws/install/simple_drive_control/include/simple_drive_control/simple_drive_control/srv/detail/driving_maneuver__rosidl_typesupport_fastrtps_c.h
-- Up-to-date symlink: /home/majd/Documents/Robotik/ros2_ws/install/simple_drive_control/include/simple_drive_control/simple_drive_control/srv/detail/driving_maneuver__builder.hpp
-- Up-to-date symlink: /home/majd/Documents/Robotik/ros2_ws/install/simple_drive_control/include/simple_drive_control/simple_drive_control/srv/detail/driving_maneuver__struct.hpp
-- Up-to-date symlink: /home/majd/Documents/Robotik/ros2_ws/install/simple_drive_control/include/simple_drive_control/simple_drive_control/srv/detail/driving_maneuver__traits.hpp
-- Up-to-date symlink: /home/majd/Documents/Robotik/ros2_ws/install/simple_drive_control/include/simple_drive_control/simple_drive_control/srv/driving_maneuver.hpp
-- Up-to-date symlink: /home/majd/Documents/Robotik/ros2_ws/install/simple_drive_control/include/simple_drive_control/simple_drive_control/msg/rosidl_typesupport_fastrtps_cpp__visibility_control.h
-- Up-to-date symlink: /home/majd/Documents/Robotik/ros2_ws/install/simple_drive_control/include/simple_drive_control/simple_drive_control/srv/detail/driving_maneuver__rosidl_typesupport_fastrtps_cpp.hpp
-- Up-to-date symlink: /home/majd/Documents/Robotik/ros2_ws/install/simple_drive_control/include/simple_drive_control/simple_drive_control/msg/rosidl_typesupport_introspection_c__visibility_control.h
-- Up-to-date symlink: /home/majd/Documents/Robotik/ros2_ws/install/simple_drive_control/include/simple_drive_control/simple_drive_control/srv/detail/driving_maneuver__rosidl_typesupport_introspection_c.h
-- Up-to-date symlink: /home/majd/Documents/Robotik/ros2_ws/install/simple_drive_control/include/simple_drive_control/simple_drive_control/srv/detail/driving_maneuver__rosidl_typesupport_introspection_cpp.hpp
-- Up-to-date symlink: /home/majd/Documents/Robotik/ros2_ws/install/simple_drive_control/share/simple_drive_control/environment/pythonpath.sh
-- Up-to-date symlink: /home/majd/Documents/Robotik/ros2_ws/install/simple_drive_control/share/simple_drive_control/environment/pythonpath.dsv
-- Up-to-date symlink: /home/majd/Documents/Robotik/ros2_ws/install/simple_drive_control/local/lib/python3.10/dist-packages/simple_drive_control-0.0.1-py3.10.egg-info/PKG-INFO
-- Up-to-date symlink: /home/majd/Documents/Robotik/ros2_ws/install/simple_drive_control/local/lib/python3.10/dist-packages/simple_drive_control-0.0.1-py3.10.egg-info/SOURCES.txt
-- Up-to-date symlink: /home/majd/Documents/Robotik/ros2_ws/install/simple_drive_control/local/lib/python3.10/dist-packages/simple_drive_control-0.0.1-py3.10.egg-info/dependency_links.txt
-- Up-to-date symlink: /home/majd/Documents/Robotik/ros2_ws/install/simple_drive_control/local/lib/python3.10/dist-packages/simple_drive_control-0.0.1-py3.10.egg-info/top_level.txt
-- Up-to-date symlink: /home/majd/Documents/Robotik/ros2_ws/install/simple_drive_control/local/lib/python3.10/dist-packages/simple_drive_control/__init__.py
-- Up-to-date symlink: /home/majd/Documents/Robotik/ros2_ws/install/simple_drive_control/local/lib/python3.10/dist-packages/simple_drive_control/_simple_drive_control_s.ep.rosidl_typesupport_c.c
-- Up-to-date symlink: /home/majd/Documents/Robotik/ros2_ws/install/simple_drive_control/local/lib/python3.10/dist-packages/simple_drive_control/_simple_drive_control_s.ep.rosidl_typesupport_fastrtps_c.c
-- Up-to-date symlink: /home/majd/Documents/Robotik/ros2_ws/install/simple_drive_control/local/lib/python3.10/dist-packages/simple_drive_control/_simple_drive_control_s.ep.rosidl_typesupport_introspection_c.c
-- Up-to-date symlink: /home/majd/Documents/Robotik/ros2_ws/install/simple_drive_control/local/lib/python3.10/dist-packages/simple_drive_control/libsimple_drive_control__rosidl_generator_py.so
-- Up-to-date symlink: /home/majd/Documents/Robotik/ros2_ws/install/simple_drive_control/local/lib/python3.10/dist-packages/simple_drive_control/simple_drive_control_s__rosidl_typesupport_c.cpython-310-x86_64-linux-gnu.so
-- Up-to-date symlink: /home/majd/Documents/Robotik/ros2_ws/install/simple_drive_control/local/lib/python3.10/dist-packages/simple_drive_control/simple_drive_control_s__rosidl_typesupport_fastrtps_c.cpython-310-x86_64-linux-gnu.so
-- Up-to-date symlink: /home/majd/Documents/Robotik/ros2_ws/install/simple_drive_control/local/lib/python3.10/dist-packages/simple_drive_control/simple_drive_control_s__rosidl_typesupport_introspection_c.cpython-310-x86_64-linux-gnu.so
-- Up-to-date symlink: /home/majd/Documents/Robotik/ros2_ws/install/simple_drive_control/local/lib/python3.10/dist-packages/simple_drive_control/srv/__init__.py
-- Up-to-date symlink: /home/majd/Documents/Robotik/ros2_ws/install/simple_drive_control/local/lib/python3.10/dist-packages/simple_drive_control/srv/_driving_maneuver.py
-- Up-to-date symlink: /home/majd/Documents/Robotik/ros2_ws/install/simple_drive_control/local/lib/python3.10/dist-packages/simple_drive_control/srv/_driving_maneuver_s.c
-- Up-to-date symlink: /home/majd/Documents/Robotik/ros2_ws/install/simple_drive_control/local/lib/python3.10/dist-packages/simple_drive_control/simple_drive_control_s__rosidl_typesupport_fastrtps_c.cpython-310-x86_64-linux-gnu.so
-- Up-to-date symlink: /home/majd/Documents/Robotik/ros2_ws/install/simple_drive_control/local/lib/python3.10/dist-packages/simple_drive_control/simple_drive_control_s__rosidl_typesupport_introspection_c.cpython-310-x86_64-linux-gnu.so
-- Up-to-date symlink: /home/majd/Documents/Robotik/ros2_ws/install/simple_drive_control/local/lib/python3.10/dist-packages/simple_drive_control/simple_drive_control_s__rosidl_typesupport_c.cpython-310-x86_64-linux-gnu.so
-- Up-to-date symlink: /home/majd/Documents/Robotik/ros2_ws/install/simple_drive_control/share/simple_drive_control/srv/DrivingManeuver.idl
-- Up-to-date symlink: /home/majd/Documents/Robotik/ros2_ws/install/simple_drive_control/share/simple_drive_control/srv/DrivingManeuver.srv
-- Up-to-date symlink: /home/majd/Documents/Robotik/ros2_ws/install/simple_drive_control/share/simple_drive_control/srv/DrivingManeuver_Request.msg
-- Up-to-date symlink: /home/majd/Documents/Robotik/ros2_ws/install/simple_drive_control/share/simple_drive_control/srv/DrivingManeuver_Response.msg
-- Up-to-date symlink: /home/majd/Documents/Robotik/ros2_ws/install/simple_drive_control/share/simple_drive_control/launch/simple_drive_control.launch
-- Up-to-date symlink: /home/majd/Documents/Robotik/ros2_ws/install/simple_drive_control/lib/simple_drive_control/drive_control.py
-- Up-to-date symlink: /home/majd/Documents/Robotik/ros2_ws/install/simple_drive_control/share/ament_index/resource_index/package_run_dependencies/simple_drive_control
-- Up-to-date symlink: /home/majd/Documents/Robotik/ros2_ws/install/simple_drive_control/share/ament_index/resource_index/parent_prefix_path/simple_drive_control
-- Up-to-date symlink: /home/majd/Documents/Robotik/ros2_ws/install/simple_drive_control/share/simple_drive_control/environment/ament_prefix_path.sh
-- Up-to-date symlink: /home/majd/Documents/Robotik/ros2_ws/install/simple_drive_control/share/simple_drive_control/environment/ament_prefix_path.dsv
-- Up-to-date symlink: /home/majd/Documents/Robotik/ros2_ws/install/simple_drive_control/share/simple_drive_control/environment/path.sh
-- Up-to-date symlink: /home/majd/Documents/Robotik/ros2_ws/install/simple_drive_control/share/simple_drive_control/environment/path.dsv
-- Up-to-date symlink: /home/majd/Documents/Robotik/ros2_ws/install/simple_drive_control/share/simple_drive_control/local_setup.bash
-- Up-to-date symlink: /home/majd/Documents/Robotik/ros2_ws/install/simple_drive_control/share/simple_drive_control/local_setup.sh
-- Up-to-date symlink: /home/majd/Documents/Robotik/ros2_ws/install/simple_drive_control/share/simple_drive_control/local_setup.zsh
-- Up-to-date symlink: /home/majd/Documents/Robotik/ros2_ws/install/simple_drive_control/share/simple_drive_control/local_setup.dsv
-- Symlinking: /home/majd/Documents/Robotik/ros2_ws/install/simple_drive_control/share/simple_drive_control/package.dsv
-- Up-to-date symlink: /home/majd/Documents/Robotik/ros2_ws/install/simple_drive_control/share/ament_index/resource_index/packages/simple_drive_control
-- Up-to-date symlink: /home/majd/Documents/Robotik/ros2_ws/install/simple_drive_control/share/simple_drive_control/cmake/rosidl_cmake-extras.cmake
-- Up-to-date symlink: /home/majd/Documents/Robotik/ros2_ws/install/simple_drive_control/share/simple_drive_control/cmake/ament_cmake_export_dependencies-extras.cmake
-- Up-to-date symlink: /home/majd/Documents/Robotik/ros2_ws/install/simple_drive_control/share/simple_drive_control/cmake/ament_cmake_export_include_directories-extras.cmake
-- Up-to-date symlink: /home/majd/Documents/Robotik/ros2_ws/install/simple_drive_control/share/simple_drive_control/cmake/ament_cmake_export_libraries-extras.cmake
-- Up-to-date symlink: /home/majd/Documents/Robotik/ros2_ws/install/simple_drive_control/share/simple_drive_control/cmake/ament_cmake_export_targets-extras.cmake
-- Up-to-date symlink: /home/majd/Documents/Robotik/ros2_ws/install/simple_drive_control/share/simple_drive_control/cmake/rosidl_cmake_export_typesupport_targets-extras.cmake
-- Up-to-date symlink: /home/majd/Documents/Robotik/ros2_ws/install/simple_drive_control/share/simple_drive_control/cmake/rosidl_cmake_export_typesupport_libraries-extras.cmake
-- Up-to-date symlink: /home/majd/Documents/Robotik/ros2_ws/install/simple_drive_control/share/simple_drive_control/cmake/simple_drive_controlConfig.cmake
-- Up-to-date symlink: /home/majd/Documents/Robotik/ros2_ws/install/simple_drive_control/share/simple_drive_control/cmake/simple_drive_controlConfig-version.cmake
-- Up-to-date symlink: /home/majd/Documents/Robotik/ros2_ws/install/simple_drive_control/share/simple_drive_control/package.xml
-- Up-to-date: /home/majd/Documents/Robotik/ros2_ws/install/simple_drive_control/lib/libsimple_drive_control__rosidl_generator_c.so
-- Up-to-date: /home/majd/Documents/Robotik/ros2_ws/install/simple_drive_control/lib/libsimple_drive_control__rosidl_typesupport_fastrtps_c.so
-- Up-to-date: /home/majd/Documents/Robotik/ros2_ws/install/simple_drive_control/lib/libsimple_drive_control__rosidl_typesupport_fastrtps_cpp.so
-- Up-to-date: /home/majd/Documents/Robotik/ros2_ws/install/simple_drive_control/lib/libsimple_drive_control__rosidl_typesupport_introspection_c.so
-- Up-to-date: /home/majd/Documents/Robotik/ros2_ws/install/simple_drive_control/lib/libsimple_drive_control__rosidl_typesupport_c.so
-- Up-to-date: /home/majd/Documents/Robotik/ros2_ws/install/simple_drive_control/lib/libsimple_drive_control__rosidl_typesupport_introspection_cpp.so
-- Up-to-date: /home/majd/Documents/Robotik/ros2_ws/install/simple_drive_control/lib/libsimple_drive_control__rosidl_typesupport_cpp.so
Listing '/home/majd/Documents/Robotik/ros2_ws/install/simple_drive_control/local/lib/python3.10/dist-packages/simple_drive_control'...
Compiling '/home/majd/Documents/Robotik/ros2_ws/install/simple_drive_control/local/lib/python3.10/dist-packages/simple_drive_control/__init__.py'...
Listing '/home/majd/Documents/Robotik/ros2_ws/install/simple_drive_control/local/lib/python3.10/dist-packages/simple_drive_control/srv'...
-- Up-to-date: /home/majd/Documents/Robotik/ros2_ws/install/simple_drive_control/lib/libsimple_drive_control__rosidl_generator_py.so
-- Up-to-date: /home/majd/Documents/Robotik/ros2_ws/install/simple_drive_control/share/simple_drive_control/cmake/export_simple_drive_control__rosidl_generator_cExport.cmake
-- Up-to-date: /home/majd/Documents/Robotik/ros2_ws/install/simple_drive_control/share/simple_drive_control/cmake/export_simple_drive_control__rosidl_generator_cExport-noconfig.cmake
-- Up-to-date: /home/majd/Documents/Robotik/ros2_ws/install/simple_drive_control/share/simple_drive_control/cmake/export_simple_drive_control__rosidl_typesupport_fastrtps_cExport.cmake
-- Up-to-date: /home/majd/Documents/Robotik/ros2_ws/install/simple_drive_control/share/simple_drive_control/cmake/export_simple_drive_control__rosidl_typesupport_fastrtps_cExport-noconfig.cmake
-- Up-to-date: /home/majd/Documents/Robotik/ros2_ws/install/simple_drive_control/share/simple_drive_control/cmake/export_simple_drive_control__rosidl_generator_cppExport.cmake
-- Up-to-date: /home/majd/Documents/Robotik/ros2_ws/install/simple_drive_control/share/simple_drive_control/cmake/export_simple_drive_control__rosidl_typesupport_fastrtps_cppExport.cmake
-- Up-to-date: /home/majd/Documents/Robotik/ros2_ws/install/simple_drive_control/share/simple_drive_control/cmake/export_simple_drive_control__rosidl_typesupport_fastrtps_cppExport-noconfig.cmake
-- Up-to-date: /home/majd/Documents/Robotik/ros2_ws/install/simple_drive_control/share/simple_drive_control/cmake/simple_drive_control__rosidl_typesupport_introspection_cExport.cmake
-- Up-to-date: /home/majd/Documents/Robotik/ros2_ws/install/simple_drive_control/share/simple_drive_control/cmake/simple_drive_control__rosidl_typesupport_introspection_cExport-noconfig.cmake
-- Up-to-date: /home/majd/Documents/Robotik/ros2_ws/install/simple_drive_control/share/simple_drive_control/cmake/simple_drive_control__rosidl_typesupport_cExport.cmake
-- Up-to-date: /home/majd/Documents/Robotik/ros2_ws/install/simple_drive_control/share/simple_drive_control/cmake/simple_drive_control__rosidl_typesupport_cExport-noconfig.cmake
-- Up-to-date: /home/majd/Documents/Robotik/ros2_ws/install/simple_drive_control/share/simple_drive_control/cmake/simple_drive_control__rosidl_typesupport_introspection_cppExport.cmake
-- Up-to-date: /home/majd/Documents/Robotik/ros2_ws/install/simple_drive_control/share/simple_drive_control/cmake/simple_drive_control__rosidl_typesupport_introspection_cppExport-noconfig.cmake
-- Up-to-date: /home/majd/Documents/Robotik/ros2_ws/install/simple_drive_control/share/simple_drive_control/cmake/simple_drive_control__rosidl_typesupport_cppExport.cmake
-- Up-to-date: /home/majd/Documents/Robotik/ros2_ws/install/simple_drive_control/share/simple_drive_control/cmake/simple_drive_control__rosidl_typesupport_cppExport-noconfig.cmake
-- Up-to-date: /home/majd/Documents/Robotik/ros2_ws/install/simple_drive_control/share/simple_drive_control/cmake/export_simple_drive_control__rosidl_generator_pyExport.cmake
-- Up-to-date: /home/majd/Documents/Robotik/ros2_ws/install/simple_drive_control/share/simple_drive_control/cmake/export_simple_drive_control__rosidl_generator_pyExport-noconfig.cmake
