[0.082s] Invoking command in '/home/majd/Documents/Robotik/ros2_ws/build/simple_drive_control': CMAKE_PREFIX_PATH=${CMAKE_PREFIX_PATH}:/home/majd/Documents/Robotik/ros2_ws/install/py_pubsub:/home/majd/autominy/catkin_ws/install/assignment2_publisher_subscriber:/opt/ros/humble /usr/bin/cmake /home/majd/Documents/Robotik/ros2_ws/src/simple_drive_control -DCMAKE_INSTALL_PREFIX=/home/majd/Documents/Robotik/ros2_ws/install/simple_drive_control
[0.141s] -- Found rclpy: 3.3.4 (/opt/ros/humble/share/rclpy/cmake)
[0.142s] -- Found std_msgs: 4.2.2 (/opt/ros/humble/share/std_msgs/cmake)
[0.776s] -- Override CMake install command with custom implementation using symlinks instead of copying resources
[0.920s] -- Found rosidl_generator_c: 3.1.3 (/opt/ros/humble/share/rosidl_generator_c/cmake)
[0.933s] -- Found rosidl_adapter: 3.1.3 (/opt/ros/humble/share/rosidl_adapter/cmake)
[0.962s] -- Found rosidl_generator_cpp: 3.1.3 (/opt/ros/humble/share/rosidl_generator_cpp/cmake)
[1.012s] -- Using all available rosidl_typesupport_c: rosidl_typesupport_fastrtps_c;rosidl_typesupport_introspection_c
[1.091s] -- Using all available rosidl_typesupport_cpp: rosidl_typesupport_fastrtps_cpp;rosidl_typesupport_introspection_cpp
[1.367s] -- Found rosidl_default_generators: 1.2.0 (/opt/ros/humble/share/rosidl_default_generators/cmake)
[2.825s] -- Found ament_cmake_ros: 0.10.0 (/opt/ros/humble/share/ament_cmake_ros/cmake)
[4.654s] -- Using all available rosidl_typesupport_c: rosidl_typesupport_fastrtps_c;rosidl_typesupport_introspection_c
[5.326s] -- Using all available rosidl_typesupport_cpp: rosidl_typesupport_fastrtps_cpp;rosidl_typesupport_introspection_cpp
[5.435s] -- Found python_cmake_module: 0.10.0 (/opt/ros/humble/share/python_cmake_module/cmake)
[5.549s] -- Using PYTHON_EXECUTABLE: /usr/bin/python3
[5.549s] -- Using PYTHON_INCLUDE_DIRS: /usr/include/python3.10
[5.550s] -- Using PYTHON_LIBRARIES: /usr/lib/x86_64-linux-gnu/libpython3.10.so
[5.783s] -- Configuring done
[5.914s] -- Generating done
[5.928s] -- Build files have been written to: /home/majd/Documents/Robotik/ros2_ws/build/simple_drive_control
[5.968s] Invoked command in '/home/majd/Documents/Robotik/ros2_ws/build/simple_drive_control' returned '0': CMAKE_PREFIX_PATH=${CMAKE_PREFIX_PATH}:/home/majd/Documents/Robotik/ros2_ws/install/py_pubsub:/home/majd/autominy/catkin_ws/install/assignment2_publisher_subscriber:/opt/ros/humble /usr/bin/cmake /home/majd/Documents/Robotik/ros2_ws/src/simple_drive_control -DCMAKE_INSTALL_PREFIX=/home/majd/Documents/Robotik/ros2_ws/install/simple_drive_control
[5.975s] Invoking command in '/home/majd/Documents/Robotik/ros2_ws/build/simple_drive_control': CMAKE_PREFIX_PATH=${CMAKE_PREFIX_PATH}:/home/majd/Documents/Robotik/ros2_ws/install/py_pubsub:/home/majd/autominy/catkin_ws/install/assignment2_publisher_subscriber:/opt/ros/humble /usr/bin/cmake --build /home/majd/Documents/Robotik/ros2_ws/build/simple_drive_control -- -j8 -l8
[6.163s] [  3%] Built target simple_drive_control__cpp
[6.297s] [  3%] Built target ament_cmake_python_symlink_simple_drive_control
[6.343s] [35m[1mConsolidate compiler generated dependencies of target simple_drive_control__rosidl_typesupport_cpp[0m
[6.401s] [ 12%] Built target simple_drive_control__rosidl_typesupport_cpp
[7.741s] running egg_info
[7.746s] writing simple_drive_control.egg-info/PKG-INFO
[7.748s] writing dependency_links to simple_drive_control.egg-info/dependency_links.txt
[7.751s] writing top-level names to simple_drive_control.egg-info/top_level.txt
[7.764s] reading manifest file 'simple_drive_control.egg-info/SOURCES.txt'
[7.764s] writing manifest file 'simple_drive_control.egg-info/SOURCES.txt'
[7.900s] [ 12%] Built target ament_cmake_python_build_simple_drive_control_egg
[7.958s] [35m[1mConsolidate compiler generated dependencies of target simple_drive_control__rosidl_typesupport_introspection_cpp[0m
[8.029s] [ 22%] Built target simple_drive_control__rosidl_typesupport_introspection_cpp
[8.082s] [35m[1mConsolidate compiler generated dependencies of target simple_drive_control__rosidl_typesupport_fastrtps_cpp[0m
[8.141s] [ 32%] Built target simple_drive_control__rosidl_typesupport_fastrtps_cpp
[8.194s] [35m[1mConsolidate compiler generated dependencies of target simple_drive_control__rosidl_generator_c[0m
[8.244s] [ 41%] Built target simple_drive_control__rosidl_generator_c
[8.296s] [35m[1mConsolidate compiler generated dependencies of target simple_drive_control__rosidl_typesupport_introspection_c[0m
[8.350s] [ 51%] Built target simple_drive_control__rosidl_typesupport_introspection_c
[8.406s] [35m[1mConsolidate compiler generated dependencies of target simple_drive_control__rosidl_typesupport_fastrtps_c[0m
[8.455s] [ 61%] Built target simple_drive_control__rosidl_typesupport_fastrtps_c
[8.501s] [35m[1mConsolidate compiler generated dependencies of target simple_drive_control__rosidl_typesupport_c[0m
[8.542s] [ 70%] Built target simple_drive_control__rosidl_typesupport_c
[8.632s] [ 70%] Built target simple_drive_control
[8.728s] [ 74%] Built target simple_drive_control__py
[8.774s] [35m[1mConsolidate compiler generated dependencies of target simple_drive_control__rosidl_generator_py[0m
[8.837s] [ 80%] Built target simple_drive_control__rosidl_generator_py
[8.891s] [35m[1mConsolidate compiler generated dependencies of target simple_drive_control__rosidl_typesupport_fastrtps_c__pyext[0m
[8.959s] [ 87%] Built target simple_drive_control__rosidl_typesupport_fastrtps_c__pyext
[9.009s] [35m[1mConsolidate compiler generated dependencies of target simple_drive_control__rosidl_typesupport_c__pyext[0m
[9.072s] [ 93%] Built target simple_drive_control__rosidl_typesupport_c__pyext
[9.137s] [35m[1mConsolidate compiler generated dependencies of target simple_drive_control__rosidl_typesupport_introspection_c__pyext[0m
[9.204s] [100%] Built target simple_drive_control__rosidl_typesupport_introspection_c__pyext
[9.258s] Invoked command in '/home/majd/Documents/Robotik/ros2_ws/build/simple_drive_control' returned '0': CMAKE_PREFIX_PATH=${CMAKE_PREFIX_PATH}:/home/majd/Documents/Robotik/ros2_ws/install/py_pubsub:/home/majd/autominy/catkin_ws/install/assignment2_publisher_subscriber:/opt/ros/humble /usr/bin/cmake --build /home/majd/Documents/Robotik/ros2_ws/build/simple_drive_control -- -j8 -l8
[9.673s] Invoking command in '/home/majd/Documents/Robotik/ros2_ws/build/simple_drive_control': CMAKE_PREFIX_PATH=${CMAKE_PREFIX_PATH}:/home/majd/Documents/Robotik/ros2_ws/install/py_pubsub:/home/majd/autominy/catkin_ws/install/assignment2_publisher_subscriber:/opt/ros/humble /usr/bin/cmake --install /home/majd/Documents/Robotik/ros2_ws/build/simple_drive_control
[9.711s] -- Install configuration: ""
[9.714s] -- Execute custom install script
[9.715s] -- Up-to-date symlink: /home/majd/Documents/Robotik/ros2_ws/install/simple_drive_control/share/ament_index/resource_index/rosidl_interfaces/simple_drive_control
[9.717s] -- Up-to-date symlink: /home/majd/Documents/Robotik/ros2_ws/install/simple_drive_control/include/simple_drive_control/simple_drive_control/msg/rosidl_generator_c__visibility_control.h
[9.719s] -- Up-to-date symlink: /home/majd/Documents/Robotik/ros2_ws/install/simple_drive_control/include/simple_drive_control/simple_drive_control/srv/detail/driving_maneuver__functions.h
[9.721s] -- Up-to-date symlink: /home/majd/Documents/Robotik/ros2_ws/install/simple_drive_control/include/simple_drive_control/simple_drive_control/srv/detail/driving_maneuver__struct.h
[9.721s] -- Up-to-date symlink: /home/majd/Documents/Robotik/ros2_ws/install/simple_drive_control/include/simple_drive_control/simple_drive_control/srv/detail/driving_maneuver__type_support.h
[9.722s] -- Up-to-date symlink: /home/majd/Documents/Robotik/ros2_ws/install/simple_drive_control/include/simple_drive_control/simple_drive_control/srv/driving_maneuver.h
[9.723s] -- Up-to-date symlink: /home/majd/Documents/Robotik/ros2_ws/install/simple_drive_control/share/simple_drive_control/environment/library_path.sh
[9.723s] -- Up-to-date symlink: /home/majd/Documents/Robotik/ros2_ws/install/simple_drive_control/share/simple_drive_control/environment/library_path.dsv
[9.726s] -- Up-to-date symlink: /home/majd/Documents/Robotik/ros2_ws/install/simple_drive_control/include/simple_drive_control/simple_drive_control/msg/rosidl_typesupport_fastrtps_c__visibility_control.h
[9.727s] -- Up-to-date symlink: /home/majd/Documents/Robotik/ros2_ws/install/simple_drive_control/include/simple_drive_control/simple_drive_control/srv/detail/driving_maneuver__rosidl_typesupport_fastrtps_c.h
[9.730s] -- Up-to-date symlink: /home/majd/Documents/Robotik/ros2_ws/install/simple_drive_control/include/simple_drive_control/simple_drive_control/srv/detail/driving_maneuver__builder.hpp
[9.731s] -- Up-to-date symlink: /home/majd/Documents/Robotik/ros2_ws/install/simple_drive_control/include/simple_drive_control/simple_drive_control/srv/detail/driving_maneuver__struct.hpp
[9.732s] -- Up-to-date symlink: /home/majd/Documents/Robotik/ros2_ws/install/simple_drive_control/include/simple_drive_control/simple_drive_control/srv/detail/driving_maneuver__traits.hpp
[9.732s] -- Up-to-date symlink: /home/majd/Documents/Robotik/ros2_ws/install/simple_drive_control/include/simple_drive_control/simple_drive_control/srv/driving_maneuver.hpp
[9.736s] -- Up-to-date symlink: /home/majd/Documents/Robotik/ros2_ws/install/simple_drive_control/include/simple_drive_control/simple_drive_control/msg/rosidl_typesupport_fastrtps_cpp__visibility_control.h
[9.737s] -- Up-to-date symlink: /home/majd/Documents/Robotik/ros2_ws/install/simple_drive_control/include/simple_drive_control/simple_drive_control/srv/detail/driving_maneuver__rosidl_typesupport_fastrtps_cpp.hpp
[9.739s] -- Up-to-date symlink: /home/majd/Documents/Robotik/ros2_ws/install/simple_drive_control/include/simple_drive_control/simple_drive_control/msg/rosidl_typesupport_introspection_c__visibility_control.h
[9.741s] -- Up-to-date symlink: /home/majd/Documents/Robotik/ros2_ws/install/simple_drive_control/include/simple_drive_control/simple_drive_control/srv/detail/driving_maneuver__rosidl_typesupport_introspection_c.h
[9.743s] -- Up-to-date symlink: /home/majd/Documents/Robotik/ros2_ws/install/simple_drive_control/include/simple_drive_control/simple_drive_control/srv/detail/driving_maneuver__rosidl_typesupport_introspection_cpp.hpp
[9.744s] -- Up-to-date symlink: /home/majd/Documents/Robotik/ros2_ws/install/simple_drive_control/share/simple_drive_control/environment/pythonpath.sh
[9.745s] -- Up-to-date symlink: /home/majd/Documents/Robotik/ros2_ws/install/simple_drive_control/share/simple_drive_control/environment/pythonpath.dsv
[9.748s] -- Up-to-date symlink: /home/majd/Documents/Robotik/ros2_ws/install/simple_drive_control/local/lib/python3.10/dist-packages/simple_drive_control-0.0.1-py3.10.egg-info/PKG-INFO
[9.749s] -- Up-to-date symlink: /home/majd/Documents/Robotik/ros2_ws/install/simple_drive_control/local/lib/python3.10/dist-packages/simple_drive_control-0.0.1-py3.10.egg-info/SOURCES.txt
[9.749s] -- Up-to-date symlink: /home/majd/Documents/Robotik/ros2_ws/install/simple_drive_control/local/lib/python3.10/dist-packages/simple_drive_control-0.0.1-py3.10.egg-info/dependency_links.txt
[9.750s] -- Up-to-date symlink: /home/majd/Documents/Robotik/ros2_ws/install/simple_drive_control/local/lib/python3.10/dist-packages/simple_drive_control-0.0.1-py3.10.egg-info/top_level.txt
[9.752s] -- Up-to-date symlink: /home/majd/Documents/Robotik/ros2_ws/install/simple_drive_control/local/lib/python3.10/dist-packages/simple_drive_control/__init__.py
[9.753s] -- Up-to-date symlink: /home/majd/Documents/Robotik/ros2_ws/install/simple_drive_control/local/lib/python3.10/dist-packages/simple_drive_control/_simple_drive_control_s.ep.rosidl_typesupport_c.c
[9.753s] -- Up-to-date symlink: /home/majd/Documents/Robotik/ros2_ws/install/simple_drive_control/local/lib/python3.10/dist-packages/simple_drive_control/_simple_drive_control_s.ep.rosidl_typesupport_fastrtps_c.c
[9.754s] -- Up-to-date symlink: /home/majd/Documents/Robotik/ros2_ws/install/simple_drive_control/local/lib/python3.10/dist-packages/simple_drive_control/_simple_drive_control_s.ep.rosidl_typesupport_introspection_c.c
[9.754s] -- Up-to-date symlink: /home/majd/Documents/Robotik/ros2_ws/install/simple_drive_control/local/lib/python3.10/dist-packages/simple_drive_control/libsimple_drive_control__rosidl_generator_py.so
[9.755s] -- Up-to-date symlink: /home/majd/Documents/Robotik/ros2_ws/install/simple_drive_control/local/lib/python3.10/dist-packages/simple_drive_control/simple_drive_control_s__rosidl_typesupport_c.cpython-310-x86_64-linux-gnu.so
[9.757s] -- Up-to-date symlink: /home/majd/Documents/Robotik/ros2_ws/install/simple_drive_control/local/lib/python3.10/dist-packages/simple_drive_control/simple_drive_control_s__rosidl_typesupport_fastrtps_c.cpython-310-x86_64-linux-gnu.so
[9.759s] -- Up-to-date symlink: /home/majd/Documents/Robotik/ros2_ws/install/simple_drive_control/local/lib/python3.10/dist-packages/simple_drive_control/simple_drive_control_s__rosidl_typesupport_introspection_c.cpython-310-x86_64-linux-gnu.so
[9.759s] -- Up-to-date symlink: /home/majd/Documents/Robotik/ros2_ws/install/simple_drive_control/local/lib/python3.10/dist-packages/simple_drive_control/srv/__init__.py
[9.760s] -- Up-to-date symlink: /home/majd/Documents/Robotik/ros2_ws/install/simple_drive_control/local/lib/python3.10/dist-packages/simple_drive_control/srv/_driving_maneuver.py
[9.761s] -- Up-to-date symlink: /home/majd/Documents/Robotik/ros2_ws/install/simple_drive_control/local/lib/python3.10/dist-packages/simple_drive_control/srv/_driving_maneuver_s.c
[9.762s] -- Up-to-date symlink: /home/majd/Documents/Robotik/ros2_ws/install/simple_drive_control/local/lib/python3.10/dist-packages/simple_drive_control/simple_drive_control_s__rosidl_typesupport_fastrtps_c.cpython-310-x86_64-linux-gnu.so
[9.764s] -- Up-to-date symlink: /home/majd/Documents/Robotik/ros2_ws/install/simple_drive_control/local/lib/python3.10/dist-packages/simple_drive_control/simple_drive_control_s__rosidl_typesupport_introspection_c.cpython-310-x86_64-linux-gnu.so
[9.765s] -- Up-to-date symlink: /home/majd/Documents/Robotik/ros2_ws/install/simple_drive_control/local/lib/python3.10/dist-packages/simple_drive_control/simple_drive_control_s__rosidl_typesupport_c.cpython-310-x86_64-linux-gnu.so
[9.766s] -- Up-to-date symlink: /home/majd/Documents/Robotik/ros2_ws/install/simple_drive_control/share/simple_drive_control/srv/DrivingManeuver.idl
[9.767s] -- Up-to-date symlink: /home/majd/Documents/Robotik/ros2_ws/install/simple_drive_control/share/simple_drive_control/srv/DrivingManeuver.srv
[9.768s] -- Up-to-date symlink: /home/majd/Documents/Robotik/ros2_ws/install/simple_drive_control/share/simple_drive_control/srv/DrivingManeuver_Request.msg
[9.769s] -- Up-to-date symlink: /home/majd/Documents/Robotik/ros2_ws/install/simple_drive_control/share/simple_drive_control/srv/DrivingManeuver_Response.msg
[9.770s] -- Up-to-date symlink: /home/majd/Documents/Robotik/ros2_ws/install/simple_drive_control/share/simple_drive_control/launch/simple_drive_control.launch
[9.771s] -- Up-to-date symlink: /home/majd/Documents/Robotik/ros2_ws/install/simple_drive_control/lib/simple_drive_control/drive_control.py
[9.773s] -- Up-to-date symlink: /home/majd/Documents/Robotik/ros2_ws/install/simple_drive_control/share/ament_index/resource_index/package_run_dependencies/simple_drive_control
[9.775s] -- Up-to-date symlink: /home/majd/Documents/Robotik/ros2_ws/install/simple_drive_control/share/ament_index/resource_index/parent_prefix_path/simple_drive_control
[9.776s] -- Up-to-date symlink: /home/majd/Documents/Robotik/ros2_ws/install/simple_drive_control/share/simple_drive_control/environment/ament_prefix_path.sh
[9.777s] -- Up-to-date symlink: /home/majd/Documents/Robotik/ros2_ws/install/simple_drive_control/share/simple_drive_control/environment/ament_prefix_path.dsv
[9.778s] -- Up-to-date symlink: /home/majd/Documents/Robotik/ros2_ws/install/simple_drive_control/share/simple_drive_control/environment/path.sh
[9.779s] -- Up-to-date symlink: /home/majd/Documents/Robotik/ros2_ws/install/simple_drive_control/share/simple_drive_control/environment/path.dsv
[9.780s] -- Up-to-date symlink: /home/majd/Documents/Robotik/ros2_ws/install/simple_drive_control/share/simple_drive_control/local_setup.bash
[9.781s] -- Up-to-date symlink: /home/majd/Documents/Robotik/ros2_ws/install/simple_drive_control/share/simple_drive_control/local_setup.sh
[9.782s] -- Up-to-date symlink: /home/majd/Documents/Robotik/ros2_ws/install/simple_drive_control/share/simple_drive_control/local_setup.zsh
[9.782s] -- Up-to-date symlink: /home/majd/Documents/Robotik/ros2_ws/install/simple_drive_control/share/simple_drive_control/local_setup.dsv
[9.784s] -- Symlinking: /home/majd/Documents/Robotik/ros2_ws/install/simple_drive_control/share/simple_drive_control/package.dsv
[9.828s] -- Up-to-date symlink: /home/majd/Documents/Robotik/ros2_ws/install/simple_drive_control/share/ament_index/resource_index/packages/simple_drive_control
[9.830s] -- Up-to-date symlink: /home/majd/Documents/Robotik/ros2_ws/install/simple_drive_control/share/simple_drive_control/cmake/rosidl_cmake-extras.cmake
[9.831s] -- Up-to-date symlink: /home/majd/Documents/Robotik/ros2_ws/install/simple_drive_control/share/simple_drive_control/cmake/ament_cmake_export_dependencies-extras.cmake
[9.833s] -- Up-to-date symlink: /home/majd/Documents/Robotik/ros2_ws/install/simple_drive_control/share/simple_drive_control/cmake/ament_cmake_export_include_directories-extras.cmake
[9.833s] -- Up-to-date symlink: /home/majd/Documents/Robotik/ros2_ws/install/simple_drive_control/share/simple_drive_control/cmake/ament_cmake_export_libraries-extras.cmake
[9.834s] -- Up-to-date symlink: /home/majd/Documents/Robotik/ros2_ws/install/simple_drive_control/share/simple_drive_control/cmake/ament_cmake_export_targets-extras.cmake
[9.835s] -- Up-to-date symlink: /home/majd/Documents/Robotik/ros2_ws/install/simple_drive_control/share/simple_drive_control/cmake/rosidl_cmake_export_typesupport_targets-extras.cmake
[9.836s] -- Up-to-date symlink: /home/majd/Documents/Robotik/ros2_ws/install/simple_drive_control/share/simple_drive_control/cmake/rosidl_cmake_export_typesupport_libraries-extras.cmake
[9.837s] -- Up-to-date symlink: /home/majd/Documents/Robotik/ros2_ws/install/simple_drive_control/share/simple_drive_control/cmake/simple_drive_controlConfig.cmake
[9.837s] -- Up-to-date symlink: /home/majd/Documents/Robotik/ros2_ws/install/simple_drive_control/share/simple_drive_control/cmake/simple_drive_controlConfig-version.cmake
[9.838s] -- Up-to-date symlink: /home/majd/Documents/Robotik/ros2_ws/install/simple_drive_control/share/simple_drive_control/package.xml
[9.839s] -- Up-to-date: /home/majd/Documents/Robotik/ros2_ws/install/simple_drive_control/lib/libsimple_drive_control__rosidl_generator_c.so
[9.840s] -- Up-to-date: /home/majd/Documents/Robotik/ros2_ws/install/simple_drive_control/lib/libsimple_drive_control__rosidl_typesupport_fastrtps_c.so
[9.842s] -- Up-to-date: /home/majd/Documents/Robotik/ros2_ws/install/simple_drive_control/lib/libsimple_drive_control__rosidl_typesupport_fastrtps_cpp.so
[9.843s] -- Up-to-date: /home/majd/Documents/Robotik/ros2_ws/install/simple_drive_control/lib/libsimple_drive_control__rosidl_typesupport_introspection_c.so
[9.845s] -- Up-to-date: /home/majd/Documents/Robotik/ros2_ws/install/simple_drive_control/lib/libsimple_drive_control__rosidl_typesupport_c.so
[9.847s] -- Up-to-date: /home/majd/Documents/Robotik/ros2_ws/install/simple_drive_control/lib/libsimple_drive_control__rosidl_typesupport_introspection_cpp.so
[9.849s] -- Up-to-date: /home/majd/Documents/Robotik/ros2_ws/install/simple_drive_control/lib/libsimple_drive_control__rosidl_typesupport_cpp.so
[10.053s] Listing '/home/majd/Documents/Robotik/ros2_ws/install/simple_drive_control/local/lib/python3.10/dist-packages/simple_drive_control'...
[10.053s] Compiling '/home/majd/Documents/Robotik/ros2_ws/install/simple_drive_control/local/lib/python3.10/dist-packages/simple_drive_control/__init__.py'...
[10.054s] Listing '/home/majd/Documents/Robotik/ros2_ws/install/simple_drive_control/local/lib/python3.10/dist-packages/simple_drive_control/srv'...
[10.083s] -- Up-to-date: /home/majd/Documents/Robotik/ros2_ws/install/simple_drive_control/lib/libsimple_drive_control__rosidl_generator_py.so
[10.084s] -- Up-to-date: /home/majd/Documents/Robotik/ros2_ws/install/simple_drive_control/share/simple_drive_control/cmake/export_simple_drive_control__rosidl_generator_cExport.cmake
[10.084s] -- Up-to-date: /home/majd/Documents/Robotik/ros2_ws/install/simple_drive_control/share/simple_drive_control/cmake/export_simple_drive_control__rosidl_generator_cExport-noconfig.cmake
[10.085s] -- Up-to-date: /home/majd/Documents/Robotik/ros2_ws/install/simple_drive_control/share/simple_drive_control/cmake/export_simple_drive_control__rosidl_typesupport_fastrtps_cExport.cmake
[10.085s] -- Up-to-date: /home/majd/Documents/Robotik/ros2_ws/install/simple_drive_control/share/simple_drive_control/cmake/export_simple_drive_control__rosidl_typesupport_fastrtps_cExport-noconfig.cmake
[10.085s] -- Up-to-date: /home/majd/Documents/Robotik/ros2_ws/install/simple_drive_control/share/simple_drive_control/cmake/export_simple_drive_control__rosidl_generator_cppExport.cmake
[10.086s] -- Up-to-date: /home/majd/Documents/Robotik/ros2_ws/install/simple_drive_control/share/simple_drive_control/cmake/export_simple_drive_control__rosidl_typesupport_fastrtps_cppExport.cmake
[10.086s] -- Up-to-date: /home/majd/Documents/Robotik/ros2_ws/install/simple_drive_control/share/simple_drive_control/cmake/export_simple_drive_control__rosidl_typesupport_fastrtps_cppExport-noconfig.cmake
[10.087s] -- Up-to-date: /home/majd/Documents/Robotik/ros2_ws/install/simple_drive_control/share/simple_drive_control/cmake/simple_drive_control__rosidl_typesupport_introspection_cExport.cmake
[10.087s] -- Up-to-date: /home/majd/Documents/Robotik/ros2_ws/install/simple_drive_control/share/simple_drive_control/cmake/simple_drive_control__rosidl_typesupport_introspection_cExport-noconfig.cmake
[10.088s] -- Up-to-date: /home/majd/Documents/Robotik/ros2_ws/install/simple_drive_control/share/simple_drive_control/cmake/simple_drive_control__rosidl_typesupport_cExport.cmake
[10.088s] -- Up-to-date: /home/majd/Documents/Robotik/ros2_ws/install/simple_drive_control/share/simple_drive_control/cmake/simple_drive_control__rosidl_typesupport_cExport-noconfig.cmake
[10.089s] -- Up-to-date: /home/majd/Documents/Robotik/ros2_ws/install/simple_drive_control/share/simple_drive_control/cmake/simple_drive_control__rosidl_typesupport_introspection_cppExport.cmake
[10.089s] -- Up-to-date: /home/majd/Documents/Robotik/ros2_ws/install/simple_drive_control/share/simple_drive_control/cmake/simple_drive_control__rosidl_typesupport_introspection_cppExport-noconfig.cmake
[10.089s] -- Up-to-date: /home/majd/Documents/Robotik/ros2_ws/install/simple_drive_control/share/simple_drive_control/cmake/simple_drive_control__rosidl_typesupport_cppExport.cmake
[10.090s] -- Up-to-date: /home/majd/Documents/Robotik/ros2_ws/install/simple_drive_control/share/simple_drive_control/cmake/simple_drive_control__rosidl_typesupport_cppExport-noconfig.cmake
[10.090s] -- Up-to-date: /home/majd/Documents/Robotik/ros2_ws/install/simple_drive_control/share/simple_drive_control/cmake/export_simple_drive_control__rosidl_generator_pyExport.cmake
[10.090s] -- Up-to-date: /home/majd/Documents/Robotik/ros2_ws/install/simple_drive_control/share/simple_drive_control/cmake/export_simple_drive_control__rosidl_generator_pyExport-noconfig.cmake
[10.112s] Invoked command in '/home/majd/Documents/Robotik/ros2_ws/build/simple_drive_control' returned '0': CMAKE_PREFIX_PATH=${CMAKE_PREFIX_PATH}:/home/majd/Documents/Robotik/ros2_ws/install/py_pubsub:/home/majd/autominy/catkin_ws/install/assignment2_publisher_subscriber:/opt/ros/humble /usr/bin/cmake --install /home/majd/Documents/Robotik/ros2_ws/build/simple_drive_control
