[0.096s] Invoking command in '/home/majd/Documents/Robotik/ros2_ws/build/simple_parking_maneuver': CMAKE_PREFIX_PATH=/home/majd/Documents/Robotik/ros2_ws/install/simple_drive_control:/home/majd/Documents/Robotik/ros2_ws/install/turtlesim:/home/majd/Documents/Robotik/ros2_ws/install/simple_parking_maneuver:/home/majd/Documents/Robotik/ros2_ws/install/assignment2_publisher_subscriber2:/home/majd/Documents/Robotik/ros2_ws/install/assignment2_publisher_subscriber:/home/majd/autominy/catkin_ws/install/world_description:/home/majd/autominy/catkin_ws/install/stereo_camera_pose_estimation:/home/majd/autominy/catkin_ws/install/sim_car_controller:/home/majd/autominy/catkin_ws/install/arduino_communication:/home/majd/autominy/catkin_ws/install/serial:/home/majd/autominy/catkin_ws/install/road_marking_localization:/home/majd/autominy/catkin_ws/install/remote_control:/home/majd/autominy/catkin_ws/install/car_description:/home/majd/autominy/catkin_ws/install/odometry:/home/majd/autominy/catkin_ws/install/map_publisher:/home/majd/autominy/catkin_ws/install/low_voltage_shutdown:/home/majd/autominy/catkin_ws/install/lidar_pose_estimation:/home/majd/autominy/catkin_ws/install/hardware_calibration:/home/majd/autominy/catkin_ws/install/emergency_stop:/home/majd/autominy/catkin_ws/install/bno055_usb_stick:/home/majd/autominy/catkin_ws/install/bno055_usb_stick_msgs:/home/majd/autominy/catkin_ws/install/autominy_sim:/home/majd/autominy/catkin_ws/install/autominy_msgs:/home/majd/autominy/catkin_ws/install/autominy:/home/majd/Documents/Robotik/ros2_ws/install/py_pubsub:/home/majd/autominy/catkin_ws/install/assignment2_publisher_subscriber:/opt/ros/humble LD_LIBRARY_PATH=/home/majd/Documents/Robotik/ros2_ws/install/simple_drive_control/lib:/home/majd/Documents/Robotik/ros2_ws/install/turtlesim/lib:/home/majd/Documents/Robotik/ros2_ws/install/simple_parking_maneuver/lib:/home/majd/autominy/catkin_ws/install/stereo_camera_pose_estimation/lib:/home/majd/autominy/catkin_ws/install/sim_car_controller/lib:/home/majd/autominy/catkin_ws/install/serial/lib:/home/majd/autominy/catkin_ws/install/road_marking_localization/lib:/home/majd/autominy/catkin_ws/install/remote_control/lib:/home/majd/autominy/catkin_ws/install/odometry/lib:/home/majd/autominy/catkin_ws/install/low_voltage_shutdown/lib:/home/majd/autominy/catkin_ws/install/lidar_pose_estimation/lib:/home/majd/autominy/catkin_ws/install/hardware_calibration/lib:/home/majd/autominy/catkin_ws/install/emergency_stop/lib:/home/majd/autominy/catkin_ws/install/bno055_usb_stick_msgs/lib:/home/majd/autominy/catkin_ws/install/autominy_msgs/lib:/usr/lib/x86_64-linux-gnu/gazebo-11/plugins:/opt/ros/humble/opt/rviz_ogre_vendor/lib:/opt/ros/humble/lib/x86_64-linux-gnu:/opt/ros/humble/lib /usr/bin/cmake --build /home/majd/Documents/Robotik/ros2_ws/build/simple_parking_maneuver -- -j8 -l8
[0.357s] [  3%] Built target simple_parking_maneuver__cpp
[0.476s] [  3%] Built target ament_cmake_python_symlink_simple_parking_maneuver
[0.561s] [ 12%] Built target simple_parking_maneuver__rosidl_typesupport_introspection_cpp
[1.815s] running egg_info
[1.821s] writing simple_parking_maneuver.egg-info/PKG-INFO
[1.822s] writing dependency_links to simple_parking_maneuver.egg-info/dependency_links.txt
[1.823s] writing top-level names to simple_parking_maneuver.egg-info/top_level.txt
[1.831s] reading manifest file 'simple_parking_maneuver.egg-info/SOURCES.txt'
[1.833s] writing manifest file 'simple_parking_maneuver.egg-info/SOURCES.txt'
[1.962s] [ 12%] Built target ament_cmake_python_build_simple_parking_maneuver_egg
[2.058s] [ 22%] Built target simple_parking_maneuver__rosidl_typesupport_fastrtps_cpp
[2.168s] [ 32%] Built target simple_parking_maneuver__rosidl_typesupport_cpp
[2.263s] [ 41%] Built target simple_parking_maneuver__rosidl_generator_c
[2.360s] [ 51%] Built target simple_parking_maneuver__rosidl_typesupport_fastrtps_c
[2.462s] [ 61%] Built target simple_parking_maneuver__rosidl_typesupport_c
[2.558s] [ 70%] Built target simple_parking_maneuver__rosidl_typesupport_introspection_c
[2.651s] [ 70%] Built target simple_parking_maneuver
[2.750s] [ 74%] Built target simple_parking_maneuver__py
[2.840s] [ 80%] Built target simple_parking_maneuver__rosidl_generator_py
[2.942s] [ 87%] Built target simple_parking_maneuver__rosidl_typesupport_fastrtps_c__pyext
[3.040s] [ 93%] Built target simple_parking_maneuver__rosidl_typesupport_c__pyext
[3.139s] [100%] Built target simple_parking_maneuver__rosidl_typesupport_introspection_c__pyext
[3.191s] Invoked command in '/home/majd/Documents/Robotik/ros2_ws/build/simple_parking_maneuver' returned '0': CMAKE_PREFIX_PATH=/home/majd/Documents/Robotik/ros2_ws/install/simple_drive_control:/home/majd/Documents/Robotik/ros2_ws/install/turtlesim:/home/majd/Documents/Robotik/ros2_ws/install/simple_parking_maneuver:/home/majd/Documents/Robotik/ros2_ws/install/assignment2_publisher_subscriber2:/home/majd/Documents/Robotik/ros2_ws/install/assignment2_publisher_subscriber:/home/majd/autominy/catkin_ws/install/world_description:/home/majd/autominy/catkin_ws/install/stereo_camera_pose_estimation:/home/majd/autominy/catkin_ws/install/sim_car_controller:/home/majd/autominy/catkin_ws/install/arduino_communication:/home/majd/autominy/catkin_ws/install/serial:/home/majd/autominy/catkin_ws/install/road_marking_localization:/home/majd/autominy/catkin_ws/install/remote_control:/home/majd/autominy/catkin_ws/install/car_description:/home/majd/autominy/catkin_ws/install/odometry:/home/majd/autominy/catkin_ws/install/map_publisher:/home/majd/autominy/catkin_ws/install/low_voltage_shutdown:/home/majd/autominy/catkin_ws/install/lidar_pose_estimation:/home/majd/autominy/catkin_ws/install/hardware_calibration:/home/majd/autominy/catkin_ws/install/emergency_stop:/home/majd/autominy/catkin_ws/install/bno055_usb_stick:/home/majd/autominy/catkin_ws/install/bno055_usb_stick_msgs:/home/majd/autominy/catkin_ws/install/autominy_sim:/home/majd/autominy/catkin_ws/install/autominy_msgs:/home/majd/autominy/catkin_ws/install/autominy:/home/majd/Documents/Robotik/ros2_ws/install/py_pubsub:/home/majd/autominy/catkin_ws/install/assignment2_publisher_subscriber:/opt/ros/humble LD_LIBRARY_PATH=/home/majd/Documents/Robotik/ros2_ws/install/simple_drive_control/lib:/home/majd/Documents/Robotik/ros2_ws/install/turtlesim/lib:/home/majd/Documents/Robotik/ros2_ws/install/simple_parking_maneuver/lib:/home/majd/autominy/catkin_ws/install/stereo_camera_pose_estimation/lib:/home/majd/autominy/catkin_ws/install/sim_car_controller/lib:/home/majd/autominy/catkin_ws/install/serial/lib:/home/majd/autominy/catkin_ws/install/road_marking_localization/lib:/home/majd/autominy/catkin_ws/install/remote_control/lib:/home/majd/autominy/catkin_ws/install/odometry/lib:/home/majd/autominy/catkin_ws/install/low_voltage_shutdown/lib:/home/majd/autominy/catkin_ws/install/lidar_pose_estimation/lib:/home/majd/autominy/catkin_ws/install/hardware_calibration/lib:/home/majd/autominy/catkin_ws/install/emergency_stop/lib:/home/majd/autominy/catkin_ws/install/bno055_usb_stick_msgs/lib:/home/majd/autominy/catkin_ws/install/autominy_msgs/lib:/usr/lib/x86_64-linux-gnu/gazebo-11/plugins:/opt/ros/humble/opt/rviz_ogre_vendor/lib:/opt/ros/humble/lib/x86_64-linux-gnu:/opt/ros/humble/lib /usr/bin/cmake --build /home/majd/Documents/Robotik/ros2_ws/build/simple_parking_maneuver -- -j8 -l8
[3.569s] Invoking command in '/home/majd/Documents/Robotik/ros2_ws/build/simple_parking_maneuver': CMAKE_PREFIX_PATH=/home/majd/Documents/Robotik/ros2_ws/install/simple_drive_control:/home/majd/Documents/Robotik/ros2_ws/install/turtlesim:/home/majd/Documents/Robotik/ros2_ws/install/simple_parking_maneuver:/home/majd/Documents/Robotik/ros2_ws/install/assignment2_publisher_subscriber2:/home/majd/Documents/Robotik/ros2_ws/install/assignment2_publisher_subscriber:/home/majd/autominy/catkin_ws/install/world_description:/home/majd/autominy/catkin_ws/install/stereo_camera_pose_estimation:/home/majd/autominy/catkin_ws/install/sim_car_controller:/home/majd/autominy/catkin_ws/install/arduino_communication:/home/majd/autominy/catkin_ws/install/serial:/home/majd/autominy/catkin_ws/install/road_marking_localization:/home/majd/autominy/catkin_ws/install/remote_control:/home/majd/autominy/catkin_ws/install/car_description:/home/majd/autominy/catkin_ws/install/odometry:/home/majd/autominy/catkin_ws/install/map_publisher:/home/majd/autominy/catkin_ws/install/low_voltage_shutdown:/home/majd/autominy/catkin_ws/install/lidar_pose_estimation:/home/majd/autominy/catkin_ws/install/hardware_calibration:/home/majd/autominy/catkin_ws/install/emergency_stop:/home/majd/autominy/catkin_ws/install/bno055_usb_stick:/home/majd/autominy/catkin_ws/install/bno055_usb_stick_msgs:/home/majd/autominy/catkin_ws/install/autominy_sim:/home/majd/autominy/catkin_ws/install/autominy_msgs:/home/majd/autominy/catkin_ws/install/autominy:/home/majd/Documents/Robotik/ros2_ws/install/py_pubsub:/home/majd/autominy/catkin_ws/install/assignment2_publisher_subscriber:/opt/ros/humble LD_LIBRARY_PATH=/home/majd/Documents/Robotik/ros2_ws/install/simple_drive_control/lib:/home/majd/Documents/Robotik/ros2_ws/install/turtlesim/lib:/home/majd/Documents/Robotik/ros2_ws/install/simple_parking_maneuver/lib:/home/majd/autominy/catkin_ws/install/stereo_camera_pose_estimation/lib:/home/majd/autominy/catkin_ws/install/sim_car_controller/lib:/home/majd/autominy/catkin_ws/install/serial/lib:/home/majd/autominy/catkin_ws/install/road_marking_localization/lib:/home/majd/autominy/catkin_ws/install/remote_control/lib:/home/majd/autominy/catkin_ws/install/odometry/lib:/home/majd/autominy/catkin_ws/install/low_voltage_shutdown/lib:/home/majd/autominy/catkin_ws/install/lidar_pose_estimation/lib:/home/majd/autominy/catkin_ws/install/hardware_calibration/lib:/home/majd/autominy/catkin_ws/install/emergency_stop/lib:/home/majd/autominy/catkin_ws/install/bno055_usb_stick_msgs/lib:/home/majd/autominy/catkin_ws/install/autominy_msgs/lib:/usr/lib/x86_64-linux-gnu/gazebo-11/plugins:/opt/ros/humble/opt/rviz_ogre_vendor/lib:/opt/ros/humble/lib/x86_64-linux-gnu:/opt/ros/humble/lib /usr/bin/cmake --install /home/majd/Documents/Robotik/ros2_ws/build/simple_parking_maneuver
[3.599s] -- Install configuration: ""
[3.600s] -- Execute custom install script
[3.601s] -- Up-to-date symlink: /home/majd/Documents/Robotik/ros2_ws/install/simple_parking_maneuver/share/ament_index/resource_index/rosidl_interfaces/simple_parking_maneuver
[3.602s] -- Up-to-date symlink: /home/majd/Documents/Robotik/ros2_ws/install/simple_parking_maneuver/include/simple_parking_maneuver/simple_parking_maneuver/msg/rosidl_generator_c__visibility_control.h
[3.603s] -- Up-to-date symlink: /home/majd/Documents/Robotik/ros2_ws/install/simple_parking_maneuver/include/simple_parking_maneuver/simple_parking_maneuver/srv/detail/parking_maneuver__functions.h
[3.604s] -- Up-to-date symlink: /home/majd/Documents/Robotik/ros2_ws/install/simple_parking_maneuver/include/simple_parking_maneuver/simple_parking_maneuver/srv/detail/parking_maneuver__struct.h
[3.608s] -- Up-to-date symlink: /home/majd/Documents/Robotik/ros2_ws/install/simple_parking_maneuver/include/simple_parking_maneuver/simple_parking_maneuver/srv/detail/parking_maneuver__type_support.h
[3.609s] -- Up-to-date symlink: /home/majd/Documents/Robotik/ros2_ws/install/simple_parking_maneuver/include/simple_parking_maneuver/simple_parking_maneuver/srv/parking_maneuver.h
[3.609s] -- Up-to-date symlink: /home/majd/Documents/Robotik/ros2_ws/install/simple_parking_maneuver/share/simple_parking_maneuver/environment/library_path.sh
[3.610s] -- Up-to-date symlink: /home/majd/Documents/Robotik/ros2_ws/install/simple_parking_maneuver/share/simple_parking_maneuver/environment/library_path.dsv
[3.611s] -- Up-to-date symlink: /home/majd/Documents/Robotik/ros2_ws/install/simple_parking_maneuver/include/simple_parking_maneuver/simple_parking_maneuver/msg/rosidl_typesupport_fastrtps_c__visibility_control.h
[3.612s] -- Up-to-date symlink: /home/majd/Documents/Robotik/ros2_ws/install/simple_parking_maneuver/include/simple_parking_maneuver/simple_parking_maneuver/srv/detail/parking_maneuver__rosidl_typesupport_fastrtps_c.h
[3.613s] -- Up-to-date symlink: /home/majd/Documents/Robotik/ros2_ws/install/simple_parking_maneuver/include/simple_parking_maneuver/simple_parking_maneuver/srv/detail/parking_maneuver__builder.hpp
[3.614s] -- Up-to-date symlink: /home/majd/Documents/Robotik/ros2_ws/install/simple_parking_maneuver/include/simple_parking_maneuver/simple_parking_maneuver/srv/detail/parking_maneuver__struct.hpp
[3.614s] -- Up-to-date symlink: /home/majd/Documents/Robotik/ros2_ws/install/simple_parking_maneuver/include/simple_parking_maneuver/simple_parking_maneuver/srv/detail/parking_maneuver__traits.hpp
[3.615s] -- Up-to-date symlink: /home/majd/Documents/Robotik/ros2_ws/install/simple_parking_maneuver/include/simple_parking_maneuver/simple_parking_maneuver/srv/parking_maneuver.hpp
[3.616s] -- Up-to-date symlink: /home/majd/Documents/Robotik/ros2_ws/install/simple_parking_maneuver/include/simple_parking_maneuver/simple_parking_maneuver/msg/rosidl_typesupport_fastrtps_cpp__visibility_control.h
[3.617s] -- Up-to-date symlink: /home/majd/Documents/Robotik/ros2_ws/install/simple_parking_maneuver/include/simple_parking_maneuver/simple_parking_maneuver/srv/detail/parking_maneuver__rosidl_typesupport_fastrtps_cpp.hpp
[3.618s] -- Up-to-date symlink: /home/majd/Documents/Robotik/ros2_ws/install/simple_parking_maneuver/include/simple_parking_maneuver/simple_parking_maneuver/msg/rosidl_typesupport_introspection_c__visibility_control.h
[3.619s] -- Up-to-date symlink: /home/majd/Documents/Robotik/ros2_ws/install/simple_parking_maneuver/include/simple_parking_maneuver/simple_parking_maneuver/srv/detail/parking_maneuver__rosidl_typesupport_introspection_c.h
[3.619s] -- Up-to-date symlink: /home/majd/Documents/Robotik/ros2_ws/install/simple_parking_maneuver/include/simple_parking_maneuver/simple_parking_maneuver/srv/detail/parking_maneuver__rosidl_typesupport_introspection_cpp.hpp
[3.620s] -- Up-to-date symlink: /home/majd/Documents/Robotik/ros2_ws/install/simple_parking_maneuver/share/simple_parking_maneuver/environment/pythonpath.sh
[3.622s] -- Up-to-date symlink: /home/majd/Documents/Robotik/ros2_ws/install/simple_parking_maneuver/share/simple_parking_maneuver/environment/pythonpath.dsv
[3.624s] -- Up-to-date symlink: /home/majd/Documents/Robotik/ros2_ws/install/simple_parking_maneuver/local/lib/python3.10/dist-packages/simple_parking_maneuver-0.0.1-py3.10.egg-info/PKG-INFO
[3.624s] -- Up-to-date symlink: /home/majd/Documents/Robotik/ros2_ws/install/simple_parking_maneuver/local/lib/python3.10/dist-packages/simple_parking_maneuver-0.0.1-py3.10.egg-info/SOURCES.txt
[3.625s] -- Up-to-date symlink: /home/majd/Documents/Robotik/ros2_ws/install/simple_parking_maneuver/local/lib/python3.10/dist-packages/simple_parking_maneuver-0.0.1-py3.10.egg-info/dependency_links.txt
[3.626s] -- Up-to-date symlink: /home/majd/Documents/Robotik/ros2_ws/install/simple_parking_maneuver/local/lib/python3.10/dist-packages/simple_parking_maneuver-0.0.1-py3.10.egg-info/top_level.txt
[3.629s] -- Up-to-date symlink: /home/majd/Documents/Robotik/ros2_ws/install/simple_parking_maneuver/local/lib/python3.10/dist-packages/simple_parking_maneuver/__init__.py
[3.630s] -- Up-to-date symlink: /home/majd/Documents/Robotik/ros2_ws/install/simple_parking_maneuver/local/lib/python3.10/dist-packages/simple_parking_maneuver/_simple_parking_maneuver_s.ep.rosidl_typesupport_c.c
[3.630s] -- Up-to-date symlink: /home/majd/Documents/Robotik/ros2_ws/install/simple_parking_maneuver/local/lib/python3.10/dist-packages/simple_parking_maneuver/_simple_parking_maneuver_s.ep.rosidl_typesupport_fastrtps_c.c
[3.631s] -- Up-to-date symlink: /home/majd/Documents/Robotik/ros2_ws/install/simple_parking_maneuver/local/lib/python3.10/dist-packages/simple_parking_maneuver/_simple_parking_maneuver_s.ep.rosidl_typesupport_introspection_c.c
[3.631s] -- Up-to-date symlink: /home/majd/Documents/Robotik/ros2_ws/install/simple_parking_maneuver/local/lib/python3.10/dist-packages/simple_parking_maneuver/libsimple_parking_maneuver__rosidl_generator_py.so
[3.632s] -- Up-to-date symlink: /home/majd/Documents/Robotik/ros2_ws/install/simple_parking_maneuver/local/lib/python3.10/dist-packages/simple_parking_maneuver/simple_parking_maneuver_s__rosidl_typesupport_c.cpython-310-x86_64-linux-gnu.so
[3.633s] -- Up-to-date symlink: /home/majd/Documents/Robotik/ros2_ws/install/simple_parking_maneuver/local/lib/python3.10/dist-packages/simple_parking_maneuver/simple_parking_maneuver_s__rosidl_typesupport_fastrtps_c.cpython-310-x86_64-linux-gnu.so
[3.633s] -- Up-to-date symlink: /home/majd/Documents/Robotik/ros2_ws/install/simple_parking_maneuver/local/lib/python3.10/dist-packages/simple_parking_maneuver/simple_parking_maneuver_s__rosidl_typesupport_introspection_c.cpython-310-x86_64-linux-gnu.so
[3.634s] -- Up-to-date symlink: /home/majd/Documents/Robotik/ros2_ws/install/simple_parking_maneuver/local/lib/python3.10/dist-packages/simple_parking_maneuver/srv/__init__.py
[3.634s] -- Up-to-date symlink: /home/majd/Documents/Robotik/ros2_ws/install/simple_parking_maneuver/local/lib/python3.10/dist-packages/simple_parking_maneuver/srv/_parking_maneuver.py
[3.635s] -- Up-to-date symlink: /home/majd/Documents/Robotik/ros2_ws/install/simple_parking_maneuver/local/lib/python3.10/dist-packages/simple_parking_maneuver/srv/_parking_maneuver_s.c
[3.637s] -- Up-to-date symlink: /home/majd/Documents/Robotik/ros2_ws/install/simple_parking_maneuver/local/lib/python3.10/dist-packages/simple_parking_maneuver/simple_parking_maneuver_s__rosidl_typesupport_fastrtps_c.cpython-310-x86_64-linux-gnu.so
[3.639s] -- Up-to-date symlink: /home/majd/Documents/Robotik/ros2_ws/install/simple_parking_maneuver/local/lib/python3.10/dist-packages/simple_parking_maneuver/simple_parking_maneuver_s__rosidl_typesupport_introspection_c.cpython-310-x86_64-linux-gnu.so
[3.640s] -- Up-to-date symlink: /home/majd/Documents/Robotik/ros2_ws/install/simple_parking_maneuver/local/lib/python3.10/dist-packages/simple_parking_maneuver/simple_parking_maneuver_s__rosidl_typesupport_c.cpython-310-x86_64-linux-gnu.so
[3.641s] -- Up-to-date symlink: /home/majd/Documents/Robotik/ros2_ws/install/simple_parking_maneuver/share/simple_parking_maneuver/srv/ParkingManeuver.idl
[3.641s] -- Up-to-date symlink: /home/majd/Documents/Robotik/ros2_ws/install/simple_parking_maneuver/share/simple_parking_maneuver/srv/ParkingManeuver.srv
[3.643s] -- Up-to-date symlink: /home/majd/Documents/Robotik/ros2_ws/install/simple_parking_maneuver/share/simple_parking_maneuver/srv/ParkingManeuver_Request.msg
[3.644s] -- Up-to-date symlink: /home/majd/Documents/Robotik/ros2_ws/install/simple_parking_maneuver/share/simple_parking_maneuver/srv/ParkingManeuver_Response.msg
[3.645s] -- Up-to-date symlink: /home/majd/Documents/Robotik/ros2_ws/install/simple_parking_maneuver/share/simple_parking_maneuver/launch/simple_parking_maneuver.launch
[3.645s] -- Up-to-date symlink: /home/majd/Documents/Robotik/ros2_ws/install/simple_parking_maneuver/lib/simple_parking_maneuver/parking_maneuver.py
[3.646s] -- Up-to-date symlink: /home/majd/Documents/Robotik/ros2_ws/install/simple_parking_maneuver/share/ament_index/resource_index/package_run_dependencies/simple_parking_maneuver
[3.646s] -- Up-to-date symlink: /home/majd/Documents/Robotik/ros2_ws/install/simple_parking_maneuver/share/ament_index/resource_index/parent_prefix_path/simple_parking_maneuver
[3.647s] -- Up-to-date symlink: /home/majd/Documents/Robotik/ros2_ws/install/simple_parking_maneuver/share/simple_parking_maneuver/environment/ament_prefix_path.sh
[3.648s] -- Up-to-date symlink: /home/majd/Documents/Robotik/ros2_ws/install/simple_parking_maneuver/share/simple_parking_maneuver/environment/ament_prefix_path.dsv
[3.649s] -- Up-to-date symlink: /home/majd/Documents/Robotik/ros2_ws/install/simple_parking_maneuver/share/simple_parking_maneuver/environment/path.sh
[3.650s] -- Up-to-date symlink: /home/majd/Documents/Robotik/ros2_ws/install/simple_parking_maneuver/share/simple_parking_maneuver/environment/path.dsv
[3.650s] -- Up-to-date symlink: /home/majd/Documents/Robotik/ros2_ws/install/simple_parking_maneuver/share/simple_parking_maneuver/local_setup.bash
[3.651s] -- Up-to-date symlink: /home/majd/Documents/Robotik/ros2_ws/install/simple_parking_maneuver/share/simple_parking_maneuver/local_setup.sh
[3.651s] -- Up-to-date symlink: /home/majd/Documents/Robotik/ros2_ws/install/simple_parking_maneuver/share/simple_parking_maneuver/local_setup.zsh
[3.658s] -- Up-to-date symlink: /home/majd/Documents/Robotik/ros2_ws/install/simple_parking_maneuver/share/simple_parking_maneuver/local_setup.dsv
[3.659s] -- Symlinking: /home/majd/Documents/Robotik/ros2_ws/install/simple_parking_maneuver/share/simple_parking_maneuver/package.dsv
[3.695s] -- Up-to-date symlink: /home/majd/Documents/Robotik/ros2_ws/install/simple_parking_maneuver/share/ament_index/resource_index/packages/simple_parking_maneuver
[3.696s] -- Up-to-date symlink: /home/majd/Documents/Robotik/ros2_ws/install/simple_parking_maneuver/share/simple_parking_maneuver/cmake/rosidl_cmake-extras.cmake
[3.697s] -- Up-to-date symlink: /home/majd/Documents/Robotik/ros2_ws/install/simple_parking_maneuver/share/simple_parking_maneuver/cmake/ament_cmake_export_dependencies-extras.cmake
[3.698s] -- Up-to-date symlink: /home/majd/Documents/Robotik/ros2_ws/install/simple_parking_maneuver/share/simple_parking_maneuver/cmake/ament_cmake_export_include_directories-extras.cmake
[3.699s] -- Up-to-date symlink: /home/majd/Documents/Robotik/ros2_ws/install/simple_parking_maneuver/share/simple_parking_maneuver/cmake/ament_cmake_export_libraries-extras.cmake
[3.700s] -- Up-to-date symlink: /home/majd/Documents/Robotik/ros2_ws/install/simple_parking_maneuver/share/simple_parking_maneuver/cmake/ament_cmake_export_targets-extras.cmake
[3.701s] -- Up-to-date symlink: /home/majd/Documents/Robotik/ros2_ws/install/simple_parking_maneuver/share/simple_parking_maneuver/cmake/rosidl_cmake_export_typesupport_targets-extras.cmake
[3.704s] -- Up-to-date symlink: /home/majd/Documents/Robotik/ros2_ws/install/simple_parking_maneuver/share/simple_parking_maneuver/cmake/rosidl_cmake_export_typesupport_libraries-extras.cmake
[3.705s] -- Up-to-date symlink: /home/majd/Documents/Robotik/ros2_ws/install/simple_parking_maneuver/share/simple_parking_maneuver/cmake/simple_parking_maneuverConfig.cmake
[3.705s] -- Up-to-date symlink: /home/majd/Documents/Robotik/ros2_ws/install/simple_parking_maneuver/share/simple_parking_maneuver/cmake/simple_parking_maneuverConfig-version.cmake
[3.705s] -- Up-to-date symlink: /home/majd/Documents/Robotik/ros2_ws/install/simple_parking_maneuver/share/simple_parking_maneuver/package.xml
[3.706s] -- Up-to-date: /home/majd/Documents/Robotik/ros2_ws/install/simple_parking_maneuver/lib/libsimple_parking_maneuver__rosidl_generator_c.so
[3.707s] -- Up-to-date: /home/majd/Documents/Robotik/ros2_ws/install/simple_parking_maneuver/lib/libsimple_parking_maneuver__rosidl_typesupport_fastrtps_c.so
[3.711s] -- Up-to-date: /home/majd/Documents/Robotik/ros2_ws/install/simple_parking_maneuver/lib/libsimple_parking_maneuver__rosidl_typesupport_fastrtps_cpp.so
[3.713s] -- Up-to-date: /home/majd/Documents/Robotik/ros2_ws/install/simple_parking_maneuver/lib/libsimple_parking_maneuver__rosidl_typesupport_introspection_c.so
[3.715s] -- Up-to-date: /home/majd/Documents/Robotik/ros2_ws/install/simple_parking_maneuver/lib/libsimple_parking_maneuver__rosidl_typesupport_c.so
[3.716s] -- Up-to-date: /home/majd/Documents/Robotik/ros2_ws/install/simple_parking_maneuver/lib/libsimple_parking_maneuver__rosidl_typesupport_introspection_cpp.so
[3.718s] -- Up-to-date: /home/majd/Documents/Robotik/ros2_ws/install/simple_parking_maneuver/lib/libsimple_parking_maneuver__rosidl_typesupport_cpp.so
[3.879s] Listing '/home/majd/Documents/Robotik/ros2_ws/install/simple_parking_maneuver/local/lib/python3.10/dist-packages/simple_parking_maneuver'...
[3.879s] Listing '/home/majd/Documents/Robotik/ros2_ws/install/simple_parking_maneuver/local/lib/python3.10/dist-packages/simple_parking_maneuver/srv'...
[3.907s] -- Up-to-date: /home/majd/Documents/Robotik/ros2_ws/install/simple_parking_maneuver/lib/libsimple_parking_maneuver__rosidl_generator_py.so
[3.909s] -- Up-to-date: /home/majd/Documents/Robotik/ros2_ws/install/simple_parking_maneuver/share/simple_parking_maneuver/cmake/export_simple_parking_maneuver__rosidl_generator_cExport.cmake
[3.909s] -- Up-to-date: /home/majd/Documents/Robotik/ros2_ws/install/simple_parking_maneuver/share/simple_parking_maneuver/cmake/export_simple_parking_maneuver__rosidl_generator_cExport-noconfig.cmake
[3.910s] -- Up-to-date: /home/majd/Documents/Robotik/ros2_ws/install/simple_parking_maneuver/share/simple_parking_maneuver/cmake/export_simple_parking_maneuver__rosidl_typesupport_fastrtps_cExport.cmake
[3.910s] -- Up-to-date: /home/majd/Documents/Robotik/ros2_ws/install/simple_parking_maneuver/share/simple_parking_maneuver/cmake/export_simple_parking_maneuver__rosidl_typesupport_fastrtps_cExport-noconfig.cmake
[3.912s] -- Up-to-date: /home/majd/Documents/Robotik/ros2_ws/install/simple_parking_maneuver/share/simple_parking_maneuver/cmake/export_simple_parking_maneuver__rosidl_generator_cppExport.cmake
[3.913s] -- Up-to-date: /home/majd/Documents/Robotik/ros2_ws/install/simple_parking_maneuver/share/simple_parking_maneuver/cmake/export_simple_parking_maneuver__rosidl_typesupport_fastrtps_cppExport.cmake
[3.913s] -- Up-to-date: /home/majd/Documents/Robotik/ros2_ws/install/simple_parking_maneuver/share/simple_parking_maneuver/cmake/export_simple_parking_maneuver__rosidl_typesupport_fastrtps_cppExport-noconfig.cmake
[3.914s] -- Up-to-date: /home/majd/Documents/Robotik/ros2_ws/install/simple_parking_maneuver/share/simple_parking_maneuver/cmake/simple_parking_maneuver__rosidl_typesupport_introspection_cExport.cmake
[3.914s] -- Up-to-date: /home/majd/Documents/Robotik/ros2_ws/install/simple_parking_maneuver/share/simple_parking_maneuver/cmake/simple_parking_maneuver__rosidl_typesupport_introspection_cExport-noconfig.cmake
[3.915s] -- Up-to-date: /home/majd/Documents/Robotik/ros2_ws/install/simple_parking_maneuver/share/simple_parking_maneuver/cmake/simple_parking_maneuver__rosidl_typesupport_cExport.cmake
[3.915s] -- Up-to-date: /home/majd/Documents/Robotik/ros2_ws/install/simple_parking_maneuver/share/simple_parking_maneuver/cmake/simple_parking_maneuver__rosidl_typesupport_cExport-noconfig.cmake
[3.915s] -- Up-to-date: /home/majd/Documents/Robotik/ros2_ws/install/simple_parking_maneuver/share/simple_parking_maneuver/cmake/simple_parking_maneuver__rosidl_typesupport_introspection_cppExport.cmake
[3.916s] -- Up-to-date: /home/majd/Documents/Robotik/ros2_ws/install/simple_parking_maneuver/share/simple_parking_maneuver/cmake/simple_parking_maneuver__rosidl_typesupport_introspection_cppExport-noconfig.cmake
[3.916s] -- Up-to-date: /home/majd/Documents/Robotik/ros2_ws/install/simple_parking_maneuver/share/simple_parking_maneuver/cmake/simple_parking_maneuver__rosidl_typesupport_cppExport.cmake
[3.916s] -- Up-to-date: /home/majd/Documents/Robotik/ros2_ws/install/simple_parking_maneuver/share/simple_parking_maneuver/cmake/simple_parking_maneuver__rosidl_typesupport_cppExport-noconfig.cmake
[3.917s] -- Up-to-date: /home/majd/Documents/Robotik/ros2_ws/install/simple_parking_maneuver/share/simple_parking_maneuver/cmake/export_simple_parking_maneuver__rosidl_generator_pyExport.cmake
[3.917s] -- Up-to-date: /home/majd/Documents/Robotik/ros2_ws/install/simple_parking_maneuver/share/simple_parking_maneuver/cmake/export_simple_parking_maneuver__rosidl_generator_pyExport-noconfig.cmake
[3.934s] Invoked command in '/home/majd/Documents/Robotik/ros2_ws/build/simple_parking_maneuver' returned '0': CMAKE_PREFIX_PATH=/home/majd/Documents/Robotik/ros2_ws/install/simple_drive_control:/home/majd/Documents/Robotik/ros2_ws/install/turtlesim:/home/majd/Documents/Robotik/ros2_ws/install/simple_parking_maneuver:/home/majd/Documents/Robotik/ros2_ws/install/assignment2_publisher_subscriber2:/home/majd/Documents/Robotik/ros2_ws/install/assignment2_publisher_subscriber:/home/majd/autominy/catkin_ws/install/world_description:/home/majd/autominy/catkin_ws/install/stereo_camera_pose_estimation:/home/majd/autominy/catkin_ws/install/sim_car_controller:/home/majd/autominy/catkin_ws/install/arduino_communication:/home/majd/autominy/catkin_ws/install/serial:/home/majd/autominy/catkin_ws/install/road_marking_localization:/home/majd/autominy/catkin_ws/install/remote_control:/home/majd/autominy/catkin_ws/install/car_description:/home/majd/autominy/catkin_ws/install/odometry:/home/majd/autominy/catkin_ws/install/map_publisher:/home/majd/autominy/catkin_ws/install/low_voltage_shutdown:/home/majd/autominy/catkin_ws/install/lidar_pose_estimation:/home/majd/autominy/catkin_ws/install/hardware_calibration:/home/majd/autominy/catkin_ws/install/emergency_stop:/home/majd/autominy/catkin_ws/install/bno055_usb_stick:/home/majd/autominy/catkin_ws/install/bno055_usb_stick_msgs:/home/majd/autominy/catkin_ws/install/autominy_sim:/home/majd/autominy/catkin_ws/install/autominy_msgs:/home/majd/autominy/catkin_ws/install/autominy:/home/majd/Documents/Robotik/ros2_ws/install/py_pubsub:/home/majd/autominy/catkin_ws/install/assignment2_publisher_subscriber:/opt/ros/humble LD_LIBRARY_PATH=/home/majd/Documents/Robotik/ros2_ws/install/simple_drive_control/lib:/home/majd/Documents/Robotik/ros2_ws/install/turtlesim/lib:/home/majd/Documents/Robotik/ros2_ws/install/simple_parking_maneuver/lib:/home/majd/autominy/catkin_ws/install/stereo_camera_pose_estimation/lib:/home/majd/autominy/catkin_ws/install/sim_car_controller/lib:/home/majd/autominy/catkin_ws/install/serial/lib:/home/majd/autominy/catkin_ws/install/road_marking_localization/lib:/home/majd/autominy/catkin_ws/install/remote_control/lib:/home/majd/autominy/catkin_ws/install/odometry/lib:/home/majd/autominy/catkin_ws/install/low_voltage_shutdown/lib:/home/majd/autominy/catkin_ws/install/lidar_pose_estimation/lib:/home/majd/autominy/catkin_ws/install/hardware_calibration/lib:/home/majd/autominy/catkin_ws/install/emergency_stop/lib:/home/majd/autominy/catkin_ws/install/bno055_usb_stick_msgs/lib:/home/majd/autominy/catkin_ws/install/autominy_msgs/lib:/usr/lib/x86_64-linux-gnu/gazebo-11/plugins:/opt/ros/humble/opt/rviz_ogre_vendor/lib:/opt/ros/humble/lib/x86_64-linux-gnu:/opt/ros/humble/lib /usr/bin/cmake --install /home/majd/Documents/Robotik/ros2_ws/build/simple_parking_maneuver
