[5.045s] Invoking command in '/home/majd/Documents/Robotik/ros2_ws/build/py_pubsub': PYTHONPATH=/home/majd/Documents/Robotik/ros2_ws/install/py_pubsub/lib/python3.10/site-packages:${PYTHONPATH} /usr/bin/python3 setup.py develop --prefix /home/majd/Documents/Robotik/ros2_ws/install/py_pubsub --editable --build-directory /home/majd/Documents/Robotik/ros2_ws/build/py_pubsub/build --no-deps install_data --install-dir /home/majd/Documents/Robotik/ros2_ws/install/py_pubsub
[6.617s] running develop
[6.620s] /usr/lib/python3/dist-packages/setuptools/command/easy_install.py:158: EasyInstallDeprecationWarning: easy_install command is deprecated. Use build and pip and other standards-based tools.
[6.620s]   warnings.warn(
[6.624s] /usr/lib/python3/dist-packages/setuptools/command/install.py:34: SetuptoolsDeprecationWarning: setup.py install is deprecated. Use build and pip and other standards-based tools.
[6.625s]   warnings.warn(
[6.882s] /usr/lib/python3/dist-packages/pkg_resources/__init__.py:116: PkgResourcesDeprecationWarning: 0.1.43ubuntu1 is an invalid version and will not be supported in a future release
[6.883s]   warnings.warn(
[6.885s] /usr/lib/python3/dist-packages/pkg_resources/__init__.py:116: PkgResourcesDeprecationWarning: 1.1build1 is an invalid version and will not be supported in a future release
[6.885s]   warnings.warn(
[7.374s] running egg_info
[7.374s] writing py_pubsub.egg-info/PKG-INFO
[7.375s] writing dependency_links to py_pubsub.egg-info/dependency_links.txt
[7.375s] writing entry points to py_pubsub.egg-info/entry_points.txt
[7.375s] writing requirements to py_pubsub.egg-info/requires.txt
[7.380s] writing top-level names to py_pubsub.egg-info/top_level.txt
[7.385s] reading manifest file 'py_pubsub.egg-info/SOURCES.txt'
[7.386s] writing manifest file 'py_pubsub.egg-info/SOURCES.txt'
[7.396s] running build_ext
[7.397s] Creating /home/majd/Documents/Robotik/ros2_ws/install/py_pubsub/lib/python3.10/site-packages/py-pubsub.egg-link (link to .)
[7.399s] Installing listener script to /home/majd/Documents/Robotik/ros2_ws/install/py_pubsub/lib/py_pubsub
[7.401s] Installing talker script to /home/majd/Documents/Robotik/ros2_ws/install/py_pubsub/lib/py_pubsub
[7.401s] 
[7.401s] Installed /home/majd/Documents/Robotik/ros2_ws/build/py_pubsub
[7.402s] running install_data
[7.579s] Invoked command in '/home/majd/Documents/Robotik/ros2_ws/build/py_pubsub' returned '0': PYTHONPATH=/home/majd/Documents/Robotik/ros2_ws/install/py_pubsub/lib/python3.10/site-packages:${PYTHONPATH} /usr/bin/python3 setup.py develop --prefix /home/majd/Documents/Robotik/ros2_ws/install/py_pubsub --editable --build-directory /home/majd/Documents/Robotik/ros2_ws/build/py_pubsub/build --no-deps install_data --install-dir /home/majd/Documents/Robotik/ros2_ws/install/py_pubsub
