[0.014s] Invoking command in '/home/majd/Documents/Robotik/ros2_ws/build/turtlesim': CMAKE_PREFIX_PATH=${CMAKE_PREFIX_PATH}:/opt/ros/humble /usr/bin/cmake /home/majd/Documents/Robotik/ros2_ws/src/ros_tutorials/turtlesim -DCMAKE_INSTALL_PREFIX=/home/majd/Documents/Robotik/ros2_ws/install/turtlesim
[0.078s] -- The C compiler identification is GNU 11.2.0
[0.145s] -- The CXX compiler identification is GNU 11.2.0
[0.154s] -- Detecting C compiler ABI info
[0.236s] -- Detecting C compiler ABI info - done
[0.248s] -- Check for working C compiler: /usr/bin/cc - skipped
[0.248s] -- Detecting C compile features
[0.249s] -- Detecting C compile features - done
[0.254s] -- Detecting CXX compiler ABI info
[0.359s] -- Detecting CXX compiler ABI info - done
[0.373s] -- Check for working CXX compiler: /usr/bin/c++ - skipped
[0.373s] -- Detecting CXX compile features
[0.374s] -- Detecting CXX compile features - done
[0.381s] -- Found ament_cmake: 1.3.2 (/opt/ros/humble/share/ament_cmake/cmake)
[0.595s] -- Found Python3: /usr/bin/python3.10 (found version "3.10.6") found components: Interpreter 
[0.727s] -- Found ament_index_cpp: 1.4.0 (/opt/ros/humble/share/ament_index_cpp/cmake)
[0.731s] -- Found geometry_msgs: 4.2.2 (/opt/ros/humble/share/geometry_msgs/cmake)
[0.797s] -- Found rosidl_generator_c: 3.1.3 (/opt/ros/humble/share/rosidl_generator_c/cmake)
[0.806s] -- Found rosidl_adapter: 3.1.3 (/opt/ros/humble/share/rosidl_adapter/cmake)
[0.823s] -- Found rosidl_generator_cpp: 3.1.3 (/opt/ros/humble/share/rosidl_generator_cpp/cmake)
[0.849s] -- Using all available rosidl_typesupport_c: rosidl_typesupport_fastrtps_c;rosidl_typesupport_introspection_c
[0.900s] -- Using all available rosidl_typesupport_cpp: rosidl_typesupport_fastrtps_cpp;rosidl_typesupport_introspection_cpp
[1.098s] -- Found rclcpp: 16.0.1 (/opt/ros/humble/share/rclcpp/cmake)
[1.201s] -- Found rmw_implementation_cmake: 6.1.0 (/opt/ros/humble/share/rmw_implementation_cmake/cmake)
[1.208s] -- Found rmw_fastrtps_cpp: 6.2.1 (/opt/ros/humble/share/rmw_fastrtps_cpp/cmake)
[1.344s] -- Found OpenSSL: /usr/lib/x86_64-linux-gnu/libcrypto.so (found version "3.0.2")  
[1.379s] -- Found FastRTPS: /opt/ros/humble/include  
[1.434s] -- Using RMW implementation 'rmw_fastrtps_cpp' as default
[1.591s] -- Found rclcpp_action: 16.0.1 (/opt/ros/humble/share/rclcpp_action/cmake)
[1.719s] -- Found rosidl_default_generators: 1.2.0 (/opt/ros/humble/share/rosidl_default_generators/cmake)
[1.736s] -- Found std_srvs: 4.2.2 (/opt/ros/humble/share/std_srvs/cmake)
[2.113s] -- Found ament_cmake_ros: 0.10.0 (/opt/ros/humble/share/ament_cmake_ros/cmake)
[2.508s] -- Using all available rosidl_typesupport_c: rosidl_typesupport_fastrtps_c;rosidl_typesupport_introspection_c
[2.646s] -- Using all available rosidl_typesupport_cpp: rosidl_typesupport_fastrtps_cpp;rosidl_typesupport_introspection_cpp
[2.671s] -- Found PythonInterp: /usr/bin/python3 (found suitable version "3.10.6", minimum required is "3.6") 
[2.675s] -- Found python_cmake_module: 0.10.0 (/opt/ros/humble/share/python_cmake_module/cmake)
[2.703s] -- Found PythonLibs: /usr/lib/x86_64-linux-gnu/libpython3.10.so (found suitable version "3.10.6", minimum required is "3.5") 
[2.703s] -- Using PYTHON_EXECUTABLE: /usr/bin/python3
[2.703s] -- Using PYTHON_INCLUDE_DIRS: /usr/include/python3.10
[2.703s] -- Using PYTHON_LIBRARIES: /usr/lib/x86_64-linux-gnu/libpython3.10.so
[2.726s] -- Found PythonExtra: .so  
[2.812s] -- Configuring done
[2.887s] -- Generating done
[2.891s] -- Build files have been written to: /home/majd/Documents/Robotik/ros2_ws/build/turtlesim
[2.905s] Invoked command in '/home/majd/Documents/Robotik/ros2_ws/build/turtlesim' returned '0': CMAKE_PREFIX_PATH=${CMAKE_PREFIX_PATH}:/opt/ros/humble /usr/bin/cmake /home/majd/Documents/Robotik/ros2_ws/src/ros_tutorials/turtlesim -DCMAKE_INSTALL_PREFIX=/home/majd/Documents/Robotik/ros2_ws/install/turtlesim
[2.906s] Invoking command in '/home/majd/Documents/Robotik/ros2_ws/build/turtlesim': CMAKE_PREFIX_PATH=${CMAKE_PREFIX_PATH}:/opt/ros/humble /usr/bin/cmake --build /home/majd/Documents/Robotik/ros2_ws/build/turtlesim -- -j8 -l8
[2.956s] [  1%] [34m[1mGenerating C code for ROS interfaces[0m
[2.968s] [  2%] [34m[1mGenerating C++ code for ROS interfaces[0m
[2.978s] [  2%] Built target ament_cmake_python_copy_turtlesim
[3.299s] running egg_info
[3.300s] creating turtlesim.egg-info
[3.300s] writing turtlesim.egg-info/PKG-INFO
[3.301s] writing dependency_links to turtlesim.egg-info/dependency_links.txt
[3.301s] writing top-level names to turtlesim.egg-info/top_level.txt
[3.301s] writing manifest file 'turtlesim.egg-info/SOURCES.txt'
[3.303s] reading manifest file 'turtlesim.egg-info/SOURCES.txt'
[3.304s] writing manifest file 'turtlesim.egg-info/SOURCES.txt'
[3.344s] [  2%] Built target ament_cmake_python_build_turtlesim_egg
[4.072s] [  2%] Built target turtlesim__cpp
[4.086s] [  3%] [34m[1mGenerating C++ type support dispatch for ROS interfaces[0m
[4.088s] [  4%] [34m[1mGenerating C++ type support for eProsima Fast-RTPS[0m
[4.088s] [  5%] [34m[1mGenerating C++ introspection for ROS interfaces[0m
[4.372s] [  7%] [32mBuilding C object CMakeFiles/turtlesim__rosidl_generator_c.dir/rosidl_generator_c/turtlesim/msg/detail/color__functions.c.o[0m
[4.372s] [  8%] [32mBuilding C object CMakeFiles/turtlesim__rosidl_generator_c.dir/rosidl_generator_c/turtlesim/srv/detail/set_pen__functions.c.o[0m
[4.373s] [  9%] [32mBuilding C object CMakeFiles/turtlesim__rosidl_generator_c.dir/rosidl_generator_c/turtlesim/action/detail/rotate_absolute__functions.c.o[0m
[4.373s] [  7%] [32mBuilding C object CMakeFiles/turtlesim__rosidl_generator_c.dir/rosidl_generator_c/turtlesim/msg/detail/pose__functions.c.o[0m
[4.374s] [ 10%] [32mBuilding C object CMakeFiles/turtlesim__rosidl_generator_c.dir/rosidl_generator_c/turtlesim/srv/detail/kill__functions.c.o[0m
[4.470s] [ 11%] [32mBuilding C object CMakeFiles/turtlesim__rosidl_generator_c.dir/rosidl_generator_c/turtlesim/srv/detail/spawn__functions.c.o[0m
[4.471s] [ 12%] [32mBuilding C object CMakeFiles/turtlesim__rosidl_generator_c.dir/rosidl_generator_c/turtlesim/srv/detail/teleport_absolute__functions.c.o[0m
[4.499s] [ 13%] [32mBuilding C object CMakeFiles/turtlesim__rosidl_generator_c.dir/rosidl_generator_c/turtlesim/srv/detail/teleport_relative__functions.c.o[0m
[4.590s] [ 14%] [32m[1mLinking C shared library libturtlesim__rosidl_generator_c.so[0m
[4.641s] [ 14%] Built target turtlesim__rosidl_generator_c
[4.663s] [ 15%] [34m[1mGenerating C type support for eProsima Fast-RTPS[0m
[4.663s] [ 16%] [34m[1mGenerating C type support dispatch for ROS interfaces[0m
[4.663s] [ 17%] [34m[1mGenerating C introspection for ROS interfaces[0m
[5.130s] [ 18%] [32mBuilding CXX object CMakeFiles/turtlesim__rosidl_typesupport_cpp.dir/rosidl_typesupport_cpp/turtlesim/action/rotate_absolute__type_support.cpp.o[0m
[5.145s] [ 19%] [32mBuilding CXX object CMakeFiles/turtlesim__rosidl_typesupport_cpp.dir/rosidl_typesupport_cpp/turtlesim/msg/color__type_support.cpp.o[0m
[5.162s] [ 20%] [32mBuilding CXX object CMakeFiles/turtlesim__rosidl_typesupport_cpp.dir/rosidl_typesupport_cpp/turtlesim/msg/pose__type_support.cpp.o[0m
[5.668s] [ 21%] [32mBuilding CXX object CMakeFiles/turtlesim__rosidl_typesupport_cpp.dir/rosidl_typesupport_cpp/turtlesim/srv/kill__type_support.cpp.o[0m
[5.709s] [ 22%] [32mBuilding CXX object CMakeFiles/turtlesim__rosidl_typesupport_cpp.dir/rosidl_typesupport_cpp/turtlesim/srv/set_pen__type_support.cpp.o[0m
[5.727s] [ 23%] [32mBuilding CXX object CMakeFiles/turtlesim__rosidl_typesupport_introspection_cpp.dir/rosidl_typesupport_introspection_cpp/turtlesim/action/detail/rotate_absolute__type_support.cpp.o[0m
[5.803s] [ 24%] [32mBuilding CXX object CMakeFiles/turtlesim__rosidl_typesupport_c.dir/rosidl_typesupport_c/turtlesim/action/rotate_absolute__type_support.cpp.o[0m
[5.969s] [ 25%] [32mBuilding CXX object CMakeFiles/turtlesim__rosidl_typesupport_c.dir/rosidl_typesupport_c/turtlesim/msg/color__type_support.cpp.o[0m
[6.002s] [ 26%] [32mBuilding CXX object CMakeFiles/turtlesim__rosidl_typesupport_fastrtps_cpp.dir/rosidl_typesupport_fastrtps_cpp/turtlesim/action/detail/dds_fastrtps/rotate_absolute__type_support.cpp.o[0m
[6.086s] [ 27%] [32mBuilding CXX object CMakeFiles/turtlesim__rosidl_typesupport_c.dir/rosidl_typesupport_c/turtlesim/msg/pose__type_support.cpp.o[0m
[6.123s] [ 28%] [32mBuilding CXX object CMakeFiles/turtlesim__rosidl_typesupport_introspection_cpp.dir/rosidl_typesupport_introspection_cpp/turtlesim/msg/detail/color__type_support.cpp.o[0m
[6.169s] [ 29%] [32mBuilding CXX object CMakeFiles/turtlesim__rosidl_typesupport_c.dir/rosidl_typesupport_c/turtlesim/srv/kill__type_support.cpp.o[0m
[6.178s] [ 30%] [32mBuilding CXX object CMakeFiles/turtlesim__rosidl_typesupport_cpp.dir/rosidl_typesupport_cpp/turtlesim/srv/spawn__type_support.cpp.o[0m
[6.248s] [ 31%] [32mBuilding CXX object CMakeFiles/turtlesim__rosidl_typesupport_cpp.dir/rosidl_typesupport_cpp/turtlesim/srv/teleport_absolute__type_support.cpp.o[0m
[6.257s] [ 32%] [32mBuilding CXX object CMakeFiles/turtlesim__rosidl_typesupport_c.dir/rosidl_typesupport_c/turtlesim/srv/set_pen__type_support.cpp.o[0m
[6.332s] [ 33%] [32mBuilding CXX object CMakeFiles/turtlesim__rosidl_typesupport_c.dir/rosidl_typesupport_c/turtlesim/srv/spawn__type_support.cpp.o[0m
[6.423s] [ 34%] [32mBuilding CXX object CMakeFiles/turtlesim__rosidl_typesupport_c.dir/rosidl_typesupport_c/turtlesim/srv/teleport_absolute__type_support.cpp.o[0m
[6.490s] [ 35%] [32mBuilding CXX object CMakeFiles/turtlesim__rosidl_typesupport_c.dir/rosidl_typesupport_c/turtlesim/srv/teleport_relative__type_support.cpp.o[0m
[6.533s] [ 36%] [32mBuilding C object CMakeFiles/turtlesim__rosidl_typesupport_introspection_c.dir/rosidl_typesupport_introspection_c/turtlesim/action/detail/rotate_absolute__type_support.c.o[0m
[6.600s] [ 37%] [32m[1mLinking CXX shared library libturtlesim__rosidl_typesupport_c.so[0m
[6.626s] [ 38%] [32mBuilding C object CMakeFiles/turtlesim__rosidl_typesupport_introspection_c.dir/rosidl_typesupport_introspection_c/turtlesim/msg/detail/color__type_support.c.o[0m
[6.648s] [ 39%] [32mBuilding CXX object CMakeFiles/turtlesim__rosidl_typesupport_fastrtps_c.dir/rosidl_typesupport_fastrtps_c/turtlesim/action/detail/rotate_absolute__type_support_c.cpp.o[0m
[6.694s] [ 40%] [32mBuilding C object CMakeFiles/turtlesim__rosidl_typesupport_introspection_c.dir/rosidl_typesupport_introspection_c/turtlesim/msg/detail/pose__type_support.c.o[0m
[6.712s] [ 40%] Built target turtlesim__rosidl_typesupport_c
[6.749s] [ 41%] [32mBuilding C object CMakeFiles/turtlesim__rosidl_typesupport_introspection_c.dir/rosidl_typesupport_introspection_c/turtlesim/srv/detail/kill__type_support.c.o[0m
[6.767s] [ 42%] [32mBuilding CXX object CMakeFiles/turtlesim__rosidl_typesupport_cpp.dir/rosidl_typesupport_cpp/turtlesim/srv/teleport_relative__type_support.cpp.o[0m
[6.781s] [ 43%] [32mBuilding C object CMakeFiles/turtlesim__rosidl_typesupport_introspection_c.dir/rosidl_typesupport_introspection_c/turtlesim/srv/detail/set_pen__type_support.c.o[0m
[6.814s] [ 44%] [32mBuilding C object CMakeFiles/turtlesim__rosidl_typesupport_introspection_c.dir/rosidl_typesupport_introspection_c/turtlesim/srv/detail/spawn__type_support.c.o[0m
[6.866s] [ 45%] [32mBuilding C object CMakeFiles/turtlesim__rosidl_typesupport_introspection_c.dir/rosidl_typesupport_introspection_c/turtlesim/srv/detail/teleport_relative__type_support.c.o[0m
[6.866s] [ 46%] [32mBuilding C object CMakeFiles/turtlesim__rosidl_typesupport_introspection_c.dir/rosidl_typesupport_introspection_c/turtlesim/srv/detail/teleport_absolute__type_support.c.o[0m
[6.889s] [ 47%] [32mBuilding CXX object CMakeFiles/turtlesim__rosidl_typesupport_fastrtps_c.dir/rosidl_typesupport_fastrtps_c/turtlesim/msg/detail/color__type_support_c.cpp.o[0m
[6.901s] [ 48%] [32mBuilding CXX object CMakeFiles/turtlesim__rosidl_typesupport_introspection_cpp.dir/rosidl_typesupport_introspection_cpp/turtlesim/msg/detail/pose__type_support.cpp.o[0m
[6.939s] [ 49%] [32mBuilding CXX object CMakeFiles/turtlesim__rosidl_typesupport_fastrtps_cpp.dir/rosidl_typesupport_fastrtps_cpp/turtlesim/msg/detail/dds_fastrtps/color__type_support.cpp.o[0m
[6.945s] [ 50%] [32mBuilding CXX object CMakeFiles/turtlesim__rosidl_typesupport_introspection_cpp.dir/rosidl_typesupport_introspection_cpp/turtlesim/srv/detail/kill__type_support.cpp.o[0m
[6.960s] [ 51%] [32m[1mLinking C shared library libturtlesim__rosidl_typesupport_introspection_c.so[0m
[7.056s] [ 51%] Built target turtlesim__rosidl_typesupport_introspection_c
[7.080s] [ 52%] [32mBuilding CXX object CMakeFiles/turtlesim__rosidl_typesupport_introspection_cpp.dir/rosidl_typesupport_introspection_cpp/turtlesim/srv/detail/set_pen__type_support.cpp.o[0m
[7.266s] [ 53%] [32mBuilding CXX object CMakeFiles/turtlesim__rosidl_typesupport_fastrtps_cpp.dir/rosidl_typesupport_fastrtps_cpp/turtlesim/msg/detail/dds_fastrtps/pose__type_support.cpp.o[0m
[7.326s] [ 54%] [32m[1mLinking CXX shared library libturtlesim__rosidl_typesupport_cpp.so[0m
[7.420s] [ 54%] Built target turtlesim__rosidl_typesupport_cpp
[7.446s] [ 55%] [34m[1mGenerating include/turtlesim/moc_turtle_frame.cpp[0m
[7.455s] [ 56%] [32mBuilding CXX object CMakeFiles/turtlesim__rosidl_typesupport_fastrtps_c.dir/rosidl_typesupport_fastrtps_c/turtlesim/msg/detail/pose__type_support_c.cpp.o[0m
[7.625s] [ 57%] [32mBuilding CXX object CMakeFiles/turtlesim_node.dir/src/turtlesim.cpp.o[0m
[7.629s] [ 58%] [32mBuilding CXX object CMakeFiles/turtlesim__rosidl_typesupport_fastrtps_c.dir/rosidl_typesupport_fastrtps_c/turtlesim/srv/detail/kill__type_support_c.cpp.o[0m
[7.704s] [ 59%] [32mBuilding CXX object CMakeFiles/turtlesim_node.dir/src/turtle.cpp.o[0m
[7.820s] [ 60%] [32mBuilding CXX object CMakeFiles/turtlesim__rosidl_typesupport_fastrtps_cpp.dir/rosidl_typesupport_fastrtps_cpp/turtlesim/srv/detail/dds_fastrtps/kill__type_support.cpp.o[0m
[7.827s] [ 61%] [32mBuilding CXX object CMakeFiles/turtlesim__rosidl_typesupport_introspection_cpp.dir/rosidl_typesupport_introspection_cpp/turtlesim/srv/detail/spawn__type_support.cpp.o[0m
[8.027s] [ 62%] [32mBuilding CXX object CMakeFiles/turtlesim__rosidl_typesupport_introspection_cpp.dir/rosidl_typesupport_introspection_cpp/turtlesim/srv/detail/teleport_absolute__type_support.cpp.o[0m
[8.077s] [ 63%] [32mBuilding CXX object CMakeFiles/turtlesim__rosidl_typesupport_fastrtps_cpp.dir/rosidl_typesupport_fastrtps_cpp/turtlesim/srv/detail/dds_fastrtps/set_pen__type_support.cpp.o[0m
[8.122s] [ 64%] [32mBuilding CXX object CMakeFiles/turtlesim__rosidl_typesupport_introspection_cpp.dir/rosidl_typesupport_introspection_cpp/turtlesim/srv/detail/teleport_relative__type_support.cpp.o[0m
[8.291s] [ 65%] [32mBuilding CXX object CMakeFiles/turtlesim__rosidl_typesupport_fastrtps_c.dir/rosidl_typesupport_fastrtps_c/turtlesim/srv/detail/set_pen__type_support_c.cpp.o[0m
[8.593s] [ 66%] [32mBuilding CXX object CMakeFiles/turtlesim__rosidl_typesupport_fastrtps_c.dir/rosidl_typesupport_fastrtps_c/turtlesim/srv/detail/spawn__type_support_c.cpp.o[0m
[8.625s] [ 67%] [32mBuilding CXX object CMakeFiles/turtlesim__rosidl_typesupport_fastrtps_cpp.dir/rosidl_typesupport_fastrtps_cpp/turtlesim/srv/detail/dds_fastrtps/spawn__type_support.cpp.o[0m
[8.798s] [ 68%] [32mBuilding CXX object CMakeFiles/turtlesim__rosidl_typesupport_fastrtps_cpp.dir/rosidl_typesupport_fastrtps_cpp/turtlesim/srv/detail/dds_fastrtps/teleport_absolute__type_support.cpp.o[0m
[8.823s] [ 69%] [32m[1mLinking CXX shared library libturtlesim__rosidl_typesupport_introspection_cpp.so[0m
[8.954s] [ 70%] [32mBuilding CXX object CMakeFiles/turtlesim__rosidl_typesupport_fastrtps_cpp.dir/rosidl_typesupport_fastrtps_cpp/turtlesim/srv/detail/dds_fastrtps/teleport_relative__type_support.cpp.o[0m
[9.002s] [ 70%] Built target turtlesim__rosidl_typesupport_introspection_cpp
[9.074s] [ 71%] [32mBuilding CXX object CMakeFiles/turtle_teleop_key.dir/tutorials/teleop_turtle_key.cpp.o[0m
[9.137s] [ 72%] [32mBuilding CXX object CMakeFiles/turtlesim__rosidl_typesupport_fastrtps_c.dir/rosidl_typesupport_fastrtps_c/turtlesim/srv/detail/teleport_absolute__type_support_c.cpp.o[0m
[9.404s] [ 73%] [32mBuilding CXX object CMakeFiles/turtlesim__rosidl_typesupport_fastrtps_c.dir/rosidl_typesupport_fastrtps_c/turtlesim/srv/detail/teleport_relative__type_support_c.cpp.o[0m
[9.583s] [ 74%] [32mBuilding CXX object CMakeFiles/draw_square.dir/tutorials/draw_square.cpp.o[0m
[9.855s] [ 75%] [32mBuilding CXX object CMakeFiles/mimic.dir/tutorials/mimic.cpp.o[0m
[9.910s] [ 76%] [32mBuilding CXX object CMakeFiles/turtlesim_node.dir/src/turtle_frame.cpp.o[0m
[9.999s] [ 77%] [32m[1mLinking CXX shared library libturtlesim__rosidl_typesupport_fastrtps_cpp.so[0m
[10.131s] [ 78%] [32m[1mLinking CXX shared library libturtlesim__rosidl_typesupport_fastrtps_c.so[0m
[10.214s] [ 78%] Built target turtlesim__rosidl_typesupport_fastrtps_cpp
[10.231s] [ 79%] [32mBuilding CXX object CMakeFiles/turtlesim_node.dir/include/turtlesim/moc_turtle_frame.cpp.o[0m
[10.350s] [ 79%] Built target turtlesim__rosidl_typesupport_fastrtps_c
[10.486s] [ 79%] Built target turtlesim
[10.585s] [ 80%] [34m[1mGenerating Python code for ROS interfaces[0m
[15.484s] [ 80%] Built target turtlesim__py
[15.577s] [ 81%] [32mBuilding C object CMakeFiles/turtlesim__rosidl_generator_py.dir/rosidl_generator_py/turtlesim/action/_rotate_absolute_s.c.o[0m
[15.913s] [ 82%] [32mBuilding C object CMakeFiles/turtlesim__rosidl_generator_py.dir/rosidl_generator_py/turtlesim/msg/_color_s.c.o[0m
[16.198s] [ 83%] [32mBuilding C object CMakeFiles/turtlesim__rosidl_generator_py.dir/rosidl_generator_py/turtlesim/msg/_pose_s.c.o[0m
[16.443s] [ 84%] [32mBuilding C object CMakeFiles/turtlesim__rosidl_generator_py.dir/rosidl_generator_py/turtlesim/srv/_kill_s.c.o[0m
[16.697s] [ 85%] [32mBuilding C object CMakeFiles/turtlesim__rosidl_generator_py.dir/rosidl_generator_py/turtlesim/srv/_set_pen_s.c.o[0m
[17.050s] [ 86%] [32mBuilding C object CMakeFiles/turtlesim__rosidl_generator_py.dir/rosidl_generator_py/turtlesim/srv/_spawn_s.c.o[0m
[17.288s] [ 87%] [32mBuilding C object CMakeFiles/turtlesim__rosidl_generator_py.dir/rosidl_generator_py/turtlesim/srv/_teleport_absolute_s.c.o[0m
[17.343s] [ 88%] [32mBuilding C object CMakeFiles/turtlesim__rosidl_generator_py.dir/rosidl_generator_py/turtlesim/srv/_teleport_relative_s.c.o[0m
[17.604s] [ 89%] [32m[1mLinking C shared library rosidl_generator_py/turtlesim/libturtlesim__rosidl_generator_py.so[0m
[17.704s] [ 89%] Built target turtlesim__rosidl_generator_py
[17.777s] [ 90%] [32mBuilding C object CMakeFiles/turtlesim__rosidl_typesupport_fastrtps_c__pyext.dir/rosidl_generator_py/turtlesim/_turtlesim_s.ep.rosidl_typesupport_fastrtps_c.c.o[0m
[17.782s] [ 91%] [32mBuilding C object CMakeFiles/turtlesim__rosidl_typesupport_introspection_c__pyext.dir/rosidl_generator_py/turtlesim/_turtlesim_s.ep.rosidl_typesupport_introspection_c.c.o[0m
[18.339s] [ 92%] [32m[1mLinking C shared library rosidl_generator_py/turtlesim/turtlesim_s__rosidl_typesupport_fastrtps_c.cpython-310-x86_64-linux-gnu.so[0m
[18.455s] [ 92%] Built target turtlesim__rosidl_typesupport_fastrtps_c__pyext
[18.482s] [ 93%] [32m[1mLinking C shared library rosidl_generator_py/turtlesim/turtlesim_s__rosidl_typesupport_introspection_c.cpython-310-x86_64-linux-gnu.so[0m
[18.514s] [ 94%] [32mBuilding C object CMakeFiles/turtlesim__rosidl_typesupport_c__pyext.dir/rosidl_generator_py/turtlesim/_turtlesim_s.ep.rosidl_typesupport_c.c.o[0m
[18.588s] [ 94%] Built target turtlesim__rosidl_typesupport_introspection_c__pyext
[18.966s] [ 95%] [32m[1mLinking C shared library rosidl_generator_py/turtlesim/turtlesim_s__rosidl_typesupport_c.cpython-310-x86_64-linux-gnu.so[0m
[19.085s] [ 95%] Built target turtlesim__rosidl_typesupport_c__pyext
[22.559s] [ 96%] [32m[1mLinking CXX executable turtle_teleop_key[0m
[23.123s] [ 96%] Built target turtle_teleop_key
[26.241s] [ 97%] [32m[1mLinking CXX executable mimic[0m
[26.856s] [ 97%] Built target mimic
[27.251s] [ 98%] [32m[1mLinking CXX executable draw_square[0m
[27.987s] [ 98%] Built target draw_square
[31.306s] [100%] [32m[1mLinking CXX executable turtlesim_node[0m
[34.228s] [100%] Built target turtlesim_node
[34.244s] Invoked command in '/home/majd/Documents/Robotik/ros2_ws/build/turtlesim' returned '0': CMAKE_PREFIX_PATH=${CMAKE_PREFIX_PATH}:/opt/ros/humble /usr/bin/cmake --build /home/majd/Documents/Robotik/ros2_ws/build/turtlesim -- -j8 -l8
[34.549s] Invoking command in '/home/majd/Documents/Robotik/ros2_ws/build/turtlesim': CMAKE_PREFIX_PATH=${CMAKE_PREFIX_PATH}:/opt/ros/humble /usr/bin/cmake --install /home/majd/Documents/Robotik/ros2_ws/build/turtlesim
[34.558s] -- Install configuration: ""
[34.558s] -- Installing: /home/majd/Documents/Robotik/ros2_ws/install/turtlesim/share/ament_index/resource_index/rosidl_interfaces/turtlesim
[34.559s] -- Installing: /home/majd/Documents/Robotik/ros2_ws/install/turtlesim/include/turtlesim/turtlesim
[34.559s] -- Installing: /home/majd/Documents/Robotik/ros2_ws/install/turtlesim/include/turtlesim/turtlesim/action
[34.559s] -- Installing: /home/majd/Documents/Robotik/ros2_ws/install/turtlesim/include/turtlesim/turtlesim/action/rotate_absolute.h
[34.559s] -- Installing: /home/majd/Documents/Robotik/ros2_ws/install/turtlesim/include/turtlesim/turtlesim/action/detail
[34.559s] -- Installing: /home/majd/Documents/Robotik/ros2_ws/install/turtlesim/include/turtlesim/turtlesim/action/detail/rotate_absolute__functions.h
[34.560s] -- Installing: /home/majd/Documents/Robotik/ros2_ws/install/turtlesim/include/turtlesim/turtlesim/action/detail/rotate_absolute__functions.c
[34.560s] -- Installing: /home/majd/Documents/Robotik/ros2_ws/install/turtlesim/include/turtlesim/turtlesim/action/detail/rotate_absolute__struct.h
[34.560s] -- Installing: /home/majd/Documents/Robotik/ros2_ws/install/turtlesim/include/turtlesim/turtlesim/action/detail/rotate_absolute__type_support.h
[34.560s] -- Installing: /home/majd/Documents/Robotik/ros2_ws/install/turtlesim/include/turtlesim/turtlesim/msg
[34.560s] -- Installing: /home/majd/Documents/Robotik/ros2_ws/install/turtlesim/include/turtlesim/turtlesim/msg/detail
[34.560s] -- Installing: /home/majd/Documents/Robotik/ros2_ws/install/turtlesim/include/turtlesim/turtlesim/msg/detail/color__functions.h
[34.561s] -- Installing: /home/majd/Documents/Robotik/ros2_ws/install/turtlesim/include/turtlesim/turtlesim/msg/detail/pose__functions.h
[34.561s] -- Installing: /home/majd/Documents/Robotik/ros2_ws/install/turtlesim/include/turtlesim/turtlesim/msg/detail/color__functions.c
[34.561s] -- Installing: /home/majd/Documents/Robotik/ros2_ws/install/turtlesim/include/turtlesim/turtlesim/msg/detail/color__type_support.h
[34.561s] -- Installing: /home/majd/Documents/Robotik/ros2_ws/install/turtlesim/include/turtlesim/turtlesim/msg/detail/pose__type_support.h
[34.561s] -- Installing: /home/majd/Documents/Robotik/ros2_ws/install/turtlesim/include/turtlesim/turtlesim/msg/detail/pose__functions.c
[34.561s] -- Installing: /home/majd/Documents/Robotik/ros2_ws/install/turtlesim/include/turtlesim/turtlesim/msg/detail/pose__struct.h
[34.561s] -- Installing: /home/majd/Documents/Robotik/ros2_ws/install/turtlesim/include/turtlesim/turtlesim/msg/detail/color__struct.h
[34.561s] -- Installing: /home/majd/Documents/Robotik/ros2_ws/install/turtlesim/include/turtlesim/turtlesim/msg/pose.h
[34.561s] -- Installing: /home/majd/Documents/Robotik/ros2_ws/install/turtlesim/include/turtlesim/turtlesim/msg/rosidl_generator_c__visibility_control.h
[34.561s] -- Installing: /home/majd/Documents/Robotik/ros2_ws/install/turtlesim/include/turtlesim/turtlesim/msg/color.h
[34.561s] -- Installing: /home/majd/Documents/Robotik/ros2_ws/install/turtlesim/include/turtlesim/turtlesim/srv
[34.561s] -- Installing: /home/majd/Documents/Robotik/ros2_ws/install/turtlesim/include/turtlesim/turtlesim/srv/detail
[34.561s] -- Installing: /home/majd/Documents/Robotik/ros2_ws/install/turtlesim/include/turtlesim/turtlesim/srv/detail/spawn__functions.c
[34.561s] -- Installing: /home/majd/Documents/Robotik/ros2_ws/install/turtlesim/include/turtlesim/turtlesim/srv/detail/kill__functions.h
[34.562s] -- Installing: /home/majd/Documents/Robotik/ros2_ws/install/turtlesim/include/turtlesim/turtlesim/srv/detail/kill__functions.c
[34.562s] -- Installing: /home/majd/Documents/Robotik/ros2_ws/install/turtlesim/include/turtlesim/turtlesim/srv/detail/kill__type_support.h
[34.562s] -- Installing: /home/majd/Documents/Robotik/ros2_ws/install/turtlesim/include/turtlesim/turtlesim/srv/detail/teleport_relative__type_support.h
[34.562s] -- Installing: /home/majd/Documents/Robotik/ros2_ws/install/turtlesim/include/turtlesim/turtlesim/srv/detail/set_pen__functions.c
[34.562s] -- Installing: /home/majd/Documents/Robotik/ros2_ws/install/turtlesim/include/turtlesim/turtlesim/srv/detail/kill__struct.h
[34.562s] -- Installing: /home/majd/Documents/Robotik/ros2_ws/install/turtlesim/include/turtlesim/turtlesim/srv/detail/teleport_relative__struct.h
[34.562s] -- Installing: /home/majd/Documents/Robotik/ros2_ws/install/turtlesim/include/turtlesim/turtlesim/srv/detail/set_pen__struct.h
[34.562s] -- Installing: /home/majd/Documents/Robotik/ros2_ws/install/turtlesim/include/turtlesim/turtlesim/srv/detail/set_pen__functions.h
[34.562s] -- Installing: /home/majd/Documents/Robotik/ros2_ws/install/turtlesim/include/turtlesim/turtlesim/srv/detail/set_pen__type_support.h
[34.563s] -- Installing: /home/majd/Documents/Robotik/ros2_ws/install/turtlesim/include/turtlesim/turtlesim/srv/detail/teleport_relative__functions.h
[34.563s] -- Installing: /home/majd/Documents/Robotik/ros2_ws/install/turtlesim/include/turtlesim/turtlesim/srv/detail/teleport_relative__functions.c
[34.563s] -- Installing: /home/majd/Documents/Robotik/ros2_ws/install/turtlesim/include/turtlesim/turtlesim/srv/detail/teleport_absolute__struct.h
[34.563s] -- Installing: /home/majd/Documents/Robotik/ros2_ws/install/turtlesim/include/turtlesim/turtlesim/srv/detail/spawn__struct.h
[34.563s] -- Installing: /home/majd/Documents/Robotik/ros2_ws/install/turtlesim/include/turtlesim/turtlesim/srv/detail/teleport_absolute__type_support.h
[34.563s] -- Installing: /home/majd/Documents/Robotik/ros2_ws/install/turtlesim/include/turtlesim/turtlesim/srv/detail/teleport_absolute__functions.h
[34.563s] -- Installing: /home/majd/Documents/Robotik/ros2_ws/install/turtlesim/include/turtlesim/turtlesim/srv/detail/spawn__type_support.h
[34.563s] -- Installing: /home/majd/Documents/Robotik/ros2_ws/install/turtlesim/include/turtlesim/turtlesim/srv/detail/spawn__functions.h
[34.564s] -- Installing: /home/majd/Documents/Robotik/ros2_ws/install/turtlesim/include/turtlesim/turtlesim/srv/detail/teleport_absolute__functions.c
[34.564s] -- Installing: /home/majd/Documents/Robotik/ros2_ws/install/turtlesim/include/turtlesim/turtlesim/srv/spawn.h
[34.564s] -- Installing: /home/majd/Documents/Robotik/ros2_ws/install/turtlesim/include/turtlesim/turtlesim/srv/kill.h
[34.564s] -- Installing: /home/majd/Documents/Robotik/ros2_ws/install/turtlesim/include/turtlesim/turtlesim/srv/set_pen.h
[34.564s] -- Installing: /home/majd/Documents/Robotik/ros2_ws/install/turtlesim/include/turtlesim/turtlesim/srv/teleport_absolute.h
[34.564s] -- Installing: /home/majd/Documents/Robotik/ros2_ws/install/turtlesim/include/turtlesim/turtlesim/srv/teleport_relative.h
[34.564s] -- Installing: /home/majd/Documents/Robotik/ros2_ws/install/turtlesim/share/turtlesim/environment/library_path.sh
[34.564s] -- Installing: /home/majd/Documents/Robotik/ros2_ws/install/turtlesim/share/turtlesim/environment/library_path.dsv
[34.564s] -- Installing: /home/majd/Documents/Robotik/ros2_ws/install/turtlesim/lib/libturtlesim__rosidl_generator_c.so
[34.565s] -- Set runtime path of "/home/majd/Documents/Robotik/ros2_ws/install/turtlesim/lib/libturtlesim__rosidl_generator_c.so" to ""
[34.565s] -- Up-to-date: /home/majd/Documents/Robotik/ros2_ws/install/turtlesim/include/turtlesim/turtlesim
[34.565s] -- Up-to-date: /home/majd/Documents/Robotik/ros2_ws/install/turtlesim/include/turtlesim/turtlesim/action
[34.566s] -- Up-to-date: /home/majd/Documents/Robotik/ros2_ws/install/turtlesim/include/turtlesim/turtlesim/action/detail
[34.566s] -- Installing: /home/majd/Documents/Robotik/ros2_ws/install/turtlesim/include/turtlesim/turtlesim/action/detail/rotate_absolute__rosidl_typesupport_fastrtps_c.h
[34.566s] -- Up-to-date: /home/majd/Documents/Robotik/ros2_ws/install/turtlesim/include/turtlesim/turtlesim/msg
[34.566s] -- Up-to-date: /home/majd/Documents/Robotik/ros2_ws/install/turtlesim/include/turtlesim/turtlesim/msg/detail
[34.566s] -- Installing: /home/majd/Documents/Robotik/ros2_ws/install/turtlesim/include/turtlesim/turtlesim/msg/detail/color__rosidl_typesupport_fastrtps_c.h
[34.566s] -- Installing: /home/majd/Documents/Robotik/ros2_ws/install/turtlesim/include/turtlesim/turtlesim/msg/detail/pose__rosidl_typesupport_fastrtps_c.h
[34.566s] -- Installing: /home/majd/Documents/Robotik/ros2_ws/install/turtlesim/include/turtlesim/turtlesim/msg/rosidl_typesupport_fastrtps_c__visibility_control.h
[34.566s] -- Up-to-date: /home/majd/Documents/Robotik/ros2_ws/install/turtlesim/include/turtlesim/turtlesim/srv
[34.566s] -- Up-to-date: /home/majd/Documents/Robotik/ros2_ws/install/turtlesim/include/turtlesim/turtlesim/srv/detail
[34.567s] -- Installing: /home/majd/Documents/Robotik/ros2_ws/install/turtlesim/include/turtlesim/turtlesim/srv/detail/spawn__rosidl_typesupport_fastrtps_c.h
[34.567s] -- Installing: /home/majd/Documents/Robotik/ros2_ws/install/turtlesim/include/turtlesim/turtlesim/srv/detail/set_pen__rosidl_typesupport_fastrtps_c.h
[34.567s] -- Installing: /home/majd/Documents/Robotik/ros2_ws/install/turtlesim/include/turtlesim/turtlesim/srv/detail/kill__rosidl_typesupport_fastrtps_c.h
[34.567s] -- Installing: /home/majd/Documents/Robotik/ros2_ws/install/turtlesim/include/turtlesim/turtlesim/srv/detail/teleport_absolute__rosidl_typesupport_fastrtps_c.h
[34.568s] -- Installing: /home/majd/Documents/Robotik/ros2_ws/install/turtlesim/include/turtlesim/turtlesim/srv/detail/teleport_relative__rosidl_typesupport_fastrtps_c.h
[34.568s] -- Installing: /home/majd/Documents/Robotik/ros2_ws/install/turtlesim/lib/libturtlesim__rosidl_typesupport_fastrtps_c.so
[34.568s] -- Set runtime path of "/home/majd/Documents/Robotik/ros2_ws/install/turtlesim/lib/libturtlesim__rosidl_typesupport_fastrtps_c.so" to ""
[34.568s] -- Up-to-date: /home/majd/Documents/Robotik/ros2_ws/install/turtlesim/include/turtlesim/turtlesim
[34.568s] -- Up-to-date: /home/majd/Documents/Robotik/ros2_ws/install/turtlesim/include/turtlesim/turtlesim/action
[34.568s] -- Installing: /home/majd/Documents/Robotik/ros2_ws/install/turtlesim/include/turtlesim/turtlesim/action/rotate_absolute.hpp
[34.569s] -- Up-to-date: /home/majd/Documents/Robotik/ros2_ws/install/turtlesim/include/turtlesim/turtlesim/action/detail
[34.569s] -- Installing: /home/majd/Documents/Robotik/ros2_ws/install/turtlesim/include/turtlesim/turtlesim/action/detail/rotate_absolute__struct.hpp
[34.569s] -- Installing: /home/majd/Documents/Robotik/ros2_ws/install/turtlesim/include/turtlesim/turtlesim/action/detail/rotate_absolute__builder.hpp
[34.569s] -- Installing: /home/majd/Documents/Robotik/ros2_ws/install/turtlesim/include/turtlesim/turtlesim/action/detail/rotate_absolute__traits.hpp
[34.569s] -- Up-to-date: /home/majd/Documents/Robotik/ros2_ws/install/turtlesim/include/turtlesim/turtlesim/msg
[34.569s] -- Up-to-date: /home/majd/Documents/Robotik/ros2_ws/install/turtlesim/include/turtlesim/turtlesim/msg/detail
[34.569s] -- Installing: /home/majd/Documents/Robotik/ros2_ws/install/turtlesim/include/turtlesim/turtlesim/msg/detail/color__builder.hpp
[34.570s] -- Installing: /home/majd/Documents/Robotik/ros2_ws/install/turtlesim/include/turtlesim/turtlesim/msg/detail/pose__builder.hpp
[34.570s] -- Installing: /home/majd/Documents/Robotik/ros2_ws/install/turtlesim/include/turtlesim/turtlesim/msg/detail/color__struct.hpp
[34.570s] -- Installing: /home/majd/Documents/Robotik/ros2_ws/install/turtlesim/include/turtlesim/turtlesim/msg/detail/pose__traits.hpp
[34.570s] -- Installing: /home/majd/Documents/Robotik/ros2_ws/install/turtlesim/include/turtlesim/turtlesim/msg/detail/pose__struct.hpp
[34.570s] -- Installing: /home/majd/Documents/Robotik/ros2_ws/install/turtlesim/include/turtlesim/turtlesim/msg/detail/color__traits.hpp
[34.570s] -- Installing: /home/majd/Documents/Robotik/ros2_ws/install/turtlesim/include/turtlesim/turtlesim/msg/pose.hpp
[34.570s] -- Installing: /home/majd/Documents/Robotik/ros2_ws/install/turtlesim/include/turtlesim/turtlesim/msg/color.hpp
[34.571s] -- Up-to-date: /home/majd/Documents/Robotik/ros2_ws/install/turtlesim/include/turtlesim/turtlesim/srv
[34.571s] -- Up-to-date: /home/majd/Documents/Robotik/ros2_ws/install/turtlesim/include/turtlesim/turtlesim/srv/detail
[34.571s] -- Installing: /home/majd/Documents/Robotik/ros2_ws/install/turtlesim/include/turtlesim/turtlesim/srv/detail/set_pen__builder.hpp
[34.571s] -- Installing: /home/majd/Documents/Robotik/ros2_ws/install/turtlesim/include/turtlesim/turtlesim/srv/detail/kill__builder.hpp
[34.571s] -- Installing: /home/majd/Documents/Robotik/ros2_ws/install/turtlesim/include/turtlesim/turtlesim/srv/detail/teleport_absolute__builder.hpp
[34.571s] -- Installing: /home/majd/Documents/Robotik/ros2_ws/install/turtlesim/include/turtlesim/turtlesim/srv/detail/set_pen__struct.hpp
[34.571s] -- Installing: /home/majd/Documents/Robotik/ros2_ws/install/turtlesim/include/turtlesim/turtlesim/srv/detail/kill__struct.hpp
[34.571s] -- Installing: /home/majd/Documents/Robotik/ros2_ws/install/turtlesim/include/turtlesim/turtlesim/srv/detail/spawn__traits.hpp
[34.572s] -- Installing: /home/majd/Documents/Robotik/ros2_ws/install/turtlesim/include/turtlesim/turtlesim/srv/detail/teleport_absolute__traits.hpp
[34.572s] -- Installing: /home/majd/Documents/Robotik/ros2_ws/install/turtlesim/include/turtlesim/turtlesim/srv/detail/set_pen__traits.hpp
[34.572s] -- Installing: /home/majd/Documents/Robotik/ros2_ws/install/turtlesim/include/turtlesim/turtlesim/srv/detail/spawn__struct.hpp
[34.572s] -- Installing: /home/majd/Documents/Robotik/ros2_ws/install/turtlesim/include/turtlesim/turtlesim/srv/detail/teleport_relative__builder.hpp
[34.572s] -- Installing: /home/majd/Documents/Robotik/ros2_ws/install/turtlesim/include/turtlesim/turtlesim/srv/detail/teleport_relative__struct.hpp
[34.572s] -- Installing: /home/majd/Documents/Robotik/ros2_ws/install/turtlesim/include/turtlesim/turtlesim/srv/detail/kill__traits.hpp
[34.572s] -- Installing: /home/majd/Documents/Robotik/ros2_ws/install/turtlesim/include/turtlesim/turtlesim/srv/detail/teleport_relative__traits.hpp
[34.573s] -- Installing: /home/majd/Documents/Robotik/ros2_ws/install/turtlesim/include/turtlesim/turtlesim/srv/detail/spawn__builder.hpp
[34.573s] -- Installing: /home/majd/Documents/Robotik/ros2_ws/install/turtlesim/include/turtlesim/turtlesim/srv/detail/teleport_absolute__struct.hpp
[34.573s] -- Installing: /home/majd/Documents/Robotik/ros2_ws/install/turtlesim/include/turtlesim/turtlesim/srv/teleport_relative.hpp
[34.573s] -- Installing: /home/majd/Documents/Robotik/ros2_ws/install/turtlesim/include/turtlesim/turtlesim/srv/spawn.hpp
[34.573s] -- Installing: /home/majd/Documents/Robotik/ros2_ws/install/turtlesim/include/turtlesim/turtlesim/srv/teleport_absolute.hpp
[34.574s] -- Installing: /home/majd/Documents/Robotik/ros2_ws/install/turtlesim/include/turtlesim/turtlesim/srv/set_pen.hpp
[34.574s] -- Installing: /home/majd/Documents/Robotik/ros2_ws/install/turtlesim/include/turtlesim/turtlesim/srv/kill.hpp
[34.574s] -- Up-to-date: /home/majd/Documents/Robotik/ros2_ws/install/turtlesim/include/turtlesim/turtlesim
[34.574s] -- Up-to-date: /home/majd/Documents/Robotik/ros2_ws/install/turtlesim/include/turtlesim/turtlesim/action
[34.574s] -- Up-to-date: /home/majd/Documents/Robotik/ros2_ws/install/turtlesim/include/turtlesim/turtlesim/action/detail
[34.574s] -- Installing: /home/majd/Documents/Robotik/ros2_ws/install/turtlesim/include/turtlesim/turtlesim/action/detail/rotate_absolute__rosidl_typesupport_fastrtps_cpp.hpp
[34.574s] -- Installing: /home/majd/Documents/Robotik/ros2_ws/install/turtlesim/include/turtlesim/turtlesim/action/detail/dds_fastrtps
[34.575s] -- Up-to-date: /home/majd/Documents/Robotik/ros2_ws/install/turtlesim/include/turtlesim/turtlesim/msg
[34.575s] -- Up-to-date: /home/majd/Documents/Robotik/ros2_ws/install/turtlesim/include/turtlesim/turtlesim/msg/detail
[34.575s] -- Installing: /home/majd/Documents/Robotik/ros2_ws/install/turtlesim/include/turtlesim/turtlesim/msg/detail/dds_fastrtps
[34.575s] -- Installing: /home/majd/Documents/Robotik/ros2_ws/install/turtlesim/include/turtlesim/turtlesim/msg/detail/pose__rosidl_typesupport_fastrtps_cpp.hpp
[34.575s] -- Installing: /home/majd/Documents/Robotik/ros2_ws/install/turtlesim/include/turtlesim/turtlesim/msg/detail/color__rosidl_typesupport_fastrtps_cpp.hpp
[34.575s] -- Installing: /home/majd/Documents/Robotik/ros2_ws/install/turtlesim/include/turtlesim/turtlesim/msg/rosidl_typesupport_fastrtps_cpp__visibility_control.h
[34.575s] -- Up-to-date: /home/majd/Documents/Robotik/ros2_ws/install/turtlesim/include/turtlesim/turtlesim/srv
[34.576s] -- Up-to-date: /home/majd/Documents/Robotik/ros2_ws/install/turtlesim/include/turtlesim/turtlesim/srv/detail
[34.576s] -- Installing: /home/majd/Documents/Robotik/ros2_ws/install/turtlesim/include/turtlesim/turtlesim/srv/detail/dds_fastrtps
[34.576s] -- Installing: /home/majd/Documents/Robotik/ros2_ws/install/turtlesim/include/turtlesim/turtlesim/srv/detail/spawn__rosidl_typesupport_fastrtps_cpp.hpp
[34.576s] -- Installing: /home/majd/Documents/Robotik/ros2_ws/install/turtlesim/include/turtlesim/turtlesim/srv/detail/kill__rosidl_typesupport_fastrtps_cpp.hpp
[34.576s] -- Installing: /home/majd/Documents/Robotik/ros2_ws/install/turtlesim/include/turtlesim/turtlesim/srv/detail/teleport_relative__rosidl_typesupport_fastrtps_cpp.hpp
[34.576s] -- Installing: /home/majd/Documents/Robotik/ros2_ws/install/turtlesim/include/turtlesim/turtlesim/srv/detail/teleport_absolute__rosidl_typesupport_fastrtps_cpp.hpp
[34.576s] -- Installing: /home/majd/Documents/Robotik/ros2_ws/install/turtlesim/include/turtlesim/turtlesim/srv/detail/set_pen__rosidl_typesupport_fastrtps_cpp.hpp
[34.576s] -- Installing: /home/majd/Documents/Robotik/ros2_ws/install/turtlesim/lib/libturtlesim__rosidl_typesupport_fastrtps_cpp.so
[34.577s] -- Set runtime path of "/home/majd/Documents/Robotik/ros2_ws/install/turtlesim/lib/libturtlesim__rosidl_typesupport_fastrtps_cpp.so" to ""
[34.577s] -- Up-to-date: /home/majd/Documents/Robotik/ros2_ws/install/turtlesim/include/turtlesim/turtlesim
[34.577s] -- Up-to-date: /home/majd/Documents/Robotik/ros2_ws/install/turtlesim/include/turtlesim/turtlesim/action
[34.577s] -- Up-to-date: /home/majd/Documents/Robotik/ros2_ws/install/turtlesim/include/turtlesim/turtlesim/action/detail
[34.577s] -- Installing: /home/majd/Documents/Robotik/ros2_ws/install/turtlesim/include/turtlesim/turtlesim/action/detail/rotate_absolute__type_support.c
[34.577s] -- Installing: /home/majd/Documents/Robotik/ros2_ws/install/turtlesim/include/turtlesim/turtlesim/action/detail/rotate_absolute__rosidl_typesupport_introspection_c.h
[34.577s] -- Up-to-date: /home/majd/Documents/Robotik/ros2_ws/install/turtlesim/include/turtlesim/turtlesim/msg
[34.577s] -- Installing: /home/majd/Documents/Robotik/ros2_ws/install/turtlesim/include/turtlesim/turtlesim/msg/rosidl_typesupport_introspection_c__visibility_control.h
[34.578s] -- Up-to-date: /home/majd/Documents/Robotik/ros2_ws/install/turtlesim/include/turtlesim/turtlesim/msg/detail
[34.578s] -- Installing: /home/majd/Documents/Robotik/ros2_ws/install/turtlesim/include/turtlesim/turtlesim/msg/detail/pose__type_support.c
[34.578s] -- Installing: /home/majd/Documents/Robotik/ros2_ws/install/turtlesim/include/turtlesim/turtlesim/msg/detail/pose__rosidl_typesupport_introspection_c.h
[34.578s] -- Installing: /home/majd/Documents/Robotik/ros2_ws/install/turtlesim/include/turtlesim/turtlesim/msg/detail/color__rosidl_typesupport_introspection_c.h
[34.578s] -- Installing: /home/majd/Documents/Robotik/ros2_ws/install/turtlesim/include/turtlesim/turtlesim/msg/detail/color__type_support.c
[34.578s] -- Up-to-date: /home/majd/Documents/Robotik/ros2_ws/install/turtlesim/include/turtlesim/turtlesim/srv
[34.579s] -- Up-to-date: /home/majd/Documents/Robotik/ros2_ws/install/turtlesim/include/turtlesim/turtlesim/srv/detail
[34.579s] -- Installing: /home/majd/Documents/Robotik/ros2_ws/install/turtlesim/include/turtlesim/turtlesim/srv/detail/teleport_relative__rosidl_typesupport_introspection_c.h
[34.579s] -- Installing: /home/majd/Documents/Robotik/ros2_ws/install/turtlesim/include/turtlesim/turtlesim/srv/detail/teleport_absolute__type_support.c
[34.579s] -- Installing: /home/majd/Documents/Robotik/ros2_ws/install/turtlesim/include/turtlesim/turtlesim/srv/detail/set_pen__rosidl_typesupport_introspection_c.h
[34.579s] -- Installing: /home/majd/Documents/Robotik/ros2_ws/install/turtlesim/include/turtlesim/turtlesim/srv/detail/set_pen__type_support.c
[34.579s] -- Installing: /home/majd/Documents/Robotik/ros2_ws/install/turtlesim/include/turtlesim/turtlesim/srv/detail/teleport_absolute__rosidl_typesupport_introspection_c.h
[34.580s] -- Installing: /home/majd/Documents/Robotik/ros2_ws/install/turtlesim/include/turtlesim/turtlesim/srv/detail/kill__rosidl_typesupport_introspection_c.h
[34.580s] -- Installing: /home/majd/Documents/Robotik/ros2_ws/install/turtlesim/include/turtlesim/turtlesim/srv/detail/teleport_relative__type_support.c
[34.580s] -- Installing: /home/majd/Documents/Robotik/ros2_ws/install/turtlesim/include/turtlesim/turtlesim/srv/detail/spawn__type_support.c
[34.580s] -- Installing: /home/majd/Documents/Robotik/ros2_ws/install/turtlesim/include/turtlesim/turtlesim/srv/detail/spawn__rosidl_typesupport_introspection_c.h
[34.580s] -- Installing: /home/majd/Documents/Robotik/ros2_ws/install/turtlesim/include/turtlesim/turtlesim/srv/detail/kill__type_support.c
[34.580s] -- Installing: /home/majd/Documents/Robotik/ros2_ws/install/turtlesim/lib/libturtlesim__rosidl_typesupport_introspection_c.so
[34.580s] -- Set runtime path of "/home/majd/Documents/Robotik/ros2_ws/install/turtlesim/lib/libturtlesim__rosidl_typesupport_introspection_c.so" to ""
[34.580s] -- Installing: /home/majd/Documents/Robotik/ros2_ws/install/turtlesim/lib/libturtlesim__rosidl_typesupport_c.so
[34.581s] -- Set runtime path of "/home/majd/Documents/Robotik/ros2_ws/install/turtlesim/lib/libturtlesim__rosidl_typesupport_c.so" to ""
[34.581s] -- Up-to-date: /home/majd/Documents/Robotik/ros2_ws/install/turtlesim/include/turtlesim/turtlesim
[34.581s] -- Up-to-date: /home/majd/Documents/Robotik/ros2_ws/install/turtlesim/include/turtlesim/turtlesim/action
[34.581s] -- Up-to-date: /home/majd/Documents/Robotik/ros2_ws/install/turtlesim/include/turtlesim/turtlesim/action/detail
[34.582s] -- Installing: /home/majd/Documents/Robotik/ros2_ws/install/turtlesim/include/turtlesim/turtlesim/action/detail/rotate_absolute__type_support.cpp
[34.582s] -- Installing: /home/majd/Documents/Robotik/ros2_ws/install/turtlesim/include/turtlesim/turtlesim/action/detail/rotate_absolute__rosidl_typesupport_introspection_cpp.hpp
[34.582s] -- Up-to-date: /home/majd/Documents/Robotik/ros2_ws/install/turtlesim/include/turtlesim/turtlesim/msg
[34.582s] -- Up-to-date: /home/majd/Documents/Robotik/ros2_ws/install/turtlesim/include/turtlesim/turtlesim/msg/detail
[34.582s] -- Installing: /home/majd/Documents/Robotik/ros2_ws/install/turtlesim/include/turtlesim/turtlesim/msg/detail/color__type_support.cpp
[34.582s] -- Installing: /home/majd/Documents/Robotik/ros2_ws/install/turtlesim/include/turtlesim/turtlesim/msg/detail/pose__rosidl_typesupport_introspection_cpp.hpp
[34.583s] -- Installing: /home/majd/Documents/Robotik/ros2_ws/install/turtlesim/include/turtlesim/turtlesim/msg/detail/color__rosidl_typesupport_introspection_cpp.hpp
[34.583s] -- Installing: /home/majd/Documents/Robotik/ros2_ws/install/turtlesim/include/turtlesim/turtlesim/msg/detail/pose__type_support.cpp
[34.583s] -- Up-to-date: /home/majd/Documents/Robotik/ros2_ws/install/turtlesim/include/turtlesim/turtlesim/srv
[34.583s] -- Up-to-date: /home/majd/Documents/Robotik/ros2_ws/install/turtlesim/include/turtlesim/turtlesim/srv/detail
[34.583s] -- Installing: /home/majd/Documents/Robotik/ros2_ws/install/turtlesim/include/turtlesim/turtlesim/srv/detail/set_pen__rosidl_typesupport_introspection_cpp.hpp
[34.583s] -- Installing: /home/majd/Documents/Robotik/ros2_ws/install/turtlesim/include/turtlesim/turtlesim/srv/detail/teleport_absolute__rosidl_typesupport_introspection_cpp.hpp
[34.583s] -- Installing: /home/majd/Documents/Robotik/ros2_ws/install/turtlesim/include/turtlesim/turtlesim/srv/detail/kill__type_support.cpp
[34.584s] -- Installing: /home/majd/Documents/Robotik/ros2_ws/install/turtlesim/include/turtlesim/turtlesim/srv/detail/teleport_relative__type_support.cpp
[34.584s] -- Installing: /home/majd/Documents/Robotik/ros2_ws/install/turtlesim/include/turtlesim/turtlesim/srv/detail/spawn__type_support.cpp
[34.584s] -- Installing: /home/majd/Documents/Robotik/ros2_ws/install/turtlesim/include/turtlesim/turtlesim/srv/detail/set_pen__type_support.cpp
[34.584s] -- Installing: /home/majd/Documents/Robotik/ros2_ws/install/turtlesim/include/turtlesim/turtlesim/srv/detail/teleport_absolute__type_support.cpp
[34.584s] -- Installing: /home/majd/Documents/Robotik/ros2_ws/install/turtlesim/include/turtlesim/turtlesim/srv/detail/kill__rosidl_typesupport_introspection_cpp.hpp
[34.584s] -- Installing: /home/majd/Documents/Robotik/ros2_ws/install/turtlesim/include/turtlesim/turtlesim/srv/detail/teleport_relative__rosidl_typesupport_introspection_cpp.hpp
[34.585s] -- Installing: /home/majd/Documents/Robotik/ros2_ws/install/turtlesim/include/turtlesim/turtlesim/srv/detail/spawn__rosidl_typesupport_introspection_cpp.hpp
[34.585s] -- Installing: /home/majd/Documents/Robotik/ros2_ws/install/turtlesim/lib/libturtlesim__rosidl_typesupport_introspection_cpp.so
[34.585s] -- Set runtime path of "/home/majd/Documents/Robotik/ros2_ws/install/turtlesim/lib/libturtlesim__rosidl_typesupport_introspection_cpp.so" to ""
[34.585s] -- Installing: /home/majd/Documents/Robotik/ros2_ws/install/turtlesim/lib/libturtlesim__rosidl_typesupport_cpp.so
[34.585s] -- Set runtime path of "/home/majd/Documents/Robotik/ros2_ws/install/turtlesim/lib/libturtlesim__rosidl_typesupport_cpp.so" to ""
[34.586s] -- Installing: /home/majd/Documents/Robotik/ros2_ws/install/turtlesim/share/turtlesim/environment/pythonpath.sh
[34.586s] -- Installing: /home/majd/Documents/Robotik/ros2_ws/install/turtlesim/share/turtlesim/environment/pythonpath.dsv
[34.586s] -- Installing: /home/majd/Documents/Robotik/ros2_ws/install/turtlesim/local/lib/python3.10/dist-packages/turtlesim-1.4.1-py3.10.egg-info
[34.586s] -- Installing: /home/majd/Documents/Robotik/ros2_ws/install/turtlesim/local/lib/python3.10/dist-packages/turtlesim-1.4.1-py3.10.egg-info/SOURCES.txt
[34.586s] -- Installing: /home/majd/Documents/Robotik/ros2_ws/install/turtlesim/local/lib/python3.10/dist-packages/turtlesim-1.4.1-py3.10.egg-info/dependency_links.txt
[34.587s] -- Installing: /home/majd/Documents/Robotik/ros2_ws/install/turtlesim/local/lib/python3.10/dist-packages/turtlesim-1.4.1-py3.10.egg-info/PKG-INFO
[34.587s] -- Installing: /home/majd/Documents/Robotik/ros2_ws/install/turtlesim/local/lib/python3.10/dist-packages/turtlesim-1.4.1-py3.10.egg-info/top_level.txt
[34.587s] -- Installing: /home/majd/Documents/Robotik/ros2_ws/install/turtlesim/local/lib/python3.10/dist-packages/turtlesim
[34.587s] -- Installing: /home/majd/Documents/Robotik/ros2_ws/install/turtlesim/local/lib/python3.10/dist-packages/turtlesim/turtlesim_s__rosidl_typesupport_c.cpython-310-x86_64-linux-gnu.so
[34.587s] -- Installing: /home/majd/Documents/Robotik/ros2_ws/install/turtlesim/local/lib/python3.10/dist-packages/turtlesim/action
[34.587s] -- Installing: /home/majd/Documents/Robotik/ros2_ws/install/turtlesim/local/lib/python3.10/dist-packages/turtlesim/action/_rotate_absolute_s.c
[34.587s] -- Installing: /home/majd/Documents/Robotik/ros2_ws/install/turtlesim/local/lib/python3.10/dist-packages/turtlesim/action/__init__.py
[34.588s] -- Installing: /home/majd/Documents/Robotik/ros2_ws/install/turtlesim/local/lib/python3.10/dist-packages/turtlesim/action/_rotate_absolute.py
[34.588s] -- Installing: /home/majd/Documents/Robotik/ros2_ws/install/turtlesim/local/lib/python3.10/dist-packages/turtlesim/__init__.py
[34.588s] -- Installing: /home/majd/Documents/Robotik/ros2_ws/install/turtlesim/local/lib/python3.10/dist-packages/turtlesim/libturtlesim__rosidl_generator_py.so
[34.588s] -- Installing: /home/majd/Documents/Robotik/ros2_ws/install/turtlesim/local/lib/python3.10/dist-packages/turtlesim/turtlesim_s__rosidl_typesupport_fastrtps_c.cpython-310-x86_64-linux-gnu.so
[34.588s] -- Installing: /home/majd/Documents/Robotik/ros2_ws/install/turtlesim/local/lib/python3.10/dist-packages/turtlesim/msg
[34.588s] -- Installing: /home/majd/Documents/Robotik/ros2_ws/install/turtlesim/local/lib/python3.10/dist-packages/turtlesim/msg/_pose_s.c
[34.588s] -- Installing: /home/majd/Documents/Robotik/ros2_ws/install/turtlesim/local/lib/python3.10/dist-packages/turtlesim/msg/_color.py
[34.588s] -- Installing: /home/majd/Documents/Robotik/ros2_ws/install/turtlesim/local/lib/python3.10/dist-packages/turtlesim/msg/_color_s.c
[34.589s] -- Installing: /home/majd/Documents/Robotik/ros2_ws/install/turtlesim/local/lib/python3.10/dist-packages/turtlesim/msg/_pose.py
[34.589s] -- Installing: /home/majd/Documents/Robotik/ros2_ws/install/turtlesim/local/lib/python3.10/dist-packages/turtlesim/msg/__init__.py
[34.589s] -- Installing: /home/majd/Documents/Robotik/ros2_ws/install/turtlesim/local/lib/python3.10/dist-packages/turtlesim/srv
[34.589s] -- Installing: /home/majd/Documents/Robotik/ros2_ws/install/turtlesim/local/lib/python3.10/dist-packages/turtlesim/srv/_teleport_relative_s.c
[34.589s] -- Installing: /home/majd/Documents/Robotik/ros2_ws/install/turtlesim/local/lib/python3.10/dist-packages/turtlesim/srv/_kill_s.c
[34.589s] -- Installing: /home/majd/Documents/Robotik/ros2_ws/install/turtlesim/local/lib/python3.10/dist-packages/turtlesim/srv/_teleport_relative.py
[34.589s] -- Installing: /home/majd/Documents/Robotik/ros2_ws/install/turtlesim/local/lib/python3.10/dist-packages/turtlesim/srv/__init__.py
[34.589s] -- Installing: /home/majd/Documents/Robotik/ros2_ws/install/turtlesim/local/lib/python3.10/dist-packages/turtlesim/srv/_teleport_absolute_s.c
[34.589s] -- Installing: /home/majd/Documents/Robotik/ros2_ws/install/turtlesim/local/lib/python3.10/dist-packages/turtlesim/srv/_teleport_absolute.py
[34.590s] -- Installing: /home/majd/Documents/Robotik/ros2_ws/install/turtlesim/local/lib/python3.10/dist-packages/turtlesim/srv/_kill.py
[34.590s] -- Installing: /home/majd/Documents/Robotik/ros2_ws/install/turtlesim/local/lib/python3.10/dist-packages/turtlesim/srv/_set_pen.py
[34.590s] -- Installing: /home/majd/Documents/Robotik/ros2_ws/install/turtlesim/local/lib/python3.10/dist-packages/turtlesim/srv/_set_pen_s.c
[34.590s] -- Installing: /home/majd/Documents/Robotik/ros2_ws/install/turtlesim/local/lib/python3.10/dist-packages/turtlesim/srv/_spawn_s.c
[34.590s] -- Installing: /home/majd/Documents/Robotik/ros2_ws/install/turtlesim/local/lib/python3.10/dist-packages/turtlesim/srv/_spawn.py
[34.590s] -- Installing: /home/majd/Documents/Robotik/ros2_ws/install/turtlesim/local/lib/python3.10/dist-packages/turtlesim/_turtlesim_s.ep.rosidl_typesupport_fastrtps_c.c
[34.590s] -- Installing: /home/majd/Documents/Robotik/ros2_ws/install/turtlesim/local/lib/python3.10/dist-packages/turtlesim/_turtlesim_s.ep.rosidl_typesupport_c.c
[34.590s] -- Installing: /home/majd/Documents/Robotik/ros2_ws/install/turtlesim/local/lib/python3.10/dist-packages/turtlesim/_turtlesim_s.ep.rosidl_typesupport_introspection_c.c
[34.590s] -- Installing: /home/majd/Documents/Robotik/ros2_ws/install/turtlesim/local/lib/python3.10/dist-packages/turtlesim/turtlesim_s__rosidl_typesupport_introspection_c.cpython-310-x86_64-linux-gnu.so
[34.644s] Listing '/home/majd/Documents/Robotik/ros2_ws/install/turtlesim/local/lib/python3.10/dist-packages/turtlesim'...
[34.644s] Compiling '/home/majd/Documents/Robotik/ros2_ws/install/turtlesim/local/lib/python3.10/dist-packages/turtlesim/__init__.py'...
[34.645s] Listing '/home/majd/Documents/Robotik/ros2_ws/install/turtlesim/local/lib/python3.10/dist-packages/turtlesim/action'...
[34.645s] Compiling '/home/majd/Documents/Robotik/ros2_ws/install/turtlesim/local/lib/python3.10/dist-packages/turtlesim/action/__init__.py'...
[34.645s] Compiling '/home/majd/Documents/Robotik/ros2_ws/install/turtlesim/local/lib/python3.10/dist-packages/turtlesim/action/_rotate_absolute.py'...
[34.645s] Listing '/home/majd/Documents/Robotik/ros2_ws/install/turtlesim/local/lib/python3.10/dist-packages/turtlesim/msg'...
[34.645s] Compiling '/home/majd/Documents/Robotik/ros2_ws/install/turtlesim/local/lib/python3.10/dist-packages/turtlesim/msg/__init__.py'...
[34.645s] Compiling '/home/majd/Documents/Robotik/ros2_ws/install/turtlesim/local/lib/python3.10/dist-packages/turtlesim/msg/_color.py'...
[34.645s] Compiling '/home/majd/Documents/Robotik/ros2_ws/install/turtlesim/local/lib/python3.10/dist-packages/turtlesim/msg/_pose.py'...
[34.645s] Listing '/home/majd/Documents/Robotik/ros2_ws/install/turtlesim/local/lib/python3.10/dist-packages/turtlesim/srv'...
[34.646s] Compiling '/home/majd/Documents/Robotik/ros2_ws/install/turtlesim/local/lib/python3.10/dist-packages/turtlesim/srv/__init__.py'...
[34.646s] Compiling '/home/majd/Documents/Robotik/ros2_ws/install/turtlesim/local/lib/python3.10/dist-packages/turtlesim/srv/_kill.py'...
[34.646s] Compiling '/home/majd/Documents/Robotik/ros2_ws/install/turtlesim/local/lib/python3.10/dist-packages/turtlesim/srv/_set_pen.py'...
[34.646s] Compiling '/home/majd/Documents/Robotik/ros2_ws/install/turtlesim/local/lib/python3.10/dist-packages/turtlesim/srv/_spawn.py'...
[34.646s] Compiling '/home/majd/Documents/Robotik/ros2_ws/install/turtlesim/local/lib/python3.10/dist-packages/turtlesim/srv/_teleport_absolute.py'...
[34.646s] Compiling '/home/majd/Documents/Robotik/ros2_ws/install/turtlesim/local/lib/python3.10/dist-packages/turtlesim/srv/_teleport_relative.py'...
[34.649s] -- Installing: /home/majd/Documents/Robotik/ros2_ws/install/turtlesim/local/lib/python3.10/dist-packages/turtlesim/turtlesim_s__rosidl_typesupport_fastrtps_c.cpython-310-x86_64-linux-gnu.so
[34.650s] -- Set runtime path of "/home/majd/Documents/Robotik/ros2_ws/install/turtlesim/local/lib/python3.10/dist-packages/turtlesim/turtlesim_s__rosidl_typesupport_fastrtps_c.cpython-310-x86_64-linux-gnu.so" to ""
[34.650s] -- Installing: /home/majd/Documents/Robotik/ros2_ws/install/turtlesim/local/lib/python3.10/dist-packages/turtlesim/turtlesim_s__rosidl_typesupport_introspection_c.cpython-310-x86_64-linux-gnu.so
[34.650s] -- Set runtime path of "/home/majd/Documents/Robotik/ros2_ws/install/turtlesim/local/lib/python3.10/dist-packages/turtlesim/turtlesim_s__rosidl_typesupport_introspection_c.cpython-310-x86_64-linux-gnu.so" to ""
[34.651s] -- Installing: /home/majd/Documents/Robotik/ros2_ws/install/turtlesim/local/lib/python3.10/dist-packages/turtlesim/turtlesim_s__rosidl_typesupport_c.cpython-310-x86_64-linux-gnu.so
[34.651s] -- Set runtime path of "/home/majd/Documents/Robotik/ros2_ws/install/turtlesim/local/lib/python3.10/dist-packages/turtlesim/turtlesim_s__rosidl_typesupport_c.cpython-310-x86_64-linux-gnu.so" to ""
[34.651s] -- Installing: /home/majd/Documents/Robotik/ros2_ws/install/turtlesim/lib/libturtlesim__rosidl_generator_py.so
[34.652s] -- Set runtime path of "/home/majd/Documents/Robotik/ros2_ws/install/turtlesim/lib/libturtlesim__rosidl_generator_py.so" to ""
[34.652s] -- Installing: /home/majd/Documents/Robotik/ros2_ws/install/turtlesim/share/turtlesim/action/RotateAbsolute.idl
[34.652s] -- Installing: /home/majd/Documents/Robotik/ros2_ws/install/turtlesim/share/turtlesim/msg/Color.idl
[34.652s] -- Installing: /home/majd/Documents/Robotik/ros2_ws/install/turtlesim/share/turtlesim/msg/Pose.idl
[34.652s] -- Installing: /home/majd/Documents/Robotik/ros2_ws/install/turtlesim/share/turtlesim/srv/Kill.idl
[34.652s] -- Installing: /home/majd/Documents/Robotik/ros2_ws/install/turtlesim/share/turtlesim/srv/SetPen.idl
[34.653s] -- Installing: /home/majd/Documents/Robotik/ros2_ws/install/turtlesim/share/turtlesim/srv/Spawn.idl
[34.653s] -- Installing: /home/majd/Documents/Robotik/ros2_ws/install/turtlesim/share/turtlesim/srv/TeleportAbsolute.idl
[34.653s] -- Installing: /home/majd/Documents/Robotik/ros2_ws/install/turtlesim/share/turtlesim/srv/TeleportRelative.idl
[34.653s] -- Installing: /home/majd/Documents/Robotik/ros2_ws/install/turtlesim/share/turtlesim/action/RotateAbsolute.action
[34.653s] -- Installing: /home/majd/Documents/Robotik/ros2_ws/install/turtlesim/share/turtlesim/msg/Color.msg
[34.653s] -- Installing: /home/majd/Documents/Robotik/ros2_ws/install/turtlesim/share/turtlesim/msg/Pose.msg
[34.653s] -- Installing: /home/majd/Documents/Robotik/ros2_ws/install/turtlesim/share/turtlesim/srv/Kill.srv
[34.653s] -- Installing: /home/majd/Documents/Robotik/ros2_ws/install/turtlesim/share/turtlesim/srv/Kill_Request.msg
[34.653s] -- Installing: /home/majd/Documents/Robotik/ros2_ws/install/turtlesim/share/turtlesim/srv/Kill_Response.msg
[34.654s] -- Installing: /home/majd/Documents/Robotik/ros2_ws/install/turtlesim/share/turtlesim/srv/SetPen.srv
[34.654s] -- Installing: /home/majd/Documents/Robotik/ros2_ws/install/turtlesim/share/turtlesim/srv/SetPen_Request.msg
[34.654s] -- Installing: /home/majd/Documents/Robotik/ros2_ws/install/turtlesim/share/turtlesim/srv/SetPen_Response.msg
[34.654s] -- Installing: /home/majd/Documents/Robotik/ros2_ws/install/turtlesim/share/turtlesim/srv/Spawn.srv
[34.654s] -- Installing: /home/majd/Documents/Robotik/ros2_ws/install/turtlesim/share/turtlesim/srv/Spawn_Request.msg
[34.654s] -- Installing: /home/majd/Documents/Robotik/ros2_ws/install/turtlesim/share/turtlesim/srv/Spawn_Response.msg
[34.654s] -- Installing: /home/majd/Documents/Robotik/ros2_ws/install/turtlesim/share/turtlesim/srv/TeleportAbsolute.srv
[34.654s] -- Installing: /home/majd/Documents/Robotik/ros2_ws/install/turtlesim/share/turtlesim/srv/TeleportAbsolute_Request.msg
[34.655s] -- Installing: /home/majd/Documents/Robotik/ros2_ws/install/turtlesim/share/turtlesim/srv/TeleportAbsolute_Response.msg
[34.655s] -- Installing: /home/majd/Documents/Robotik/ros2_ws/install/turtlesim/share/turtlesim/srv/TeleportRelative.srv
[34.655s] -- Installing: /home/majd/Documents/Robotik/ros2_ws/install/turtlesim/share/turtlesim/srv/TeleportRelative_Request.msg
[34.655s] -- Installing: /home/majd/Documents/Robotik/ros2_ws/install/turtlesim/share/turtlesim/srv/TeleportRelative_Response.msg
[34.655s] -- Installing: /home/majd/Documents/Robotik/ros2_ws/install/turtlesim/lib/turtlesim/turtlesim_node
[34.664s] -- Set runtime path of "/home/majd/Documents/Robotik/ros2_ws/install/turtlesim/lib/turtlesim/turtlesim_node" to ""
[34.664s] -- Installing: /home/majd/Documents/Robotik/ros2_ws/install/turtlesim/lib/turtlesim/turtle_teleop_key
[34.666s] -- Set runtime path of "/home/majd/Documents/Robotik/ros2_ws/install/turtlesim/lib/turtlesim/turtle_teleop_key" to ""
[34.666s] -- Installing: /home/majd/Documents/Robotik/ros2_ws/install/turtlesim/lib/turtlesim/draw_square
[34.670s] -- Set runtime path of "/home/majd/Documents/Robotik/ros2_ws/install/turtlesim/lib/turtlesim/draw_square" to ""
[34.670s] -- Installing: /home/majd/Documents/Robotik/ros2_ws/install/turtlesim/lib/turtlesim/mimic
[34.674s] -- Set runtime path of "/home/majd/Documents/Robotik/ros2_ws/install/turtlesim/lib/turtlesim/mimic" to ""
[34.674s] -- Installing: /home/majd/Documents/Robotik/ros2_ws/install/turtlesim/share/turtlesim/images
[34.674s] -- Installing: /home/majd/Documents/Robotik/ros2_ws/install/turtlesim/share/turtlesim/images/humble.png
[34.675s] -- Installing: /home/majd/Documents/Robotik/ros2_ws/install/turtlesim/share/turtlesim/images/dashing.png
[34.675s] -- Installing: /home/majd/Documents/Robotik/ros2_ws/install/turtlesim/share/turtlesim/images/bouncy.png
[34.675s] -- Installing: /home/majd/Documents/Robotik/ros2_ws/install/turtlesim/share/turtlesim/images/crystal.png
[34.675s] -- Installing: /home/majd/Documents/Robotik/ros2_ws/install/turtlesim/share/turtlesim/images/eloquent.png
[34.675s] -- Installing: /home/majd/Documents/Robotik/ros2_ws/install/turtlesim/share/turtlesim/images/ardent.png
[34.675s] -- Installing: /home/majd/Documents/Robotik/ros2_ws/install/turtlesim/share/turtlesim/images/galactic.png
[34.675s] -- Installing: /home/majd/Documents/Robotik/ros2_ws/install/turtlesim/share/turtlesim/images/rolling.png
[34.675s] -- Installing: /home/majd/Documents/Robotik/ros2_ws/install/turtlesim/share/turtlesim/images/foxy.png
[34.675s] -- Installing: /home/majd/Documents/Robotik/ros2_ws/install/turtlesim/share/turtlesim/launch
[34.675s] -- Installing: /home/majd/Documents/Robotik/ros2_ws/install/turtlesim/share/turtlesim/launch/multisim.launch.py
[34.676s] -- Installing: /home/majd/Documents/Robotik/ros2_ws/install/turtlesim/share/ament_index/resource_index/package_run_dependencies/turtlesim
[34.676s] -- Installing: /home/majd/Documents/Robotik/ros2_ws/install/turtlesim/share/ament_index/resource_index/parent_prefix_path/turtlesim
[34.676s] -- Installing: /home/majd/Documents/Robotik/ros2_ws/install/turtlesim/share/turtlesim/environment/ament_prefix_path.sh
[34.676s] -- Installing: /home/majd/Documents/Robotik/ros2_ws/install/turtlesim/share/turtlesim/environment/ament_prefix_path.dsv
[34.676s] -- Installing: /home/majd/Documents/Robotik/ros2_ws/install/turtlesim/share/turtlesim/environment/path.sh
[34.677s] -- Installing: /home/majd/Documents/Robotik/ros2_ws/install/turtlesim/share/turtlesim/environment/path.dsv
[34.677s] -- Installing: /home/majd/Documents/Robotik/ros2_ws/install/turtlesim/share/turtlesim/local_setup.bash
[34.677s] -- Installing: /home/majd/Documents/Robotik/ros2_ws/install/turtlesim/share/turtlesim/local_setup.sh
[34.677s] -- Installing: /home/majd/Documents/Robotik/ros2_ws/install/turtlesim/share/turtlesim/local_setup.zsh
[34.677s] -- Installing: /home/majd/Documents/Robotik/ros2_ws/install/turtlesim/share/turtlesim/local_setup.dsv
[34.678s] -- Installing: /home/majd/Documents/Robotik/ros2_ws/install/turtlesim/share/turtlesim/package.dsv
[34.678s] -- Installing: /home/majd/Documents/Robotik/ros2_ws/install/turtlesim/share/ament_index/resource_index/packages/turtlesim
[34.678s] -- Installing: /home/majd/Documents/Robotik/ros2_ws/install/turtlesim/share/turtlesim/cmake/export_turtlesim__rosidl_generator_cExport.cmake
[34.678s] -- Installing: /home/majd/Documents/Robotik/ros2_ws/install/turtlesim/share/turtlesim/cmake/export_turtlesim__rosidl_generator_cExport-noconfig.cmake
[34.679s] -- Installing: /home/majd/Documents/Robotik/ros2_ws/install/turtlesim/share/turtlesim/cmake/export_turtlesim__rosidl_typesupport_fastrtps_cExport.cmake
[34.679s] -- Installing: /home/majd/Documents/Robotik/ros2_ws/install/turtlesim/share/turtlesim/cmake/export_turtlesim__rosidl_typesupport_fastrtps_cExport-noconfig.cmake
[34.679s] -- Installing: /home/majd/Documents/Robotik/ros2_ws/install/turtlesim/share/turtlesim/cmake/export_turtlesim__rosidl_generator_cppExport.cmake
[34.679s] -- Installing: /home/majd/Documents/Robotik/ros2_ws/install/turtlesim/share/turtlesim/cmake/export_turtlesim__rosidl_typesupport_fastrtps_cppExport.cmake
[34.679s] -- Installing: /home/majd/Documents/Robotik/ros2_ws/install/turtlesim/share/turtlesim/cmake/export_turtlesim__rosidl_typesupport_fastrtps_cppExport-noconfig.cmake
[34.680s] -- Installing: /home/majd/Documents/Robotik/ros2_ws/install/turtlesim/share/turtlesim/cmake/turtlesim__rosidl_typesupport_introspection_cExport.cmake
[34.680s] -- Installing: /home/majd/Documents/Robotik/ros2_ws/install/turtlesim/share/turtlesim/cmake/turtlesim__rosidl_typesupport_introspection_cExport-noconfig.cmake
[34.680s] -- Installing: /home/majd/Documents/Robotik/ros2_ws/install/turtlesim/share/turtlesim/cmake/turtlesim__rosidl_typesupport_cExport.cmake
[34.680s] -- Installing: /home/majd/Documents/Robotik/ros2_ws/install/turtlesim/share/turtlesim/cmake/turtlesim__rosidl_typesupport_cExport-noconfig.cmake
[34.681s] -- Installing: /home/majd/Documents/Robotik/ros2_ws/install/turtlesim/share/turtlesim/cmake/turtlesim__rosidl_typesupport_introspection_cppExport.cmake
[34.681s] -- Installing: /home/majd/Documents/Robotik/ros2_ws/install/turtlesim/share/turtlesim/cmake/turtlesim__rosidl_typesupport_introspection_cppExport-noconfig.cmake
[34.681s] -- Installing: /home/majd/Documents/Robotik/ros2_ws/install/turtlesim/share/turtlesim/cmake/turtlesim__rosidl_typesupport_cppExport.cmake
[34.681s] -- Installing: /home/majd/Documents/Robotik/ros2_ws/install/turtlesim/share/turtlesim/cmake/turtlesim__rosidl_typesupport_cppExport-noconfig.cmake
[34.682s] -- Installing: /home/majd/Documents/Robotik/ros2_ws/install/turtlesim/share/turtlesim/cmake/export_turtlesim__rosidl_generator_pyExport.cmake
[34.682s] -- Installing: /home/majd/Documents/Robotik/ros2_ws/install/turtlesim/share/turtlesim/cmake/export_turtlesim__rosidl_generator_pyExport-noconfig.cmake
[34.682s] -- Installing: /home/majd/Documents/Robotik/ros2_ws/install/turtlesim/share/turtlesim/cmake/rosidl_cmake-extras.cmake
[34.682s] -- Installing: /home/majd/Documents/Robotik/ros2_ws/install/turtlesim/share/turtlesim/cmake/ament_cmake_export_dependencies-extras.cmake
[34.682s] -- Installing: /home/majd/Documents/Robotik/ros2_ws/install/turtlesim/share/turtlesim/cmake/ament_cmake_export_include_directories-extras.cmake
[34.683s] -- Installing: /home/majd/Documents/Robotik/ros2_ws/install/turtlesim/share/turtlesim/cmake/ament_cmake_export_libraries-extras.cmake
[34.683s] -- Installing: /home/majd/Documents/Robotik/ros2_ws/install/turtlesim/share/turtlesim/cmake/ament_cmake_export_targets-extras.cmake
[34.683s] -- Installing: /home/majd/Documents/Robotik/ros2_ws/install/turtlesim/share/turtlesim/cmake/rosidl_cmake_export_typesupport_targets-extras.cmake
[34.683s] -- Installing: /home/majd/Documents/Robotik/ros2_ws/install/turtlesim/share/turtlesim/cmake/rosidl_cmake_export_typesupport_libraries-extras.cmake
[34.683s] -- Installing: /home/majd/Documents/Robotik/ros2_ws/install/turtlesim/share/turtlesim/cmake/turtlesimConfig.cmake
[34.684s] -- Installing: /home/majd/Documents/Robotik/ros2_ws/install/turtlesim/share/turtlesim/cmake/turtlesimConfig-version.cmake
[34.684s] -- Installing: /home/majd/Documents/Robotik/ros2_ws/install/turtlesim/share/turtlesim/package.xml
[34.689s] Invoked command in '/home/majd/Documents/Robotik/ros2_ws/build/turtlesim' returned '0': CMAKE_PREFIX_PATH=${CMAKE_PREFIX_PATH}:/opt/ros/humble /usr/bin/cmake --install /home/majd/Documents/Robotik/ros2_ws/build/turtlesim
