[2.074s] DEBUG:colcon:Command line arguments: ['/usr/bin/colcon', 'build', '--symlink-install']
[2.075s] DEBUG:colcon:Parsed command line arguments: Namespace(log_base=None, log_level=None, verb_name='build', build_base='build', install_base='install', merge_install=False, symlink_install=True, test_result_base=None, continue_on_error=False, executor='parallel', parallel_workers=8, event_handlers=None, ignore_user_meta=False, metas=['./colcon.meta'], base_paths=['.'], packages_ignore=None, packages_ignore_regex=None, paths=None, packages_up_to=None, packages_up_to_regex=None, packages_above=None, packages_above_and_dependencies=None, packages_above_depth=None, packages_select_by_dep=None, packages_skip_by_dep=None, packages_skip_up_to=None, packages_select_build_failed=False, packages_skip_build_finished=False, packages_select_test_failures=False, packages_skip_test_passed=False, packages_select=None, packages_skip=None, packages_select_regex=None, packages_skip_regex=None, packages_start=None, packages_end=None, allow_overriding=[], cmake_args=None, cmake_target=None, cmake_target_skip_unavailable=False, cmake_clean_cache=False, cmake_clean_first=False, cmake_force_configure=False, ament_cmake_args=None, catkin_cmake_args=None, catkin_skip_building_tests=False, verb_parser=<colcon_defaults.argument_parser.defaults.DefaultArgumentsDecorator object at 0x7f3248d231f0>, verb_extension=<colcon_core.verb.build.BuildVerb object at 0x7f3248eebfa0>, main=<bound method BuildVerb.main of <colcon_core.verb.build.BuildVerb object at 0x7f3248eebfa0>>)
[2.244s] Level 1:colcon.colcon_core.package_discovery:discover_packages(colcon_meta) check parameters
[2.244s] Level 1:colcon.colcon_core.package_discovery:discover_packages(recursive) check parameters
[2.244s] Level 1:colcon.colcon_core.package_discovery:discover_packages(ignore) check parameters
[2.244s] Level 1:colcon.colcon_core.package_discovery:discover_packages(path) check parameters
[2.245s] Level 1:colcon.colcon_core.package_discovery:discover_packages(colcon_meta) discover
[2.249s] Level 1:colcon.colcon_core.package_discovery:discover_packages(recursive) discover
[2.249s] INFO:colcon.colcon_core.package_discovery:Crawling recursively for packages in '/home/majd/Documents/Robotik/ros2_ws'
[2.250s] Level 1:colcon.colcon_core.package_identification:_identify(.) by extensions ['ignore', 'ignore_ament_install']
[2.251s] Level 1:colcon.colcon_core.package_identification:_identify(.) by extension 'ignore'
[2.251s] Level 1:colcon.colcon_core.package_identification:_identify(.) by extension 'ignore_ament_install'
[2.252s] Level 1:colcon.colcon_core.package_identification:_identify(.) by extensions ['colcon_pkg']
[2.252s] Level 1:colcon.colcon_core.package_identification:_identify(.) by extension 'colcon_pkg'
[2.252s] Level 1:colcon.colcon_core.package_identification:_identify(.) by extensions ['colcon_meta']
[2.252s] Level 1:colcon.colcon_core.package_identification:_identify(.) by extension 'colcon_meta'
[2.253s] Level 1:colcon.colcon_core.package_identification:_identify(.) by extensions ['ros']
[2.253s] Level 1:colcon.colcon_core.package_identification:_identify(.) by extension 'ros'
[2.363s] Level 1:colcon.colcon_core.package_identification:_identify(.) by extensions ['cmake', 'python']
[2.363s] Level 1:colcon.colcon_core.package_identification:_identify(.) by extension 'cmake'
[2.363s] Level 1:colcon.colcon_core.package_identification:_identify(.) by extension 'python'
[2.364s] Level 1:colcon.colcon_core.package_identification:_identify(.) by extensions ['python_setup_py']
[2.364s] Level 1:colcon.colcon_core.package_identification:_identify(.) by extension 'python_setup_py'
[2.365s] Level 1:colcon.colcon_core.package_identification:_identify(build) by extensions ['ignore', 'ignore_ament_install']
[2.365s] Level 1:colcon.colcon_core.package_identification:_identify(build) by extension 'ignore'
[2.366s] Level 1:colcon.colcon_core.package_identification:_identify(build) ignored
[2.367s] Level 1:colcon.colcon_core.package_identification:_identify(install) by extensions ['ignore', 'ignore_ament_install']
[2.367s] Level 1:colcon.colcon_core.package_identification:_identify(install) by extension 'ignore'
[2.368s] Level 1:colcon.colcon_core.package_identification:_identify(install) ignored
[2.369s] Level 1:colcon.colcon_core.package_identification:_identify(log) by extensions ['ignore', 'ignore_ament_install']
[2.369s] Level 1:colcon.colcon_core.package_identification:_identify(log) by extension 'ignore'
[2.370s] Level 1:colcon.colcon_core.package_identification:_identify(log) ignored
[2.371s] Level 1:colcon.colcon_core.package_identification:_identify(src) by extensions ['ignore', 'ignore_ament_install']
[2.371s] Level 1:colcon.colcon_core.package_identification:_identify(src) by extension 'ignore'
[2.372s] Level 1:colcon.colcon_core.package_identification:_identify(src) by extension 'ignore_ament_install'
[2.372s] Level 1:colcon.colcon_core.package_identification:_identify(src) by extensions ['colcon_pkg']
[2.372s] Level 1:colcon.colcon_core.package_identification:_identify(src) by extension 'colcon_pkg'
[2.373s] Level 1:colcon.colcon_core.package_identification:_identify(src) by extensions ['colcon_meta']
[2.373s] Level 1:colcon.colcon_core.package_identification:_identify(src) by extension 'colcon_meta'
[2.373s] Level 1:colcon.colcon_core.package_identification:_identify(src) by extensions ['ros']
[2.373s] Level 1:colcon.colcon_core.package_identification:_identify(src) by extension 'ros'
[2.374s] Level 1:colcon.colcon_core.package_identification:_identify(src) by extensions ['cmake', 'python']
[2.374s] Level 1:colcon.colcon_core.package_identification:_identify(src) by extension 'cmake'
[2.375s] Level 1:colcon.colcon_core.package_identification:_identify(src) by extension 'python'
[2.376s] Level 1:colcon.colcon_core.package_identification:_identify(src) by extensions ['python_setup_py']
[2.377s] Level 1:colcon.colcon_core.package_identification:_identify(src) by extension 'python_setup_py'
[2.378s] Level 1:colcon.colcon_core.package_identification:_identify(src/assignment2_publisher_subscriber) by extensions ['ignore', 'ignore_ament_install']
[2.379s] Level 1:colcon.colcon_core.package_identification:_identify(src/assignment2_publisher_subscriber) by extension 'ignore'
[2.379s] Level 1:colcon.colcon_core.package_identification:_identify(src/assignment2_publisher_subscriber) by extension 'ignore_ament_install'
[2.379s] Level 1:colcon.colcon_core.package_identification:_identify(src/assignment2_publisher_subscriber) by extensions ['colcon_pkg']
[2.380s] Level 1:colcon.colcon_core.package_identification:_identify(src/assignment2_publisher_subscriber) by extension 'colcon_pkg'
[2.380s] Level 1:colcon.colcon_core.package_identification:_identify(src/assignment2_publisher_subscriber) by extensions ['colcon_meta']
[2.380s] Level 1:colcon.colcon_core.package_identification:_identify(src/assignment2_publisher_subscriber) by extension 'colcon_meta'
[2.380s] Level 1:colcon.colcon_core.package_identification:_identify(src/assignment2_publisher_subscriber) by extensions ['ros']
[2.381s] Level 1:colcon.colcon_core.package_identification:_identify(src/assignment2_publisher_subscriber) by extension 'ros'
[2.397s] DEBUG:colcon.colcon_core.package_identification:Package 'src/assignment2_publisher_subscriber' with type 'ros.ament_python' and name 'assignment2_publisher_subscriber'
[2.398s] Level 1:colcon.colcon_core.package_identification:_identify(src/assignment2_publisher_subscriber2) by extensions ['ignore', 'ignore_ament_install']
[2.399s] Level 1:colcon.colcon_core.package_identification:_identify(src/assignment2_publisher_subscriber2) by extension 'ignore'
[2.400s] Level 1:colcon.colcon_core.package_identification:_identify(src/assignment2_publisher_subscriber2) by extension 'ignore_ament_install'
[2.400s] Level 1:colcon.colcon_core.package_identification:_identify(src/assignment2_publisher_subscriber2) by extensions ['colcon_pkg']
[2.401s] Level 1:colcon.colcon_core.package_identification:_identify(src/assignment2_publisher_subscriber2) by extension 'colcon_pkg'
[2.401s] Level 1:colcon.colcon_core.package_identification:_identify(src/assignment2_publisher_subscriber2) by extensions ['colcon_meta']
[2.401s] Level 1:colcon.colcon_core.package_identification:_identify(src/assignment2_publisher_subscriber2) by extension 'colcon_meta'
[2.402s] Level 1:colcon.colcon_core.package_identification:_identify(src/assignment2_publisher_subscriber2) by extensions ['ros']
[2.402s] Level 1:colcon.colcon_core.package_identification:_identify(src/assignment2_publisher_subscriber2) by extension 'ros'
[2.406s] DEBUG:colcon.colcon_core.package_identification:Package 'src/assignment2_publisher_subscriber2' with type 'ros.ament_cmake' and name 'assignment2_publisher_subscriber2'
[2.407s] Level 1:colcon.colcon_core.package_identification:_identify(src/simple_drive_control) by extensions ['ignore', 'ignore_ament_install']
[2.407s] Level 1:colcon.colcon_core.package_identification:_identify(src/simple_drive_control) by extension 'ignore'
[2.408s] Level 1:colcon.colcon_core.package_identification:_identify(src/simple_drive_control) by extension 'ignore_ament_install'
[2.408s] Level 1:colcon.colcon_core.package_identification:_identify(src/simple_drive_control) by extensions ['colcon_pkg']
[2.409s] Level 1:colcon.colcon_core.package_identification:_identify(src/simple_drive_control) by extension 'colcon_pkg'
[2.409s] Level 1:colcon.colcon_core.package_identification:_identify(src/simple_drive_control) by extensions ['colcon_meta']
[2.410s] Level 1:colcon.colcon_core.package_identification:_identify(src/simple_drive_control) by extension 'colcon_meta'
[2.410s] Level 1:colcon.colcon_core.package_identification:_identify(src/simple_drive_control) by extensions ['ros']
[2.410s] Level 1:colcon.colcon_core.package_identification:_identify(src/simple_drive_control) by extension 'ros'
[2.414s] DEBUG:colcon.colcon_core.package_identification:Package 'src/simple_drive_control' with type 'ros.ament_cmake' and name 'simple_drive_control'
[2.415s] Level 1:colcon.colcon_core.package_identification:_identify(src/simple_parking_maneuver) by extensions ['ignore', 'ignore_ament_install']
[2.415s] Level 1:colcon.colcon_core.package_identification:_identify(src/simple_parking_maneuver) by extension 'ignore'
[2.416s] Level 1:colcon.colcon_core.package_identification:_identify(src/simple_parking_maneuver) by extension 'ignore_ament_install'
[2.416s] Level 1:colcon.colcon_core.package_identification:_identify(src/simple_parking_maneuver) by extensions ['colcon_pkg']
[2.416s] Level 1:colcon.colcon_core.package_identification:_identify(src/simple_parking_maneuver) by extension 'colcon_pkg'
[2.417s] Level 1:colcon.colcon_core.package_identification:_identify(src/simple_parking_maneuver) by extensions ['colcon_meta']
[2.417s] Level 1:colcon.colcon_core.package_identification:_identify(src/simple_parking_maneuver) by extension 'colcon_meta'
[2.417s] Level 1:colcon.colcon_core.package_identification:_identify(src/simple_parking_maneuver) by extensions ['ros']
[2.417s] Level 1:colcon.colcon_core.package_identification:_identify(src/simple_parking_maneuver) by extension 'ros'
[2.422s] DEBUG:colcon.colcon_core.package_identification:Package 'src/simple_parking_maneuver' with type 'ros.ament_cmake' and name 'simple_parking_maneuver'
[2.423s] Level 1:colcon.colcon_core.package_discovery:discover_packages(recursive) using defaults
[2.423s] Level 1:colcon.colcon_core.package_discovery:discover_packages(ignore) discover
[2.423s] Level 1:colcon.colcon_core.package_discovery:discover_packages(ignore) using defaults
[2.423s] Level 1:colcon.colcon_core.package_discovery:discover_packages(path) discover
[2.423s] Level 1:colcon.colcon_core.package_discovery:discover_packages(path) using defaults
[2.595s] Level 1:colcon.colcon_core.package_discovery:discover_packages(prefix_path) check parameters
[2.595s] Level 1:colcon.colcon_core.package_discovery:discover_packages(prefix_path) discover
[2.620s] DEBUG:colcon.colcon_installed_package_information.package_discovery:Found 4 installed packages in /home/majd/Documents/Robotik/ros2_ws/install
[2.629s] DEBUG:colcon.colcon_installed_package_information.package_discovery:Found 20 installed packages in /home/majd/autominy/catkin_ws/install
[2.645s] DEBUG:colcon.colcon_installed_package_information.package_discovery:Found 327 installed packages in /opt/ros/humble
[2.658s] Level 1:colcon.colcon_core.package_discovery:discover_packages(prefix_path) using defaults
[3.194s] Level 5:colcon.colcon_core.verb:set package 'assignment2_publisher_subscriber' build argument 'cmake_args' from command line to 'None'
[3.194s] Level 5:colcon.colcon_core.verb:set package 'assignment2_publisher_subscriber' build argument 'cmake_target' from command line to 'None'
[3.194s] Level 5:colcon.colcon_core.verb:set package 'assignment2_publisher_subscriber' build argument 'cmake_target_skip_unavailable' from command line to 'False'
[3.194s] Level 5:colcon.colcon_core.verb:set package 'assignment2_publisher_subscriber' build argument 'cmake_clean_cache' from command line to 'False'
[3.194s] Level 5:colcon.colcon_core.verb:set package 'assignment2_publisher_subscriber' build argument 'cmake_clean_first' from command line to 'False'
[3.195s] Level 5:colcon.colcon_core.verb:set package 'assignment2_publisher_subscriber' build argument 'cmake_force_configure' from command line to 'False'
[3.195s] Level 5:colcon.colcon_core.verb:set package 'assignment2_publisher_subscriber' build argument 'ament_cmake_args' from command line to 'None'
[3.195s] Level 5:colcon.colcon_core.verb:set package 'assignment2_publisher_subscriber' build argument 'catkin_cmake_args' from command line to 'None'
[3.195s] Level 5:colcon.colcon_core.verb:set package 'assignment2_publisher_subscriber' build argument 'catkin_skip_building_tests' from command line to 'False'
[3.195s] DEBUG:colcon.colcon_core.verb:Building package 'assignment2_publisher_subscriber' with the following arguments: {'ament_cmake_args': None, 'build_base': '/home/majd/Documents/Robotik/ros2_ws/build/assignment2_publisher_subscriber', 'catkin_cmake_args': None, 'catkin_skip_building_tests': False, 'cmake_args': None, 'cmake_clean_cache': False, 'cmake_clean_first': False, 'cmake_force_configure': False, 'cmake_target': None, 'cmake_target_skip_unavailable': False, 'install_base': '/home/majd/Documents/Robotik/ros2_ws/install/assignment2_publisher_subscriber', 'merge_install': False, 'path': '/home/majd/Documents/Robotik/ros2_ws/src/assignment2_publisher_subscriber', 'symlink_install': True, 'test_result_base': None}
[3.202s] Level 5:colcon.colcon_core.verb:set package 'assignment2_publisher_subscriber2' build argument 'cmake_args' from command line to 'None'
[3.202s] Level 5:colcon.colcon_core.verb:set package 'assignment2_publisher_subscriber2' build argument 'cmake_target' from command line to 'None'
[3.202s] Level 5:colcon.colcon_core.verb:set package 'assignment2_publisher_subscriber2' build argument 'cmake_target_skip_unavailable' from command line to 'False'
[3.202s] Level 5:colcon.colcon_core.verb:set package 'assignment2_publisher_subscriber2' build argument 'cmake_clean_cache' from command line to 'False'
[3.203s] Level 5:colcon.colcon_core.verb:set package 'assignment2_publisher_subscriber2' build argument 'cmake_clean_first' from command line to 'False'
[3.203s] Level 5:colcon.colcon_core.verb:set package 'assignment2_publisher_subscriber2' build argument 'cmake_force_configure' from command line to 'False'
[3.203s] Level 5:colcon.colcon_core.verb:set package 'assignment2_publisher_subscriber2' build argument 'ament_cmake_args' from command line to 'None'
[3.203s] Level 5:colcon.colcon_core.verb:set package 'assignment2_publisher_subscriber2' build argument 'catkin_cmake_args' from command line to 'None'
[3.203s] Level 5:colcon.colcon_core.verb:set package 'assignment2_publisher_subscriber2' build argument 'catkin_skip_building_tests' from command line to 'False'
[3.203s] DEBUG:colcon.colcon_core.verb:Building package 'assignment2_publisher_subscriber2' with the following arguments: {'ament_cmake_args': None, 'build_base': '/home/majd/Documents/Robotik/ros2_ws/build/assignment2_publisher_subscriber2', 'catkin_cmake_args': None, 'catkin_skip_building_tests': False, 'cmake_args': None, 'cmake_clean_cache': False, 'cmake_clean_first': False, 'cmake_force_configure': False, 'cmake_target': None, 'cmake_target_skip_unavailable': False, 'install_base': '/home/majd/Documents/Robotik/ros2_ws/install/assignment2_publisher_subscriber2', 'merge_install': False, 'path': '/home/majd/Documents/Robotik/ros2_ws/src/assignment2_publisher_subscriber2', 'symlink_install': True, 'test_result_base': None}
[3.210s] Level 5:colcon.colcon_core.verb:set package 'simple_drive_control' build argument 'cmake_args' from command line to 'None'
[3.211s] Level 5:colcon.colcon_core.verb:set package 'simple_drive_control' build argument 'cmake_target' from command line to 'None'
[3.211s] Level 5:colcon.colcon_core.verb:set package 'simple_drive_control' build argument 'cmake_target_skip_unavailable' from command line to 'False'
[3.211s] Level 5:colcon.colcon_core.verb:set package 'simple_drive_control' build argument 'cmake_clean_cache' from command line to 'False'
[3.211s] Level 5:colcon.colcon_core.verb:set package 'simple_drive_control' build argument 'cmake_clean_first' from command line to 'False'
[3.211s] Level 5:colcon.colcon_core.verb:set package 'simple_drive_control' build argument 'cmake_force_configure' from command line to 'False'
[3.211s] Level 5:colcon.colcon_core.verb:set package 'simple_drive_control' build argument 'ament_cmake_args' from command line to 'None'
[3.212s] Level 5:colcon.colcon_core.verb:set package 'simple_drive_control' build argument 'catkin_cmake_args' from command line to 'None'
[3.212s] Level 5:colcon.colcon_core.verb:set package 'simple_drive_control' build argument 'catkin_skip_building_tests' from command line to 'False'
[3.212s] DEBUG:colcon.colcon_core.verb:Building package 'simple_drive_control' with the following arguments: {'ament_cmake_args': None, 'build_base': '/home/majd/Documents/Robotik/ros2_ws/build/simple_drive_control', 'catkin_cmake_args': None, 'catkin_skip_building_tests': False, 'cmake_args': None, 'cmake_clean_cache': False, 'cmake_clean_first': False, 'cmake_force_configure': False, 'cmake_target': None, 'cmake_target_skip_unavailable': False, 'install_base': '/home/majd/Documents/Robotik/ros2_ws/install/simple_drive_control', 'merge_install': False, 'path': '/home/majd/Documents/Robotik/ros2_ws/src/simple_drive_control', 'symlink_install': True, 'test_result_base': None}
[3.219s] Level 5:colcon.colcon_core.verb:set package 'simple_parking_maneuver' build argument 'cmake_args' from command line to 'None'
[3.219s] Level 5:colcon.colcon_core.verb:set package 'simple_parking_maneuver' build argument 'cmake_target' from command line to 'None'
[3.219s] Level 5:colcon.colcon_core.verb:set package 'simple_parking_maneuver' build argument 'cmake_target_skip_unavailable' from command line to 'False'
[3.219s] Level 5:colcon.colcon_core.verb:set package 'simple_parking_maneuver' build argument 'cmake_clean_cache' from command line to 'False'
[3.219s] Level 5:colcon.colcon_core.verb:set package 'simple_parking_maneuver' build argument 'cmake_clean_first' from command line to 'False'
[3.219s] Level 5:colcon.colcon_core.verb:set package 'simple_parking_maneuver' build argument 'cmake_force_configure' from command line to 'False'
[3.220s] Level 5:colcon.colcon_core.verb:set package 'simple_parking_maneuver' build argument 'ament_cmake_args' from command line to 'None'
[3.220s] Level 5:colcon.colcon_core.verb:set package 'simple_parking_maneuver' build argument 'catkin_cmake_args' from command line to 'None'
[3.220s] Level 5:colcon.colcon_core.verb:set package 'simple_parking_maneuver' build argument 'catkin_skip_building_tests' from command line to 'False'
[3.220s] DEBUG:colcon.colcon_core.verb:Building package 'simple_parking_maneuver' with the following arguments: {'ament_cmake_args': None, 'build_base': '/home/majd/Documents/Robotik/ros2_ws/build/simple_parking_maneuver', 'catkin_cmake_args': None, 'catkin_skip_building_tests': False, 'cmake_args': None, 'cmake_clean_cache': False, 'cmake_clean_first': False, 'cmake_force_configure': False, 'cmake_target': None, 'cmake_target_skip_unavailable': False, 'install_base': '/home/majd/Documents/Robotik/ros2_ws/install/simple_parking_maneuver', 'merge_install': False, 'path': '/home/majd/Documents/Robotik/ros2_ws/src/simple_parking_maneuver', 'symlink_install': True, 'test_result_base': None}
[3.224s] INFO:colcon.colcon_core.executor:Executing jobs using 'parallel' executor
[3.253s] DEBUG:colcon.colcon_parallel_executor.executor.parallel:run_until_complete
[3.256s] INFO:colcon.colcon_ros.task.ament_cmake.build:Building ROS package in '/home/majd/Documents/Robotik/ros2_ws/src/simple_drive_control' with build type 'ament_cmake'
[3.258s] INFO:colcon.colcon_cmake.task.cmake.build:Building CMake package in '/home/majd/Documents/Robotik/ros2_ws/src/simple_drive_control'
[3.296s] INFO:colcon.colcon_core.plugin_system:Skipping extension 'colcon_core.shell.bat': Not used on non-Windows systems
[3.297s] INFO:colcon.colcon_core.shell:Skip shell extension 'powershell' for command environment: Not usable outside of PowerShell
[3.297s] DEBUG:colcon.colcon_core.shell:Skip shell extension 'dsv' for command environment
[3.345s] INFO:colcon.colcon_ros.task.ament_python.build:Building ROS package in '/home/majd/Documents/Robotik/ros2_ws/src/assignment2_publisher_subscriber' with build type 'ament_python'
[3.346s] Level 1:colcon.colcon_core.shell:create_environment_hook('assignment2_publisher_subscriber', 'ament_prefix_path')
[3.358s] INFO:colcon.colcon_core.shell:Creating environment hook '/home/majd/Documents/Robotik/ros2_ws/install/assignment2_publisher_subscriber/share/assignment2_publisher_subscriber/hook/ament_prefix_path.ps1'
[3.372s] INFO:colcon.colcon_core.shell:Creating environment descriptor '/home/majd/Documents/Robotik/ros2_ws/install/assignment2_publisher_subscriber/share/assignment2_publisher_subscriber/hook/ament_prefix_path.dsv'
[3.375s] INFO:colcon.colcon_core.shell:Creating environment hook '/home/majd/Documents/Robotik/ros2_ws/install/assignment2_publisher_subscriber/share/assignment2_publisher_subscriber/hook/ament_prefix_path.sh'
[3.389s] INFO:colcon.colcon_core.shell:Skip shell extension 'powershell' for command environment: Not usable outside of PowerShell
[3.390s] DEBUG:colcon.colcon_core.shell:Skip shell extension 'dsv' for command environment
[3.437s] INFO:colcon.colcon_ros.task.ament_cmake.build:Building ROS package in '/home/majd/Documents/Robotik/ros2_ws/src/assignment2_publisher_subscriber2' with build type 'ament_cmake'
[3.438s] INFO:colcon.colcon_cmake.task.cmake.build:Building CMake package in '/home/majd/Documents/Robotik/ros2_ws/src/assignment2_publisher_subscriber2'
[3.454s] INFO:colcon.colcon_core.shell:Skip shell extension 'powershell' for command environment: Not usable outside of PowerShell
[3.454s] DEBUG:colcon.colcon_core.shell:Skip shell extension 'dsv' for command environment
[3.531s] DEBUG:colcon.colcon_core.event_handler.log_command:Invoking command in '/home/majd/Documents/Robotik/ros2_ws/build/simple_drive_control': CMAKE_PREFIX_PATH=${CMAKE_PREFIX_PATH}:/home/majd/Documents/Robotik/ros2_ws/install/py_pubsub:/home/majd/autominy/catkin_ws/install/assignment2_publisher_subscriber:/opt/ros/humble /usr/bin/cmake --build /home/majd/Documents/Robotik/ros2_ws/build/simple_drive_control -- -j8 -l8
[5.518s] INFO:colcon.colcon_core.task.python.build:Building Python package in '/home/majd/Documents/Robotik/ros2_ws/src/assignment2_publisher_subscriber'
[5.532s] INFO:colcon.colcon_core.shell:Skip shell extension 'powershell' for command environment: Not usable outside of PowerShell
[5.533s] DEBUG:colcon.colcon_core.shell:Skip shell extension 'dsv' for command environment
[5.625s] DEBUG:colcon.colcon_core.event_handler.log_command:Invoking command in '/home/majd/Documents/Robotik/ros2_ws/build/assignment2_publisher_subscriber2': CMAKE_PREFIX_PATH=${CMAKE_PREFIX_PATH}:/home/majd/Documents/Robotik/ros2_ws/install/py_pubsub:/home/majd/autominy/catkin_ws/install/assignment2_publisher_subscriber:/opt/ros/humble /usr/bin/cmake --build /home/majd/Documents/Robotik/ros2_ws/build/assignment2_publisher_subscriber2 -- -j8 -l8
[5.904s] DEBUG:colcon.colcon_core.event_handler.log_command:Invoked command in '/home/majd/Documents/Robotik/ros2_ws/build/assignment2_publisher_subscriber2' returned '0': CMAKE_PREFIX_PATH=${CMAKE_PREFIX_PATH}:/home/majd/Documents/Robotik/ros2_ws/install/py_pubsub:/home/majd/autominy/catkin_ws/install/assignment2_publisher_subscriber:/opt/ros/humble /usr/bin/cmake --build /home/majd/Documents/Robotik/ros2_ws/build/assignment2_publisher_subscriber2 -- -j8 -l8
[6.182s] DEBUG:colcon.colcon_core.event_handler.log_command:Invoking command in '/home/majd/Documents/Robotik/ros2_ws/build/assignment2_publisher_subscriber2': CMAKE_PREFIX_PATH=${CMAKE_PREFIX_PATH}:/home/majd/Documents/Robotik/ros2_ws/install/py_pubsub:/home/majd/autominy/catkin_ws/install/assignment2_publisher_subscriber:/opt/ros/humble /usr/bin/cmake --install /home/majd/Documents/Robotik/ros2_ws/build/assignment2_publisher_subscriber2
[6.339s] Level 1:colcon.colcon_core.environment:create_environment_scripts_only(assignment2_publisher_subscriber2)
[6.354s] DEBUG:colcon.colcon_core.event_handler.log_command:Invoked command in '/home/majd/Documents/Robotik/ros2_ws/build/assignment2_publisher_subscriber2' returned '0': CMAKE_PREFIX_PATH=${CMAKE_PREFIX_PATH}:/home/majd/Documents/Robotik/ros2_ws/install/py_pubsub:/home/majd/autominy/catkin_ws/install/assignment2_publisher_subscriber:/opt/ros/humble /usr/bin/cmake --install /home/majd/Documents/Robotik/ros2_ws/build/assignment2_publisher_subscriber2
[6.390s] Level 1:colcon.colcon_core.environment:checking '/home/majd/Documents/Robotik/ros2_ws/install/assignment2_publisher_subscriber2' for CMake module files
[6.394s] Level 1:colcon.colcon_core.environment:checking '/home/majd/Documents/Robotik/ros2_ws/install/assignment2_publisher_subscriber2' for CMake config files
[6.397s] Level 1:colcon.colcon_core.shell:create_environment_hook('assignment2_publisher_subscriber2', 'cmake_prefix_path')
[6.414s] INFO:colcon.colcon_core.shell:Creating environment hook '/home/majd/Documents/Robotik/ros2_ws/install/assignment2_publisher_subscriber2/share/assignment2_publisher_subscriber2/hook/cmake_prefix_path.ps1'
[6.417s] INFO:colcon.colcon_core.shell:Creating environment descriptor '/home/majd/Documents/Robotik/ros2_ws/install/assignment2_publisher_subscriber2/share/assignment2_publisher_subscriber2/hook/cmake_prefix_path.dsv'
[6.421s] INFO:colcon.colcon_core.shell:Creating environment hook '/home/majd/Documents/Robotik/ros2_ws/install/assignment2_publisher_subscriber2/share/assignment2_publisher_subscriber2/hook/cmake_prefix_path.sh'
[6.425s] Level 1:colcon.colcon_core.environment:checking '/home/majd/Documents/Robotik/ros2_ws/install/assignment2_publisher_subscriber2/lib'
[6.426s] Level 1:colcon.colcon_core.environment:checking '/home/majd/Documents/Robotik/ros2_ws/install/assignment2_publisher_subscriber2/bin'
[6.427s] Level 1:colcon.colcon_core.environment:checking '/home/majd/Documents/Robotik/ros2_ws/install/assignment2_publisher_subscriber2/lib/pkgconfig/assignment2_publisher_subscriber2.pc'
[6.429s] Level 1:colcon.colcon_core.environment:checking '/home/majd/Documents/Robotik/ros2_ws/install/assignment2_publisher_subscriber2/lib/python3.10/site-packages'
[6.433s] Level 1:colcon.colcon_core.environment:checking '/home/majd/Documents/Robotik/ros2_ws/install/assignment2_publisher_subscriber2/bin'
[6.454s] INFO:colcon.colcon_core.shell:Creating package script '/home/majd/Documents/Robotik/ros2_ws/install/assignment2_publisher_subscriber2/share/assignment2_publisher_subscriber2/package.ps1'
[6.468s] INFO:colcon.colcon_core.shell:Creating package descriptor '/home/majd/Documents/Robotik/ros2_ws/install/assignment2_publisher_subscriber2/share/assignment2_publisher_subscriber2/package.dsv'
[6.481s] INFO:colcon.colcon_core.shell:Creating package script '/home/majd/Documents/Robotik/ros2_ws/install/assignment2_publisher_subscriber2/share/assignment2_publisher_subscriber2/package.sh'
[6.486s] INFO:colcon.colcon_core.shell:Creating package script '/home/majd/Documents/Robotik/ros2_ws/install/assignment2_publisher_subscriber2/share/assignment2_publisher_subscriber2/package.bash'
[6.494s] INFO:colcon.colcon_core.shell:Creating package script '/home/majd/Documents/Robotik/ros2_ws/install/assignment2_publisher_subscriber2/share/assignment2_publisher_subscriber2/package.zsh'
[6.503s] Level 1:colcon.colcon_core.environment:create_file_with_runtime_dependencies(/home/majd/Documents/Robotik/ros2_ws/install/assignment2_publisher_subscriber2/share/colcon-core/packages/assignment2_publisher_subscriber2)
[6.702s] Level 1:colcon.colcon_core.environment:create_environment_scripts_only(assignment2_publisher_subscriber2)
[6.730s] Level 1:colcon.colcon_core.environment:checking '/home/majd/Documents/Robotik/ros2_ws/install/assignment2_publisher_subscriber2' for CMake module files
[6.733s] Level 1:colcon.colcon_core.environment:checking '/home/majd/Documents/Robotik/ros2_ws/install/assignment2_publisher_subscriber2' for CMake config files
[6.734s] Level 1:colcon.colcon_core.shell:create_environment_hook('assignment2_publisher_subscriber2', 'cmake_prefix_path')
[6.750s] INFO:colcon.colcon_core.shell:Creating environment hook '/home/majd/Documents/Robotik/ros2_ws/install/assignment2_publisher_subscriber2/share/assignment2_publisher_subscriber2/hook/cmake_prefix_path.ps1'
[6.754s] INFO:colcon.colcon_core.shell:Creating environment descriptor '/home/majd/Documents/Robotik/ros2_ws/install/assignment2_publisher_subscriber2/share/assignment2_publisher_subscriber2/hook/cmake_prefix_path.dsv'
[6.757s] INFO:colcon.colcon_core.shell:Creating environment hook '/home/majd/Documents/Robotik/ros2_ws/install/assignment2_publisher_subscriber2/share/assignment2_publisher_subscriber2/hook/cmake_prefix_path.sh'
[6.762s] Level 1:colcon.colcon_core.environment:checking '/home/majd/Documents/Robotik/ros2_ws/install/assignment2_publisher_subscriber2/lib'
[6.763s] Level 1:colcon.colcon_core.environment:checking '/home/majd/Documents/Robotik/ros2_ws/install/assignment2_publisher_subscriber2/bin'
[6.763s] Level 1:colcon.colcon_core.environment:checking '/home/majd/Documents/Robotik/ros2_ws/install/assignment2_publisher_subscriber2/lib/pkgconfig/assignment2_publisher_subscriber2.pc'
[6.765s] Level 1:colcon.colcon_core.environment:checking '/home/majd/Documents/Robotik/ros2_ws/install/assignment2_publisher_subscriber2/lib/python3.10/site-packages'
[6.766s] Level 1:colcon.colcon_core.environment:checking '/home/majd/Documents/Robotik/ros2_ws/install/assignment2_publisher_subscriber2/bin'
[6.776s] INFO:colcon.colcon_core.shell:Creating package script '/home/majd/Documents/Robotik/ros2_ws/install/assignment2_publisher_subscriber2/share/assignment2_publisher_subscriber2/package.ps1'
[6.779s] INFO:colcon.colcon_core.shell:Creating package descriptor '/home/majd/Documents/Robotik/ros2_ws/install/assignment2_publisher_subscriber2/share/assignment2_publisher_subscriber2/package.dsv'
[6.784s] INFO:colcon.colcon_core.shell:Creating package script '/home/majd/Documents/Robotik/ros2_ws/install/assignment2_publisher_subscriber2/share/assignment2_publisher_subscriber2/package.sh'
[6.788s] INFO:colcon.colcon_core.shell:Creating package script '/home/majd/Documents/Robotik/ros2_ws/install/assignment2_publisher_subscriber2/share/assignment2_publisher_subscriber2/package.bash'
[6.790s] INFO:colcon.colcon_core.shell:Creating package script '/home/majd/Documents/Robotik/ros2_ws/install/assignment2_publisher_subscriber2/share/assignment2_publisher_subscriber2/package.zsh'
[6.792s] Level 1:colcon.colcon_core.environment:create_file_with_runtime_dependencies(/home/majd/Documents/Robotik/ros2_ws/install/assignment2_publisher_subscriber2/share/colcon-core/packages/assignment2_publisher_subscriber2)
[8.005s] DEBUG:colcon.colcon_core.event_handler.log_command:Invoking command in '/home/majd/Documents/Robotik/ros2_ws/build/assignment2_publisher_subscriber': PYTHONPATH=/home/majd/Documents/Robotik/ros2_ws/install/assignment2_publisher_subscriber/lib/python3.10/site-packages:${PYTHONPATH} /usr/bin/python3 setup.py develop --prefix /home/majd/Documents/Robotik/ros2_ws/install/assignment2_publisher_subscriber --editable --build-directory /home/majd/Documents/Robotik/ros2_ws/build/assignment2_publisher_subscriber/build --no-deps install_data --install-dir /home/majd/Documents/Robotik/ros2_ws/install/assignment2_publisher_subscriber
[8.284s] DEBUG:colcon.colcon_core.event_handler.log_command:Invoked command in '/home/majd/Documents/Robotik/ros2_ws/build/simple_drive_control' returned '0': CMAKE_PREFIX_PATH=${CMAKE_PREFIX_PATH}:/home/majd/Documents/Robotik/ros2_ws/install/py_pubsub:/home/majd/autominy/catkin_ws/install/assignment2_publisher_subscriber:/opt/ros/humble /usr/bin/cmake --build /home/majd/Documents/Robotik/ros2_ws/build/simple_drive_control -- -j8 -l8
[8.793s] DEBUG:colcon.colcon_core.event_handler.log_command:Invoking command in '/home/majd/Documents/Robotik/ros2_ws/build/simple_drive_control': CMAKE_PREFIX_PATH=${CMAKE_PREFIX_PATH}:/home/majd/Documents/Robotik/ros2_ws/install/py_pubsub:/home/majd/autominy/catkin_ws/install/assignment2_publisher_subscriber:/opt/ros/humble /usr/bin/cmake --install /home/majd/Documents/Robotik/ros2_ws/build/simple_drive_control
[11.613s] Level 1:colcon.colcon_core.shell:create_environment_hook('assignment2_publisher_subscriber', 'pythonpath_develop')
[11.623s] INFO:colcon.colcon_core.shell:Creating environment hook '/home/majd/Documents/Robotik/ros2_ws/build/assignment2_publisher_subscriber/share/assignment2_publisher_subscriber/hook/pythonpath_develop.ps1'
[11.625s] INFO:colcon.colcon_core.shell:Creating environment descriptor '/home/majd/Documents/Robotik/ros2_ws/build/assignment2_publisher_subscriber/share/assignment2_publisher_subscriber/hook/pythonpath_develop.dsv'
[11.627s] INFO:colcon.colcon_core.shell:Creating environment hook '/home/majd/Documents/Robotik/ros2_ws/build/assignment2_publisher_subscriber/share/assignment2_publisher_subscriber/hook/pythonpath_develop.sh'
[11.645s] DEBUG:colcon.colcon_core.event_handler.log_command:Invoked command in '/home/majd/Documents/Robotik/ros2_ws/build/assignment2_publisher_subscriber' returned '0': PYTHONPATH=/home/majd/Documents/Robotik/ros2_ws/install/assignment2_publisher_subscriber/lib/python3.10/site-packages:${PYTHONPATH} /usr/bin/python3 setup.py develop --prefix /home/majd/Documents/Robotik/ros2_ws/install/assignment2_publisher_subscriber --editable --build-directory /home/majd/Documents/Robotik/ros2_ws/build/assignment2_publisher_subscriber/build --no-deps install_data --install-dir /home/majd/Documents/Robotik/ros2_ws/install/assignment2_publisher_subscriber
[11.646s] Level 1:colcon.colcon_core.environment:checking '/home/majd/Documents/Robotik/ros2_ws/install/assignment2_publisher_subscriber' for CMake module files
[11.652s] Level 1:colcon.colcon_core.environment:checking '/home/majd/Documents/Robotik/ros2_ws/install/assignment2_publisher_subscriber' for CMake config files
[11.653s] Level 1:colcon.colcon_core.shell:create_environment_hook('assignment2_publisher_subscriber', 'cmake_prefix_path')
[11.662s] INFO:colcon.colcon_core.shell:Creating environment hook '/home/majd/Documents/Robotik/ros2_ws/install/assignment2_publisher_subscriber/share/assignment2_publisher_subscriber/hook/cmake_prefix_path.ps1'
[11.664s] INFO:colcon.colcon_core.shell:Creating environment descriptor '/home/majd/Documents/Robotik/ros2_ws/install/assignment2_publisher_subscriber/share/assignment2_publisher_subscriber/hook/cmake_prefix_path.dsv'
[11.667s] INFO:colcon.colcon_core.shell:Creating environment hook '/home/majd/Documents/Robotik/ros2_ws/install/assignment2_publisher_subscriber/share/assignment2_publisher_subscriber/hook/cmake_prefix_path.sh'
[11.670s] Level 1:colcon.colcon_core.environment:checking '/home/majd/Documents/Robotik/ros2_ws/install/assignment2_publisher_subscriber/lib'
[11.670s] Level 1:colcon.colcon_core.environment:checking '/home/majd/Documents/Robotik/ros2_ws/install/assignment2_publisher_subscriber/bin'
[11.671s] Level 1:colcon.colcon_core.environment:checking '/home/majd/Documents/Robotik/ros2_ws/install/assignment2_publisher_subscriber/lib/pkgconfig/assignment2_publisher_subscriber.pc'
[11.672s] Level 1:colcon.colcon_core.environment:checking '/home/majd/Documents/Robotik/ros2_ws/install/assignment2_publisher_subscriber/lib/python3.10/site-packages'
[11.673s] Level 1:colcon.colcon_core.shell:create_environment_hook('assignment2_publisher_subscriber', 'pythonpath')
[11.686s] INFO:colcon.colcon_core.shell:Creating environment hook '/home/majd/Documents/Robotik/ros2_ws/install/assignment2_publisher_subscriber/share/assignment2_publisher_subscriber/hook/pythonpath.ps1'
[11.688s] INFO:colcon.colcon_core.shell:Creating environment descriptor '/home/majd/Documents/Robotik/ros2_ws/install/assignment2_publisher_subscriber/share/assignment2_publisher_subscriber/hook/pythonpath.dsv'
[11.691s] INFO:colcon.colcon_core.shell:Creating environment hook '/home/majd/Documents/Robotik/ros2_ws/install/assignment2_publisher_subscriber/share/assignment2_publisher_subscriber/hook/pythonpath.sh'
[11.696s] Level 1:colcon.colcon_core.environment:checking '/home/majd/Documents/Robotik/ros2_ws/install/assignment2_publisher_subscriber/bin'
[11.696s] Level 1:colcon.colcon_core.environment:create_environment_scripts_only(assignment2_publisher_subscriber)
[11.709s] INFO:colcon.colcon_core.shell:Creating package script '/home/majd/Documents/Robotik/ros2_ws/install/assignment2_publisher_subscriber/share/assignment2_publisher_subscriber/package.ps1'
[11.712s] INFO:colcon.colcon_core.shell:Creating package descriptor '/home/majd/Documents/Robotik/ros2_ws/install/assignment2_publisher_subscriber/share/assignment2_publisher_subscriber/package.dsv'
[11.716s] INFO:colcon.colcon_core.shell:Creating package script '/home/majd/Documents/Robotik/ros2_ws/install/assignment2_publisher_subscriber/share/assignment2_publisher_subscriber/package.sh'
[11.719s] INFO:colcon.colcon_core.shell:Creating package script '/home/majd/Documents/Robotik/ros2_ws/install/assignment2_publisher_subscriber/share/assignment2_publisher_subscriber/package.bash'
[11.723s] INFO:colcon.colcon_core.shell:Creating package script '/home/majd/Documents/Robotik/ros2_ws/install/assignment2_publisher_subscriber/share/assignment2_publisher_subscriber/package.zsh'
[11.725s] Level 1:colcon.colcon_core.environment:create_file_with_runtime_dependencies(/home/majd/Documents/Robotik/ros2_ws/install/assignment2_publisher_subscriber/share/colcon-core/packages/assignment2_publisher_subscriber)
[12.631s] Level 1:colcon.colcon_core.environment:create_environment_scripts_only(simple_drive_control)
[12.643s] DEBUG:colcon.colcon_core.event_handler.log_command:Invoked command in '/home/majd/Documents/Robotik/ros2_ws/build/simple_drive_control' returned '0': CMAKE_PREFIX_PATH=${CMAKE_PREFIX_PATH}:/home/majd/Documents/Robotik/ros2_ws/install/py_pubsub:/home/majd/autominy/catkin_ws/install/assignment2_publisher_subscriber:/opt/ros/humble /usr/bin/cmake --install /home/majd/Documents/Robotik/ros2_ws/build/simple_drive_control
[12.649s] Level 1:colcon.colcon_core.environment:checking '/home/majd/Documents/Robotik/ros2_ws/install/simple_drive_control' for CMake module files
[12.654s] Level 1:colcon.colcon_core.environment:checking '/home/majd/Documents/Robotik/ros2_ws/install/simple_drive_control' for CMake config files
[12.657s] Level 1:colcon.colcon_core.shell:create_environment_hook('simple_drive_control', 'cmake_prefix_path')
[12.666s] INFO:colcon.colcon_core.shell:Creating environment hook '/home/majd/Documents/Robotik/ros2_ws/install/simple_drive_control/share/simple_drive_control/hook/cmake_prefix_path.ps1'
[12.668s] INFO:colcon.colcon_core.shell:Creating environment descriptor '/home/majd/Documents/Robotik/ros2_ws/install/simple_drive_control/share/simple_drive_control/hook/cmake_prefix_path.dsv'
[12.671s] INFO:colcon.colcon_core.shell:Creating environment hook '/home/majd/Documents/Robotik/ros2_ws/install/simple_drive_control/share/simple_drive_control/hook/cmake_prefix_path.sh'
[12.673s] Level 1:colcon.colcon_core.environment:checking '/home/majd/Documents/Robotik/ros2_ws/install/simple_drive_control/lib'
[12.674s] Level 1:colcon.colcon_core.shell:create_environment_hook('simple_drive_control', 'ld_library_path_lib')
[12.683s] INFO:colcon.colcon_core.shell:Creating environment hook '/home/majd/Documents/Robotik/ros2_ws/install/simple_drive_control/share/simple_drive_control/hook/ld_library_path_lib.ps1'
[12.685s] INFO:colcon.colcon_core.shell:Creating environment descriptor '/home/majd/Documents/Robotik/ros2_ws/install/simple_drive_control/share/simple_drive_control/hook/ld_library_path_lib.dsv'
[12.687s] INFO:colcon.colcon_core.shell:Creating environment hook '/home/majd/Documents/Robotik/ros2_ws/install/simple_drive_control/share/simple_drive_control/hook/ld_library_path_lib.sh'
[12.689s] Level 1:colcon.colcon_core.environment:checking '/home/majd/Documents/Robotik/ros2_ws/install/simple_drive_control/bin'
[12.690s] Level 1:colcon.colcon_core.environment:checking '/home/majd/Documents/Robotik/ros2_ws/install/simple_drive_control/lib/pkgconfig/simple_drive_control.pc'
[12.693s] Level 1:colcon.colcon_core.environment:checking '/home/majd/Documents/Robotik/ros2_ws/install/simple_drive_control/lib/python3.10/site-packages'
[12.695s] Level 1:colcon.colcon_core.environment:checking '/home/majd/Documents/Robotik/ros2_ws/install/simple_drive_control/bin'
[12.704s] INFO:colcon.colcon_core.shell:Creating package script '/home/majd/Documents/Robotik/ros2_ws/install/simple_drive_control/share/simple_drive_control/package.ps1'
[12.707s] INFO:colcon.colcon_core.shell:Creating package descriptor '/home/majd/Documents/Robotik/ros2_ws/install/simple_drive_control/share/simple_drive_control/package.dsv'
[12.709s] INFO:colcon.colcon_core.shell:Creating package script '/home/majd/Documents/Robotik/ros2_ws/install/simple_drive_control/share/simple_drive_control/package.sh'
[12.712s] INFO:colcon.colcon_core.shell:Creating package script '/home/majd/Documents/Robotik/ros2_ws/install/simple_drive_control/share/simple_drive_control/package.bash'
[12.713s] INFO:colcon.colcon_core.shell:Creating package script '/home/majd/Documents/Robotik/ros2_ws/install/simple_drive_control/share/simple_drive_control/package.zsh'
[12.715s] Level 1:colcon.colcon_core.environment:create_file_with_runtime_dependencies(/home/majd/Documents/Robotik/ros2_ws/install/simple_drive_control/share/colcon-core/packages/simple_drive_control)
[13.153s] Level 1:colcon.colcon_core.environment:create_environment_scripts_only(simple_drive_control)
[13.169s] Level 1:colcon.colcon_core.environment:checking '/home/majd/Documents/Robotik/ros2_ws/install/simple_drive_control' for CMake module files
[13.173s] Level 1:colcon.colcon_core.environment:checking '/home/majd/Documents/Robotik/ros2_ws/install/simple_drive_control' for CMake config files
[13.176s] Level 1:colcon.colcon_core.shell:create_environment_hook('simple_drive_control', 'cmake_prefix_path')
[13.186s] INFO:colcon.colcon_core.shell:Creating environment hook '/home/majd/Documents/Robotik/ros2_ws/install/simple_drive_control/share/simple_drive_control/hook/cmake_prefix_path.ps1'
[13.188s] INFO:colcon.colcon_core.shell:Creating environment descriptor '/home/majd/Documents/Robotik/ros2_ws/install/simple_drive_control/share/simple_drive_control/hook/cmake_prefix_path.dsv'
[13.190s] INFO:colcon.colcon_core.shell:Creating environment hook '/home/majd/Documents/Robotik/ros2_ws/install/simple_drive_control/share/simple_drive_control/hook/cmake_prefix_path.sh'
[13.193s] Level 1:colcon.colcon_core.environment:checking '/home/majd/Documents/Robotik/ros2_ws/install/simple_drive_control/lib'
[13.193s] Level 1:colcon.colcon_core.shell:create_environment_hook('simple_drive_control', 'ld_library_path_lib')
[13.203s] INFO:colcon.colcon_core.shell:Creating environment hook '/home/majd/Documents/Robotik/ros2_ws/install/simple_drive_control/share/simple_drive_control/hook/ld_library_path_lib.ps1'
[13.205s] INFO:colcon.colcon_core.shell:Creating environment descriptor '/home/majd/Documents/Robotik/ros2_ws/install/simple_drive_control/share/simple_drive_control/hook/ld_library_path_lib.dsv'
[13.210s] INFO:colcon.colcon_core.shell:Creating environment hook '/home/majd/Documents/Robotik/ros2_ws/install/simple_drive_control/share/simple_drive_control/hook/ld_library_path_lib.sh'
[13.212s] Level 1:colcon.colcon_core.environment:checking '/home/majd/Documents/Robotik/ros2_ws/install/simple_drive_control/bin'
[13.212s] Level 1:colcon.colcon_core.environment:checking '/home/majd/Documents/Robotik/ros2_ws/install/simple_drive_control/lib/pkgconfig/simple_drive_control.pc'
[13.214s] Level 1:colcon.colcon_core.environment:checking '/home/majd/Documents/Robotik/ros2_ws/install/simple_drive_control/lib/python3.10/site-packages'
[13.215s] Level 1:colcon.colcon_core.environment:checking '/home/majd/Documents/Robotik/ros2_ws/install/simple_drive_control/bin'
[13.226s] INFO:colcon.colcon_core.shell:Creating package script '/home/majd/Documents/Robotik/ros2_ws/install/simple_drive_control/share/simple_drive_control/package.ps1'
[13.230s] INFO:colcon.colcon_core.shell:Creating package descriptor '/home/majd/Documents/Robotik/ros2_ws/install/simple_drive_control/share/simple_drive_control/package.dsv'
[13.233s] INFO:colcon.colcon_core.shell:Creating package script '/home/majd/Documents/Robotik/ros2_ws/install/simple_drive_control/share/simple_drive_control/package.sh'
[13.236s] INFO:colcon.colcon_core.shell:Creating package script '/home/majd/Documents/Robotik/ros2_ws/install/simple_drive_control/share/simple_drive_control/package.bash'
[13.238s] INFO:colcon.colcon_core.shell:Creating package script '/home/majd/Documents/Robotik/ros2_ws/install/simple_drive_control/share/simple_drive_control/package.zsh'
[13.241s] Level 1:colcon.colcon_core.environment:create_file_with_runtime_dependencies(/home/majd/Documents/Robotik/ros2_ws/install/simple_drive_control/share/colcon-core/packages/simple_drive_control)
[13.242s] INFO:colcon.colcon_ros.task.ament_cmake.build:Building ROS package in '/home/majd/Documents/Robotik/ros2_ws/src/simple_parking_maneuver' with build type 'ament_cmake'
[13.243s] INFO:colcon.colcon_cmake.task.cmake.build:Building CMake package in '/home/majd/Documents/Robotik/ros2_ws/src/simple_parking_maneuver'
[13.252s] INFO:colcon.colcon_core.shell:Skip shell extension 'powershell' for command environment: Not usable outside of PowerShell
[13.252s] DEBUG:colcon.colcon_core.shell:Skip shell extension 'dsv' for command environment
[13.343s] DEBUG:colcon.colcon_core.event_handler.log_command:Invoking command in '/home/majd/Documents/Robotik/ros2_ws/build/simple_parking_maneuver': AMENT_PREFIX_PATH=/home/majd/Documents/Robotik/ros2_ws/install/simple_drive_control:${AMENT_PREFIX_PATH} CMAKE_PREFIX_PATH=/home/majd/Documents/Robotik/ros2_ws/install/simple_drive_control:/home/majd/Documents/Robotik/ros2_ws/install/turtlesim:/home/majd/Documents/Robotik/ros2_ws/install/assignment2_publisher_subscriber2:/home/majd/Documents/Robotik/ros2_ws/install/assignment2_publisher_subscriber:/home/majd/autominy/catkin_ws/install/world_description:/home/majd/autominy/catkin_ws/install/stereo_camera_pose_estimation:/home/majd/autominy/catkin_ws/install/sim_car_controller:/home/majd/autominy/catkin_ws/install/arduino_communication:/home/majd/autominy/catkin_ws/install/serial:/home/majd/autominy/catkin_ws/install/road_marking_localization:/home/majd/autominy/catkin_ws/install/remote_control:/home/majd/autominy/catkin_ws/install/car_description:/home/majd/autominy/catkin_ws/install/odometry:/home/majd/autominy/catkin_ws/install/map_publisher:/home/majd/autominy/catkin_ws/install/low_voltage_shutdown:/home/majd/autominy/catkin_ws/install/lidar_pose_estimation:/home/majd/autominy/catkin_ws/install/hardware_calibration:/home/majd/autominy/catkin_ws/install/emergency_stop:/home/majd/autominy/catkin_ws/install/bno055_usb_stick:/home/majd/autominy/catkin_ws/install/bno055_usb_stick_msgs:/home/majd/autominy/catkin_ws/install/autominy_sim:/home/majd/autominy/catkin_ws/install/autominy_msgs:/home/majd/autominy/catkin_ws/install/autominy:/home/majd/Documents/Robotik/ros2_ws/install/py_pubsub:/home/majd/autominy/catkin_ws/install/assignment2_publisher_subscriber:/opt/ros/humble LD_LIBRARY_PATH=/home/majd/Documents/Robotik/ros2_ws/install/simple_drive_control/lib:${LD_LIBRARY_PATH} PYTHONPATH=/home/majd/Documents/Robotik/ros2_ws/install/simple_drive_control/local/lib/python3.10/dist-packages:${PYTHONPATH} /usr/bin/cmake /home/majd/Documents/Robotik/ros2_ws/src/simple_parking_maneuver -DAMENT_CMAKE_SYMLINK_INSTALL=1 -DCMAKE_INSTALL_PREFIX=/home/majd/Documents/Robotik/ros2_ws/install/simple_parking_maneuver
[25.302s] DEBUG:colcon.colcon_core.event_handler.log_command:Invoked command in '/home/majd/Documents/Robotik/ros2_ws/build/simple_parking_maneuver' returned '0': AMENT_PREFIX_PATH=/home/majd/Documents/Robotik/ros2_ws/install/simple_drive_control:${AMENT_PREFIX_PATH} CMAKE_PREFIX_PATH=/home/majd/Documents/Robotik/ros2_ws/install/simple_drive_control:/home/majd/Documents/Robotik/ros2_ws/install/turtlesim:/home/majd/Documents/Robotik/ros2_ws/install/assignment2_publisher_subscriber2:/home/majd/Documents/Robotik/ros2_ws/install/assignment2_publisher_subscriber:/home/majd/autominy/catkin_ws/install/world_description:/home/majd/autominy/catkin_ws/install/stereo_camera_pose_estimation:/home/majd/autominy/catkin_ws/install/sim_car_controller:/home/majd/autominy/catkin_ws/install/arduino_communication:/home/majd/autominy/catkin_ws/install/serial:/home/majd/autominy/catkin_ws/install/road_marking_localization:/home/majd/autominy/catkin_ws/install/remote_control:/home/majd/autominy/catkin_ws/install/car_description:/home/majd/autominy/catkin_ws/install/odometry:/home/majd/autominy/catkin_ws/install/map_publisher:/home/majd/autominy/catkin_ws/install/low_voltage_shutdown:/home/majd/autominy/catkin_ws/install/lidar_pose_estimation:/home/majd/autominy/catkin_ws/install/hardware_calibration:/home/majd/autominy/catkin_ws/install/emergency_stop:/home/majd/autominy/catkin_ws/install/bno055_usb_stick:/home/majd/autominy/catkin_ws/install/bno055_usb_stick_msgs:/home/majd/autominy/catkin_ws/install/autominy_sim:/home/majd/autominy/catkin_ws/install/autominy_msgs:/home/majd/autominy/catkin_ws/install/autominy:/home/majd/Documents/Robotik/ros2_ws/install/py_pubsub:/home/majd/autominy/catkin_ws/install/assignment2_publisher_subscriber:/opt/ros/humble LD_LIBRARY_PATH=/home/majd/Documents/Robotik/ros2_ws/install/simple_drive_control/lib:${LD_LIBRARY_PATH} PYTHONPATH=/home/majd/Documents/Robotik/ros2_ws/install/simple_drive_control/local/lib/python3.10/dist-packages:${PYTHONPATH} /usr/bin/cmake /home/majd/Documents/Robotik/ros2_ws/src/simple_parking_maneuver -DAMENT_CMAKE_SYMLINK_INSTALL=1 -DCMAKE_INSTALL_PREFIX=/home/majd/Documents/Robotik/ros2_ws/install/simple_parking_maneuver
[25.305s] DEBUG:colcon.colcon_core.event_handler.log_command:Invoking command in '/home/majd/Documents/Robotik/ros2_ws/build/simple_parking_maneuver': AMENT_PREFIX_PATH=/home/majd/Documents/Robotik/ros2_ws/install/simple_drive_control:${AMENT_PREFIX_PATH} CMAKE_PREFIX_PATH=/home/majd/Documents/Robotik/ros2_ws/install/simple_drive_control:/home/majd/Documents/Robotik/ros2_ws/install/turtlesim:/home/majd/Documents/Robotik/ros2_ws/install/assignment2_publisher_subscriber2:/home/majd/Documents/Robotik/ros2_ws/install/assignment2_publisher_subscriber:/home/majd/autominy/catkin_ws/install/world_description:/home/majd/autominy/catkin_ws/install/stereo_camera_pose_estimation:/home/majd/autominy/catkin_ws/install/sim_car_controller:/home/majd/autominy/catkin_ws/install/arduino_communication:/home/majd/autominy/catkin_ws/install/serial:/home/majd/autominy/catkin_ws/install/road_marking_localization:/home/majd/autominy/catkin_ws/install/remote_control:/home/majd/autominy/catkin_ws/install/car_description:/home/majd/autominy/catkin_ws/install/odometry:/home/majd/autominy/catkin_ws/install/map_publisher:/home/majd/autominy/catkin_ws/install/low_voltage_shutdown:/home/majd/autominy/catkin_ws/install/lidar_pose_estimation:/home/majd/autominy/catkin_ws/install/hardware_calibration:/home/majd/autominy/catkin_ws/install/emergency_stop:/home/majd/autominy/catkin_ws/install/bno055_usb_stick:/home/majd/autominy/catkin_ws/install/bno055_usb_stick_msgs:/home/majd/autominy/catkin_ws/install/autominy_sim:/home/majd/autominy/catkin_ws/install/autominy_msgs:/home/majd/autominy/catkin_ws/install/autominy:/home/majd/Documents/Robotik/ros2_ws/install/py_pubsub:/home/majd/autominy/catkin_ws/install/assignment2_publisher_subscriber:/opt/ros/humble LD_LIBRARY_PATH=/home/majd/Documents/Robotik/ros2_ws/install/simple_drive_control/lib:${LD_LIBRARY_PATH} PYTHONPATH=/home/majd/Documents/Robotik/ros2_ws/install/simple_drive_control/local/lib/python3.10/dist-packages:${PYTHONPATH} /usr/bin/cmake --build /home/majd/Documents/Robotik/ros2_ws/build/simple_parking_maneuver -- -j8 -l8
[54.260s] DEBUG:colcon.colcon_core.event_handler.log_command:Invoked command in '/home/majd/Documents/Robotik/ros2_ws/build/simple_parking_maneuver' returned '0': AMENT_PREFIX_PATH=/home/majd/Documents/Robotik/ros2_ws/install/simple_drive_control:${AMENT_PREFIX_PATH} CMAKE_PREFIX_PATH=/home/majd/Documents/Robotik/ros2_ws/install/simple_drive_control:/home/majd/Documents/Robotik/ros2_ws/install/turtlesim:/home/majd/Documents/Robotik/ros2_ws/install/assignment2_publisher_subscriber2:/home/majd/Documents/Robotik/ros2_ws/install/assignment2_publisher_subscriber:/home/majd/autominy/catkin_ws/install/world_description:/home/majd/autominy/catkin_ws/install/stereo_camera_pose_estimation:/home/majd/autominy/catkin_ws/install/sim_car_controller:/home/majd/autominy/catkin_ws/install/arduino_communication:/home/majd/autominy/catkin_ws/install/serial:/home/majd/autominy/catkin_ws/install/road_marking_localization:/home/majd/autominy/catkin_ws/install/remote_control:/home/majd/autominy/catkin_ws/install/car_description:/home/majd/autominy/catkin_ws/install/odometry:/home/majd/autominy/catkin_ws/install/map_publisher:/home/majd/autominy/catkin_ws/install/low_voltage_shutdown:/home/majd/autominy/catkin_ws/install/lidar_pose_estimation:/home/majd/autominy/catkin_ws/install/hardware_calibration:/home/majd/autominy/catkin_ws/install/emergency_stop:/home/majd/autominy/catkin_ws/install/bno055_usb_stick:/home/majd/autominy/catkin_ws/install/bno055_usb_stick_msgs:/home/majd/autominy/catkin_ws/install/autominy_sim:/home/majd/autominy/catkin_ws/install/autominy_msgs:/home/majd/autominy/catkin_ws/install/autominy:/home/majd/Documents/Robotik/ros2_ws/install/py_pubsub:/home/majd/autominy/catkin_ws/install/assignment2_publisher_subscriber:/opt/ros/humble LD_LIBRARY_PATH=/home/majd/Documents/Robotik/ros2_ws/install/simple_drive_control/lib:${LD_LIBRARY_PATH} PYTHONPATH=/home/majd/Documents/Robotik/ros2_ws/install/simple_drive_control/local/lib/python3.10/dist-packages:${PYTHONPATH} /usr/bin/cmake --build /home/majd/Documents/Robotik/ros2_ws/build/simple_parking_maneuver -- -j8 -l8
[54.632s] DEBUG:colcon.colcon_core.event_handler.log_command:Invoking command in '/home/majd/Documents/Robotik/ros2_ws/build/simple_parking_maneuver': AMENT_PREFIX_PATH=/home/majd/Documents/Robotik/ros2_ws/install/simple_drive_control:${AMENT_PREFIX_PATH} CMAKE_PREFIX_PATH=/home/majd/Documents/Robotik/ros2_ws/install/simple_drive_control:/home/majd/Documents/Robotik/ros2_ws/install/turtlesim:/home/majd/Documents/Robotik/ros2_ws/install/assignment2_publisher_subscriber2:/home/majd/Documents/Robotik/ros2_ws/install/assignment2_publisher_subscriber:/home/majd/autominy/catkin_ws/install/world_description:/home/majd/autominy/catkin_ws/install/stereo_camera_pose_estimation:/home/majd/autominy/catkin_ws/install/sim_car_controller:/home/majd/autominy/catkin_ws/install/arduino_communication:/home/majd/autominy/catkin_ws/install/serial:/home/majd/autominy/catkin_ws/install/road_marking_localization:/home/majd/autominy/catkin_ws/install/remote_control:/home/majd/autominy/catkin_ws/install/car_description:/home/majd/autominy/catkin_ws/install/odometry:/home/majd/autominy/catkin_ws/install/map_publisher:/home/majd/autominy/catkin_ws/install/low_voltage_shutdown:/home/majd/autominy/catkin_ws/install/lidar_pose_estimation:/home/majd/autominy/catkin_ws/install/hardware_calibration:/home/majd/autominy/catkin_ws/install/emergency_stop:/home/majd/autominy/catkin_ws/install/bno055_usb_stick:/home/majd/autominy/catkin_ws/install/bno055_usb_stick_msgs:/home/majd/autominy/catkin_ws/install/autominy_sim:/home/majd/autominy/catkin_ws/install/autominy_msgs:/home/majd/autominy/catkin_ws/install/autominy:/home/majd/Documents/Robotik/ros2_ws/install/py_pubsub:/home/majd/autominy/catkin_ws/install/assignment2_publisher_subscriber:/opt/ros/humble LD_LIBRARY_PATH=/home/majd/Documents/Robotik/ros2_ws/install/simple_drive_control/lib:${LD_LIBRARY_PATH} PYTHONPATH=/home/majd/Documents/Robotik/ros2_ws/install/simple_drive_control/local/lib/python3.10/dist-packages:${PYTHONPATH} /usr/bin/cmake --install /home/majd/Documents/Robotik/ros2_ws/build/simple_parking_maneuver
[57.821s] Level 1:colcon.colcon_core.environment:create_environment_scripts_only(simple_parking_maneuver)
[57.839s] Level 1:colcon.colcon_core.environment:checking '/home/majd/Documents/Robotik/ros2_ws/install/simple_parking_maneuver' for CMake module files
[57.839s] DEBUG:colcon.colcon_core.event_handler.log_command:Invoked command in '/home/majd/Documents/Robotik/ros2_ws/build/simple_parking_maneuver' returned '0': AMENT_PREFIX_PATH=/home/majd/Documents/Robotik/ros2_ws/install/simple_drive_control:${AMENT_PREFIX_PATH} CMAKE_PREFIX_PATH=/home/majd/Documents/Robotik/ros2_ws/install/simple_drive_control:/home/majd/Documents/Robotik/ros2_ws/install/turtlesim:/home/majd/Documents/Robotik/ros2_ws/install/assignment2_publisher_subscriber2:/home/majd/Documents/Robotik/ros2_ws/install/assignment2_publisher_subscriber:/home/majd/autominy/catkin_ws/install/world_description:/home/majd/autominy/catkin_ws/install/stereo_camera_pose_estimation:/home/majd/autominy/catkin_ws/install/sim_car_controller:/home/majd/autominy/catkin_ws/install/arduino_communication:/home/majd/autominy/catkin_ws/install/serial:/home/majd/autominy/catkin_ws/install/road_marking_localization:/home/majd/autominy/catkin_ws/install/remote_control:/home/majd/autominy/catkin_ws/install/car_description:/home/majd/autominy/catkin_ws/install/odometry:/home/majd/autominy/catkin_ws/install/map_publisher:/home/majd/autominy/catkin_ws/install/low_voltage_shutdown:/home/majd/autominy/catkin_ws/install/lidar_pose_estimation:/home/majd/autominy/catkin_ws/install/hardware_calibration:/home/majd/autominy/catkin_ws/install/emergency_stop:/home/majd/autominy/catkin_ws/install/bno055_usb_stick:/home/majd/autominy/catkin_ws/install/bno055_usb_stick_msgs:/home/majd/autominy/catkin_ws/install/autominy_sim:/home/majd/autominy/catkin_ws/install/autominy_msgs:/home/majd/autominy/catkin_ws/install/autominy:/home/majd/Documents/Robotik/ros2_ws/install/py_pubsub:/home/majd/autominy/catkin_ws/install/assignment2_publisher_subscriber:/opt/ros/humble LD_LIBRARY_PATH=/home/majd/Documents/Robotik/ros2_ws/install/simple_drive_control/lib:${LD_LIBRARY_PATH} PYTHONPATH=/home/majd/Documents/Robotik/ros2_ws/install/simple_drive_control/local/lib/python3.10/dist-packages:${PYTHONPATH} /usr/bin/cmake --install /home/majd/Documents/Robotik/ros2_ws/build/simple_parking_maneuver
[57.848s] Level 1:colcon.colcon_core.environment:checking '/home/majd/Documents/Robotik/ros2_ws/install/simple_parking_maneuver' for CMake config files
[57.851s] Level 1:colcon.colcon_core.shell:create_environment_hook('simple_parking_maneuver', 'cmake_prefix_path')
[57.861s] INFO:colcon.colcon_core.shell:Creating environment hook '/home/majd/Documents/Robotik/ros2_ws/install/simple_parking_maneuver/share/simple_parking_maneuver/hook/cmake_prefix_path.ps1'
[57.863s] INFO:colcon.colcon_core.shell:Creating environment descriptor '/home/majd/Documents/Robotik/ros2_ws/install/simple_parking_maneuver/share/simple_parking_maneuver/hook/cmake_prefix_path.dsv'
[57.866s] INFO:colcon.colcon_core.shell:Creating environment hook '/home/majd/Documents/Robotik/ros2_ws/install/simple_parking_maneuver/share/simple_parking_maneuver/hook/cmake_prefix_path.sh'
[57.869s] Level 1:colcon.colcon_core.environment:checking '/home/majd/Documents/Robotik/ros2_ws/install/simple_parking_maneuver/lib'
[57.869s] Level 1:colcon.colcon_core.shell:create_environment_hook('simple_parking_maneuver', 'ld_library_path_lib')
[57.878s] INFO:colcon.colcon_core.shell:Creating environment hook '/home/majd/Documents/Robotik/ros2_ws/install/simple_parking_maneuver/share/simple_parking_maneuver/hook/ld_library_path_lib.ps1'
[57.881s] INFO:colcon.colcon_core.shell:Creating environment descriptor '/home/majd/Documents/Robotik/ros2_ws/install/simple_parking_maneuver/share/simple_parking_maneuver/hook/ld_library_path_lib.dsv'
[57.883s] INFO:colcon.colcon_core.shell:Creating environment hook '/home/majd/Documents/Robotik/ros2_ws/install/simple_parking_maneuver/share/simple_parking_maneuver/hook/ld_library_path_lib.sh'
[57.886s] Level 1:colcon.colcon_core.environment:checking '/home/majd/Documents/Robotik/ros2_ws/install/simple_parking_maneuver/bin'
[57.887s] Level 1:colcon.colcon_core.environment:checking '/home/majd/Documents/Robotik/ros2_ws/install/simple_parking_maneuver/lib/pkgconfig/simple_parking_maneuver.pc'
[57.888s] Level 1:colcon.colcon_core.environment:checking '/home/majd/Documents/Robotik/ros2_ws/install/simple_parking_maneuver/lib/python3.10/site-packages'
[57.891s] Level 1:colcon.colcon_core.environment:checking '/home/majd/Documents/Robotik/ros2_ws/install/simple_parking_maneuver/bin'
[57.900s] INFO:colcon.colcon_core.shell:Creating package script '/home/majd/Documents/Robotik/ros2_ws/install/simple_parking_maneuver/share/simple_parking_maneuver/package.ps1'
[57.903s] INFO:colcon.colcon_core.shell:Creating package descriptor '/home/majd/Documents/Robotik/ros2_ws/install/simple_parking_maneuver/share/simple_parking_maneuver/package.dsv'
[57.905s] INFO:colcon.colcon_core.shell:Creating package script '/home/majd/Documents/Robotik/ros2_ws/install/simple_parking_maneuver/share/simple_parking_maneuver/package.sh'
[57.909s] INFO:colcon.colcon_core.shell:Creating package script '/home/majd/Documents/Robotik/ros2_ws/install/simple_parking_maneuver/share/simple_parking_maneuver/package.bash'
[57.912s] INFO:colcon.colcon_core.shell:Creating package script '/home/majd/Documents/Robotik/ros2_ws/install/simple_parking_maneuver/share/simple_parking_maneuver/package.zsh'
[57.914s] Level 1:colcon.colcon_core.environment:create_file_with_runtime_dependencies(/home/majd/Documents/Robotik/ros2_ws/install/simple_parking_maneuver/share/colcon-core/packages/simple_parking_maneuver)
[58.419s] Level 1:colcon.colcon_core.environment:create_environment_scripts_only(simple_parking_maneuver)
[58.433s] Level 1:colcon.colcon_core.environment:checking '/home/majd/Documents/Robotik/ros2_ws/install/simple_parking_maneuver' for CMake module files
[58.437s] Level 1:colcon.colcon_core.environment:checking '/home/majd/Documents/Robotik/ros2_ws/install/simple_parking_maneuver' for CMake config files
[58.440s] Level 1:colcon.colcon_core.shell:create_environment_hook('simple_parking_maneuver', 'cmake_prefix_path')
[58.450s] INFO:colcon.colcon_core.shell:Creating environment hook '/home/majd/Documents/Robotik/ros2_ws/install/simple_parking_maneuver/share/simple_parking_maneuver/hook/cmake_prefix_path.ps1'
[58.452s] INFO:colcon.colcon_core.shell:Creating environment descriptor '/home/majd/Documents/Robotik/ros2_ws/install/simple_parking_maneuver/share/simple_parking_maneuver/hook/cmake_prefix_path.dsv'
[58.455s] INFO:colcon.colcon_core.shell:Creating environment hook '/home/majd/Documents/Robotik/ros2_ws/install/simple_parking_maneuver/share/simple_parking_maneuver/hook/cmake_prefix_path.sh'
[58.458s] Level 1:colcon.colcon_core.environment:checking '/home/majd/Documents/Robotik/ros2_ws/install/simple_parking_maneuver/lib'
[58.459s] Level 1:colcon.colcon_core.shell:create_environment_hook('simple_parking_maneuver', 'ld_library_path_lib')
[58.470s] INFO:colcon.colcon_core.shell:Creating environment hook '/home/majd/Documents/Robotik/ros2_ws/install/simple_parking_maneuver/share/simple_parking_maneuver/hook/ld_library_path_lib.ps1'
[58.472s] INFO:colcon.colcon_core.shell:Creating environment descriptor '/home/majd/Documents/Robotik/ros2_ws/install/simple_parking_maneuver/share/simple_parking_maneuver/hook/ld_library_path_lib.dsv'
[58.474s] INFO:colcon.colcon_core.shell:Creating environment hook '/home/majd/Documents/Robotik/ros2_ws/install/simple_parking_maneuver/share/simple_parking_maneuver/hook/ld_library_path_lib.sh'
[58.478s] Level 1:colcon.colcon_core.environment:checking '/home/majd/Documents/Robotik/ros2_ws/install/simple_parking_maneuver/bin'
[58.479s] Level 1:colcon.colcon_core.environment:checking '/home/majd/Documents/Robotik/ros2_ws/install/simple_parking_maneuver/lib/pkgconfig/simple_parking_maneuver.pc'
[58.480s] Level 1:colcon.colcon_core.environment:checking '/home/majd/Documents/Robotik/ros2_ws/install/simple_parking_maneuver/lib/python3.10/site-packages'
[58.482s] Level 1:colcon.colcon_core.environment:checking '/home/majd/Documents/Robotik/ros2_ws/install/simple_parking_maneuver/bin'
[58.492s] INFO:colcon.colcon_core.shell:Creating package script '/home/majd/Documents/Robotik/ros2_ws/install/simple_parking_maneuver/share/simple_parking_maneuver/package.ps1'
[58.496s] INFO:colcon.colcon_core.shell:Creating package descriptor '/home/majd/Documents/Robotik/ros2_ws/install/simple_parking_maneuver/share/simple_parking_maneuver/package.dsv'
[58.499s] INFO:colcon.colcon_core.shell:Creating package script '/home/majd/Documents/Robotik/ros2_ws/install/simple_parking_maneuver/share/simple_parking_maneuver/package.sh'
[58.502s] INFO:colcon.colcon_core.shell:Creating package script '/home/majd/Documents/Robotik/ros2_ws/install/simple_parking_maneuver/share/simple_parking_maneuver/package.bash'
[58.504s] INFO:colcon.colcon_core.shell:Creating package script '/home/majd/Documents/Robotik/ros2_ws/install/simple_parking_maneuver/share/simple_parking_maneuver/package.zsh'
[58.507s] Level 1:colcon.colcon_core.environment:create_file_with_runtime_dependencies(/home/majd/Documents/Robotik/ros2_ws/install/simple_parking_maneuver/share/colcon-core/packages/simple_parking_maneuver)
[58.508s] DEBUG:colcon.colcon_parallel_executor.executor.parallel:closing loop
[58.512s] DEBUG:colcon.colcon_parallel_executor.executor.parallel:loop closed
[58.512s] DEBUG:colcon.colcon_parallel_executor.executor.parallel:run_until_complete finished with '0'
[58.512s] DEBUG:colcon.colcon_core.event_reactor:joining thread
[58.563s] INFO:colcon.colcon_core.plugin_system:Skipping extension 'colcon_notification.desktop_notification.terminal_notifier': Not used on non-Darwin systems
[58.564s] INFO:colcon.colcon_core.plugin_system:Skipping extension 'colcon_notification.desktop_notification.win32': Not used on non-Windows systems
[58.564s] INFO:colcon.colcon_notification.desktop_notification:Sending desktop notification using 'notify2'
[58.633s] DEBUG:colcon.colcon_core.event_reactor:joined thread
[58.643s] INFO:colcon.colcon_core.shell:Creating prefix script '/home/majd/Documents/Robotik/ros2_ws/install/local_setup.ps1'
[58.650s] INFO:colcon.colcon_core.shell:Creating prefix util module '/home/majd/Documents/Robotik/ros2_ws/install/_local_setup_util_ps1.py'
[58.658s] INFO:colcon.colcon_core.shell:Creating prefix chain script '/home/majd/Documents/Robotik/ros2_ws/install/setup.ps1'
[58.675s] INFO:colcon.colcon_core.shell:Creating prefix script '/home/majd/Documents/Robotik/ros2_ws/install/local_setup.sh'
[58.679s] INFO:colcon.colcon_core.shell:Creating prefix util module '/home/majd/Documents/Robotik/ros2_ws/install/_local_setup_util_sh.py'
[58.682s] INFO:colcon.colcon_core.shell:Creating prefix chain script '/home/majd/Documents/Robotik/ros2_ws/install/setup.sh'
[58.699s] INFO:colcon.colcon_core.shell:Creating prefix script '/home/majd/Documents/Robotik/ros2_ws/install/local_setup.bash'
[58.702s] INFO:colcon.colcon_core.shell:Creating prefix chain script '/home/majd/Documents/Robotik/ros2_ws/install/setup.bash'
[58.718s] INFO:colcon.colcon_core.shell:Creating prefix script '/home/majd/Documents/Robotik/ros2_ws/install/local_setup.zsh'
[58.722s] INFO:colcon.colcon_core.shell:Creating prefix chain script '/home/majd/Documents/Robotik/ros2_ws/install/setup.zsh'
