[0.769s] Invoking command in '/home/majd/Documents/Robotik/ros2_ws/src/py_pubsub': PYTHONPATH=/home/majd/Documents/Robotik/ros2_ws/install/py_pubsub/lib/python3.10/site-packages:${PYTHONPATH} /usr/bin/python3 setup.py egg_info --egg-base ../../build/py_pubsub build --build-base /home/majd/Documents/Robotik/ros2_ws/build/py_pubsub/build install --prefix /home/majd/Documents/Robotik/ros2_ws/install/py_pubsub --record /home/majd/Documents/Robotik/ros2_ws/build/py_pubsub/install.log --single-version-externally-managed
[1.103s] running egg_info
[1.103s] creating ../../build/py_pubsub/py_pubsub.egg-info
[1.104s] writing ../../build/py_pubsub/py_pubsub.egg-info/PKG-INFO
[1.104s] writing dependency_links to ../../build/py_pubsub/py_pubsub.egg-info/dependency_links.txt
[1.104s] writing entry points to ../../build/py_pubsub/py_pubsub.egg-info/entry_points.txt
[1.105s] writing requirements to ../../build/py_pubsub/py_pubsub.egg-info/requires.txt
[1.105s] writing top-level names to ../../build/py_pubsub/py_pubsub.egg-info/top_level.txt
[1.105s] writing manifest file '../../build/py_pubsub/py_pubsub.egg-info/SOURCES.txt'
[1.108s] reading manifest file '../../build/py_pubsub/py_pubsub.egg-info/SOURCES.txt'
[1.110s] writing manifest file '../../build/py_pubsub/py_pubsub.egg-info/SOURCES.txt'
[1.110s] running build
[1.110s] running build_py
[1.111s] creating /home/majd/Documents/Robotik/ros2_ws/build/py_pubsub/build
[1.111s] creating /home/majd/Documents/Robotik/ros2_ws/build/py_pubsub/build/lib
[1.112s] creating /home/majd/Documents/Robotik/ros2_ws/build/py_pubsub/build/lib/py_pubsub
[1.112s] copying py_pubsub/subscriber_member_function.py -> /home/majd/Documents/Robotik/ros2_ws/build/py_pubsub/build/lib/py_pubsub
[1.112s] copying py_pubsub/__init__.py -> /home/majd/Documents/Robotik/ros2_ws/build/py_pubsub/build/lib/py_pubsub
[1.113s] copying py_pubsub/publisher_member_function.py -> /home/majd/Documents/Robotik/ros2_ws/build/py_pubsub/build/lib/py_pubsub
[1.113s] running install
[1.117s] /usr/lib/python3/dist-packages/setuptools/command/install.py:34: SetuptoolsDeprecationWarning: setup.py install is deprecated. Use build and pip and other standards-based tools.
[1.118s]   warnings.warn(
[1.118s] running install_lib
[1.119s] creating /home/majd/Documents/Robotik/ros2_ws/install/py_pubsub/lib/python3.10/site-packages/py_pubsub
[1.119s] copying /home/majd/Documents/Robotik/ros2_ws/build/py_pubsub/build/lib/py_pubsub/subscriber_member_function.py -> /home/majd/Documents/Robotik/ros2_ws/install/py_pubsub/lib/python3.10/site-packages/py_pubsub
[1.120s] copying /home/majd/Documents/Robotik/ros2_ws/build/py_pubsub/build/lib/py_pubsub/__init__.py -> /home/majd/Documents/Robotik/ros2_ws/install/py_pubsub/lib/python3.10/site-packages/py_pubsub
[1.120s] copying /home/majd/Documents/Robotik/ros2_ws/build/py_pubsub/build/lib/py_pubsub/publisher_member_function.py -> /home/majd/Documents/Robotik/ros2_ws/install/py_pubsub/lib/python3.10/site-packages/py_pubsub
[1.121s] byte-compiling /home/majd/Documents/Robotik/ros2_ws/install/py_pubsub/lib/python3.10/site-packages/py_pubsub/subscriber_member_function.py to subscriber_member_function.cpython-310.pyc
[1.121s] byte-compiling /home/majd/Documents/Robotik/ros2_ws/install/py_pubsub/lib/python3.10/site-packages/py_pubsub/__init__.py to __init__.cpython-310.pyc
[1.121s] byte-compiling /home/majd/Documents/Robotik/ros2_ws/install/py_pubsub/lib/python3.10/site-packages/py_pubsub/publisher_member_function.py to publisher_member_function.cpython-310.pyc
[1.122s] running install_data
[1.123s] creating /home/majd/Documents/Robotik/ros2_ws/install/py_pubsub/share/ament_index
[1.123s] creating /home/majd/Documents/Robotik/ros2_ws/install/py_pubsub/share/ament_index/resource_index
[1.123s] creating /home/majd/Documents/Robotik/ros2_ws/install/py_pubsub/share/ament_index/resource_index/packages
[1.123s] copying resource/py_pubsub -> /home/majd/Documents/Robotik/ros2_ws/install/py_pubsub/share/ament_index/resource_index/packages
[1.124s] copying package.xml -> /home/majd/Documents/Robotik/ros2_ws/install/py_pubsub/share/py_pubsub
[1.124s] running install_egg_info
[1.126s] Copying ../../build/py_pubsub/py_pubsub.egg-info to /home/majd/Documents/Robotik/ros2_ws/install/py_pubsub/lib/python3.10/site-packages/py_pubsub-0.0.0-py3.10.egg-info
[1.127s] running install_scripts
[1.160s] Installing listener script to /home/majd/Documents/Robotik/ros2_ws/install/py_pubsub/lib/py_pubsub
[1.161s] Installing talker script to /home/majd/Documents/Robotik/ros2_ws/install/py_pubsub/lib/py_pubsub
[1.161s] writing list of installed files to '/home/majd/Documents/Robotik/ros2_ws/build/py_pubsub/install.log'
[1.199s] Invoked command in '/home/majd/Documents/Robotik/ros2_ws/src/py_pubsub' returned '0': PYTHONPATH=/home/majd/Documents/Robotik/ros2_ws/install/py_pubsub/lib/python3.10/site-packages:${PYTHONPATH} /usr/bin/python3 setup.py egg_info --egg-base ../../build/py_pubsub build --build-base /home/majd/Documents/Robotik/ros2_ws/build/py_pubsub/build install --prefix /home/majd/Documents/Robotik/ros2_ws/install/py_pubsub --record /home/majd/Documents/Robotik/ros2_ws/build/py_pubsub/install.log --single-version-externally-managed
