[2.596s] DEBUG:colcon:Command line arguments: ['/usr/bin/colcon', 'build', '--packages-select', 'simple_parking_maneuver']
[2.597s] DEBUG:colcon:Parsed command line arguments: Namespace(log_base=None, log_level=None, verb_name='build', build_base='build', install_base='install', merge_install=False, symlink_install=False, test_result_base=None, continue_on_error=False, executor='parallel', parallel_workers=8, event_handlers=None, ignore_user_meta=False, metas=['./colcon.meta'], base_paths=['.'], packages_ignore=None, packages_ignore_regex=None, paths=None, packages_up_to=None, packages_up_to_regex=None, packages_above=None, packages_above_and_dependencies=None, packages_above_depth=None, packages_select_by_dep=None, packages_skip_by_dep=None, packages_skip_up_to=None, packages_select_build_failed=False, packages_skip_build_finished=False, packages_select_test_failures=False, packages_skip_test_passed=False, packages_select=['simple_parking_maneuver'], packages_skip=None, packages_select_regex=None, packages_skip_regex=None, packages_start=None, packages_end=None, allow_overriding=[], cmake_args=None, cmake_target=None, cmake_target_skip_unavailable=False, cmake_clean_cache=False, cmake_clean_first=False, cmake_force_configure=False, ament_cmake_args=None, catkin_cmake_args=None, catkin_skip_building_tests=False, verb_parser=<colcon_defaults.argument_parser.defaults.DefaultArgumentsDecorator object at 0x7f62a666b790>, verb_extension=<colcon_core.verb.build.BuildVerb object at 0x7f62a67abd00>, main=<bound method BuildVerb.main of <colcon_core.verb.build.BuildVerb object at 0x7f62a67abd00>>)
[2.790s] Level 1:colcon.colcon_core.package_discovery:discover_packages(colcon_meta) check parameters
[2.791s] Level 1:colcon.colcon_core.package_discovery:discover_packages(recursive) check parameters
[2.791s] Level 1:colcon.colcon_core.package_discovery:discover_packages(ignore) check parameters
[2.792s] Level 1:colcon.colcon_core.package_discovery:discover_packages(path) check parameters
[2.792s] Level 1:colcon.colcon_core.package_discovery:discover_packages(colcon_meta) discover
[2.792s] Level 1:colcon.colcon_core.package_discovery:discover_packages(recursive) discover
[2.793s] INFO:colcon.colcon_core.package_discovery:Crawling recursively for packages in '/home/majd/Documents/Robotik/ros2_ws'
[2.793s] Level 1:colcon.colcon_core.package_identification:_identify(.) by extensions ['ignore', 'ignore_ament_install']
[2.794s] Level 1:colcon.colcon_core.package_identification:_identify(.) by extension 'ignore'
[2.795s] Level 1:colcon.colcon_core.package_identification:_identify(.) by extension 'ignore_ament_install'
[2.795s] Level 1:colcon.colcon_core.package_identification:_identify(.) by extensions ['colcon_pkg']
[2.795s] Level 1:colcon.colcon_core.package_identification:_identify(.) by extension 'colcon_pkg'
[2.796s] Level 1:colcon.colcon_core.package_identification:_identify(.) by extensions ['colcon_meta']
[2.796s] Level 1:colcon.colcon_core.package_identification:_identify(.) by extension 'colcon_meta'
[2.796s] Level 1:colcon.colcon_core.package_identification:_identify(.) by extensions ['ros']
[2.797s] Level 1:colcon.colcon_core.package_identification:_identify(.) by extension 'ros'
[2.924s] Level 1:colcon.colcon_core.package_identification:_identify(.) by extensions ['cmake', 'python']
[2.925s] Level 1:colcon.colcon_core.package_identification:_identify(.) by extension 'cmake'
[2.925s] Level 1:colcon.colcon_core.package_identification:_identify(.) by extension 'python'
[2.925s] Level 1:colcon.colcon_core.package_identification:_identify(.) by extensions ['python_setup_py']
[2.926s] Level 1:colcon.colcon_core.package_identification:_identify(.) by extension 'python_setup_py'
[2.927s] Level 1:colcon.colcon_core.package_identification:_identify(build) by extensions ['ignore', 'ignore_ament_install']
[2.928s] Level 1:colcon.colcon_core.package_identification:_identify(build) by extension 'ignore'
[2.928s] Level 1:colcon.colcon_core.package_identification:_identify(build) ignored
[2.930s] Level 1:colcon.colcon_core.package_identification:_identify(install) by extensions ['ignore', 'ignore_ament_install']
[2.931s] Level 1:colcon.colcon_core.package_identification:_identify(install) by extension 'ignore'
[2.932s] Level 1:colcon.colcon_core.package_identification:_identify(install) ignored
[2.933s] Level 1:colcon.colcon_core.package_identification:_identify(log) by extensions ['ignore', 'ignore_ament_install']
[2.934s] Level 1:colcon.colcon_core.package_identification:_identify(log) by extension 'ignore'
[2.934s] Level 1:colcon.colcon_core.package_identification:_identify(log) ignored
[2.935s] Level 1:colcon.colcon_core.package_identification:_identify(src) by extensions ['ignore', 'ignore_ament_install']
[2.936s] Level 1:colcon.colcon_core.package_identification:_identify(src) by extension 'ignore'
[2.936s] Level 1:colcon.colcon_core.package_identification:_identify(src) by extension 'ignore_ament_install'
[2.937s] Level 1:colcon.colcon_core.package_identification:_identify(src) by extensions ['colcon_pkg']
[2.937s] Level 1:colcon.colcon_core.package_identification:_identify(src) by extension 'colcon_pkg'
[2.937s] Level 1:colcon.colcon_core.package_identification:_identify(src) by extensions ['colcon_meta']
[2.938s] Level 1:colcon.colcon_core.package_identification:_identify(src) by extension 'colcon_meta'
[2.938s] Level 1:colcon.colcon_core.package_identification:_identify(src) by extensions ['ros']
[2.939s] Level 1:colcon.colcon_core.package_identification:_identify(src) by extension 'ros'
[2.939s] Level 1:colcon.colcon_core.package_identification:_identify(src) by extensions ['cmake', 'python']
[2.940s] Level 1:colcon.colcon_core.package_identification:_identify(src) by extension 'cmake'
[2.940s] Level 1:colcon.colcon_core.package_identification:_identify(src) by extension 'python'
[2.941s] Level 1:colcon.colcon_core.package_identification:_identify(src) by extensions ['python_setup_py']
[2.941s] Level 1:colcon.colcon_core.package_identification:_identify(src) by extension 'python_setup_py'
[2.942s] Level 1:colcon.colcon_core.package_identification:_identify(src/assignment2_publisher_subscriber) by extensions ['ignore', 'ignore_ament_install']
[2.943s] Level 1:colcon.colcon_core.package_identification:_identify(src/assignment2_publisher_subscriber) by extension 'ignore'
[2.943s] Level 1:colcon.colcon_core.package_identification:_identify(src/assignment2_publisher_subscriber) by extension 'ignore_ament_install'
[2.943s] Level 1:colcon.colcon_core.package_identification:_identify(src/assignment2_publisher_subscriber) by extensions ['colcon_pkg']
[2.944s] Level 1:colcon.colcon_core.package_identification:_identify(src/assignment2_publisher_subscriber) by extension 'colcon_pkg'
[2.944s] Level 1:colcon.colcon_core.package_identification:_identify(src/assignment2_publisher_subscriber) by extensions ['colcon_meta']
[2.944s] Level 1:colcon.colcon_core.package_identification:_identify(src/assignment2_publisher_subscriber) by extension 'colcon_meta'
[2.945s] Level 1:colcon.colcon_core.package_identification:_identify(src/assignment2_publisher_subscriber) by extensions ['ros']
[2.945s] Level 1:colcon.colcon_core.package_identification:_identify(src/assignment2_publisher_subscriber) by extension 'ros'
[2.964s] DEBUG:colcon.colcon_core.package_identification:Package 'src/assignment2_publisher_subscriber' with type 'ros.ament_python' and name 'assignment2_publisher_subscriber'
[2.965s] Level 1:colcon.colcon_core.package_identification:_identify(src/assignment2_publisher_subscriber2) by extensions ['ignore', 'ignore_ament_install']
[2.966s] Level 1:colcon.colcon_core.package_identification:_identify(src/assignment2_publisher_subscriber2) by extension 'ignore'
[2.967s] Level 1:colcon.colcon_core.package_identification:_identify(src/assignment2_publisher_subscriber2) by extension 'ignore_ament_install'
[2.967s] Level 1:colcon.colcon_core.package_identification:_identify(src/assignment2_publisher_subscriber2) by extensions ['colcon_pkg']
[2.968s] Level 1:colcon.colcon_core.package_identification:_identify(src/assignment2_publisher_subscriber2) by extension 'colcon_pkg'
[2.968s] Level 1:colcon.colcon_core.package_identification:_identify(src/assignment2_publisher_subscriber2) by extensions ['colcon_meta']
[2.968s] Level 1:colcon.colcon_core.package_identification:_identify(src/assignment2_publisher_subscriber2) by extension 'colcon_meta'
[2.969s] Level 1:colcon.colcon_core.package_identification:_identify(src/assignment2_publisher_subscriber2) by extensions ['ros']
[2.969s] Level 1:colcon.colcon_core.package_identification:_identify(src/assignment2_publisher_subscriber2) by extension 'ros'
[2.973s] DEBUG:colcon.colcon_core.package_identification:Package 'src/assignment2_publisher_subscriber2' with type 'ros.ament_cmake' and name 'assignment2_publisher_subscriber2'
[2.975s] Level 1:colcon.colcon_core.package_identification:_identify(src/simple_drive_control) by extensions ['ignore', 'ignore_ament_install']
[2.976s] Level 1:colcon.colcon_core.package_identification:_identify(src/simple_drive_control) by extension 'ignore'
[2.976s] Level 1:colcon.colcon_core.package_identification:_identify(src/simple_drive_control) by extension 'ignore_ament_install'
[2.977s] Level 1:colcon.colcon_core.package_identification:_identify(src/simple_drive_control) by extensions ['colcon_pkg']
[2.977s] Level 1:colcon.colcon_core.package_identification:_identify(src/simple_drive_control) by extension 'colcon_pkg'
[2.978s] Level 1:colcon.colcon_core.package_identification:_identify(src/simple_drive_control) by extensions ['colcon_meta']
[2.978s] Level 1:colcon.colcon_core.package_identification:_identify(src/simple_drive_control) by extension 'colcon_meta'
[2.979s] Level 1:colcon.colcon_core.package_identification:_identify(src/simple_drive_control) by extensions ['ros']
[2.979s] Level 1:colcon.colcon_core.package_identification:_identify(src/simple_drive_control) by extension 'ros'
[2.984s] DEBUG:colcon.colcon_core.package_identification:Package 'src/simple_drive_control' with type 'ros.ament_cmake' and name 'simple_drive_control'
[2.985s] Level 1:colcon.colcon_core.package_identification:_identify(src/simple_parking_maneuver) by extensions ['ignore', 'ignore_ament_install']
[2.986s] Level 1:colcon.colcon_core.package_identification:_identify(src/simple_parking_maneuver) by extension 'ignore'
[2.986s] Level 1:colcon.colcon_core.package_identification:_identify(src/simple_parking_maneuver) by extension 'ignore_ament_install'
[2.986s] Level 1:colcon.colcon_core.package_identification:_identify(src/simple_parking_maneuver) by extensions ['colcon_pkg']
[2.987s] Level 1:colcon.colcon_core.package_identification:_identify(src/simple_parking_maneuver) by extension 'colcon_pkg'
[2.987s] Level 1:colcon.colcon_core.package_identification:_identify(src/simple_parking_maneuver) by extensions ['colcon_meta']
[2.988s] Level 1:colcon.colcon_core.package_identification:_identify(src/simple_parking_maneuver) by extension 'colcon_meta'
[2.988s] Level 1:colcon.colcon_core.package_identification:_identify(src/simple_parking_maneuver) by extensions ['ros']
[2.988s] Level 1:colcon.colcon_core.package_identification:_identify(src/simple_parking_maneuver) by extension 'ros'
[2.993s] DEBUG:colcon.colcon_core.package_identification:Package 'src/simple_parking_maneuver' with type 'ros.ament_cmake' and name 'simple_parking_maneuver'
[2.994s] Level 1:colcon.colcon_core.package_discovery:discover_packages(recursive) using defaults
[2.994s] Level 1:colcon.colcon_core.package_discovery:discover_packages(ignore) discover
[2.995s] Level 1:colcon.colcon_core.package_discovery:discover_packages(ignore) using defaults
[2.995s] Level 1:colcon.colcon_core.package_discovery:discover_packages(path) discover
[2.995s] Level 1:colcon.colcon_core.package_discovery:discover_packages(path) using defaults
[3.187s] INFO:colcon.colcon_core.package_selection:Skipping not selected package 'assignment2_publisher_subscriber' in 'src/assignment2_publisher_subscriber'
[3.188s] INFO:colcon.colcon_core.package_selection:Skipping not selected package 'assignment2_publisher_subscriber2' in 'src/assignment2_publisher_subscriber2'
[3.188s] INFO:colcon.colcon_core.package_selection:Skipping not selected package 'simple_drive_control' in 'src/simple_drive_control'
[3.193s] Level 1:colcon.colcon_core.package_discovery:discover_packages(prefix_path) check parameters
[3.194s] Level 1:colcon.colcon_core.package_discovery:discover_packages(prefix_path) discover
[3.223s] DEBUG:colcon.colcon_installed_package_information.package_discovery:Found 6 installed packages in /home/majd/Documents/Robotik/ros2_ws/install
[3.235s] DEBUG:colcon.colcon_installed_package_information.package_discovery:Found 20 installed packages in /home/majd/autominy/catkin_ws/install
[3.253s] DEBUG:colcon.colcon_installed_package_information.package_discovery:Found 327 installed packages in /opt/ros/humble
[3.268s] Level 1:colcon.colcon_core.package_discovery:discover_packages(prefix_path) using defaults
[3.914s] Level 5:colcon.colcon_core.verb:set package 'simple_parking_maneuver' build argument 'cmake_args' from command line to 'None'
[3.914s] Level 5:colcon.colcon_core.verb:set package 'simple_parking_maneuver' build argument 'cmake_target' from command line to 'None'
[3.915s] Level 5:colcon.colcon_core.verb:set package 'simple_parking_maneuver' build argument 'cmake_target_skip_unavailable' from command line to 'False'
[3.915s] Level 5:colcon.colcon_core.verb:set package 'simple_parking_maneuver' build argument 'cmake_clean_cache' from command line to 'False'
[3.916s] Level 5:colcon.colcon_core.verb:set package 'simple_parking_maneuver' build argument 'cmake_clean_first' from command line to 'False'
[3.916s] Level 5:colcon.colcon_core.verb:set package 'simple_parking_maneuver' build argument 'cmake_force_configure' from command line to 'False'
[3.917s] Level 5:colcon.colcon_core.verb:set package 'simple_parking_maneuver' build argument 'ament_cmake_args' from command line to 'None'
[3.917s] Level 5:colcon.colcon_core.verb:set package 'simple_parking_maneuver' build argument 'catkin_cmake_args' from command line to 'None'
[3.917s] Level 5:colcon.colcon_core.verb:set package 'simple_parking_maneuver' build argument 'catkin_skip_building_tests' from command line to 'False'
[3.918s] DEBUG:colcon.colcon_core.verb:Building package 'simple_parking_maneuver' with the following arguments: {'ament_cmake_args': None, 'build_base': '/home/majd/Documents/Robotik/ros2_ws/build/simple_parking_maneuver', 'catkin_cmake_args': None, 'catkin_skip_building_tests': False, 'cmake_args': None, 'cmake_clean_cache': False, 'cmake_clean_first': False, 'cmake_force_configure': False, 'cmake_target': None, 'cmake_target_skip_unavailable': False, 'install_base': '/home/majd/Documents/Robotik/ros2_ws/install/simple_parking_maneuver', 'merge_install': False, 'path': '/home/majd/Documents/Robotik/ros2_ws/src/simple_parking_maneuver', 'symlink_install': False, 'test_result_base': None}
[3.924s] INFO:colcon.colcon_core.executor:Executing jobs using 'parallel' executor
[3.962s] DEBUG:colcon.colcon_parallel_executor.executor.parallel:run_until_complete
[3.964s] INFO:colcon.colcon_ros.task.ament_cmake.build:Building ROS package in '/home/majd/Documents/Robotik/ros2_ws/src/simple_parking_maneuver' with build type 'ament_cmake'
[3.965s] INFO:colcon.colcon_cmake.task.cmake.build:Building CMake package in '/home/majd/Documents/Robotik/ros2_ws/src/simple_parking_maneuver'
[4.003s] INFO:colcon.colcon_core.plugin_system:Skipping extension 'colcon_core.shell.bat': Not used on non-Windows systems
[4.005s] INFO:colcon.colcon_core.shell:Skip shell extension 'powershell' for command environment: Not usable outside of PowerShell
[4.006s] DEBUG:colcon.colcon_core.shell:Skip shell extension 'dsv' for command environment
[4.148s] DEBUG:colcon.colcon_core.event_handler.log_command:Invoking command in '/home/majd/Documents/Robotik/ros2_ws/build/simple_parking_maneuver': CMAKE_PREFIX_PATH=/home/majd/Documents/Robotik/ros2_ws/install/simple_drive_control:/home/majd/Documents/Robotik/ros2_ws/install/turtlesim:/home/majd/Documents/Robotik/ros2_ws/install/simple_parking_maneuver:/home/majd/Documents/Robotik/ros2_ws/install/assignment2_publisher_subscriber2:/home/majd/Documents/Robotik/ros2_ws/install/assignment2_publisher_subscriber:/home/majd/autominy/catkin_ws/install/world_description:/home/majd/autominy/catkin_ws/install/stereo_camera_pose_estimation:/home/majd/autominy/catkin_ws/install/sim_car_controller:/home/majd/autominy/catkin_ws/install/arduino_communication:/home/majd/autominy/catkin_ws/install/serial:/home/majd/autominy/catkin_ws/install/road_marking_localization:/home/majd/autominy/catkin_ws/install/remote_control:/home/majd/autominy/catkin_ws/install/car_description:/home/majd/autominy/catkin_ws/install/odometry:/home/majd/autominy/catkin_ws/install/map_publisher:/home/majd/autominy/catkin_ws/install/low_voltage_shutdown:/home/majd/autominy/catkin_ws/install/lidar_pose_estimation:/home/majd/autominy/catkin_ws/install/hardware_calibration:/home/majd/autominy/catkin_ws/install/emergency_stop:/home/majd/autominy/catkin_ws/install/bno055_usb_stick:/home/majd/autominy/catkin_ws/install/bno055_usb_stick_msgs:/home/majd/autominy/catkin_ws/install/autominy_sim:/home/majd/autominy/catkin_ws/install/autominy_msgs:/home/majd/autominy/catkin_ws/install/autominy:/home/majd/Documents/Robotik/ros2_ws/install/py_pubsub:/home/majd/autominy/catkin_ws/install/assignment2_publisher_subscriber:/opt/ros/humble LD_LIBRARY_PATH=/home/majd/Documents/Robotik/ros2_ws/install/simple_drive_control/lib:/home/majd/Documents/Robotik/ros2_ws/install/turtlesim/lib:/home/majd/Documents/Robotik/ros2_ws/install/simple_parking_maneuver/lib:/home/majd/autominy/catkin_ws/install/stereo_camera_pose_estimation/lib:/home/majd/autominy/catkin_ws/install/sim_car_controller/lib:/home/majd/autominy/catkin_ws/install/serial/lib:/home/majd/autominy/catkin_ws/install/road_marking_localization/lib:/home/majd/autominy/catkin_ws/install/remote_control/lib:/home/majd/autominy/catkin_ws/install/odometry/lib:/home/majd/autominy/catkin_ws/install/low_voltage_shutdown/lib:/home/majd/autominy/catkin_ws/install/lidar_pose_estimation/lib:/home/majd/autominy/catkin_ws/install/hardware_calibration/lib:/home/majd/autominy/catkin_ws/install/emergency_stop/lib:/home/majd/autominy/catkin_ws/install/bno055_usb_stick_msgs/lib:/home/majd/autominy/catkin_ws/install/autominy_msgs/lib:/usr/lib/x86_64-linux-gnu/gazebo-11/plugins:/opt/ros/humble/opt/rviz_ogre_vendor/lib:/opt/ros/humble/lib/x86_64-linux-gnu:/opt/ros/humble/lib /usr/bin/cmake --build /home/majd/Documents/Robotik/ros2_ws/build/simple_parking_maneuver -- -j8 -l8
[9.806s] DEBUG:colcon.colcon_core.event_handler.log_command:Invoked command in '/home/majd/Documents/Robotik/ros2_ws/build/simple_parking_maneuver' returned '0': CMAKE_PREFIX_PATH=/home/majd/Documents/Robotik/ros2_ws/install/simple_drive_control:/home/majd/Documents/Robotik/ros2_ws/install/turtlesim:/home/majd/Documents/Robotik/ros2_ws/install/simple_parking_maneuver:/home/majd/Documents/Robotik/ros2_ws/install/assignment2_publisher_subscriber2:/home/majd/Documents/Robotik/ros2_ws/install/assignment2_publisher_subscriber:/home/majd/autominy/catkin_ws/install/world_description:/home/majd/autominy/catkin_ws/install/stereo_camera_pose_estimation:/home/majd/autominy/catkin_ws/install/sim_car_controller:/home/majd/autominy/catkin_ws/install/arduino_communication:/home/majd/autominy/catkin_ws/install/serial:/home/majd/autominy/catkin_ws/install/road_marking_localization:/home/majd/autominy/catkin_ws/install/remote_control:/home/majd/autominy/catkin_ws/install/car_description:/home/majd/autominy/catkin_ws/install/odometry:/home/majd/autominy/catkin_ws/install/map_publisher:/home/majd/autominy/catkin_ws/install/low_voltage_shutdown:/home/majd/autominy/catkin_ws/install/lidar_pose_estimation:/home/majd/autominy/catkin_ws/install/hardware_calibration:/home/majd/autominy/catkin_ws/install/emergency_stop:/home/majd/autominy/catkin_ws/install/bno055_usb_stick:/home/majd/autominy/catkin_ws/install/bno055_usb_stick_msgs:/home/majd/autominy/catkin_ws/install/autominy_sim:/home/majd/autominy/catkin_ws/install/autominy_msgs:/home/majd/autominy/catkin_ws/install/autominy:/home/majd/Documents/Robotik/ros2_ws/install/py_pubsub:/home/majd/autominy/catkin_ws/install/assignment2_publisher_subscriber:/opt/ros/humble LD_LIBRARY_PATH=/home/majd/Documents/Robotik/ros2_ws/install/simple_drive_control/lib:/home/majd/Documents/Robotik/ros2_ws/install/turtlesim/lib:/home/majd/Documents/Robotik/ros2_ws/install/simple_parking_maneuver/lib:/home/majd/autominy/catkin_ws/install/stereo_camera_pose_estimation/lib:/home/majd/autominy/catkin_ws/install/sim_car_controller/lib:/home/majd/autominy/catkin_ws/install/serial/lib:/home/majd/autominy/catkin_ws/install/road_marking_localization/lib:/home/majd/autominy/catkin_ws/install/remote_control/lib:/home/majd/autominy/catkin_ws/install/odometry/lib:/home/majd/autominy/catkin_ws/install/low_voltage_shutdown/lib:/home/majd/autominy/catkin_ws/install/lidar_pose_estimation/lib:/home/majd/autominy/catkin_ws/install/hardware_calibration/lib:/home/majd/autominy/catkin_ws/install/emergency_stop/lib:/home/majd/autominy/catkin_ws/install/bno055_usb_stick_msgs/lib:/home/majd/autominy/catkin_ws/install/autominy_msgs/lib:/usr/lib/x86_64-linux-gnu/gazebo-11/plugins:/opt/ros/humble/opt/rviz_ogre_vendor/lib:/opt/ros/humble/lib/x86_64-linux-gnu:/opt/ros/humble/lib /usr/bin/cmake --build /home/majd/Documents/Robotik/ros2_ws/build/simple_parking_maneuver -- -j8 -l8
[10.510s] DEBUG:colcon.colcon_core.event_handler.log_command:Invoking command in '/home/majd/Documents/Robotik/ros2_ws/build/simple_parking_maneuver': CMAKE_PREFIX_PATH=/home/majd/Documents/Robotik/ros2_ws/install/simple_drive_control:/home/majd/Documents/Robotik/ros2_ws/install/turtlesim:/home/majd/Documents/Robotik/ros2_ws/install/simple_parking_maneuver:/home/majd/Documents/Robotik/ros2_ws/install/assignment2_publisher_subscriber2:/home/majd/Documents/Robotik/ros2_ws/install/assignment2_publisher_subscriber:/home/majd/autominy/catkin_ws/install/world_description:/home/majd/autominy/catkin_ws/install/stereo_camera_pose_estimation:/home/majd/autominy/catkin_ws/install/sim_car_controller:/home/majd/autominy/catkin_ws/install/arduino_communication:/home/majd/autominy/catkin_ws/install/serial:/home/majd/autominy/catkin_ws/install/road_marking_localization:/home/majd/autominy/catkin_ws/install/remote_control:/home/majd/autominy/catkin_ws/install/car_description:/home/majd/autominy/catkin_ws/install/odometry:/home/majd/autominy/catkin_ws/install/map_publisher:/home/majd/autominy/catkin_ws/install/low_voltage_shutdown:/home/majd/autominy/catkin_ws/install/lidar_pose_estimation:/home/majd/autominy/catkin_ws/install/hardware_calibration:/home/majd/autominy/catkin_ws/install/emergency_stop:/home/majd/autominy/catkin_ws/install/bno055_usb_stick:/home/majd/autominy/catkin_ws/install/bno055_usb_stick_msgs:/home/majd/autominy/catkin_ws/install/autominy_sim:/home/majd/autominy/catkin_ws/install/autominy_msgs:/home/majd/autominy/catkin_ws/install/autominy:/home/majd/Documents/Robotik/ros2_ws/install/py_pubsub:/home/majd/autominy/catkin_ws/install/assignment2_publisher_subscriber:/opt/ros/humble LD_LIBRARY_PATH=/home/majd/Documents/Robotik/ros2_ws/install/simple_drive_control/lib:/home/majd/Documents/Robotik/ros2_ws/install/turtlesim/lib:/home/majd/Documents/Robotik/ros2_ws/install/simple_parking_maneuver/lib:/home/majd/autominy/catkin_ws/install/stereo_camera_pose_estimation/lib:/home/majd/autominy/catkin_ws/install/sim_car_controller/lib:/home/majd/autominy/catkin_ws/install/serial/lib:/home/majd/autominy/catkin_ws/install/road_marking_localization/lib:/home/majd/autominy/catkin_ws/install/remote_control/lib:/home/majd/autominy/catkin_ws/install/odometry/lib:/home/majd/autominy/catkin_ws/install/low_voltage_shutdown/lib:/home/majd/autominy/catkin_ws/install/lidar_pose_estimation/lib:/home/majd/autominy/catkin_ws/install/hardware_calibration/lib:/home/majd/autominy/catkin_ws/install/emergency_stop/lib:/home/majd/autominy/catkin_ws/install/bno055_usb_stick_msgs/lib:/home/majd/autominy/catkin_ws/install/autominy_msgs/lib:/usr/lib/x86_64-linux-gnu/gazebo-11/plugins:/opt/ros/humble/opt/rviz_ogre_vendor/lib:/opt/ros/humble/lib/x86_64-linux-gnu:/opt/ros/humble/lib /usr/bin/cmake --install /home/majd/Documents/Robotik/ros2_ws/build/simple_parking_maneuver
[11.201s] Level 1:colcon.colcon_core.environment:create_environment_scripts_only(simple_parking_maneuver)
[11.224s] DEBUG:colcon.colcon_core.event_handler.log_command:Invoked command in '/home/majd/Documents/Robotik/ros2_ws/build/simple_parking_maneuver' returned '0': CMAKE_PREFIX_PATH=/home/majd/Documents/Robotik/ros2_ws/install/simple_drive_control:/home/majd/Documents/Robotik/ros2_ws/install/turtlesim:/home/majd/Documents/Robotik/ros2_ws/install/simple_parking_maneuver:/home/majd/Documents/Robotik/ros2_ws/install/assignment2_publisher_subscriber2:/home/majd/Documents/Robotik/ros2_ws/install/assignment2_publisher_subscriber:/home/majd/autominy/catkin_ws/install/world_description:/home/majd/autominy/catkin_ws/install/stereo_camera_pose_estimation:/home/majd/autominy/catkin_ws/install/sim_car_controller:/home/majd/autominy/catkin_ws/install/arduino_communication:/home/majd/autominy/catkin_ws/install/serial:/home/majd/autominy/catkin_ws/install/road_marking_localization:/home/majd/autominy/catkin_ws/install/remote_control:/home/majd/autominy/catkin_ws/install/car_description:/home/majd/autominy/catkin_ws/install/odometry:/home/majd/autominy/catkin_ws/install/map_publisher:/home/majd/autominy/catkin_ws/install/low_voltage_shutdown:/home/majd/autominy/catkin_ws/install/lidar_pose_estimation:/home/majd/autominy/catkin_ws/install/hardware_calibration:/home/majd/autominy/catkin_ws/install/emergency_stop:/home/majd/autominy/catkin_ws/install/bno055_usb_stick:/home/majd/autominy/catkin_ws/install/bno055_usb_stick_msgs:/home/majd/autominy/catkin_ws/install/autominy_sim:/home/majd/autominy/catkin_ws/install/autominy_msgs:/home/majd/autominy/catkin_ws/install/autominy:/home/majd/Documents/Robotik/ros2_ws/install/py_pubsub:/home/majd/autominy/catkin_ws/install/assignment2_publisher_subscriber:/opt/ros/humble LD_LIBRARY_PATH=/home/majd/Documents/Robotik/ros2_ws/install/simple_drive_control/lib:/home/majd/Documents/Robotik/ros2_ws/install/turtlesim/lib:/home/majd/Documents/Robotik/ros2_ws/install/simple_parking_maneuver/lib:/home/majd/autominy/catkin_ws/install/stereo_camera_pose_estimation/lib:/home/majd/autominy/catkin_ws/install/sim_car_controller/lib:/home/majd/autominy/catkin_ws/install/serial/lib:/home/majd/autominy/catkin_ws/install/road_marking_localization/lib:/home/majd/autominy/catkin_ws/install/remote_control/lib:/home/majd/autominy/catkin_ws/install/odometry/lib:/home/majd/autominy/catkin_ws/install/low_voltage_shutdown/lib:/home/majd/autominy/catkin_ws/install/lidar_pose_estimation/lib:/home/majd/autominy/catkin_ws/install/hardware_calibration/lib:/home/majd/autominy/catkin_ws/install/emergency_stop/lib:/home/majd/autominy/catkin_ws/install/bno055_usb_stick_msgs/lib:/home/majd/autominy/catkin_ws/install/autominy_msgs/lib:/usr/lib/x86_64-linux-gnu/gazebo-11/plugins:/opt/ros/humble/opt/rviz_ogre_vendor/lib:/opt/ros/humble/lib/x86_64-linux-gnu:/opt/ros/humble/lib /usr/bin/cmake --install /home/majd/Documents/Robotik/ros2_ws/build/simple_parking_maneuver
[11.258s] Level 1:colcon.colcon_core.environment:checking '/home/majd/Documents/Robotik/ros2_ws/install/simple_parking_maneuver' for CMake module files
[11.266s] Level 1:colcon.colcon_core.environment:checking '/home/majd/Documents/Robotik/ros2_ws/install/simple_parking_maneuver' for CMake config files
[11.271s] Level 1:colcon.colcon_core.shell:create_environment_hook('simple_parking_maneuver', 'cmake_prefix_path')
[11.288s] INFO:colcon.colcon_core.shell:Creating environment hook '/home/majd/Documents/Robotik/ros2_ws/install/simple_parking_maneuver/share/simple_parking_maneuver/hook/cmake_prefix_path.ps1'
[11.294s] INFO:colcon.colcon_core.shell:Creating environment descriptor '/home/majd/Documents/Robotik/ros2_ws/install/simple_parking_maneuver/share/simple_parking_maneuver/hook/cmake_prefix_path.dsv'
[11.299s] INFO:colcon.colcon_core.shell:Creating environment hook '/home/majd/Documents/Robotik/ros2_ws/install/simple_parking_maneuver/share/simple_parking_maneuver/hook/cmake_prefix_path.sh'
[11.308s] Level 1:colcon.colcon_core.environment:checking '/home/majd/Documents/Robotik/ros2_ws/install/simple_parking_maneuver/lib'
[11.310s] Level 1:colcon.colcon_core.shell:create_environment_hook('simple_parking_maneuver', 'ld_library_path_lib')
[11.325s] INFO:colcon.colcon_core.shell:Creating environment hook '/home/majd/Documents/Robotik/ros2_ws/install/simple_parking_maneuver/share/simple_parking_maneuver/hook/ld_library_path_lib.ps1'
[11.328s] INFO:colcon.colcon_core.shell:Creating environment descriptor '/home/majd/Documents/Robotik/ros2_ws/install/simple_parking_maneuver/share/simple_parking_maneuver/hook/ld_library_path_lib.dsv'
[11.331s] INFO:colcon.colcon_core.shell:Creating environment hook '/home/majd/Documents/Robotik/ros2_ws/install/simple_parking_maneuver/share/simple_parking_maneuver/hook/ld_library_path_lib.sh'
[11.334s] Level 1:colcon.colcon_core.environment:checking '/home/majd/Documents/Robotik/ros2_ws/install/simple_parking_maneuver/bin'
[11.334s] Level 1:colcon.colcon_core.environment:checking '/home/majd/Documents/Robotik/ros2_ws/install/simple_parking_maneuver/lib/pkgconfig/simple_parking_maneuver.pc'
[11.338s] Level 1:colcon.colcon_core.environment:checking '/home/majd/Documents/Robotik/ros2_ws/install/simple_parking_maneuver/lib/python3.10/site-packages'
[11.340s] Level 1:colcon.colcon_core.environment:checking '/home/majd/Documents/Robotik/ros2_ws/install/simple_parking_maneuver/bin'
[11.356s] INFO:colcon.colcon_core.shell:Creating package script '/home/majd/Documents/Robotik/ros2_ws/install/simple_parking_maneuver/share/simple_parking_maneuver/package.ps1'
[11.367s] INFO:colcon.colcon_core.shell:Creating package descriptor '/home/majd/Documents/Robotik/ros2_ws/install/simple_parking_maneuver/share/simple_parking_maneuver/package.dsv'
[11.373s] INFO:colcon.colcon_core.shell:Creating package script '/home/majd/Documents/Robotik/ros2_ws/install/simple_parking_maneuver/share/simple_parking_maneuver/package.sh'
[11.381s] INFO:colcon.colcon_core.shell:Creating package script '/home/majd/Documents/Robotik/ros2_ws/install/simple_parking_maneuver/share/simple_parking_maneuver/package.bash'
[11.388s] INFO:colcon.colcon_core.shell:Creating package script '/home/majd/Documents/Robotik/ros2_ws/install/simple_parking_maneuver/share/simple_parking_maneuver/package.zsh'
[11.394s] Level 1:colcon.colcon_core.environment:create_file_with_runtime_dependencies(/home/majd/Documents/Robotik/ros2_ws/install/simple_parking_maneuver/share/colcon-core/packages/simple_parking_maneuver)
[12.043s] Level 1:colcon.colcon_core.environment:create_environment_scripts_only(simple_parking_maneuver)
[12.063s] Level 1:colcon.colcon_core.environment:checking '/home/majd/Documents/Robotik/ros2_ws/install/simple_parking_maneuver' for CMake module files
[12.076s] Level 1:colcon.colcon_core.environment:checking '/home/majd/Documents/Robotik/ros2_ws/install/simple_parking_maneuver' for CMake config files
[12.080s] Level 1:colcon.colcon_core.shell:create_environment_hook('simple_parking_maneuver', 'cmake_prefix_path')
[12.091s] INFO:colcon.colcon_core.shell:Creating environment hook '/home/majd/Documents/Robotik/ros2_ws/install/simple_parking_maneuver/share/simple_parking_maneuver/hook/cmake_prefix_path.ps1'
[12.094s] INFO:colcon.colcon_core.shell:Creating environment descriptor '/home/majd/Documents/Robotik/ros2_ws/install/simple_parking_maneuver/share/simple_parking_maneuver/hook/cmake_prefix_path.dsv'
[12.096s] INFO:colcon.colcon_core.shell:Creating environment hook '/home/majd/Documents/Robotik/ros2_ws/install/simple_parking_maneuver/share/simple_parking_maneuver/hook/cmake_prefix_path.sh'
[12.100s] Level 1:colcon.colcon_core.environment:checking '/home/majd/Documents/Robotik/ros2_ws/install/simple_parking_maneuver/lib'
[12.100s] Level 1:colcon.colcon_core.shell:create_environment_hook('simple_parking_maneuver', 'ld_library_path_lib')
[12.112s] INFO:colcon.colcon_core.shell:Creating environment hook '/home/majd/Documents/Robotik/ros2_ws/install/simple_parking_maneuver/share/simple_parking_maneuver/hook/ld_library_path_lib.ps1'
[12.115s] INFO:colcon.colcon_core.shell:Creating environment descriptor '/home/majd/Documents/Robotik/ros2_ws/install/simple_parking_maneuver/share/simple_parking_maneuver/hook/ld_library_path_lib.dsv'
[12.118s] INFO:colcon.colcon_core.shell:Creating environment hook '/home/majd/Documents/Robotik/ros2_ws/install/simple_parking_maneuver/share/simple_parking_maneuver/hook/ld_library_path_lib.sh'
[12.121s] Level 1:colcon.colcon_core.environment:checking '/home/majd/Documents/Robotik/ros2_ws/install/simple_parking_maneuver/bin'
[12.121s] Level 1:colcon.colcon_core.environment:checking '/home/majd/Documents/Robotik/ros2_ws/install/simple_parking_maneuver/lib/pkgconfig/simple_parking_maneuver.pc'
[12.123s] Level 1:colcon.colcon_core.environment:checking '/home/majd/Documents/Robotik/ros2_ws/install/simple_parking_maneuver/lib/python3.10/site-packages'
[12.125s] Level 1:colcon.colcon_core.environment:checking '/home/majd/Documents/Robotik/ros2_ws/install/simple_parking_maneuver/bin'
[12.138s] INFO:colcon.colcon_core.shell:Creating package script '/home/majd/Documents/Robotik/ros2_ws/install/simple_parking_maneuver/share/simple_parking_maneuver/package.ps1'
[12.143s] INFO:colcon.colcon_core.shell:Creating package descriptor '/home/majd/Documents/Robotik/ros2_ws/install/simple_parking_maneuver/share/simple_parking_maneuver/package.dsv'
[12.148s] INFO:colcon.colcon_core.shell:Creating package script '/home/majd/Documents/Robotik/ros2_ws/install/simple_parking_maneuver/share/simple_parking_maneuver/package.sh'
[12.153s] INFO:colcon.colcon_core.shell:Creating package script '/home/majd/Documents/Robotik/ros2_ws/install/simple_parking_maneuver/share/simple_parking_maneuver/package.bash'
[12.156s] INFO:colcon.colcon_core.shell:Creating package script '/home/majd/Documents/Robotik/ros2_ws/install/simple_parking_maneuver/share/simple_parking_maneuver/package.zsh'
[12.159s] Level 1:colcon.colcon_core.environment:create_file_with_runtime_dependencies(/home/majd/Documents/Robotik/ros2_ws/install/simple_parking_maneuver/share/colcon-core/packages/simple_parking_maneuver)
[12.161s] DEBUG:colcon.colcon_parallel_executor.executor.parallel:closing loop
[12.171s] DEBUG:colcon.colcon_parallel_executor.executor.parallel:loop closed
[12.172s] DEBUG:colcon.colcon_parallel_executor.executor.parallel:run_until_complete finished with '0'
[12.173s] DEBUG:colcon.colcon_core.event_reactor:joining thread
[12.235s] INFO:colcon.colcon_core.plugin_system:Skipping extension 'colcon_notification.desktop_notification.terminal_notifier': Not used on non-Darwin systems
[12.236s] INFO:colcon.colcon_core.plugin_system:Skipping extension 'colcon_notification.desktop_notification.win32': Not used on non-Windows systems
[12.237s] INFO:colcon.colcon_notification.desktop_notification:Sending desktop notification using 'notify2'
[12.360s] DEBUG:colcon.colcon_core.event_reactor:joined thread
[12.373s] INFO:colcon.colcon_core.shell:Creating prefix script '/home/majd/Documents/Robotik/ros2_ws/install/local_setup.ps1'
[12.389s] INFO:colcon.colcon_core.shell:Creating prefix util module '/home/majd/Documents/Robotik/ros2_ws/install/_local_setup_util_ps1.py'
[12.405s] INFO:colcon.colcon_core.shell:Creating prefix chain script '/home/majd/Documents/Robotik/ros2_ws/install/setup.ps1'
[12.431s] INFO:colcon.colcon_core.shell:Creating prefix script '/home/majd/Documents/Robotik/ros2_ws/install/local_setup.sh'
[12.436s] INFO:colcon.colcon_core.shell:Creating prefix util module '/home/majd/Documents/Robotik/ros2_ws/install/_local_setup_util_sh.py'
[12.444s] INFO:colcon.colcon_core.shell:Creating prefix chain script '/home/majd/Documents/Robotik/ros2_ws/install/setup.sh'
[12.471s] INFO:colcon.colcon_core.shell:Creating prefix script '/home/majd/Documents/Robotik/ros2_ws/install/local_setup.bash'
[12.475s] INFO:colcon.colcon_core.shell:Creating prefix chain script '/home/majd/Documents/Robotik/ros2_ws/install/setup.bash'
[12.503s] INFO:colcon.colcon_core.shell:Creating prefix script '/home/majd/Documents/Robotik/ros2_ws/install/local_setup.zsh'
[12.512s] INFO:colcon.colcon_core.shell:Creating prefix chain script '/home/majd/Documents/Robotik/ros2_ws/install/setup.zsh'
