[0.193s] Invoking command in '/home/majd/Documents/Robotik/ros2_ws/build/simple_parking_maneuver': CMAKE_PREFIX_PATH=/home/majd/Documents/Robotik/ros2_ws/install/simple_drive_control:/home/majd/Documents/Robotik/ros2_ws/install/turtlesim:/home/majd/Documents/Robotik/ros2_ws/install/simple_parking_maneuver:/home/majd/Documents/Robotik/ros2_ws/install/assignment2_publisher_subscriber2:/home/majd/Documents/Robotik/ros2_ws/install/assignment2_publisher_subscriber:/home/majd/autominy/catkin_ws/install/world_description:/home/majd/autominy/catkin_ws/install/stereo_camera_pose_estimation:/home/majd/autominy/catkin_ws/install/sim_car_controller:/home/majd/autominy/catkin_ws/install/arduino_communication:/home/majd/autominy/catkin_ws/install/serial:/home/majd/autominy/catkin_ws/install/road_marking_localization:/home/majd/autominy/catkin_ws/install/remote_control:/home/majd/autominy/catkin_ws/install/car_description:/home/majd/autominy/catkin_ws/install/odometry:/home/majd/autominy/catkin_ws/install/map_publisher:/home/majd/autominy/catkin_ws/install/low_voltage_shutdown:/home/majd/autominy/catkin_ws/install/lidar_pose_estimation:/home/majd/autominy/catkin_ws/install/hardware_calibration:/home/majd/autominy/catkin_ws/install/emergency_stop:/home/majd/autominy/catkin_ws/install/bno055_usb_stick:/home/majd/autominy/catkin_ws/install/bno055_usb_stick_msgs:/home/majd/autominy/catkin_ws/install/autominy_sim:/home/majd/autominy/catkin_ws/install/autominy_msgs:/home/majd/autominy/catkin_ws/install/autominy:/home/majd/Documents/Robotik/ros2_ws/install/py_pubsub:/home/majd/autominy/catkin_ws/install/assignment2_publisher_subscriber:/opt/ros/humble LD_LIBRARY_PATH=/home/majd/Documents/Robotik/ros2_ws/install/simple_drive_control/lib:/home/majd/Documents/Robotik/ros2_ws/install/turtlesim/lib:/home/majd/Documents/Robotik/ros2_ws/install/simple_parking_maneuver/lib:/home/majd/autominy/catkin_ws/install/stereo_camera_pose_estimation/lib:/home/majd/autominy/catkin_ws/install/sim_car_controller/lib:/home/majd/autominy/catkin_ws/install/serial/lib:/home/majd/autominy/catkin_ws/install/road_marking_localization/lib:/home/majd/autominy/catkin_ws/install/remote_control/lib:/home/majd/autominy/catkin_ws/install/odometry/lib:/home/majd/autominy/catkin_ws/install/low_voltage_shutdown/lib:/home/majd/autominy/catkin_ws/install/lidar_pose_estimation/lib:/home/majd/autominy/catkin_ws/install/hardware_calibration/lib:/home/majd/autominy/catkin_ws/install/emergency_stop/lib:/home/majd/autominy/catkin_ws/install/bno055_usb_stick_msgs/lib:/home/majd/autominy/catkin_ws/install/autominy_msgs/lib:/usr/lib/x86_64-linux-gnu/gazebo-11/plugins:/opt/ros/humble/opt/rviz_ogre_vendor/lib:/opt/ros/humble/lib/x86_64-linux-gnu:/opt/ros/humble/lib /usr/bin/cmake --build /home/majd/Documents/Robotik/ros2_ws/build/simple_parking_maneuver -- -j8 -l8
[0.636s] [  3%] Built target simple_parking_maneuver__cpp
[0.856s] [  3%] Built target ament_cmake_python_symlink_simple_parking_maneuver
[1.040s] [ 12%] Built target simple_parking_maneuver__rosidl_typesupport_introspection_cpp
[3.482s] running egg_info
[3.489s] writing simple_parking_maneuver.egg-info/PKG-INFO
[3.491s] writing dependency_links to simple_parking_maneuver.egg-info/dependency_links.txt
[3.494s] writing top-level names to simple_parking_maneuver.egg-info/top_level.txt
[3.512s] reading manifest file 'simple_parking_maneuver.egg-info/SOURCES.txt'
[3.517s] writing manifest file 'simple_parking_maneuver.egg-info/SOURCES.txt'
[3.729s] [ 12%] Built target ament_cmake_python_build_simple_parking_maneuver_egg
[3.949s] [ 22%] Built target simple_parking_maneuver__rosidl_typesupport_fastrtps_cpp
[4.154s] [ 32%] Built target simple_parking_maneuver__rosidl_typesupport_cpp
[4.352s] [ 41%] Built target simple_parking_maneuver__rosidl_generator_c
[4.557s] [ 51%] Built target simple_parking_maneuver__rosidl_typesupport_fastrtps_c
[4.743s] [ 61%] Built target simple_parking_maneuver__rosidl_typesupport_c
[4.956s] [ 70%] Built target simple_parking_maneuver__rosidl_typesupport_introspection_c
[5.140s] [ 70%] Built target simple_parking_maneuver
[5.349s] [ 74%] Built target simple_parking_maneuver__py
[5.549s] [ 80%] Built target simple_parking_maneuver__rosidl_generator_py
[5.730s] [ 87%] Built target simple_parking_maneuver__rosidl_typesupport_fastrtps_c__pyext
[5.958s] [ 93%] Built target simple_parking_maneuver__rosidl_typesupport_c__pyext
[6.158s] [100%] Built target simple_parking_maneuver__rosidl_typesupport_introspection_c__pyext
[6.264s] Invoked command in '/home/majd/Documents/Robotik/ros2_ws/build/simple_parking_maneuver' returned '0': CMAKE_PREFIX_PATH=/home/majd/Documents/Robotik/ros2_ws/install/simple_drive_control:/home/majd/Documents/Robotik/ros2_ws/install/turtlesim:/home/majd/Documents/Robotik/ros2_ws/install/simple_parking_maneuver:/home/majd/Documents/Robotik/ros2_ws/install/assignment2_publisher_subscriber2:/home/majd/Documents/Robotik/ros2_ws/install/assignment2_publisher_subscriber:/home/majd/autominy/catkin_ws/install/world_description:/home/majd/autominy/catkin_ws/install/stereo_camera_pose_estimation:/home/majd/autominy/catkin_ws/install/sim_car_controller:/home/majd/autominy/catkin_ws/install/arduino_communication:/home/majd/autominy/catkin_ws/install/serial:/home/majd/autominy/catkin_ws/install/road_marking_localization:/home/majd/autominy/catkin_ws/install/remote_control:/home/majd/autominy/catkin_ws/install/car_description:/home/majd/autominy/catkin_ws/install/odometry:/home/majd/autominy/catkin_ws/install/map_publisher:/home/majd/autominy/catkin_ws/install/low_voltage_shutdown:/home/majd/autominy/catkin_ws/install/lidar_pose_estimation:/home/majd/autominy/catkin_ws/install/hardware_calibration:/home/majd/autominy/catkin_ws/install/emergency_stop:/home/majd/autominy/catkin_ws/install/bno055_usb_stick:/home/majd/autominy/catkin_ws/install/bno055_usb_stick_msgs:/home/majd/autominy/catkin_ws/install/autominy_sim:/home/majd/autominy/catkin_ws/install/autominy_msgs:/home/majd/autominy/catkin_ws/install/autominy:/home/majd/Documents/Robotik/ros2_ws/install/py_pubsub:/home/majd/autominy/catkin_ws/install/assignment2_publisher_subscriber:/opt/ros/humble LD_LIBRARY_PATH=/home/majd/Documents/Robotik/ros2_ws/install/simple_drive_control/lib:/home/majd/Documents/Robotik/ros2_ws/install/turtlesim/lib:/home/majd/Documents/Robotik/ros2_ws/install/simple_parking_maneuver/lib:/home/majd/autominy/catkin_ws/install/stereo_camera_pose_estimation/lib:/home/majd/autominy/catkin_ws/install/sim_car_controller/lib:/home/majd/autominy/catkin_ws/install/serial/lib:/home/majd/autominy/catkin_ws/install/road_marking_localization/lib:/home/majd/autominy/catkin_ws/install/remote_control/lib:/home/majd/autominy/catkin_ws/install/odometry/lib:/home/majd/autominy/catkin_ws/install/low_voltage_shutdown/lib:/home/majd/autominy/catkin_ws/install/lidar_pose_estimation/lib:/home/majd/autominy/catkin_ws/install/hardware_calibration/lib:/home/majd/autominy/catkin_ws/install/emergency_stop/lib:/home/majd/autominy/catkin_ws/install/bno055_usb_stick_msgs/lib:/home/majd/autominy/catkin_ws/install/autominy_msgs/lib:/usr/lib/x86_64-linux-gnu/gazebo-11/plugins:/opt/ros/humble/opt/rviz_ogre_vendor/lib:/opt/ros/humble/lib/x86_64-linux-gnu:/opt/ros/humble/lib /usr/bin/cmake --build /home/majd/Documents/Robotik/ros2_ws/build/simple_parking_maneuver -- -j8 -l8
[6.996s] Invoking command in '/home/majd/Documents/Robotik/ros2_ws/build/simple_parking_maneuver': CMAKE_PREFIX_PATH=/home/majd/Documents/Robotik/ros2_ws/install/simple_drive_control:/home/majd/Documents/Robotik/ros2_ws/install/turtlesim:/home/majd/Documents/Robotik/ros2_ws/install/simple_parking_maneuver:/home/majd/Documents/Robotik/ros2_ws/install/assignment2_publisher_subscriber2:/home/majd/Documents/Robotik/ros2_ws/install/assignment2_publisher_subscriber:/home/majd/autominy/catkin_ws/install/world_description:/home/majd/autominy/catkin_ws/install/stereo_camera_pose_estimation:/home/majd/autominy/catkin_ws/install/sim_car_controller:/home/majd/autominy/catkin_ws/install/arduino_communication:/home/majd/autominy/catkin_ws/install/serial:/home/majd/autominy/catkin_ws/install/road_marking_localization:/home/majd/autominy/catkin_ws/install/remote_control:/home/majd/autominy/catkin_ws/install/car_description:/home/majd/autominy/catkin_ws/install/odometry:/home/majd/autominy/catkin_ws/install/map_publisher:/home/majd/autominy/catkin_ws/install/low_voltage_shutdown:/home/majd/autominy/catkin_ws/install/lidar_pose_estimation:/home/majd/autominy/catkin_ws/install/hardware_calibration:/home/majd/autominy/catkin_ws/install/emergency_stop:/home/majd/autominy/catkin_ws/install/bno055_usb_stick:/home/majd/autominy/catkin_ws/install/bno055_usb_stick_msgs:/home/majd/autominy/catkin_ws/install/autominy_sim:/home/majd/autominy/catkin_ws/install/autominy_msgs:/home/majd/autominy/catkin_ws/install/autominy:/home/majd/Documents/Robotik/ros2_ws/install/py_pubsub:/home/majd/autominy/catkin_ws/install/assignment2_publisher_subscriber:/opt/ros/humble LD_LIBRARY_PATH=/home/majd/Documents/Robotik/ros2_ws/install/simple_drive_control/lib:/home/majd/Documents/Robotik/ros2_ws/install/turtlesim/lib:/home/majd/Documents/Robotik/ros2_ws/install/simple_parking_maneuver/lib:/home/majd/autominy/catkin_ws/install/stereo_camera_pose_estimation/lib:/home/majd/autominy/catkin_ws/install/sim_car_controller/lib:/home/majd/autominy/catkin_ws/install/serial/lib:/home/majd/autominy/catkin_ws/install/road_marking_localization/lib:/home/majd/autominy/catkin_ws/install/remote_control/lib:/home/majd/autominy/catkin_ws/install/odometry/lib:/home/majd/autominy/catkin_ws/install/low_voltage_shutdown/lib:/home/majd/autominy/catkin_ws/install/lidar_pose_estimation/lib:/home/majd/autominy/catkin_ws/install/hardware_calibration/lib:/home/majd/autominy/catkin_ws/install/emergency_stop/lib:/home/majd/autominy/catkin_ws/install/bno055_usb_stick_msgs/lib:/home/majd/autominy/catkin_ws/install/autominy_msgs/lib:/usr/lib/x86_64-linux-gnu/gazebo-11/plugins:/opt/ros/humble/opt/rviz_ogre_vendor/lib:/opt/ros/humble/lib/x86_64-linux-gnu:/opt/ros/humble/lib /usr/bin/cmake --install /home/majd/Documents/Robotik/ros2_ws/build/simple_parking_maneuver
[7.044s] -- Install configuration: ""
[7.048s] -- Execute custom install script
[7.050s] -- Up-to-date symlink: /home/majd/Documents/Robotik/ros2_ws/install/simple_parking_maneuver/share/ament_index/resource_index/rosidl_interfaces/simple_parking_maneuver
[7.054s] -- Up-to-date symlink: /home/majd/Documents/Robotik/ros2_ws/install/simple_parking_maneuver/include/simple_parking_maneuver/simple_parking_maneuver/msg/rosidl_generator_c__visibility_control.h
[7.055s] -- Up-to-date symlink: /home/majd/Documents/Robotik/ros2_ws/install/simple_parking_maneuver/include/simple_parking_maneuver/simple_parking_maneuver/srv/detail/parking_maneuver__functions.h
[7.056s] -- Up-to-date symlink: /home/majd/Documents/Robotik/ros2_ws/install/simple_parking_maneuver/include/simple_parking_maneuver/simple_parking_maneuver/srv/detail/parking_maneuver__struct.h
[7.058s] -- Up-to-date symlink: /home/majd/Documents/Robotik/ros2_ws/install/simple_parking_maneuver/include/simple_parking_maneuver/simple_parking_maneuver/srv/detail/parking_maneuver__type_support.h
[7.059s] -- Up-to-date symlink: /home/majd/Documents/Robotik/ros2_ws/install/simple_parking_maneuver/include/simple_parking_maneuver/simple_parking_maneuver/srv/parking_maneuver.h
[7.060s] -- Up-to-date symlink: /home/majd/Documents/Robotik/ros2_ws/install/simple_parking_maneuver/share/simple_parking_maneuver/environment/library_path.sh
[7.062s] -- Up-to-date symlink: /home/majd/Documents/Robotik/ros2_ws/install/simple_parking_maneuver/share/simple_parking_maneuver/environment/library_path.dsv
[7.066s] -- Up-to-date symlink: /home/majd/Documents/Robotik/ros2_ws/install/simple_parking_maneuver/include/simple_parking_maneuver/simple_parking_maneuver/msg/rosidl_typesupport_fastrtps_c__visibility_control.h
[7.067s] -- Up-to-date symlink: /home/majd/Documents/Robotik/ros2_ws/install/simple_parking_maneuver/include/simple_parking_maneuver/simple_parking_maneuver/srv/detail/parking_maneuver__rosidl_typesupport_fastrtps_c.h
[7.070s] -- Up-to-date symlink: /home/majd/Documents/Robotik/ros2_ws/install/simple_parking_maneuver/include/simple_parking_maneuver/simple_parking_maneuver/srv/detail/parking_maneuver__builder.hpp
[7.071s] -- Up-to-date symlink: /home/majd/Documents/Robotik/ros2_ws/install/simple_parking_maneuver/include/simple_parking_maneuver/simple_parking_maneuver/srv/detail/parking_maneuver__struct.hpp
[7.080s] -- Up-to-date symlink: /home/majd/Documents/Robotik/ros2_ws/install/simple_parking_maneuver/include/simple_parking_maneuver/simple_parking_maneuver/srv/detail/parking_maneuver__traits.hpp
[7.080s] -- Up-to-date symlink: /home/majd/Documents/Robotik/ros2_ws/install/simple_parking_maneuver/include/simple_parking_maneuver/simple_parking_maneuver/srv/parking_maneuver.hpp
[7.081s] -- Up-to-date symlink: /home/majd/Documents/Robotik/ros2_ws/install/simple_parking_maneuver/include/simple_parking_maneuver/simple_parking_maneuver/msg/rosidl_typesupport_fastrtps_cpp__visibility_control.h
[7.084s] -- Up-to-date symlink: /home/majd/Documents/Robotik/ros2_ws/install/simple_parking_maneuver/include/simple_parking_maneuver/simple_parking_maneuver/srv/detail/parking_maneuver__rosidl_typesupport_fastrtps_cpp.hpp
[7.085s] -- Up-to-date symlink: /home/majd/Documents/Robotik/ros2_ws/install/simple_parking_maneuver/include/simple_parking_maneuver/simple_parking_maneuver/msg/rosidl_typesupport_introspection_c__visibility_control.h
[7.086s] -- Up-to-date symlink: /home/majd/Documents/Robotik/ros2_ws/install/simple_parking_maneuver/include/simple_parking_maneuver/simple_parking_maneuver/srv/detail/parking_maneuver__rosidl_typesupport_introspection_c.h
[7.087s] -- Up-to-date symlink: /home/majd/Documents/Robotik/ros2_ws/install/simple_parking_maneuver/include/simple_parking_maneuver/simple_parking_maneuver/srv/detail/parking_maneuver__rosidl_typesupport_introspection_cpp.hpp
[7.088s] -- Up-to-date symlink: /home/majd/Documents/Robotik/ros2_ws/install/simple_parking_maneuver/share/simple_parking_maneuver/environment/pythonpath.sh
[7.090s] -- Up-to-date symlink: /home/majd/Documents/Robotik/ros2_ws/install/simple_parking_maneuver/share/simple_parking_maneuver/environment/pythonpath.dsv
[7.094s] -- Up-to-date symlink: /home/majd/Documents/Robotik/ros2_ws/install/simple_parking_maneuver/local/lib/python3.10/dist-packages/simple_parking_maneuver-0.0.1-py3.10.egg-info/PKG-INFO
[7.095s] -- Up-to-date symlink: /home/majd/Documents/Robotik/ros2_ws/install/simple_parking_maneuver/local/lib/python3.10/dist-packages/simple_parking_maneuver-0.0.1-py3.10.egg-info/SOURCES.txt
[7.096s] -- Up-to-date symlink: /home/majd/Documents/Robotik/ros2_ws/install/simple_parking_maneuver/local/lib/python3.10/dist-packages/simple_parking_maneuver-0.0.1-py3.10.egg-info/dependency_links.txt
[7.097s] -- Up-to-date symlink: /home/majd/Documents/Robotik/ros2_ws/install/simple_parking_maneuver/local/lib/python3.10/dist-packages/simple_parking_maneuver-0.0.1-py3.10.egg-info/top_level.txt
[7.100s] -- Up-to-date symlink: /home/majd/Documents/Robotik/ros2_ws/install/simple_parking_maneuver/local/lib/python3.10/dist-packages/simple_parking_maneuver/__init__.py
[7.101s] -- Up-to-date symlink: /home/majd/Documents/Robotik/ros2_ws/install/simple_parking_maneuver/local/lib/python3.10/dist-packages/simple_parking_maneuver/_simple_parking_maneuver_s.ep.rosidl_typesupport_c.c
[7.107s] -- Up-to-date symlink: /home/majd/Documents/Robotik/ros2_ws/install/simple_parking_maneuver/local/lib/python3.10/dist-packages/simple_parking_maneuver/_simple_parking_maneuver_s.ep.rosidl_typesupport_fastrtps_c.c
[7.108s] -- Up-to-date symlink: /home/majd/Documents/Robotik/ros2_ws/install/simple_parking_maneuver/local/lib/python3.10/dist-packages/simple_parking_maneuver/_simple_parking_maneuver_s.ep.rosidl_typesupport_introspection_c.c
[7.109s] -- Up-to-date symlink: /home/majd/Documents/Robotik/ros2_ws/install/simple_parking_maneuver/local/lib/python3.10/dist-packages/simple_parking_maneuver/libsimple_parking_maneuver__rosidl_generator_py.so
[7.110s] -- Up-to-date symlink: /home/majd/Documents/Robotik/ros2_ws/install/simple_parking_maneuver/local/lib/python3.10/dist-packages/simple_parking_maneuver/simple_parking_maneuver_s__rosidl_typesupport_c.cpython-310-x86_64-linux-gnu.so
[7.111s] -- Up-to-date symlink: /home/majd/Documents/Robotik/ros2_ws/install/simple_parking_maneuver/local/lib/python3.10/dist-packages/simple_parking_maneuver/simple_parking_maneuver_s__rosidl_typesupport_fastrtps_c.cpython-310-x86_64-linux-gnu.so
[7.112s] -- Up-to-date symlink: /home/majd/Documents/Robotik/ros2_ws/install/simple_parking_maneuver/local/lib/python3.10/dist-packages/simple_parking_maneuver/simple_parking_maneuver_s__rosidl_typesupport_introspection_c.cpython-310-x86_64-linux-gnu.so
[7.113s] -- Up-to-date symlink: /home/majd/Documents/Robotik/ros2_ws/install/simple_parking_maneuver/local/lib/python3.10/dist-packages/simple_parking_maneuver/srv/__init__.py
[7.114s] -- Up-to-date symlink: /home/majd/Documents/Robotik/ros2_ws/install/simple_parking_maneuver/local/lib/python3.10/dist-packages/simple_parking_maneuver/srv/_parking_maneuver.py
[7.115s] -- Up-to-date symlink: /home/majd/Documents/Robotik/ros2_ws/install/simple_parking_maneuver/local/lib/python3.10/dist-packages/simple_parking_maneuver/srv/_parking_maneuver_s.c
[7.115s] -- Up-to-date symlink: /home/majd/Documents/Robotik/ros2_ws/install/simple_parking_maneuver/local/lib/python3.10/dist-packages/simple_parking_maneuver/simple_parking_maneuver_s__rosidl_typesupport_fastrtps_c.cpython-310-x86_64-linux-gnu.so
[7.116s] -- Up-to-date symlink: /home/majd/Documents/Robotik/ros2_ws/install/simple_parking_maneuver/local/lib/python3.10/dist-packages/simple_parking_maneuver/simple_parking_maneuver_s__rosidl_typesupport_introspection_c.cpython-310-x86_64-linux-gnu.so
[7.118s] -- Up-to-date symlink: /home/majd/Documents/Robotik/ros2_ws/install/simple_parking_maneuver/local/lib/python3.10/dist-packages/simple_parking_maneuver/simple_parking_maneuver_s__rosidl_typesupport_c.cpython-310-x86_64-linux-gnu.so
[7.120s] -- Up-to-date symlink: /home/majd/Documents/Robotik/ros2_ws/install/simple_parking_maneuver/share/simple_parking_maneuver/srv/ParkingManeuver.idl
[7.122s] -- Up-to-date symlink: /home/majd/Documents/Robotik/ros2_ws/install/simple_parking_maneuver/share/simple_parking_maneuver/srv/ParkingManeuver.srv
[7.123s] -- Up-to-date symlink: /home/majd/Documents/Robotik/ros2_ws/install/simple_parking_maneuver/share/simple_parking_maneuver/srv/ParkingManeuver_Request.msg
[7.125s] -- Up-to-date symlink: /home/majd/Documents/Robotik/ros2_ws/install/simple_parking_maneuver/share/simple_parking_maneuver/srv/ParkingManeuver_Response.msg
[7.127s] -- Up-to-date symlink: /home/majd/Documents/Robotik/ros2_ws/install/simple_parking_maneuver/share/simple_parking_maneuver/launch/simple_parking_maneuver.launch
[7.128s] -- Up-to-date symlink: /home/majd/Documents/Robotik/ros2_ws/install/simple_parking_maneuver/lib/simple_parking_maneuver/parking_maneuver.py
[7.130s] -- Up-to-date symlink: /home/majd/Documents/Robotik/ros2_ws/install/simple_parking_maneuver/share/ament_index/resource_index/package_run_dependencies/simple_parking_maneuver
[7.139s] -- Up-to-date symlink: /home/majd/Documents/Robotik/ros2_ws/install/simple_parking_maneuver/share/ament_index/resource_index/parent_prefix_path/simple_parking_maneuver
[7.159s] -- Up-to-date symlink: /home/majd/Documents/Robotik/ros2_ws/install/simple_parking_maneuver/share/simple_parking_maneuver/environment/ament_prefix_path.sh
[7.164s] -- Up-to-date symlink: /home/majd/Documents/Robotik/ros2_ws/install/simple_parking_maneuver/share/simple_parking_maneuver/environment/ament_prefix_path.dsv
[7.165s] -- Up-to-date symlink: /home/majd/Documents/Robotik/ros2_ws/install/simple_parking_maneuver/share/simple_parking_maneuver/environment/path.sh
[7.166s] -- Up-to-date symlink: /home/majd/Documents/Robotik/ros2_ws/install/simple_parking_maneuver/share/simple_parking_maneuver/environment/path.dsv
[7.167s] -- Up-to-date symlink: /home/majd/Documents/Robotik/ros2_ws/install/simple_parking_maneuver/share/simple_parking_maneuver/local_setup.bash
[7.168s] -- Up-to-date symlink: /home/majd/Documents/Robotik/ros2_ws/install/simple_parking_maneuver/share/simple_parking_maneuver/local_setup.sh
[7.169s] -- Up-to-date symlink: /home/majd/Documents/Robotik/ros2_ws/install/simple_parking_maneuver/share/simple_parking_maneuver/local_setup.zsh
[7.170s] -- Up-to-date symlink: /home/majd/Documents/Robotik/ros2_ws/install/simple_parking_maneuver/share/simple_parking_maneuver/local_setup.dsv
[7.172s] -- Symlinking: /home/majd/Documents/Robotik/ros2_ws/install/simple_parking_maneuver/share/simple_parking_maneuver/package.dsv
[7.243s] -- Up-to-date symlink: /home/majd/Documents/Robotik/ros2_ws/install/simple_parking_maneuver/share/ament_index/resource_index/packages/simple_parking_maneuver
[7.244s] -- Up-to-date symlink: /home/majd/Documents/Robotik/ros2_ws/install/simple_parking_maneuver/share/simple_parking_maneuver/cmake/rosidl_cmake-extras.cmake
[7.245s] -- Up-to-date symlink: /home/majd/Documents/Robotik/ros2_ws/install/simple_parking_maneuver/share/simple_parking_maneuver/cmake/ament_cmake_export_dependencies-extras.cmake
[7.247s] -- Up-to-date symlink: /home/majd/Documents/Robotik/ros2_ws/install/simple_parking_maneuver/share/simple_parking_maneuver/cmake/ament_cmake_export_include_directories-extras.cmake
[7.248s] -- Up-to-date symlink: /home/majd/Documents/Robotik/ros2_ws/install/simple_parking_maneuver/share/simple_parking_maneuver/cmake/ament_cmake_export_libraries-extras.cmake
[7.251s] -- Up-to-date symlink: /home/majd/Documents/Robotik/ros2_ws/install/simple_parking_maneuver/share/simple_parking_maneuver/cmake/ament_cmake_export_targets-extras.cmake
[7.252s] -- Up-to-date symlink: /home/majd/Documents/Robotik/ros2_ws/install/simple_parking_maneuver/share/simple_parking_maneuver/cmake/rosidl_cmake_export_typesupport_targets-extras.cmake
[7.254s] -- Up-to-date symlink: /home/majd/Documents/Robotik/ros2_ws/install/simple_parking_maneuver/share/simple_parking_maneuver/cmake/rosidl_cmake_export_typesupport_libraries-extras.cmake
[7.256s] -- Up-to-date symlink: /home/majd/Documents/Robotik/ros2_ws/install/simple_parking_maneuver/share/simple_parking_maneuver/cmake/simple_parking_maneuverConfig.cmake
[7.257s] -- Up-to-date symlink: /home/majd/Documents/Robotik/ros2_ws/install/simple_parking_maneuver/share/simple_parking_maneuver/cmake/simple_parking_maneuverConfig-version.cmake
[7.261s] -- Up-to-date symlink: /home/majd/Documents/Robotik/ros2_ws/install/simple_parking_maneuver/share/simple_parking_maneuver/package.xml
[7.264s] -- Up-to-date: /home/majd/Documents/Robotik/ros2_ws/install/simple_parking_maneuver/lib/libsimple_parking_maneuver__rosidl_generator_c.so
[7.265s] -- Up-to-date: /home/majd/Documents/Robotik/ros2_ws/install/simple_parking_maneuver/lib/libsimple_parking_maneuver__rosidl_typesupport_fastrtps_c.so
[7.267s] -- Up-to-date: /home/majd/Documents/Robotik/ros2_ws/install/simple_parking_maneuver/lib/libsimple_parking_maneuver__rosidl_typesupport_fastrtps_cpp.so
[7.270s] -- Up-to-date: /home/majd/Documents/Robotik/ros2_ws/install/simple_parking_maneuver/lib/libsimple_parking_maneuver__rosidl_typesupport_introspection_c.so
[7.272s] -- Up-to-date: /home/majd/Documents/Robotik/ros2_ws/install/simple_parking_maneuver/lib/libsimple_parking_maneuver__rosidl_typesupport_c.so
[7.276s] -- Up-to-date: /home/majd/Documents/Robotik/ros2_ws/install/simple_parking_maneuver/lib/libsimple_parking_maneuver__rosidl_typesupport_introspection_cpp.so
[7.284s] -- Up-to-date: /home/majd/Documents/Robotik/ros2_ws/install/simple_parking_maneuver/lib/libsimple_parking_maneuver__rosidl_typesupport_cpp.so
[7.557s] Listing '/home/majd/Documents/Robotik/ros2_ws/install/simple_parking_maneuver/local/lib/python3.10/dist-packages/simple_parking_maneuver'...
[7.558s] Listing '/home/majd/Documents/Robotik/ros2_ws/install/simple_parking_maneuver/local/lib/python3.10/dist-packages/simple_parking_maneuver/srv'...
[7.602s] -- Up-to-date: /home/majd/Documents/Robotik/ros2_ws/install/simple_parking_maneuver/lib/libsimple_parking_maneuver__rosidl_generator_py.so
[7.607s] -- Up-to-date: /home/majd/Documents/Robotik/ros2_ws/install/simple_parking_maneuver/share/simple_parking_maneuver/cmake/export_simple_parking_maneuver__rosidl_generator_cExport.cmake
[7.616s] -- Up-to-date: /home/majd/Documents/Robotik/ros2_ws/install/simple_parking_maneuver/share/simple_parking_maneuver/cmake/export_simple_parking_maneuver__rosidl_generator_cExport-noconfig.cmake
[7.643s] -- Up-to-date: /home/majd/Documents/Robotik/ros2_ws/install/simple_parking_maneuver/share/simple_parking_maneuver/cmake/export_simple_parking_maneuver__rosidl_typesupport_fastrtps_cExport.cmake
[7.644s] -- Up-to-date: /home/majd/Documents/Robotik/ros2_ws/install/simple_parking_maneuver/share/simple_parking_maneuver/cmake/export_simple_parking_maneuver__rosidl_typesupport_fastrtps_cExport-noconfig.cmake
[7.645s] -- Up-to-date: /home/majd/Documents/Robotik/ros2_ws/install/simple_parking_maneuver/share/simple_parking_maneuver/cmake/export_simple_parking_maneuver__rosidl_generator_cppExport.cmake
[7.646s] -- Up-to-date: /home/majd/Documents/Robotik/ros2_ws/install/simple_parking_maneuver/share/simple_parking_maneuver/cmake/export_simple_parking_maneuver__rosidl_typesupport_fastrtps_cppExport.cmake
[7.646s] -- Up-to-date: /home/majd/Documents/Robotik/ros2_ws/install/simple_parking_maneuver/share/simple_parking_maneuver/cmake/export_simple_parking_maneuver__rosidl_typesupport_fastrtps_cppExport-noconfig.cmake
[7.647s] -- Up-to-date: /home/majd/Documents/Robotik/ros2_ws/install/simple_parking_maneuver/share/simple_parking_maneuver/cmake/simple_parking_maneuver__rosidl_typesupport_introspection_cExport.cmake
[7.648s] -- Up-to-date: /home/majd/Documents/Robotik/ros2_ws/install/simple_parking_maneuver/share/simple_parking_maneuver/cmake/simple_parking_maneuver__rosidl_typesupport_introspection_cExport-noconfig.cmake
[7.648s] -- Up-to-date: /home/majd/Documents/Robotik/ros2_ws/install/simple_parking_maneuver/share/simple_parking_maneuver/cmake/simple_parking_maneuver__rosidl_typesupport_cExport.cmake
[7.649s] -- Up-to-date: /home/majd/Documents/Robotik/ros2_ws/install/simple_parking_maneuver/share/simple_parking_maneuver/cmake/simple_parking_maneuver__rosidl_typesupport_cExport-noconfig.cmake
[7.649s] -- Up-to-date: /home/majd/Documents/Robotik/ros2_ws/install/simple_parking_maneuver/share/simple_parking_maneuver/cmake/simple_parking_maneuver__rosidl_typesupport_introspection_cppExport.cmake
[7.650s] -- Up-to-date: /home/majd/Documents/Robotik/ros2_ws/install/simple_parking_maneuver/share/simple_parking_maneuver/cmake/simple_parking_maneuver__rosidl_typesupport_introspection_cppExport-noconfig.cmake
[7.651s] -- Up-to-date: /home/majd/Documents/Robotik/ros2_ws/install/simple_parking_maneuver/share/simple_parking_maneuver/cmake/simple_parking_maneuver__rosidl_typesupport_cppExport.cmake
[7.652s] -- Up-to-date: /home/majd/Documents/Robotik/ros2_ws/install/simple_parking_maneuver/share/simple_parking_maneuver/cmake/simple_parking_maneuver__rosidl_typesupport_cppExport-noconfig.cmake
[7.653s] -- Up-to-date: /home/majd/Documents/Robotik/ros2_ws/install/simple_parking_maneuver/share/simple_parking_maneuver/cmake/export_simple_parking_maneuver__rosidl_generator_pyExport.cmake
[7.654s] -- Up-to-date: /home/majd/Documents/Robotik/ros2_ws/install/simple_parking_maneuver/share/simple_parking_maneuver/cmake/export_simple_parking_maneuver__rosidl_generator_pyExport-noconfig.cmake
[7.655s] Invoked command in '/home/majd/Documents/Robotik/ros2_ws/build/simple_parking_maneuver' returned '0': CMAKE_PREFIX_PATH=/home/majd/Documents/Robotik/ros2_ws/install/simple_drive_control:/home/majd/Documents/Robotik/ros2_ws/install/turtlesim:/home/majd/Documents/Robotik/ros2_ws/install/simple_parking_maneuver:/home/majd/Documents/Robotik/ros2_ws/install/assignment2_publisher_subscriber2:/home/majd/Documents/Robotik/ros2_ws/install/assignment2_publisher_subscriber:/home/majd/autominy/catkin_ws/install/world_description:/home/majd/autominy/catkin_ws/install/stereo_camera_pose_estimation:/home/majd/autominy/catkin_ws/install/sim_car_controller:/home/majd/autominy/catkin_ws/install/arduino_communication:/home/majd/autominy/catkin_ws/install/serial:/home/majd/autominy/catkin_ws/install/road_marking_localization:/home/majd/autominy/catkin_ws/install/remote_control:/home/majd/autominy/catkin_ws/install/car_description:/home/majd/autominy/catkin_ws/install/odometry:/home/majd/autominy/catkin_ws/install/map_publisher:/home/majd/autominy/catkin_ws/install/low_voltage_shutdown:/home/majd/autominy/catkin_ws/install/lidar_pose_estimation:/home/majd/autominy/catkin_ws/install/hardware_calibration:/home/majd/autominy/catkin_ws/install/emergency_stop:/home/majd/autominy/catkin_ws/install/bno055_usb_stick:/home/majd/autominy/catkin_ws/install/bno055_usb_stick_msgs:/home/majd/autominy/catkin_ws/install/autominy_sim:/home/majd/autominy/catkin_ws/install/autominy_msgs:/home/majd/autominy/catkin_ws/install/autominy:/home/majd/Documents/Robotik/ros2_ws/install/py_pubsub:/home/majd/autominy/catkin_ws/install/assignment2_publisher_subscriber:/opt/ros/humble LD_LIBRARY_PATH=/home/majd/Documents/Robotik/ros2_ws/install/simple_drive_control/lib:/home/majd/Documents/Robotik/ros2_ws/install/turtlesim/lib:/home/majd/Documents/Robotik/ros2_ws/install/simple_parking_maneuver/lib:/home/majd/autominy/catkin_ws/install/stereo_camera_pose_estimation/lib:/home/majd/autominy/catkin_ws/install/sim_car_controller/lib:/home/majd/autominy/catkin_ws/install/serial/lib:/home/majd/autominy/catkin_ws/install/road_marking_localization/lib:/home/majd/autominy/catkin_ws/install/remote_control/lib:/home/majd/autominy/catkin_ws/install/odometry/lib:/home/majd/autominy/catkin_ws/install/low_voltage_shutdown/lib:/home/majd/autominy/catkin_ws/install/lidar_pose_estimation/lib:/home/majd/autominy/catkin_ws/install/hardware_calibration/lib:/home/majd/autominy/catkin_ws/install/emergency_stop/lib:/home/majd/autominy/catkin_ws/install/bno055_usb_stick_msgs/lib:/home/majd/autominy/catkin_ws/install/autominy_msgs/lib:/usr/lib/x86_64-linux-gnu/gazebo-11/plugins:/opt/ros/humble/opt/rviz_ogre_vendor/lib:/opt/ros/humble/lib/x86_64-linux-gnu:/opt/ros/humble/lib /usr/bin/cmake --install /home/majd/Documents/Robotik/ros2_ws/build/simple_parking_maneuver
