[0.091s] Invoking command in '/home/majd/Documents/Robotik/ros2_ws/build/simple_parking_maneuver': CMAKE_PREFIX_PATH=/home/majd/Documents/Robotik/ros2_ws/install/simple_drive_control:/home/majd/Documents/Robotik/ros2_ws/install/turtlesim:/home/majd/Documents/Robotik/ros2_ws/install/simple_parking_maneuver:/home/majd/Documents/Robotik/ros2_ws/install/assignment2_publisher_subscriber2:/home/majd/Documents/Robotik/ros2_ws/install/assignment2_publisher_subscriber:/home/majd/autominy/catkin_ws/install/world_description:/home/majd/autominy/catkin_ws/install/stereo_camera_pose_estimation:/home/majd/autominy/catkin_ws/install/sim_car_controller:/home/majd/autominy/catkin_ws/install/arduino_communication:/home/majd/autominy/catkin_ws/install/serial:/home/majd/autominy/catkin_ws/install/road_marking_localization:/home/majd/autominy/catkin_ws/install/remote_control:/home/majd/autominy/catkin_ws/install/car_description:/home/majd/autominy/catkin_ws/install/odometry:/home/majd/autominy/catkin_ws/install/map_publisher:/home/majd/autominy/catkin_ws/install/low_voltage_shutdown:/home/majd/autominy/catkin_ws/install/lidar_pose_estimation:/home/majd/autominy/catkin_ws/install/hardware_calibration:/home/majd/autominy/catkin_ws/install/emergency_stop:/home/majd/autominy/catkin_ws/install/bno055_usb_stick:/home/majd/autominy/catkin_ws/install/bno055_usb_stick_msgs:/home/majd/autominy/catkin_ws/install/autominy_sim:/home/majd/autominy/catkin_ws/install/autominy_msgs:/home/majd/autominy/catkin_ws/install/autominy:/home/majd/Documents/Robotik/ros2_ws/install/py_pubsub:/home/majd/autominy/catkin_ws/install/assignment2_publisher_subscriber:/opt/ros/humble LD_LIBRARY_PATH=/home/majd/Documents/Robotik/ros2_ws/install/simple_drive_control/lib:/home/majd/Documents/Robotik/ros2_ws/install/turtlesim/lib:/home/majd/Documents/Robotik/ros2_ws/install/simple_parking_maneuver/lib:/home/majd/autominy/catkin_ws/install/stereo_camera_pose_estimation/lib:/home/majd/autominy/catkin_ws/install/sim_car_controller/lib:/home/majd/autominy/catkin_ws/install/serial/lib:/home/majd/autominy/catkin_ws/install/road_marking_localization/lib:/home/majd/autominy/catkin_ws/install/remote_control/lib:/home/majd/autominy/catkin_ws/install/odometry/lib:/home/majd/autominy/catkin_ws/install/low_voltage_shutdown/lib:/home/majd/autominy/catkin_ws/install/lidar_pose_estimation/lib:/home/majd/autominy/catkin_ws/install/hardware_calibration/lib:/home/majd/autominy/catkin_ws/install/emergency_stop/lib:/home/majd/autominy/catkin_ws/install/bno055_usb_stick_msgs/lib:/home/majd/autominy/catkin_ws/install/autominy_msgs/lib:/usr/lib/x86_64-linux-gnu/gazebo-11/plugins:/opt/ros/humble/opt/rviz_ogre_vendor/lib:/opt/ros/humble/lib/x86_64-linux-gnu:/opt/ros/humble/lib /usr/bin/cmake --build /home/majd/Documents/Robotik/ros2_ws/build/simple_parking_maneuver -- -j8 -l8
[0.328s] [  3%] Built target simple_parking_maneuver__cpp
[0.448s] [  3%] Built target ament_cmake_python_symlink_simple_parking_maneuver
[0.557s] [ 12%] Built target simple_parking_maneuver__rosidl_typesupport_introspection_cpp
[1.807s] running egg_info
[1.811s] writing simple_parking_maneuver.egg-info/PKG-INFO
[1.811s] writing dependency_links to simple_parking_maneuver.egg-info/dependency_links.txt
[1.812s] writing top-level names to simple_parking_maneuver.egg-info/top_level.txt
[1.823s] reading manifest file 'simple_parking_maneuver.egg-info/SOURCES.txt'
[1.825s] writing manifest file 'simple_parking_maneuver.egg-info/SOURCES.txt'
[1.957s] [ 12%] Built target ament_cmake_python_build_simple_parking_maneuver_egg
[2.057s] [ 22%] Built target simple_parking_maneuver__rosidl_typesupport_fastrtps_cpp
[2.153s] [ 32%] Built target simple_parking_maneuver__rosidl_typesupport_cpp
[2.239s] [ 41%] Built target simple_parking_maneuver__rosidl_generator_c
[2.306s] [ 51%] Built target simple_parking_maneuver__rosidl_typesupport_fastrtps_c
[2.398s] [ 61%] Built target simple_parking_maneuver__rosidl_typesupport_c
[2.492s] [ 70%] Built target simple_parking_maneuver__rosidl_typesupport_introspection_c
[2.587s] [ 70%] Built target simple_parking_maneuver
[2.689s] [ 74%] Built target simple_parking_maneuver__py
[2.789s] [ 80%] Built target simple_parking_maneuver__rosidl_generator_py
[2.891s] [ 87%] Built target simple_parking_maneuver__rosidl_typesupport_fastrtps_c__pyext
[2.975s] [ 93%] Built target simple_parking_maneuver__rosidl_typesupport_c__pyext
[3.066s] [100%] Built target simple_parking_maneuver__rosidl_typesupport_introspection_c__pyext
[3.114s] Invoked command in '/home/majd/Documents/Robotik/ros2_ws/build/simple_parking_maneuver' returned '0': CMAKE_PREFIX_PATH=/home/majd/Documents/Robotik/ros2_ws/install/simple_drive_control:/home/majd/Documents/Robotik/ros2_ws/install/turtlesim:/home/majd/Documents/Robotik/ros2_ws/install/simple_parking_maneuver:/home/majd/Documents/Robotik/ros2_ws/install/assignment2_publisher_subscriber2:/home/majd/Documents/Robotik/ros2_ws/install/assignment2_publisher_subscriber:/home/majd/autominy/catkin_ws/install/world_description:/home/majd/autominy/catkin_ws/install/stereo_camera_pose_estimation:/home/majd/autominy/catkin_ws/install/sim_car_controller:/home/majd/autominy/catkin_ws/install/arduino_communication:/home/majd/autominy/catkin_ws/install/serial:/home/majd/autominy/catkin_ws/install/road_marking_localization:/home/majd/autominy/catkin_ws/install/remote_control:/home/majd/autominy/catkin_ws/install/car_description:/home/majd/autominy/catkin_ws/install/odometry:/home/majd/autominy/catkin_ws/install/map_publisher:/home/majd/autominy/catkin_ws/install/low_voltage_shutdown:/home/majd/autominy/catkin_ws/install/lidar_pose_estimation:/home/majd/autominy/catkin_ws/install/hardware_calibration:/home/majd/autominy/catkin_ws/install/emergency_stop:/home/majd/autominy/catkin_ws/install/bno055_usb_stick:/home/majd/autominy/catkin_ws/install/bno055_usb_stick_msgs:/home/majd/autominy/catkin_ws/install/autominy_sim:/home/majd/autominy/catkin_ws/install/autominy_msgs:/home/majd/autominy/catkin_ws/install/autominy:/home/majd/Documents/Robotik/ros2_ws/install/py_pubsub:/home/majd/autominy/catkin_ws/install/assignment2_publisher_subscriber:/opt/ros/humble LD_LIBRARY_PATH=/home/majd/Documents/Robotik/ros2_ws/install/simple_drive_control/lib:/home/majd/Documents/Robotik/ros2_ws/install/turtlesim/lib:/home/majd/Documents/Robotik/ros2_ws/install/simple_parking_maneuver/lib:/home/majd/autominy/catkin_ws/install/stereo_camera_pose_estimation/lib:/home/majd/autominy/catkin_ws/install/sim_car_controller/lib:/home/majd/autominy/catkin_ws/install/serial/lib:/home/majd/autominy/catkin_ws/install/road_marking_localization/lib:/home/majd/autominy/catkin_ws/install/remote_control/lib:/home/majd/autominy/catkin_ws/install/odometry/lib:/home/majd/autominy/catkin_ws/install/low_voltage_shutdown/lib:/home/majd/autominy/catkin_ws/install/lidar_pose_estimation/lib:/home/majd/autominy/catkin_ws/install/hardware_calibration/lib:/home/majd/autominy/catkin_ws/install/emergency_stop/lib:/home/majd/autominy/catkin_ws/install/bno055_usb_stick_msgs/lib:/home/majd/autominy/catkin_ws/install/autominy_msgs/lib:/usr/lib/x86_64-linux-gnu/gazebo-11/plugins:/opt/ros/humble/opt/rviz_ogre_vendor/lib:/opt/ros/humble/lib/x86_64-linux-gnu:/opt/ros/humble/lib /usr/bin/cmake --build /home/majd/Documents/Robotik/ros2_ws/build/simple_parking_maneuver -- -j8 -l8
[3.459s] Invoking command in '/home/majd/Documents/Robotik/ros2_ws/build/simple_parking_maneuver': CMAKE_PREFIX_PATH=/home/majd/Documents/Robotik/ros2_ws/install/simple_drive_control:/home/majd/Documents/Robotik/ros2_ws/install/turtlesim:/home/majd/Documents/Robotik/ros2_ws/install/simple_parking_maneuver:/home/majd/Documents/Robotik/ros2_ws/install/assignment2_publisher_subscriber2:/home/majd/Documents/Robotik/ros2_ws/install/assignment2_publisher_subscriber:/home/majd/autominy/catkin_ws/install/world_description:/home/majd/autominy/catkin_ws/install/stereo_camera_pose_estimation:/home/majd/autominy/catkin_ws/install/sim_car_controller:/home/majd/autominy/catkin_ws/install/arduino_communication:/home/majd/autominy/catkin_ws/install/serial:/home/majd/autominy/catkin_ws/install/road_marking_localization:/home/majd/autominy/catkin_ws/install/remote_control:/home/majd/autominy/catkin_ws/install/car_description:/home/majd/autominy/catkin_ws/install/odometry:/home/majd/autominy/catkin_ws/install/map_publisher:/home/majd/autominy/catkin_ws/install/low_voltage_shutdown:/home/majd/autominy/catkin_ws/install/lidar_pose_estimation:/home/majd/autominy/catkin_ws/install/hardware_calibration:/home/majd/autominy/catkin_ws/install/emergency_stop:/home/majd/autominy/catkin_ws/install/bno055_usb_stick:/home/majd/autominy/catkin_ws/install/bno055_usb_stick_msgs:/home/majd/autominy/catkin_ws/install/autominy_sim:/home/majd/autominy/catkin_ws/install/autominy_msgs:/home/majd/autominy/catkin_ws/install/autominy:/home/majd/Documents/Robotik/ros2_ws/install/py_pubsub:/home/majd/autominy/catkin_ws/install/assignment2_publisher_subscriber:/opt/ros/humble LD_LIBRARY_PATH=/home/majd/Documents/Robotik/ros2_ws/install/simple_drive_control/lib:/home/majd/Documents/Robotik/ros2_ws/install/turtlesim/lib:/home/majd/Documents/Robotik/ros2_ws/install/simple_parking_maneuver/lib:/home/majd/autominy/catkin_ws/install/stereo_camera_pose_estimation/lib:/home/majd/autominy/catkin_ws/install/sim_car_controller/lib:/home/majd/autominy/catkin_ws/install/serial/lib:/home/majd/autominy/catkin_ws/install/road_marking_localization/lib:/home/majd/autominy/catkin_ws/install/remote_control/lib:/home/majd/autominy/catkin_ws/install/odometry/lib:/home/majd/autominy/catkin_ws/install/low_voltage_shutdown/lib:/home/majd/autominy/catkin_ws/install/lidar_pose_estimation/lib:/home/majd/autominy/catkin_ws/install/hardware_calibration/lib:/home/majd/autominy/catkin_ws/install/emergency_stop/lib:/home/majd/autominy/catkin_ws/install/bno055_usb_stick_msgs/lib:/home/majd/autominy/catkin_ws/install/autominy_msgs/lib:/usr/lib/x86_64-linux-gnu/gazebo-11/plugins:/opt/ros/humble/opt/rviz_ogre_vendor/lib:/opt/ros/humble/lib/x86_64-linux-gnu:/opt/ros/humble/lib /usr/bin/cmake --install /home/majd/Documents/Robotik/ros2_ws/build/simple_parking_maneuver
[3.495s] -- Install configuration: ""
[3.497s] -- Execute custom install script
[3.498s] -- Up-to-date symlink: /home/majd/Documents/Robotik/ros2_ws/install/simple_parking_maneuver/share/ament_index/resource_index/rosidl_interfaces/simple_parking_maneuver
[3.502s] -- Up-to-date symlink: /home/majd/Documents/Robotik/ros2_ws/install/simple_parking_maneuver/include/simple_parking_maneuver/simple_parking_maneuver/msg/rosidl_generator_c__visibility_control.h
[3.502s] -- Up-to-date symlink: /home/majd/Documents/Robotik/ros2_ws/install/simple_parking_maneuver/include/simple_parking_maneuver/simple_parking_maneuver/srv/detail/parking_maneuver__functions.h
[3.503s] -- Up-to-date symlink: /home/majd/Documents/Robotik/ros2_ws/install/simple_parking_maneuver/include/simple_parking_maneuver/simple_parking_maneuver/srv/detail/parking_maneuver__struct.h
[3.503s] -- Up-to-date symlink: /home/majd/Documents/Robotik/ros2_ws/install/simple_parking_maneuver/include/simple_parking_maneuver/simple_parking_maneuver/srv/detail/parking_maneuver__type_support.h
[3.504s] -- Up-to-date symlink: /home/majd/Documents/Robotik/ros2_ws/install/simple_parking_maneuver/include/simple_parking_maneuver/simple_parking_maneuver/srv/parking_maneuver.h
[3.505s] -- Up-to-date symlink: /home/majd/Documents/Robotik/ros2_ws/install/simple_parking_maneuver/share/simple_parking_maneuver/environment/library_path.sh
[3.506s] -- Up-to-date symlink: /home/majd/Documents/Robotik/ros2_ws/install/simple_parking_maneuver/share/simple_parking_maneuver/environment/library_path.dsv
[3.507s] -- Up-to-date symlink: /home/majd/Documents/Robotik/ros2_ws/install/simple_parking_maneuver/include/simple_parking_maneuver/simple_parking_maneuver/msg/rosidl_typesupport_fastrtps_c__visibility_control.h
[3.508s] -- Up-to-date symlink: /home/majd/Documents/Robotik/ros2_ws/install/simple_parking_maneuver/include/simple_parking_maneuver/simple_parking_maneuver/srv/detail/parking_maneuver__rosidl_typesupport_fastrtps_c.h
[3.509s] -- Up-to-date symlink: /home/majd/Documents/Robotik/ros2_ws/install/simple_parking_maneuver/include/simple_parking_maneuver/simple_parking_maneuver/srv/detail/parking_maneuver__builder.hpp
[3.509s] -- Up-to-date symlink: /home/majd/Documents/Robotik/ros2_ws/install/simple_parking_maneuver/include/simple_parking_maneuver/simple_parking_maneuver/srv/detail/parking_maneuver__struct.hpp
[3.510s] -- Up-to-date symlink: /home/majd/Documents/Robotik/ros2_ws/install/simple_parking_maneuver/include/simple_parking_maneuver/simple_parking_maneuver/srv/detail/parking_maneuver__traits.hpp
[3.510s] -- Up-to-date symlink: /home/majd/Documents/Robotik/ros2_ws/install/simple_parking_maneuver/include/simple_parking_maneuver/simple_parking_maneuver/srv/parking_maneuver.hpp
[3.517s] -- Up-to-date symlink: /home/majd/Documents/Robotik/ros2_ws/install/simple_parking_maneuver/include/simple_parking_maneuver/simple_parking_maneuver/msg/rosidl_typesupport_fastrtps_cpp__visibility_control.h
[3.518s] -- Up-to-date symlink: /home/majd/Documents/Robotik/ros2_ws/install/simple_parking_maneuver/include/simple_parking_maneuver/simple_parking_maneuver/srv/detail/parking_maneuver__rosidl_typesupport_fastrtps_cpp.hpp
[3.518s] -- Up-to-date symlink: /home/majd/Documents/Robotik/ros2_ws/install/simple_parking_maneuver/include/simple_parking_maneuver/simple_parking_maneuver/msg/rosidl_typesupport_introspection_c__visibility_control.h
[3.519s] -- Up-to-date symlink: /home/majd/Documents/Robotik/ros2_ws/install/simple_parking_maneuver/include/simple_parking_maneuver/simple_parking_maneuver/srv/detail/parking_maneuver__rosidl_typesupport_introspection_c.h
[3.519s] -- Up-to-date symlink: /home/majd/Documents/Robotik/ros2_ws/install/simple_parking_maneuver/include/simple_parking_maneuver/simple_parking_maneuver/srv/detail/parking_maneuver__rosidl_typesupport_introspection_cpp.hpp
[3.520s] -- Up-to-date symlink: /home/majd/Documents/Robotik/ros2_ws/install/simple_parking_maneuver/share/simple_parking_maneuver/environment/pythonpath.sh
[3.520s] -- Up-to-date symlink: /home/majd/Documents/Robotik/ros2_ws/install/simple_parking_maneuver/share/simple_parking_maneuver/environment/pythonpath.dsv
[3.522s] -- Up-to-date symlink: /home/majd/Documents/Robotik/ros2_ws/install/simple_parking_maneuver/local/lib/python3.10/dist-packages/simple_parking_maneuver-0.0.1-py3.10.egg-info/PKG-INFO
[3.522s] -- Up-to-date symlink: /home/majd/Documents/Robotik/ros2_ws/install/simple_parking_maneuver/local/lib/python3.10/dist-packages/simple_parking_maneuver-0.0.1-py3.10.egg-info/SOURCES.txt
[3.522s] -- Up-to-date symlink: /home/majd/Documents/Robotik/ros2_ws/install/simple_parking_maneuver/local/lib/python3.10/dist-packages/simple_parking_maneuver-0.0.1-py3.10.egg-info/dependency_links.txt
[3.523s] -- Up-to-date symlink: /home/majd/Documents/Robotik/ros2_ws/install/simple_parking_maneuver/local/lib/python3.10/dist-packages/simple_parking_maneuver-0.0.1-py3.10.egg-info/top_level.txt
[3.529s] -- Up-to-date symlink: /home/majd/Documents/Robotik/ros2_ws/install/simple_parking_maneuver/local/lib/python3.10/dist-packages/simple_parking_maneuver/__init__.py
[3.530s] -- Up-to-date symlink: /home/majd/Documents/Robotik/ros2_ws/install/simple_parking_maneuver/local/lib/python3.10/dist-packages/simple_parking_maneuver/_simple_parking_maneuver_s.ep.rosidl_typesupport_c.c
[3.531s] -- Up-to-date symlink: /home/majd/Documents/Robotik/ros2_ws/install/simple_parking_maneuver/local/lib/python3.10/dist-packages/simple_parking_maneuver/_simple_parking_maneuver_s.ep.rosidl_typesupport_fastrtps_c.c
[3.532s] -- Up-to-date symlink: /home/majd/Documents/Robotik/ros2_ws/install/simple_parking_maneuver/local/lib/python3.10/dist-packages/simple_parking_maneuver/_simple_parking_maneuver_s.ep.rosidl_typesupport_introspection_c.c
[3.533s] -- Up-to-date symlink: /home/majd/Documents/Robotik/ros2_ws/install/simple_parking_maneuver/local/lib/python3.10/dist-packages/simple_parking_maneuver/libsimple_parking_maneuver__rosidl_generator_py.so
[3.535s] -- Up-to-date symlink: /home/majd/Documents/Robotik/ros2_ws/install/simple_parking_maneuver/local/lib/python3.10/dist-packages/simple_parking_maneuver/simple_parking_maneuver_s__rosidl_typesupport_c.cpython-310-x86_64-linux-gnu.so
[3.535s] -- Up-to-date symlink: /home/majd/Documents/Robotik/ros2_ws/install/simple_parking_maneuver/local/lib/python3.10/dist-packages/simple_parking_maneuver/simple_parking_maneuver_s__rosidl_typesupport_fastrtps_c.cpython-310-x86_64-linux-gnu.so
[3.536s] -- Up-to-date symlink: /home/majd/Documents/Robotik/ros2_ws/install/simple_parking_maneuver/local/lib/python3.10/dist-packages/simple_parking_maneuver/simple_parking_maneuver_s__rosidl_typesupport_introspection_c.cpython-310-x86_64-linux-gnu.so
[3.536s] -- Up-to-date symlink: /home/majd/Documents/Robotik/ros2_ws/install/simple_parking_maneuver/local/lib/python3.10/dist-packages/simple_parking_maneuver/srv/__init__.py
[3.537s] -- Up-to-date symlink: /home/majd/Documents/Robotik/ros2_ws/install/simple_parking_maneuver/local/lib/python3.10/dist-packages/simple_parking_maneuver/srv/_parking_maneuver.py
[3.537s] -- Up-to-date symlink: /home/majd/Documents/Robotik/ros2_ws/install/simple_parking_maneuver/local/lib/python3.10/dist-packages/simple_parking_maneuver/srv/_parking_maneuver_s.c
[3.538s] -- Up-to-date symlink: /home/majd/Documents/Robotik/ros2_ws/install/simple_parking_maneuver/local/lib/python3.10/dist-packages/simple_parking_maneuver/simple_parking_maneuver_s__rosidl_typesupport_fastrtps_c.cpython-310-x86_64-linux-gnu.so
[3.539s] -- Up-to-date symlink: /home/majd/Documents/Robotik/ros2_ws/install/simple_parking_maneuver/local/lib/python3.10/dist-packages/simple_parking_maneuver/simple_parking_maneuver_s__rosidl_typesupport_introspection_c.cpython-310-x86_64-linux-gnu.so
[3.539s] -- Up-to-date symlink: /home/majd/Documents/Robotik/ros2_ws/install/simple_parking_maneuver/local/lib/python3.10/dist-packages/simple_parking_maneuver/simple_parking_maneuver_s__rosidl_typesupport_c.cpython-310-x86_64-linux-gnu.so
[3.553s] -- Up-to-date symlink: /home/majd/Documents/Robotik/ros2_ws/install/simple_parking_maneuver/share/simple_parking_maneuver/srv/ParkingManeuver.idl
[3.553s] -- Up-to-date symlink: /home/majd/Documents/Robotik/ros2_ws/install/simple_parking_maneuver/share/simple_parking_maneuver/srv/ParkingManeuver.srv
[3.554s] -- Up-to-date symlink: /home/majd/Documents/Robotik/ros2_ws/install/simple_parking_maneuver/share/simple_parking_maneuver/srv/ParkingManeuver_Request.msg
[3.554s] -- Up-to-date symlink: /home/majd/Documents/Robotik/ros2_ws/install/simple_parking_maneuver/share/simple_parking_maneuver/srv/ParkingManeuver_Response.msg
[3.554s] -- Up-to-date symlink: /home/majd/Documents/Robotik/ros2_ws/install/simple_parking_maneuver/share/simple_parking_maneuver/launch/simple_parking_maneuver.launch
[3.554s] -- Up-to-date symlink: /home/majd/Documents/Robotik/ros2_ws/install/simple_parking_maneuver/lib/simple_parking_maneuver/parking_maneuver.py
[3.555s] -- Up-to-date symlink: /home/majd/Documents/Robotik/ros2_ws/install/simple_parking_maneuver/share/ament_index/resource_index/package_run_dependencies/simple_parking_maneuver
[3.555s] -- Up-to-date symlink: /home/majd/Documents/Robotik/ros2_ws/install/simple_parking_maneuver/share/ament_index/resource_index/parent_prefix_path/simple_parking_maneuver
[3.555s] -- Up-to-date symlink: /home/majd/Documents/Robotik/ros2_ws/install/simple_parking_maneuver/share/simple_parking_maneuver/environment/ament_prefix_path.sh
[3.555s] -- Up-to-date symlink: /home/majd/Documents/Robotik/ros2_ws/install/simple_parking_maneuver/share/simple_parking_maneuver/environment/ament_prefix_path.dsv
[3.556s] -- Up-to-date symlink: /home/majd/Documents/Robotik/ros2_ws/install/simple_parking_maneuver/share/simple_parking_maneuver/environment/path.sh
[3.556s] -- Up-to-date symlink: /home/majd/Documents/Robotik/ros2_ws/install/simple_parking_maneuver/share/simple_parking_maneuver/environment/path.dsv
[3.556s] -- Up-to-date symlink: /home/majd/Documents/Robotik/ros2_ws/install/simple_parking_maneuver/share/simple_parking_maneuver/local_setup.bash
[3.556s] -- Up-to-date symlink: /home/majd/Documents/Robotik/ros2_ws/install/simple_parking_maneuver/share/simple_parking_maneuver/local_setup.sh
[3.563s] -- Up-to-date symlink: /home/majd/Documents/Robotik/ros2_ws/install/simple_parking_maneuver/share/simple_parking_maneuver/local_setup.zsh
[3.564s] -- Up-to-date symlink: /home/majd/Documents/Robotik/ros2_ws/install/simple_parking_maneuver/share/simple_parking_maneuver/local_setup.dsv
[3.564s] -- Symlinking: /home/majd/Documents/Robotik/ros2_ws/install/simple_parking_maneuver/share/simple_parking_maneuver/package.dsv
[3.585s] -- Up-to-date symlink: /home/majd/Documents/Robotik/ros2_ws/install/simple_parking_maneuver/share/ament_index/resource_index/packages/simple_parking_maneuver
[3.588s] -- Up-to-date symlink: /home/majd/Documents/Robotik/ros2_ws/install/simple_parking_maneuver/share/simple_parking_maneuver/cmake/rosidl_cmake-extras.cmake
[3.588s] -- Up-to-date symlink: /home/majd/Documents/Robotik/ros2_ws/install/simple_parking_maneuver/share/simple_parking_maneuver/cmake/ament_cmake_export_dependencies-extras.cmake
[3.589s] -- Up-to-date symlink: /home/majd/Documents/Robotik/ros2_ws/install/simple_parking_maneuver/share/simple_parking_maneuver/cmake/ament_cmake_export_include_directories-extras.cmake
[3.590s] -- Up-to-date symlink: /home/majd/Documents/Robotik/ros2_ws/install/simple_parking_maneuver/share/simple_parking_maneuver/cmake/ament_cmake_export_libraries-extras.cmake
[3.590s] -- Up-to-date symlink: /home/majd/Documents/Robotik/ros2_ws/install/simple_parking_maneuver/share/simple_parking_maneuver/cmake/ament_cmake_export_targets-extras.cmake
[3.590s] -- Up-to-date symlink: /home/majd/Documents/Robotik/ros2_ws/install/simple_parking_maneuver/share/simple_parking_maneuver/cmake/rosidl_cmake_export_typesupport_targets-extras.cmake
[3.591s] -- Up-to-date symlink: /home/majd/Documents/Robotik/ros2_ws/install/simple_parking_maneuver/share/simple_parking_maneuver/cmake/rosidl_cmake_export_typesupport_libraries-extras.cmake
[3.591s] -- Up-to-date symlink: /home/majd/Documents/Robotik/ros2_ws/install/simple_parking_maneuver/share/simple_parking_maneuver/cmake/simple_parking_maneuverConfig.cmake
[3.592s] -- Up-to-date symlink: /home/majd/Documents/Robotik/ros2_ws/install/simple_parking_maneuver/share/simple_parking_maneuver/cmake/simple_parking_maneuverConfig-version.cmake
[3.592s] -- Up-to-date symlink: /home/majd/Documents/Robotik/ros2_ws/install/simple_parking_maneuver/share/simple_parking_maneuver/package.xml
[3.592s] -- Up-to-date: /home/majd/Documents/Robotik/ros2_ws/install/simple_parking_maneuver/lib/libsimple_parking_maneuver__rosidl_generator_c.so
[3.594s] -- Up-to-date: /home/majd/Documents/Robotik/ros2_ws/install/simple_parking_maneuver/lib/libsimple_parking_maneuver__rosidl_typesupport_fastrtps_c.so
[3.596s] -- Up-to-date: /home/majd/Documents/Robotik/ros2_ws/install/simple_parking_maneuver/lib/libsimple_parking_maneuver__rosidl_typesupport_fastrtps_cpp.so
[3.598s] -- Up-to-date: /home/majd/Documents/Robotik/ros2_ws/install/simple_parking_maneuver/lib/libsimple_parking_maneuver__rosidl_typesupport_introspection_c.so
[3.598s] -- Up-to-date: /home/majd/Documents/Robotik/ros2_ws/install/simple_parking_maneuver/lib/libsimple_parking_maneuver__rosidl_typesupport_c.so
[3.599s] -- Up-to-date: /home/majd/Documents/Robotik/ros2_ws/install/simple_parking_maneuver/lib/libsimple_parking_maneuver__rosidl_typesupport_introspection_cpp.so
[3.603s] -- Up-to-date: /home/majd/Documents/Robotik/ros2_ws/install/simple_parking_maneuver/lib/libsimple_parking_maneuver__rosidl_typesupport_cpp.so
[3.770s] Listing '/home/majd/Documents/Robotik/ros2_ws/install/simple_parking_maneuver/local/lib/python3.10/dist-packages/simple_parking_maneuver'...
[3.771s] Listing '/home/majd/Documents/Robotik/ros2_ws/install/simple_parking_maneuver/local/lib/python3.10/dist-packages/simple_parking_maneuver/srv'...
[3.786s] -- Up-to-date: /home/majd/Documents/Robotik/ros2_ws/install/simple_parking_maneuver/lib/libsimple_parking_maneuver__rosidl_generator_py.so
[3.786s] -- Up-to-date: /home/majd/Documents/Robotik/ros2_ws/install/simple_parking_maneuver/share/simple_parking_maneuver/cmake/export_simple_parking_maneuver__rosidl_generator_cExport.cmake
[3.787s] -- Up-to-date: /home/majd/Documents/Robotik/ros2_ws/install/simple_parking_maneuver/share/simple_parking_maneuver/cmake/export_simple_parking_maneuver__rosidl_generator_cExport-noconfig.cmake
[3.787s] -- Up-to-date: /home/majd/Documents/Robotik/ros2_ws/install/simple_parking_maneuver/share/simple_parking_maneuver/cmake/export_simple_parking_maneuver__rosidl_typesupport_fastrtps_cExport.cmake
[3.788s] -- Up-to-date: /home/majd/Documents/Robotik/ros2_ws/install/simple_parking_maneuver/share/simple_parking_maneuver/cmake/export_simple_parking_maneuver__rosidl_typesupport_fastrtps_cExport-noconfig.cmake
[3.789s] -- Up-to-date: /home/majd/Documents/Robotik/ros2_ws/install/simple_parking_maneuver/share/simple_parking_maneuver/cmake/export_simple_parking_maneuver__rosidl_generator_cppExport.cmake
[3.791s] -- Up-to-date: /home/majd/Documents/Robotik/ros2_ws/install/simple_parking_maneuver/share/simple_parking_maneuver/cmake/export_simple_parking_maneuver__rosidl_typesupport_fastrtps_cppExport.cmake
[3.792s] -- Up-to-date: /home/majd/Documents/Robotik/ros2_ws/install/simple_parking_maneuver/share/simple_parking_maneuver/cmake/export_simple_parking_maneuver__rosidl_typesupport_fastrtps_cppExport-noconfig.cmake
[3.792s] -- Up-to-date: /home/majd/Documents/Robotik/ros2_ws/install/simple_parking_maneuver/share/simple_parking_maneuver/cmake/simple_parking_maneuver__rosidl_typesupport_introspection_cExport.cmake
[3.793s] -- Up-to-date: /home/majd/Documents/Robotik/ros2_ws/install/simple_parking_maneuver/share/simple_parking_maneuver/cmake/simple_parking_maneuver__rosidl_typesupport_introspection_cExport-noconfig.cmake
[3.793s] -- Up-to-date: /home/majd/Documents/Robotik/ros2_ws/install/simple_parking_maneuver/share/simple_parking_maneuver/cmake/simple_parking_maneuver__rosidl_typesupport_cExport.cmake
[3.794s] -- Up-to-date: /home/majd/Documents/Robotik/ros2_ws/install/simple_parking_maneuver/share/simple_parking_maneuver/cmake/simple_parking_maneuver__rosidl_typesupport_cExport-noconfig.cmake
[3.796s] -- Up-to-date: /home/majd/Documents/Robotik/ros2_ws/install/simple_parking_maneuver/share/simple_parking_maneuver/cmake/simple_parking_maneuver__rosidl_typesupport_introspection_cppExport.cmake
[3.797s] -- Up-to-date: /home/majd/Documents/Robotik/ros2_ws/install/simple_parking_maneuver/share/simple_parking_maneuver/cmake/simple_parking_maneuver__rosidl_typesupport_introspection_cppExport-noconfig.cmake
[3.797s] -- Up-to-date: /home/majd/Documents/Robotik/ros2_ws/install/simple_parking_maneuver/share/simple_parking_maneuver/cmake/simple_parking_maneuver__rosidl_typesupport_cppExport.cmake
[3.798s] -- Up-to-date: /home/majd/Documents/Robotik/ros2_ws/install/simple_parking_maneuver/share/simple_parking_maneuver/cmake/simple_parking_maneuver__rosidl_typesupport_cppExport-noconfig.cmake
[3.803s] -- Up-to-date: /home/majd/Documents/Robotik/ros2_ws/install/simple_parking_maneuver/share/simple_parking_maneuver/cmake/export_simple_parking_maneuver__rosidl_generator_pyExport.cmake
[3.807s] -- Up-to-date: /home/majd/Documents/Robotik/ros2_ws/install/simple_parking_maneuver/share/simple_parking_maneuver/cmake/export_simple_parking_maneuver__rosidl_generator_pyExport-noconfig.cmake
[3.808s] Invoked command in '/home/majd/Documents/Robotik/ros2_ws/build/simple_parking_maneuver' returned '0': CMAKE_PREFIX_PATH=/home/majd/Documents/Robotik/ros2_ws/install/simple_drive_control:/home/majd/Documents/Robotik/ros2_ws/install/turtlesim:/home/majd/Documents/Robotik/ros2_ws/install/simple_parking_maneuver:/home/majd/Documents/Robotik/ros2_ws/install/assignment2_publisher_subscriber2:/home/majd/Documents/Robotik/ros2_ws/install/assignment2_publisher_subscriber:/home/majd/autominy/catkin_ws/install/world_description:/home/majd/autominy/catkin_ws/install/stereo_camera_pose_estimation:/home/majd/autominy/catkin_ws/install/sim_car_controller:/home/majd/autominy/catkin_ws/install/arduino_communication:/home/majd/autominy/catkin_ws/install/serial:/home/majd/autominy/catkin_ws/install/road_marking_localization:/home/majd/autominy/catkin_ws/install/remote_control:/home/majd/autominy/catkin_ws/install/car_description:/home/majd/autominy/catkin_ws/install/odometry:/home/majd/autominy/catkin_ws/install/map_publisher:/home/majd/autominy/catkin_ws/install/low_voltage_shutdown:/home/majd/autominy/catkin_ws/install/lidar_pose_estimation:/home/majd/autominy/catkin_ws/install/hardware_calibration:/home/majd/autominy/catkin_ws/install/emergency_stop:/home/majd/autominy/catkin_ws/install/bno055_usb_stick:/home/majd/autominy/catkin_ws/install/bno055_usb_stick_msgs:/home/majd/autominy/catkin_ws/install/autominy_sim:/home/majd/autominy/catkin_ws/install/autominy_msgs:/home/majd/autominy/catkin_ws/install/autominy:/home/majd/Documents/Robotik/ros2_ws/install/py_pubsub:/home/majd/autominy/catkin_ws/install/assignment2_publisher_subscriber:/opt/ros/humble LD_LIBRARY_PATH=/home/majd/Documents/Robotik/ros2_ws/install/simple_drive_control/lib:/home/majd/Documents/Robotik/ros2_ws/install/turtlesim/lib:/home/majd/Documents/Robotik/ros2_ws/install/simple_parking_maneuver/lib:/home/majd/autominy/catkin_ws/install/stereo_camera_pose_estimation/lib:/home/majd/autominy/catkin_ws/install/sim_car_controller/lib:/home/majd/autominy/catkin_ws/install/serial/lib:/home/majd/autominy/catkin_ws/install/road_marking_localization/lib:/home/majd/autominy/catkin_ws/install/remote_control/lib:/home/majd/autominy/catkin_ws/install/odometry/lib:/home/majd/autominy/catkin_ws/install/low_voltage_shutdown/lib:/home/majd/autominy/catkin_ws/install/lidar_pose_estimation/lib:/home/majd/autominy/catkin_ws/install/hardware_calibration/lib:/home/majd/autominy/catkin_ws/install/emergency_stop/lib:/home/majd/autominy/catkin_ws/install/bno055_usb_stick_msgs/lib:/home/majd/autominy/catkin_ws/install/autominy_msgs/lib:/usr/lib/x86_64-linux-gnu/gazebo-11/plugins:/opt/ros/humble/opt/rviz_ogre_vendor/lib:/opt/ros/humble/lib/x86_64-linux-gnu:/opt/ros/humble/lib /usr/bin/cmake --install /home/majd/Documents/Robotik/ros2_ws/build/simple_parking_maneuver
