[1.759s] DEBUG:colcon:Command line arguments: ['/usr/bin/colcon', 'list', '-p', '--base-paths', '/home/majd/Documents/Robotik/ros2_ws']
[1.760s] DEBUG:colcon:Parsed command line arguments: Namespace(log_base=None, log_level=None, verb_name='list', build_base='build', ignore_user_meta=False, metas=['./colcon.meta'], base_paths=['/home/majd/Documents/Robotik/ros2_ws'], packages_ignore=None, packages_ignore_regex=None, paths=None, packages_up_to=None, packages_up_to_regex=None, packages_above=None, packages_above_and_dependencies=None, packages_above_depth=None, packages_select_by_dep=None, packages_skip_by_dep=None, packages_skip_up_to=None, packages_select_build_failed=False, packages_skip_build_finished=False, packages_select_test_failures=False, packages_skip_test_passed=False, packages_select=None, packages_skip=None, packages_select_regex=None, packages_skip_regex=None, packages_start=None, packages_end=None, allow_overriding=[], topological_order=False, names_only=False, paths_only=True, topological_graph=False, topological_graph_dot=False, topological_graph_density=False, topological_graph_legend=False, topological_graph_dot_cluster=False, topological_graph_dot_include_skipped=False, verb_parser=<colcon_defaults.argument_parser.defaults.DefaultArgumentsDecorator object at 0x7f443bccfeb0>, verb_extension=<colcon_package_information.verb.list.ListVerb object at 0x7f443bed2bc0>, main=<bound method ListVerb.main of <colcon_package_information.verb.list.ListVerb object at 0x7f443bed2bc0>>)
[1.888s] Level 1:colcon.colcon_core.package_discovery:discover_packages(colcon_meta) check parameters
[1.888s] Level 1:colcon.colcon_core.package_discovery:discover_packages(recursive) check parameters
[1.888s] Level 1:colcon.colcon_core.package_discovery:discover_packages(ignore) check parameters
[1.889s] Level 1:colcon.colcon_core.package_discovery:discover_packages(path) check parameters
[1.889s] Level 1:colcon.colcon_core.package_discovery:discover_packages(recursive) discover
[1.889s] INFO:colcon.colcon_core.package_discovery:Crawling recursively for packages in '/home/majd/Documents/Robotik/ros2_ws'
[1.890s] Level 1:colcon.colcon_core.package_identification:_identify(/home/majd/Documents/Robotik/ros2_ws) by extensions ['ignore', 'ignore_ament_install']
[1.890s] Level 1:colcon.colcon_core.package_identification:_identify(/home/majd/Documents/Robotik/ros2_ws) by extension 'ignore'
[1.890s] Level 1:colcon.colcon_core.package_identification:_identify(/home/majd/Documents/Robotik/ros2_ws) by extension 'ignore_ament_install'
[1.891s] Level 1:colcon.colcon_core.package_identification:_identify(/home/majd/Documents/Robotik/ros2_ws) by extensions ['colcon_pkg']
[1.891s] Level 1:colcon.colcon_core.package_identification:_identify(/home/majd/Documents/Robotik/ros2_ws) by extension 'colcon_pkg'
[1.891s] Level 1:colcon.colcon_core.package_identification:_identify(/home/majd/Documents/Robotik/ros2_ws) by extensions ['colcon_meta']
[1.891s] Level 1:colcon.colcon_core.package_identification:_identify(/home/majd/Documents/Robotik/ros2_ws) by extension 'colcon_meta'
[1.892s] Level 1:colcon.colcon_core.package_identification:_identify(/home/majd/Documents/Robotik/ros2_ws) by extensions ['ros']
[1.892s] Level 1:colcon.colcon_core.package_identification:_identify(/home/majd/Documents/Robotik/ros2_ws) by extension 'ros'
[1.983s] Level 1:colcon.colcon_core.package_identification:_identify(/home/majd/Documents/Robotik/ros2_ws) by extensions ['cmake', 'python']
[1.984s] Level 1:colcon.colcon_core.package_identification:_identify(/home/majd/Documents/Robotik/ros2_ws) by extension 'cmake'
[1.984s] Level 1:colcon.colcon_core.package_identification:_identify(/home/majd/Documents/Robotik/ros2_ws) by extension 'python'
[1.985s] Level 1:colcon.colcon_core.package_identification:_identify(/home/majd/Documents/Robotik/ros2_ws) by extensions ['python_setup_py']
[1.985s] Level 1:colcon.colcon_core.package_identification:_identify(/home/majd/Documents/Robotik/ros2_ws) by extension 'python_setup_py'
[1.986s] Level 1:colcon.colcon_core.package_identification:_identify(/home/majd/Documents/Robotik/ros2_ws/build) by extensions ['ignore', 'ignore_ament_install']
[1.986s] Level 1:colcon.colcon_core.package_identification:_identify(/home/majd/Documents/Robotik/ros2_ws/build) by extension 'ignore'
[1.986s] Level 1:colcon.colcon_core.package_identification:_identify(/home/majd/Documents/Robotik/ros2_ws/build) ignored
[1.987s] Level 1:colcon.colcon_core.package_identification:_identify(/home/majd/Documents/Robotik/ros2_ws/install) by extensions ['ignore', 'ignore_ament_install']
[1.987s] Level 1:colcon.colcon_core.package_identification:_identify(/home/majd/Documents/Robotik/ros2_ws/install) by extension 'ignore'
[1.987s] Level 1:colcon.colcon_core.package_identification:_identify(/home/majd/Documents/Robotik/ros2_ws/install) ignored
[1.988s] Level 1:colcon.colcon_core.package_identification:_identify(/home/majd/Documents/Robotik/ros2_ws/log) by extensions ['ignore', 'ignore_ament_install']
[1.988s] Level 1:colcon.colcon_core.package_identification:_identify(/home/majd/Documents/Robotik/ros2_ws/log) by extension 'ignore'
[1.988s] Level 1:colcon.colcon_core.package_identification:_identify(/home/majd/Documents/Robotik/ros2_ws/log) ignored
[1.989s] Level 1:colcon.colcon_core.package_identification:_identify(/home/majd/Documents/Robotik/ros2_ws/src) by extensions ['ignore', 'ignore_ament_install']
[1.989s] Level 1:colcon.colcon_core.package_identification:_identify(/home/majd/Documents/Robotik/ros2_ws/src) by extension 'ignore'
[1.989s] Level 1:colcon.colcon_core.package_identification:_identify(/home/majd/Documents/Robotik/ros2_ws/src) by extension 'ignore_ament_install'
[1.990s] Level 1:colcon.colcon_core.package_identification:_identify(/home/majd/Documents/Robotik/ros2_ws/src) by extensions ['colcon_pkg']
[1.990s] Level 1:colcon.colcon_core.package_identification:_identify(/home/majd/Documents/Robotik/ros2_ws/src) by extension 'colcon_pkg'
[1.990s] Level 1:colcon.colcon_core.package_identification:_identify(/home/majd/Documents/Robotik/ros2_ws/src) by extensions ['colcon_meta']
[1.990s] Level 1:colcon.colcon_core.package_identification:_identify(/home/majd/Documents/Robotik/ros2_ws/src) by extension 'colcon_meta'
[1.991s] Level 1:colcon.colcon_core.package_identification:_identify(/home/majd/Documents/Robotik/ros2_ws/src) by extensions ['ros']
[1.991s] Level 1:colcon.colcon_core.package_identification:_identify(/home/majd/Documents/Robotik/ros2_ws/src) by extension 'ros'
[1.991s] Level 1:colcon.colcon_core.package_identification:_identify(/home/majd/Documents/Robotik/ros2_ws/src) by extensions ['cmake', 'python']
[1.991s] Level 1:colcon.colcon_core.package_identification:_identify(/home/majd/Documents/Robotik/ros2_ws/src) by extension 'cmake'
[1.991s] Level 1:colcon.colcon_core.package_identification:_identify(/home/majd/Documents/Robotik/ros2_ws/src) by extension 'python'
[1.992s] Level 1:colcon.colcon_core.package_identification:_identify(/home/majd/Documents/Robotik/ros2_ws/src) by extensions ['python_setup_py']
[1.992s] Level 1:colcon.colcon_core.package_identification:_identify(/home/majd/Documents/Robotik/ros2_ws/src) by extension 'python_setup_py'
[1.992s] Level 1:colcon.colcon_core.package_identification:_identify(/home/majd/Documents/Robotik/ros2_ws/src/assignment2_publisher_subscriber) by extensions ['ignore', 'ignore_ament_install']
[1.993s] Level 1:colcon.colcon_core.package_identification:_identify(/home/majd/Documents/Robotik/ros2_ws/src/assignment2_publisher_subscriber) by extension 'ignore'
[1.993s] Level 1:colcon.colcon_core.package_identification:_identify(/home/majd/Documents/Robotik/ros2_ws/src/assignment2_publisher_subscriber) by extension 'ignore_ament_install'
[1.993s] Level 1:colcon.colcon_core.package_identification:_identify(/home/majd/Documents/Robotik/ros2_ws/src/assignment2_publisher_subscriber) by extensions ['colcon_pkg']
[1.993s] Level 1:colcon.colcon_core.package_identification:_identify(/home/majd/Documents/Robotik/ros2_ws/src/assignment2_publisher_subscriber) by extension 'colcon_pkg'
[1.993s] Level 1:colcon.colcon_core.package_identification:_identify(/home/majd/Documents/Robotik/ros2_ws/src/assignment2_publisher_subscriber) by extensions ['colcon_meta']
[1.993s] Level 1:colcon.colcon_core.package_identification:_identify(/home/majd/Documents/Robotik/ros2_ws/src/assignment2_publisher_subscriber) by extension 'colcon_meta'
[1.994s] Level 1:colcon.colcon_core.package_identification:_identify(/home/majd/Documents/Robotik/ros2_ws/src/assignment2_publisher_subscriber) by extensions ['ros']
[1.994s] Level 1:colcon.colcon_core.package_identification:_identify(/home/majd/Documents/Robotik/ros2_ws/src/assignment2_publisher_subscriber) by extension 'ros'
[2.003s] DEBUG:colcon.colcon_core.package_identification:Package '/home/majd/Documents/Robotik/ros2_ws/src/assignment2_publisher_subscriber' with type 'ros.ament_python' and name 'assignment2_publisher_subscriber'
[2.004s] Level 1:colcon.colcon_core.package_identification:_identify(/home/majd/Documents/Robotik/ros2_ws/src/assignment2_publisher_subscriber2) by extensions ['ignore', 'ignore_ament_install']
[2.005s] Level 1:colcon.colcon_core.package_identification:_identify(/home/majd/Documents/Robotik/ros2_ws/src/assignment2_publisher_subscriber2) by extension 'ignore'
[2.005s] Level 1:colcon.colcon_core.package_identification:_identify(/home/majd/Documents/Robotik/ros2_ws/src/assignment2_publisher_subscriber2) by extension 'ignore_ament_install'
[2.005s] Level 1:colcon.colcon_core.package_identification:_identify(/home/majd/Documents/Robotik/ros2_ws/src/assignment2_publisher_subscriber2) by extensions ['colcon_pkg']
[2.005s] Level 1:colcon.colcon_core.package_identification:_identify(/home/majd/Documents/Robotik/ros2_ws/src/assignment2_publisher_subscriber2) by extension 'colcon_pkg'
[2.005s] Level 1:colcon.colcon_core.package_identification:_identify(/home/majd/Documents/Robotik/ros2_ws/src/assignment2_publisher_subscriber2) by extensions ['colcon_meta']
[2.006s] Level 1:colcon.colcon_core.package_identification:_identify(/home/majd/Documents/Robotik/ros2_ws/src/assignment2_publisher_subscriber2) by extension 'colcon_meta'
[2.006s] Level 1:colcon.colcon_core.package_identification:_identify(/home/majd/Documents/Robotik/ros2_ws/src/assignment2_publisher_subscriber2) by extensions ['ros']
[2.006s] Level 1:colcon.colcon_core.package_identification:_identify(/home/majd/Documents/Robotik/ros2_ws/src/assignment2_publisher_subscriber2) by extension 'ros'
[2.010s] DEBUG:colcon.colcon_core.package_identification:Package '/home/majd/Documents/Robotik/ros2_ws/src/assignment2_publisher_subscriber2' with type 'ros.ament_cmake' and name 'assignment2_publisher_subscriber2'
[2.012s] Level 1:colcon.colcon_core.package_identification:_identify(/home/majd/Documents/Robotik/ros2_ws/src/simple_drive_control) by extensions ['ignore', 'ignore_ament_install']
[2.013s] Level 1:colcon.colcon_core.package_identification:_identify(/home/majd/Documents/Robotik/ros2_ws/src/simple_drive_control) by extension 'ignore'
[2.013s] Level 1:colcon.colcon_core.package_identification:_identify(/home/majd/Documents/Robotik/ros2_ws/src/simple_drive_control) by extension 'ignore_ament_install'
[2.013s] Level 1:colcon.colcon_core.package_identification:_identify(/home/majd/Documents/Robotik/ros2_ws/src/simple_drive_control) by extensions ['colcon_pkg']
[2.013s] Level 1:colcon.colcon_core.package_identification:_identify(/home/majd/Documents/Robotik/ros2_ws/src/simple_drive_control) by extension 'colcon_pkg'
[2.014s] Level 1:colcon.colcon_core.package_identification:_identify(/home/majd/Documents/Robotik/ros2_ws/src/simple_drive_control) by extensions ['colcon_meta']
[2.014s] Level 1:colcon.colcon_core.package_identification:_identify(/home/majd/Documents/Robotik/ros2_ws/src/simple_drive_control) by extension 'colcon_meta'
[2.014s] Level 1:colcon.colcon_core.package_identification:_identify(/home/majd/Documents/Robotik/ros2_ws/src/simple_drive_control) by extensions ['ros']
[2.014s] Level 1:colcon.colcon_core.package_identification:_identify(/home/majd/Documents/Robotik/ros2_ws/src/simple_drive_control) by extension 'ros'
[2.018s] DEBUG:colcon.colcon_core.package_identification:Package '/home/majd/Documents/Robotik/ros2_ws/src/simple_drive_control' with type 'ros.ament_cmake' and name 'simple_drive_control'
[2.018s] Level 1:colcon.colcon_core.package_identification:_identify(/home/majd/Documents/Robotik/ros2_ws/src/simple_parking_maneuver) by extensions ['ignore', 'ignore_ament_install']
[2.019s] Level 1:colcon.colcon_core.package_identification:_identify(/home/majd/Documents/Robotik/ros2_ws/src/simple_parking_maneuver) by extension 'ignore'
[2.019s] Level 1:colcon.colcon_core.package_identification:_identify(/home/majd/Documents/Robotik/ros2_ws/src/simple_parking_maneuver) by extension 'ignore_ament_install'
[2.019s] Level 1:colcon.colcon_core.package_identification:_identify(/home/majd/Documents/Robotik/ros2_ws/src/simple_parking_maneuver) by extensions ['colcon_pkg']
[2.020s] Level 1:colcon.colcon_core.package_identification:_identify(/home/majd/Documents/Robotik/ros2_ws/src/simple_parking_maneuver) by extension 'colcon_pkg'
[2.020s] Level 1:colcon.colcon_core.package_identification:_identify(/home/majd/Documents/Robotik/ros2_ws/src/simple_parking_maneuver) by extensions ['colcon_meta']
[2.020s] Level 1:colcon.colcon_core.package_identification:_identify(/home/majd/Documents/Robotik/ros2_ws/src/simple_parking_maneuver) by extension 'colcon_meta'
[2.020s] Level 1:colcon.colcon_core.package_identification:_identify(/home/majd/Documents/Robotik/ros2_ws/src/simple_parking_maneuver) by extensions ['ros']
[2.020s] Level 1:colcon.colcon_core.package_identification:_identify(/home/majd/Documents/Robotik/ros2_ws/src/simple_parking_maneuver) by extension 'ros'
[2.023s] DEBUG:colcon.colcon_core.package_identification:Package '/home/majd/Documents/Robotik/ros2_ws/src/simple_parking_maneuver' with type 'ros.ament_cmake' and name 'simple_parking_maneuver'
[2.024s] Level 1:colcon.colcon_core.package_discovery:discover_packages(recursive) using defaults
