[2.800s] DEBUG:colcon:Command line arguments: ['/usr/bin/colcon', 'build', '--packages-select', 'simple_parking_maneuver']
[2.801s] DEBUG:colcon:Parsed command line arguments: Namespace(log_base=None, log_level=None, verb_name='build', build_base='build', install_base='install', merge_install=False, symlink_install=False, test_result_base=None, continue_on_error=False, executor='parallel', parallel_workers=8, event_handlers=None, ignore_user_meta=False, metas=['./colcon.meta'], base_paths=['.'], packages_ignore=None, packages_ignore_regex=None, paths=None, packages_up_to=None, packages_up_to_regex=None, packages_above=None, packages_above_and_dependencies=None, packages_above_depth=None, packages_select_by_dep=None, packages_skip_by_dep=None, packages_skip_up_to=None, packages_select_build_failed=False, packages_skip_build_finished=False, packages_select_test_failures=False, packages_skip_test_passed=False, packages_select=['simple_parking_maneuver'], packages_skip=None, packages_select_regex=None, packages_skip_regex=None, packages_start=None, packages_end=None, allow_overriding=[], cmake_args=None, cmake_target=None, cmake_target_skip_unavailable=False, cmake_clean_cache=False, cmake_clean_first=False, cmake_force_configure=False, ament_cmake_args=None, catkin_cmake_args=None, catkin_skip_building_tests=False, verb_parser=<colcon_defaults.argument_parser.defaults.DefaultArgumentsDecorator object at 0x7f46cd833760>, verb_extension=<colcon_core.verb.build.BuildVerb object at 0x7f46cd973940>, main=<bound method BuildVerb.main of <colcon_core.verb.build.BuildVerb object at 0x7f46cd973940>>)
[2.992s] Level 1:colcon.colcon_core.package_discovery:discover_packages(colcon_meta) check parameters
[2.992s] Level 1:colcon.colcon_core.package_discovery:discover_packages(recursive) check parameters
[2.993s] Level 1:colcon.colcon_core.package_discovery:discover_packages(ignore) check parameters
[2.993s] Level 1:colcon.colcon_core.package_discovery:discover_packages(path) check parameters
[2.993s] Level 1:colcon.colcon_core.package_discovery:discover_packages(colcon_meta) discover
[2.994s] Level 1:colcon.colcon_core.package_discovery:discover_packages(recursive) discover
[2.994s] INFO:colcon.colcon_core.package_discovery:Crawling recursively for packages in '/home/majd/Documents/Robotik/ros2_ws'
[2.995s] Level 1:colcon.colcon_core.package_identification:_identify(.) by extensions ['ignore', 'ignore_ament_install']
[2.996s] Level 1:colcon.colcon_core.package_identification:_identify(.) by extension 'ignore'
[2.997s] Level 1:colcon.colcon_core.package_identification:_identify(.) by extension 'ignore_ament_install'
[2.997s] Level 1:colcon.colcon_core.package_identification:_identify(.) by extensions ['colcon_pkg']
[2.997s] Level 1:colcon.colcon_core.package_identification:_identify(.) by extension 'colcon_pkg'
[2.998s] Level 1:colcon.colcon_core.package_identification:_identify(.) by extensions ['colcon_meta']
[2.998s] Level 1:colcon.colcon_core.package_identification:_identify(.) by extension 'colcon_meta'
[2.998s] Level 1:colcon.colcon_core.package_identification:_identify(.) by extensions ['ros']
[2.999s] Level 1:colcon.colcon_core.package_identification:_identify(.) by extension 'ros'
[3.124s] Level 1:colcon.colcon_core.package_identification:_identify(.) by extensions ['cmake', 'python']
[3.125s] Level 1:colcon.colcon_core.package_identification:_identify(.) by extension 'cmake'
[3.125s] Level 1:colcon.colcon_core.package_identification:_identify(.) by extension 'python'
[3.126s] Level 1:colcon.colcon_core.package_identification:_identify(.) by extensions ['python_setup_py']
[3.126s] Level 1:colcon.colcon_core.package_identification:_identify(.) by extension 'python_setup_py'
[3.127s] Level 1:colcon.colcon_core.package_identification:_identify(build) by extensions ['ignore', 'ignore_ament_install']
[3.128s] Level 1:colcon.colcon_core.package_identification:_identify(build) by extension 'ignore'
[3.128s] Level 1:colcon.colcon_core.package_identification:_identify(build) ignored
[3.129s] Level 1:colcon.colcon_core.package_identification:_identify(install) by extensions ['ignore', 'ignore_ament_install']
[3.130s] Level 1:colcon.colcon_core.package_identification:_identify(install) by extension 'ignore'
[3.131s] Level 1:colcon.colcon_core.package_identification:_identify(install) ignored
[3.132s] Level 1:colcon.colcon_core.package_identification:_identify(log) by extensions ['ignore', 'ignore_ament_install']
[3.133s] Level 1:colcon.colcon_core.package_identification:_identify(log) by extension 'ignore'
[3.133s] Level 1:colcon.colcon_core.package_identification:_identify(log) ignored
[3.134s] Level 1:colcon.colcon_core.package_identification:_identify(src) by extensions ['ignore', 'ignore_ament_install']
[3.135s] Level 1:colcon.colcon_core.package_identification:_identify(src) by extension 'ignore'
[3.135s] Level 1:colcon.colcon_core.package_identification:_identify(src) by extension 'ignore_ament_install'
[3.136s] Level 1:colcon.colcon_core.package_identification:_identify(src) by extensions ['colcon_pkg']
[3.136s] Level 1:colcon.colcon_core.package_identification:_identify(src) by extension 'colcon_pkg'
[3.136s] Level 1:colcon.colcon_core.package_identification:_identify(src) by extensions ['colcon_meta']
[3.136s] Level 1:colcon.colcon_core.package_identification:_identify(src) by extension 'colcon_meta'
[3.137s] Level 1:colcon.colcon_core.package_identification:_identify(src) by extensions ['ros']
[3.137s] Level 1:colcon.colcon_core.package_identification:_identify(src) by extension 'ros'
[3.138s] Level 1:colcon.colcon_core.package_identification:_identify(src) by extensions ['cmake', 'python']
[3.138s] Level 1:colcon.colcon_core.package_identification:_identify(src) by extension 'cmake'
[3.138s] Level 1:colcon.colcon_core.package_identification:_identify(src) by extension 'python'
[3.139s] Level 1:colcon.colcon_core.package_identification:_identify(src) by extensions ['python_setup_py']
[3.139s] Level 1:colcon.colcon_core.package_identification:_identify(src) by extension 'python_setup_py'
[3.140s] Level 1:colcon.colcon_core.package_identification:_identify(src/assignment2_publisher_subscriber) by extensions ['ignore', 'ignore_ament_install']
[3.141s] Level 1:colcon.colcon_core.package_identification:_identify(src/assignment2_publisher_subscriber) by extension 'ignore'
[3.141s] Level 1:colcon.colcon_core.package_identification:_identify(src/assignment2_publisher_subscriber) by extension 'ignore_ament_install'
[3.142s] Level 1:colcon.colcon_core.package_identification:_identify(src/assignment2_publisher_subscriber) by extensions ['colcon_pkg']
[3.142s] Level 1:colcon.colcon_core.package_identification:_identify(src/assignment2_publisher_subscriber) by extension 'colcon_pkg'
[3.142s] Level 1:colcon.colcon_core.package_identification:_identify(src/assignment2_publisher_subscriber) by extensions ['colcon_meta']
[3.143s] Level 1:colcon.colcon_core.package_identification:_identify(src/assignment2_publisher_subscriber) by extension 'colcon_meta'
[3.143s] Level 1:colcon.colcon_core.package_identification:_identify(src/assignment2_publisher_subscriber) by extensions ['ros']
[3.143s] Level 1:colcon.colcon_core.package_identification:_identify(src/assignment2_publisher_subscriber) by extension 'ros'
[3.162s] DEBUG:colcon.colcon_core.package_identification:Package 'src/assignment2_publisher_subscriber' with type 'ros.ament_python' and name 'assignment2_publisher_subscriber'
[3.163s] Level 1:colcon.colcon_core.package_identification:_identify(src/assignment2_publisher_subscriber2) by extensions ['ignore', 'ignore_ament_install']
[3.164s] Level 1:colcon.colcon_core.package_identification:_identify(src/assignment2_publisher_subscriber2) by extension 'ignore'
[3.165s] Level 1:colcon.colcon_core.package_identification:_identify(src/assignment2_publisher_subscriber2) by extension 'ignore_ament_install'
[3.165s] Level 1:colcon.colcon_core.package_identification:_identify(src/assignment2_publisher_subscriber2) by extensions ['colcon_pkg']
[3.166s] Level 1:colcon.colcon_core.package_identification:_identify(src/assignment2_publisher_subscriber2) by extension 'colcon_pkg'
[3.166s] Level 1:colcon.colcon_core.package_identification:_identify(src/assignment2_publisher_subscriber2) by extensions ['colcon_meta']
[3.166s] Level 1:colcon.colcon_core.package_identification:_identify(src/assignment2_publisher_subscriber2) by extension 'colcon_meta'
[3.167s] Level 1:colcon.colcon_core.package_identification:_identify(src/assignment2_publisher_subscriber2) by extensions ['ros']
[3.167s] Level 1:colcon.colcon_core.package_identification:_identify(src/assignment2_publisher_subscriber2) by extension 'ros'
[3.172s] DEBUG:colcon.colcon_core.package_identification:Package 'src/assignment2_publisher_subscriber2' with type 'ros.ament_cmake' and name 'assignment2_publisher_subscriber2'
[3.173s] Level 1:colcon.colcon_core.package_identification:_identify(src/simple_drive_control) by extensions ['ignore', 'ignore_ament_install']
[3.174s] Level 1:colcon.colcon_core.package_identification:_identify(src/simple_drive_control) by extension 'ignore'
[3.174s] Level 1:colcon.colcon_core.package_identification:_identify(src/simple_drive_control) by extension 'ignore_ament_install'
[3.175s] Level 1:colcon.colcon_core.package_identification:_identify(src/simple_drive_control) by extensions ['colcon_pkg']
[3.175s] Level 1:colcon.colcon_core.package_identification:_identify(src/simple_drive_control) by extension 'colcon_pkg'
[3.175s] Level 1:colcon.colcon_core.package_identification:_identify(src/simple_drive_control) by extensions ['colcon_meta']
[3.175s] Level 1:colcon.colcon_core.package_identification:_identify(src/simple_drive_control) by extension 'colcon_meta'
[3.176s] Level 1:colcon.colcon_core.package_identification:_identify(src/simple_drive_control) by extensions ['ros']
[3.176s] Level 1:colcon.colcon_core.package_identification:_identify(src/simple_drive_control) by extension 'ros'
[3.181s] DEBUG:colcon.colcon_core.package_identification:Package 'src/simple_drive_control' with type 'ros.ament_cmake' and name 'simple_drive_control'
[3.182s] Level 1:colcon.colcon_core.package_identification:_identify(src/simple_parking_maneuver) by extensions ['ignore', 'ignore_ament_install']
[3.183s] Level 1:colcon.colcon_core.package_identification:_identify(src/simple_parking_maneuver) by extension 'ignore'
[3.183s] Level 1:colcon.colcon_core.package_identification:_identify(src/simple_parking_maneuver) by extension 'ignore_ament_install'
[3.184s] Level 1:colcon.colcon_core.package_identification:_identify(src/simple_parking_maneuver) by extensions ['colcon_pkg']
[3.184s] Level 1:colcon.colcon_core.package_identification:_identify(src/simple_parking_maneuver) by extension 'colcon_pkg'
[3.185s] Level 1:colcon.colcon_core.package_identification:_identify(src/simple_parking_maneuver) by extensions ['colcon_meta']
[3.185s] Level 1:colcon.colcon_core.package_identification:_identify(src/simple_parking_maneuver) by extension 'colcon_meta'
[3.185s] Level 1:colcon.colcon_core.package_identification:_identify(src/simple_parking_maneuver) by extensions ['ros']
[3.186s] Level 1:colcon.colcon_core.package_identification:_identify(src/simple_parking_maneuver) by extension 'ros'
[3.191s] DEBUG:colcon.colcon_core.package_identification:Package 'src/simple_parking_maneuver' with type 'ros.ament_cmake' and name 'simple_parking_maneuver'
[3.191s] Level 1:colcon.colcon_core.package_discovery:discover_packages(recursive) using defaults
[3.192s] Level 1:colcon.colcon_core.package_discovery:discover_packages(ignore) discover
[3.192s] Level 1:colcon.colcon_core.package_discovery:discover_packages(ignore) using defaults
[3.192s] Level 1:colcon.colcon_core.package_discovery:discover_packages(path) discover
[3.193s] Level 1:colcon.colcon_core.package_discovery:discover_packages(path) using defaults
[3.391s] INFO:colcon.colcon_core.package_selection:Skipping not selected package 'assignment2_publisher_subscriber' in 'src/assignment2_publisher_subscriber'
[3.391s] INFO:colcon.colcon_core.package_selection:Skipping not selected package 'assignment2_publisher_subscriber2' in 'src/assignment2_publisher_subscriber2'
[3.391s] INFO:colcon.colcon_core.package_selection:Skipping not selected package 'simple_drive_control' in 'src/simple_drive_control'
[3.397s] Level 1:colcon.colcon_core.package_discovery:discover_packages(prefix_path) check parameters
[3.397s] Level 1:colcon.colcon_core.package_discovery:discover_packages(prefix_path) discover
[3.429s] DEBUG:colcon.colcon_installed_package_information.package_discovery:Found 6 installed packages in /home/majd/Documents/Robotik/ros2_ws/install
[3.441s] DEBUG:colcon.colcon_installed_package_information.package_discovery:Found 20 installed packages in /home/majd/autominy/catkin_ws/install
[3.459s] DEBUG:colcon.colcon_installed_package_information.package_discovery:Found 327 installed packages in /opt/ros/humble
[3.474s] Level 1:colcon.colcon_core.package_discovery:discover_packages(prefix_path) using defaults
[4.093s] Level 5:colcon.colcon_core.verb:set package 'simple_parking_maneuver' build argument 'cmake_args' from command line to 'None'
[4.094s] Level 5:colcon.colcon_core.verb:set package 'simple_parking_maneuver' build argument 'cmake_target' from command line to 'None'
[4.094s] Level 5:colcon.colcon_core.verb:set package 'simple_parking_maneuver' build argument 'cmake_target_skip_unavailable' from command line to 'False'
[4.094s] Level 5:colcon.colcon_core.verb:set package 'simple_parking_maneuver' build argument 'cmake_clean_cache' from command line to 'False'
[4.094s] Level 5:colcon.colcon_core.verb:set package 'simple_parking_maneuver' build argument 'cmake_clean_first' from command line to 'False'
[4.095s] Level 5:colcon.colcon_core.verb:set package 'simple_parking_maneuver' build argument 'cmake_force_configure' from command line to 'False'
[4.095s] Level 5:colcon.colcon_core.verb:set package 'simple_parking_maneuver' build argument 'ament_cmake_args' from command line to 'None'
[4.095s] Level 5:colcon.colcon_core.verb:set package 'simple_parking_maneuver' build argument 'catkin_cmake_args' from command line to 'None'
[4.095s] Level 5:colcon.colcon_core.verb:set package 'simple_parking_maneuver' build argument 'catkin_skip_building_tests' from command line to 'False'
[4.095s] DEBUG:colcon.colcon_core.verb:Building package 'simple_parking_maneuver' with the following arguments: {'ament_cmake_args': None, 'build_base': '/home/majd/Documents/Robotik/ros2_ws/build/simple_parking_maneuver', 'catkin_cmake_args': None, 'catkin_skip_building_tests': False, 'cmake_args': None, 'cmake_clean_cache': False, 'cmake_clean_first': False, 'cmake_force_configure': False, 'cmake_target': None, 'cmake_target_skip_unavailable': False, 'install_base': '/home/majd/Documents/Robotik/ros2_ws/install/simple_parking_maneuver', 'merge_install': False, 'path': '/home/majd/Documents/Robotik/ros2_ws/src/simple_parking_maneuver', 'symlink_install': False, 'test_result_base': None}
[4.102s] INFO:colcon.colcon_core.executor:Executing jobs using 'parallel' executor
[4.139s] DEBUG:colcon.colcon_parallel_executor.executor.parallel:run_until_complete
[4.141s] INFO:colcon.colcon_ros.task.ament_cmake.build:Building ROS package in '/home/majd/Documents/Robotik/ros2_ws/src/simple_parking_maneuver' with build type 'ament_cmake'
[4.142s] INFO:colcon.colcon_cmake.task.cmake.build:Building CMake package in '/home/majd/Documents/Robotik/ros2_ws/src/simple_parking_maneuver'
[4.176s] INFO:colcon.colcon_core.plugin_system:Skipping extension 'colcon_core.shell.bat': Not used on non-Windows systems
[4.179s] INFO:colcon.colcon_core.shell:Skip shell extension 'powershell' for command environment: Not usable outside of PowerShell
[4.180s] DEBUG:colcon.colcon_core.shell:Skip shell extension 'dsv' for command environment
[4.308s] DEBUG:colcon.colcon_core.event_handler.log_command:Invoking command in '/home/majd/Documents/Robotik/ros2_ws/build/simple_parking_maneuver': CMAKE_PREFIX_PATH=/home/majd/Documents/Robotik/ros2_ws/install/simple_drive_control:/home/majd/Documents/Robotik/ros2_ws/install/turtlesim:/home/majd/Documents/Robotik/ros2_ws/install/simple_parking_maneuver:/home/majd/Documents/Robotik/ros2_ws/install/assignment2_publisher_subscriber2:/home/majd/Documents/Robotik/ros2_ws/install/assignment2_publisher_subscriber:/home/majd/autominy/catkin_ws/install/world_description:/home/majd/autominy/catkin_ws/install/stereo_camera_pose_estimation:/home/majd/autominy/catkin_ws/install/sim_car_controller:/home/majd/autominy/catkin_ws/install/arduino_communication:/home/majd/autominy/catkin_ws/install/serial:/home/majd/autominy/catkin_ws/install/road_marking_localization:/home/majd/autominy/catkin_ws/install/remote_control:/home/majd/autominy/catkin_ws/install/car_description:/home/majd/autominy/catkin_ws/install/odometry:/home/majd/autominy/catkin_ws/install/map_publisher:/home/majd/autominy/catkin_ws/install/low_voltage_shutdown:/home/majd/autominy/catkin_ws/install/lidar_pose_estimation:/home/majd/autominy/catkin_ws/install/hardware_calibration:/home/majd/autominy/catkin_ws/install/emergency_stop:/home/majd/autominy/catkin_ws/install/bno055_usb_stick:/home/majd/autominy/catkin_ws/install/bno055_usb_stick_msgs:/home/majd/autominy/catkin_ws/install/autominy_sim:/home/majd/autominy/catkin_ws/install/autominy_msgs:/home/majd/autominy/catkin_ws/install/autominy:/home/majd/Documents/Robotik/ros2_ws/install/py_pubsub:/home/majd/autominy/catkin_ws/install/assignment2_publisher_subscriber:/opt/ros/humble LD_LIBRARY_PATH=/home/majd/Documents/Robotik/ros2_ws/install/simple_drive_control/lib:/home/majd/Documents/Robotik/ros2_ws/install/turtlesim/lib:/home/majd/Documents/Robotik/ros2_ws/install/simple_parking_maneuver/lib:/home/majd/autominy/catkin_ws/install/stereo_camera_pose_estimation/lib:/home/majd/autominy/catkin_ws/install/sim_car_controller/lib:/home/majd/autominy/catkin_ws/install/serial/lib:/home/majd/autominy/catkin_ws/install/road_marking_localization/lib:/home/majd/autominy/catkin_ws/install/remote_control/lib:/home/majd/autominy/catkin_ws/install/odometry/lib:/home/majd/autominy/catkin_ws/install/low_voltage_shutdown/lib:/home/majd/autominy/catkin_ws/install/lidar_pose_estimation/lib:/home/majd/autominy/catkin_ws/install/hardware_calibration/lib:/home/majd/autominy/catkin_ws/install/emergency_stop/lib:/home/majd/autominy/catkin_ws/install/bno055_usb_stick_msgs/lib:/home/majd/autominy/catkin_ws/install/autominy_msgs/lib:/usr/lib/x86_64-linux-gnu/gazebo-11/plugins:/opt/ros/humble/opt/rviz_ogre_vendor/lib:/opt/ros/humble/lib/x86_64-linux-gnu:/opt/ros/humble/lib /usr/bin/cmake --build /home/majd/Documents/Robotik/ros2_ws/build/simple_parking_maneuver -- -j8 -l8
[9.892s] DEBUG:colcon.colcon_core.event_handler.log_command:Invoked command in '/home/majd/Documents/Robotik/ros2_ws/build/simple_parking_maneuver' returned '0': CMAKE_PREFIX_PATH=/home/majd/Documents/Robotik/ros2_ws/install/simple_drive_control:/home/majd/Documents/Robotik/ros2_ws/install/turtlesim:/home/majd/Documents/Robotik/ros2_ws/install/simple_parking_maneuver:/home/majd/Documents/Robotik/ros2_ws/install/assignment2_publisher_subscriber2:/home/majd/Documents/Robotik/ros2_ws/install/assignment2_publisher_subscriber:/home/majd/autominy/catkin_ws/install/world_description:/home/majd/autominy/catkin_ws/install/stereo_camera_pose_estimation:/home/majd/autominy/catkin_ws/install/sim_car_controller:/home/majd/autominy/catkin_ws/install/arduino_communication:/home/majd/autominy/catkin_ws/install/serial:/home/majd/autominy/catkin_ws/install/road_marking_localization:/home/majd/autominy/catkin_ws/install/remote_control:/home/majd/autominy/catkin_ws/install/car_description:/home/majd/autominy/catkin_ws/install/odometry:/home/majd/autominy/catkin_ws/install/map_publisher:/home/majd/autominy/catkin_ws/install/low_voltage_shutdown:/home/majd/autominy/catkin_ws/install/lidar_pose_estimation:/home/majd/autominy/catkin_ws/install/hardware_calibration:/home/majd/autominy/catkin_ws/install/emergency_stop:/home/majd/autominy/catkin_ws/install/bno055_usb_stick:/home/majd/autominy/catkin_ws/install/bno055_usb_stick_msgs:/home/majd/autominy/catkin_ws/install/autominy_sim:/home/majd/autominy/catkin_ws/install/autominy_msgs:/home/majd/autominy/catkin_ws/install/autominy:/home/majd/Documents/Robotik/ros2_ws/install/py_pubsub:/home/majd/autominy/catkin_ws/install/assignment2_publisher_subscriber:/opt/ros/humble LD_LIBRARY_PATH=/home/majd/Documents/Robotik/ros2_ws/install/simple_drive_control/lib:/home/majd/Documents/Robotik/ros2_ws/install/turtlesim/lib:/home/majd/Documents/Robotik/ros2_ws/install/simple_parking_maneuver/lib:/home/majd/autominy/catkin_ws/install/stereo_camera_pose_estimation/lib:/home/majd/autominy/catkin_ws/install/sim_car_controller/lib:/home/majd/autominy/catkin_ws/install/serial/lib:/home/majd/autominy/catkin_ws/install/road_marking_localization/lib:/home/majd/autominy/catkin_ws/install/remote_control/lib:/home/majd/autominy/catkin_ws/install/odometry/lib:/home/majd/autominy/catkin_ws/install/low_voltage_shutdown/lib:/home/majd/autominy/catkin_ws/install/lidar_pose_estimation/lib:/home/majd/autominy/catkin_ws/install/hardware_calibration/lib:/home/majd/autominy/catkin_ws/install/emergency_stop/lib:/home/majd/autominy/catkin_ws/install/bno055_usb_stick_msgs/lib:/home/majd/autominy/catkin_ws/install/autominy_msgs/lib:/usr/lib/x86_64-linux-gnu/gazebo-11/plugins:/opt/ros/humble/opt/rviz_ogre_vendor/lib:/opt/ros/humble/lib/x86_64-linux-gnu:/opt/ros/humble/lib /usr/bin/cmake --build /home/majd/Documents/Robotik/ros2_ws/build/simple_parking_maneuver -- -j8 -l8
[10.498s] DEBUG:colcon.colcon_core.event_handler.log_command:Invoking command in '/home/majd/Documents/Robotik/ros2_ws/build/simple_parking_maneuver': CMAKE_PREFIX_PATH=/home/majd/Documents/Robotik/ros2_ws/install/simple_drive_control:/home/majd/Documents/Robotik/ros2_ws/install/turtlesim:/home/majd/Documents/Robotik/ros2_ws/install/simple_parking_maneuver:/home/majd/Documents/Robotik/ros2_ws/install/assignment2_publisher_subscriber2:/home/majd/Documents/Robotik/ros2_ws/install/assignment2_publisher_subscriber:/home/majd/autominy/catkin_ws/install/world_description:/home/majd/autominy/catkin_ws/install/stereo_camera_pose_estimation:/home/majd/autominy/catkin_ws/install/sim_car_controller:/home/majd/autominy/catkin_ws/install/arduino_communication:/home/majd/autominy/catkin_ws/install/serial:/home/majd/autominy/catkin_ws/install/road_marking_localization:/home/majd/autominy/catkin_ws/install/remote_control:/home/majd/autominy/catkin_ws/install/car_description:/home/majd/autominy/catkin_ws/install/odometry:/home/majd/autominy/catkin_ws/install/map_publisher:/home/majd/autominy/catkin_ws/install/low_voltage_shutdown:/home/majd/autominy/catkin_ws/install/lidar_pose_estimation:/home/majd/autominy/catkin_ws/install/hardware_calibration:/home/majd/autominy/catkin_ws/install/emergency_stop:/home/majd/autominy/catkin_ws/install/bno055_usb_stick:/home/majd/autominy/catkin_ws/install/bno055_usb_stick_msgs:/home/majd/autominy/catkin_ws/install/autominy_sim:/home/majd/autominy/catkin_ws/install/autominy_msgs:/home/majd/autominy/catkin_ws/install/autominy:/home/majd/Documents/Robotik/ros2_ws/install/py_pubsub:/home/majd/autominy/catkin_ws/install/assignment2_publisher_subscriber:/opt/ros/humble LD_LIBRARY_PATH=/home/majd/Documents/Robotik/ros2_ws/install/simple_drive_control/lib:/home/majd/Documents/Robotik/ros2_ws/install/turtlesim/lib:/home/majd/Documents/Robotik/ros2_ws/install/simple_parking_maneuver/lib:/home/majd/autominy/catkin_ws/install/stereo_camera_pose_estimation/lib:/home/majd/autominy/catkin_ws/install/sim_car_controller/lib:/home/majd/autominy/catkin_ws/install/serial/lib:/home/majd/autominy/catkin_ws/install/road_marking_localization/lib:/home/majd/autominy/catkin_ws/install/remote_control/lib:/home/majd/autominy/catkin_ws/install/odometry/lib:/home/majd/autominy/catkin_ws/install/low_voltage_shutdown/lib:/home/majd/autominy/catkin_ws/install/lidar_pose_estimation/lib:/home/majd/autominy/catkin_ws/install/hardware_calibration/lib:/home/majd/autominy/catkin_ws/install/emergency_stop/lib:/home/majd/autominy/catkin_ws/install/bno055_usb_stick_msgs/lib:/home/majd/autominy/catkin_ws/install/autominy_msgs/lib:/usr/lib/x86_64-linux-gnu/gazebo-11/plugins:/opt/ros/humble/opt/rviz_ogre_vendor/lib:/opt/ros/humble/lib/x86_64-linux-gnu:/opt/ros/humble/lib /usr/bin/cmake --install /home/majd/Documents/Robotik/ros2_ws/build/simple_parking_maneuver
[10.968s] Level 1:colcon.colcon_core.environment:create_environment_scripts_only(simple_parking_maneuver)
[10.975s] DEBUG:colcon.colcon_core.event_handler.log_command:Invoked command in '/home/majd/Documents/Robotik/ros2_ws/build/simple_parking_maneuver' returned '0': CMAKE_PREFIX_PATH=/home/majd/Documents/Robotik/ros2_ws/install/simple_drive_control:/home/majd/Documents/Robotik/ros2_ws/install/turtlesim:/home/majd/Documents/Robotik/ros2_ws/install/simple_parking_maneuver:/home/majd/Documents/Robotik/ros2_ws/install/assignment2_publisher_subscriber2:/home/majd/Documents/Robotik/ros2_ws/install/assignment2_publisher_subscriber:/home/majd/autominy/catkin_ws/install/world_description:/home/majd/autominy/catkin_ws/install/stereo_camera_pose_estimation:/home/majd/autominy/catkin_ws/install/sim_car_controller:/home/majd/autominy/catkin_ws/install/arduino_communication:/home/majd/autominy/catkin_ws/install/serial:/home/majd/autominy/catkin_ws/install/road_marking_localization:/home/majd/autominy/catkin_ws/install/remote_control:/home/majd/autominy/catkin_ws/install/car_description:/home/majd/autominy/catkin_ws/install/odometry:/home/majd/autominy/catkin_ws/install/map_publisher:/home/majd/autominy/catkin_ws/install/low_voltage_shutdown:/home/majd/autominy/catkin_ws/install/lidar_pose_estimation:/home/majd/autominy/catkin_ws/install/hardware_calibration:/home/majd/autominy/catkin_ws/install/emergency_stop:/home/majd/autominy/catkin_ws/install/bno055_usb_stick:/home/majd/autominy/catkin_ws/install/bno055_usb_stick_msgs:/home/majd/autominy/catkin_ws/install/autominy_sim:/home/majd/autominy/catkin_ws/install/autominy_msgs:/home/majd/autominy/catkin_ws/install/autominy:/home/majd/Documents/Robotik/ros2_ws/install/py_pubsub:/home/majd/autominy/catkin_ws/install/assignment2_publisher_subscriber:/opt/ros/humble LD_LIBRARY_PATH=/home/majd/Documents/Robotik/ros2_ws/install/simple_drive_control/lib:/home/majd/Documents/Robotik/ros2_ws/install/turtlesim/lib:/home/majd/Documents/Robotik/ros2_ws/install/simple_parking_maneuver/lib:/home/majd/autominy/catkin_ws/install/stereo_camera_pose_estimation/lib:/home/majd/autominy/catkin_ws/install/sim_car_controller/lib:/home/majd/autominy/catkin_ws/install/serial/lib:/home/majd/autominy/catkin_ws/install/road_marking_localization/lib:/home/majd/autominy/catkin_ws/install/remote_control/lib:/home/majd/autominy/catkin_ws/install/odometry/lib:/home/majd/autominy/catkin_ws/install/low_voltage_shutdown/lib:/home/majd/autominy/catkin_ws/install/lidar_pose_estimation/lib:/home/majd/autominy/catkin_ws/install/hardware_calibration/lib:/home/majd/autominy/catkin_ws/install/emergency_stop/lib:/home/majd/autominy/catkin_ws/install/bno055_usb_stick_msgs/lib:/home/majd/autominy/catkin_ws/install/autominy_msgs/lib:/usr/lib/x86_64-linux-gnu/gazebo-11/plugins:/opt/ros/humble/opt/rviz_ogre_vendor/lib:/opt/ros/humble/lib/x86_64-linux-gnu:/opt/ros/humble/lib /usr/bin/cmake --install /home/majd/Documents/Robotik/ros2_ws/build/simple_parking_maneuver
[10.993s] Level 1:colcon.colcon_core.environment:checking '/home/majd/Documents/Robotik/ros2_ws/install/simple_parking_maneuver' for CMake module files
[10.997s] Level 1:colcon.colcon_core.environment:checking '/home/majd/Documents/Robotik/ros2_ws/install/simple_parking_maneuver' for CMake config files
[11.002s] Level 1:colcon.colcon_core.shell:create_environment_hook('simple_parking_maneuver', 'cmake_prefix_path')
[11.010s] INFO:colcon.colcon_core.shell:Creating environment hook '/home/majd/Documents/Robotik/ros2_ws/install/simple_parking_maneuver/share/simple_parking_maneuver/hook/cmake_prefix_path.ps1'
[11.014s] INFO:colcon.colcon_core.shell:Creating environment descriptor '/home/majd/Documents/Robotik/ros2_ws/install/simple_parking_maneuver/share/simple_parking_maneuver/hook/cmake_prefix_path.dsv'
[11.018s] INFO:colcon.colcon_core.shell:Creating environment hook '/home/majd/Documents/Robotik/ros2_ws/install/simple_parking_maneuver/share/simple_parking_maneuver/hook/cmake_prefix_path.sh'
[11.028s] Level 1:colcon.colcon_core.environment:checking '/home/majd/Documents/Robotik/ros2_ws/install/simple_parking_maneuver/lib'
[11.029s] Level 1:colcon.colcon_core.shell:create_environment_hook('simple_parking_maneuver', 'ld_library_path_lib')
[11.040s] INFO:colcon.colcon_core.shell:Creating environment hook '/home/majd/Documents/Robotik/ros2_ws/install/simple_parking_maneuver/share/simple_parking_maneuver/hook/ld_library_path_lib.ps1'
[11.042s] INFO:colcon.colcon_core.shell:Creating environment descriptor '/home/majd/Documents/Robotik/ros2_ws/install/simple_parking_maneuver/share/simple_parking_maneuver/hook/ld_library_path_lib.dsv'
[11.044s] INFO:colcon.colcon_core.shell:Creating environment hook '/home/majd/Documents/Robotik/ros2_ws/install/simple_parking_maneuver/share/simple_parking_maneuver/hook/ld_library_path_lib.sh'
[11.046s] Level 1:colcon.colcon_core.environment:checking '/home/majd/Documents/Robotik/ros2_ws/install/simple_parking_maneuver/bin'
[11.046s] Level 1:colcon.colcon_core.environment:checking '/home/majd/Documents/Robotik/ros2_ws/install/simple_parking_maneuver/lib/pkgconfig/simple_parking_maneuver.pc'
[11.048s] Level 1:colcon.colcon_core.environment:checking '/home/majd/Documents/Robotik/ros2_ws/install/simple_parking_maneuver/lib/python3.10/site-packages'
[11.049s] Level 1:colcon.colcon_core.environment:checking '/home/majd/Documents/Robotik/ros2_ws/install/simple_parking_maneuver/bin'
[11.059s] INFO:colcon.colcon_core.shell:Creating package script '/home/majd/Documents/Robotik/ros2_ws/install/simple_parking_maneuver/share/simple_parking_maneuver/package.ps1'
[11.064s] INFO:colcon.colcon_core.shell:Creating package descriptor '/home/majd/Documents/Robotik/ros2_ws/install/simple_parking_maneuver/share/simple_parking_maneuver/package.dsv'
[11.067s] INFO:colcon.colcon_core.shell:Creating package script '/home/majd/Documents/Robotik/ros2_ws/install/simple_parking_maneuver/share/simple_parking_maneuver/package.sh'
[11.071s] INFO:colcon.colcon_core.shell:Creating package script '/home/majd/Documents/Robotik/ros2_ws/install/simple_parking_maneuver/share/simple_parking_maneuver/package.bash'
[11.077s] INFO:colcon.colcon_core.shell:Creating package script '/home/majd/Documents/Robotik/ros2_ws/install/simple_parking_maneuver/share/simple_parking_maneuver/package.zsh'
[11.081s] Level 1:colcon.colcon_core.environment:create_file_with_runtime_dependencies(/home/majd/Documents/Robotik/ros2_ws/install/simple_parking_maneuver/share/colcon-core/packages/simple_parking_maneuver)
[11.522s] Level 1:colcon.colcon_core.environment:create_environment_scripts_only(simple_parking_maneuver)
[11.534s] Level 1:colcon.colcon_core.environment:checking '/home/majd/Documents/Robotik/ros2_ws/install/simple_parking_maneuver' for CMake module files
[11.537s] Level 1:colcon.colcon_core.environment:checking '/home/majd/Documents/Robotik/ros2_ws/install/simple_parking_maneuver' for CMake config files
[11.541s] Level 1:colcon.colcon_core.shell:create_environment_hook('simple_parking_maneuver', 'cmake_prefix_path')
[11.549s] INFO:colcon.colcon_core.shell:Creating environment hook '/home/majd/Documents/Robotik/ros2_ws/install/simple_parking_maneuver/share/simple_parking_maneuver/hook/cmake_prefix_path.ps1'
[11.550s] INFO:colcon.colcon_core.shell:Creating environment descriptor '/home/majd/Documents/Robotik/ros2_ws/install/simple_parking_maneuver/share/simple_parking_maneuver/hook/cmake_prefix_path.dsv'
[11.552s] INFO:colcon.colcon_core.shell:Creating environment hook '/home/majd/Documents/Robotik/ros2_ws/install/simple_parking_maneuver/share/simple_parking_maneuver/hook/cmake_prefix_path.sh'
[11.557s] Level 1:colcon.colcon_core.environment:checking '/home/majd/Documents/Robotik/ros2_ws/install/simple_parking_maneuver/lib'
[11.557s] Level 1:colcon.colcon_core.shell:create_environment_hook('simple_parking_maneuver', 'ld_library_path_lib')
[11.567s] INFO:colcon.colcon_core.shell:Creating environment hook '/home/majd/Documents/Robotik/ros2_ws/install/simple_parking_maneuver/share/simple_parking_maneuver/hook/ld_library_path_lib.ps1'
[11.569s] INFO:colcon.colcon_core.shell:Creating environment descriptor '/home/majd/Documents/Robotik/ros2_ws/install/simple_parking_maneuver/share/simple_parking_maneuver/hook/ld_library_path_lib.dsv'
[11.570s] INFO:colcon.colcon_core.shell:Creating environment hook '/home/majd/Documents/Robotik/ros2_ws/install/simple_parking_maneuver/share/simple_parking_maneuver/hook/ld_library_path_lib.sh'
[11.571s] Level 1:colcon.colcon_core.environment:checking '/home/majd/Documents/Robotik/ros2_ws/install/simple_parking_maneuver/bin'
[11.572s] Level 1:colcon.colcon_core.environment:checking '/home/majd/Documents/Robotik/ros2_ws/install/simple_parking_maneuver/lib/pkgconfig/simple_parking_maneuver.pc'
[11.574s] Level 1:colcon.colcon_core.environment:checking '/home/majd/Documents/Robotik/ros2_ws/install/simple_parking_maneuver/lib/python3.10/site-packages'
[11.576s] Level 1:colcon.colcon_core.environment:checking '/home/majd/Documents/Robotik/ros2_ws/install/simple_parking_maneuver/bin'
[11.584s] INFO:colcon.colcon_core.shell:Creating package script '/home/majd/Documents/Robotik/ros2_ws/install/simple_parking_maneuver/share/simple_parking_maneuver/package.ps1'
[11.587s] INFO:colcon.colcon_core.shell:Creating package descriptor '/home/majd/Documents/Robotik/ros2_ws/install/simple_parking_maneuver/share/simple_parking_maneuver/package.dsv'
[11.589s] INFO:colcon.colcon_core.shell:Creating package script '/home/majd/Documents/Robotik/ros2_ws/install/simple_parking_maneuver/share/simple_parking_maneuver/package.sh'
[11.591s] INFO:colcon.colcon_core.shell:Creating package script '/home/majd/Documents/Robotik/ros2_ws/install/simple_parking_maneuver/share/simple_parking_maneuver/package.bash'
[11.594s] INFO:colcon.colcon_core.shell:Creating package script '/home/majd/Documents/Robotik/ros2_ws/install/simple_parking_maneuver/share/simple_parking_maneuver/package.zsh'
[11.597s] Level 1:colcon.colcon_core.environment:create_file_with_runtime_dependencies(/home/majd/Documents/Robotik/ros2_ws/install/simple_parking_maneuver/share/colcon-core/packages/simple_parking_maneuver)
[11.600s] DEBUG:colcon.colcon_parallel_executor.executor.parallel:closing loop
[11.601s] DEBUG:colcon.colcon_parallel_executor.executor.parallel:loop closed
[11.601s] DEBUG:colcon.colcon_parallel_executor.executor.parallel:run_until_complete finished with '0'
[11.601s] DEBUG:colcon.colcon_core.event_reactor:joining thread
[11.646s] INFO:colcon.colcon_core.plugin_system:Skipping extension 'colcon_notification.desktop_notification.terminal_notifier': Not used on non-Darwin systems
[11.646s] INFO:colcon.colcon_core.plugin_system:Skipping extension 'colcon_notification.desktop_notification.win32': Not used on non-Windows systems
[11.647s] INFO:colcon.colcon_notification.desktop_notification:Sending desktop notification using 'notify2'
[11.703s] DEBUG:colcon.colcon_core.event_reactor:joined thread
[11.713s] INFO:colcon.colcon_core.shell:Creating prefix script '/home/majd/Documents/Robotik/ros2_ws/install/local_setup.ps1'
[11.716s] INFO:colcon.colcon_core.shell:Creating prefix util module '/home/majd/Documents/Robotik/ros2_ws/install/_local_setup_util_ps1.py'
[11.725s] INFO:colcon.colcon_core.shell:Creating prefix chain script '/home/majd/Documents/Robotik/ros2_ws/install/setup.ps1'
[11.740s] INFO:colcon.colcon_core.shell:Creating prefix script '/home/majd/Documents/Robotik/ros2_ws/install/local_setup.sh'
[11.743s] INFO:colcon.colcon_core.shell:Creating prefix util module '/home/majd/Documents/Robotik/ros2_ws/install/_local_setup_util_sh.py'
[11.746s] INFO:colcon.colcon_core.shell:Creating prefix chain script '/home/majd/Documents/Robotik/ros2_ws/install/setup.sh'
[11.760s] INFO:colcon.colcon_core.shell:Creating prefix script '/home/majd/Documents/Robotik/ros2_ws/install/local_setup.bash'
[11.762s] INFO:colcon.colcon_core.shell:Creating prefix chain script '/home/majd/Documents/Robotik/ros2_ws/install/setup.bash'
[11.776s] INFO:colcon.colcon_core.shell:Creating prefix script '/home/majd/Documents/Robotik/ros2_ws/install/local_setup.zsh'
[11.779s] INFO:colcon.colcon_core.shell:Creating prefix chain script '/home/majd/Documents/Robotik/ros2_ws/install/setup.zsh'
